# Elapsed time   CPU (%)     Real (MB)   Virtual (MB)
       0.000        0.000      135.523      162.711
       0.112       98.500      135.523      162.711
       0.224      107.100      135.523      162.711
       0.335       98.800      135.523      162.711
       0.449       96.900      135.523      162.711
       0.560       98.800      135.523      162.711
       0.672       98.000      135.523      162.711
       0.785       97.100      135.523      162.711
       0.898       97.800      135.523      162.711
       1.010       98.000      135.523      162.711
       1.122      107.300      135.523      162.711
       1.233       99.200      135.523      162.711
       1.344       98.900      135.523      162.711
       1.459       95.300      135.523      162.711
       1.572       97.400      135.523      162.711
       1.684       98.800      135.523      162.711
       1.796       98.400      135.523      162.711
       1.908       97.900      135.523      162.711
       2.019       98.800      135.523      162.711
       2.132      106.000      135.523      162.711
       2.245       97.600      135.523      162.711
       2.357       98.100      135.523      162.711
       2.469       98.700      135.523      162.711
       2.580       98.900      135.523      162.711
       2.691       98.900      135.523      162.711
       2.803       98.800      135.523      162.711
       2.914       98.800      135.523      162.711
       3.027      106.500      135.523      162.711
       3.141       96.000      135.523      162.711
       3.255       96.900      135.523      162.711
       3.367      105.400      135.523      162.711
       3.480       98.900      135.523      162.711
       3.593       97.300      135.523      162.711
       3.706       97.100      135.523      162.711
       3.817       98.600      135.523      162.711
       3.929       99.000      135.523      162.711
       4.041       97.900      135.523      162.711
       4.152       99.300      135.523      162.711
       4.265       97.600      135.523      162.711
       4.379      105.300      135.523      162.711
       4.491       97.900      135.523      162.711
       4.603       98.400      135.523      162.711
       4.715       98.300      135.523      162.711
       4.831       95.000      135.523      162.711
       4.943      106.700      135.523      162.711
       5.054       98.800      135.523      162.711
       5.167       98.000      135.523      162.711
       5.279       98.000      135.523      162.711
       5.390       98.600      135.523      162.711
       5.502       98.500      135.523      162.711
       5.614       98.300      135.523      162.711
       5.725       98.900      135.523      162.711
       5.837       98.700      135.523      162.711
       5.948       98.500      135.523      162.711
       6.062      105.900      135.523      162.711
       6.173       98.700      135.523      162.711
       6.285       98.000      135.523      162.711
       6.398       97.700      135.523      162.711
       6.512       96.600      135.523      162.711
       6.623       98.700      135.523      162.711
       6.735      107.300      135.523      162.711
       6.849       96.600      135.523      162.711
       6.961       97.900      135.523      162.711
       7.073       98.900      135.523      162.711
       7.184       98.800      135.523      162.711
       7.295       98.600      135.523      162.711
       7.407       98.700      135.523      162.711
       7.518       98.700      135.523      162.711
       7.630       98.600      135.523      162.711
       7.741       98.700      135.523      162.711
       7.853      107.300      135.523      162.711
       7.965       98.000      135.523      162.711
       8.078       97.900      135.523      162.711
       8.191       97.600      135.523      162.711
       8.302       98.900      135.523      162.711
       8.413       98.900      135.523      162.711
       8.526       97.500      135.523      162.711
       8.638       98.200      135.523      162.711
       8.751      106.100      135.523      162.711
       8.862       99.000      135.523      162.711
       8.974       98.100      135.523      162.711
       9.088       96.500      135.523      162.711
       9.201       97.600      135.523      162.711
       9.312       98.700      135.523      162.711
       9.425      106.900      135.523      162.711
       9.538       96.700      135.523      162.711
       9.650       98.400      135.523      162.711
       9.768       93.700      135.523      162.711
       9.879       98.600      135.523      162.711
       9.990       98.900      135.523      162.711
      10.102      108.000      135.523      162.711
      10.213       98.400      135.523      162.711
      10.325       99.000      135.523      162.711
      10.437       98.000      135.523      162.711
      10.551       96.500      135.523      162.711
      10.662       98.900      135.523      162.711
      10.774       98.400      135.523      162.711
      10.886       97.900      135.523      162.711
      10.998       98.200      135.523      162.711
      11.110      107.500      135.523      162.711
      11.222       98.000      135.523      162.711
      11.334       98.300      135.523      162.711
      11.445       99.100      135.523      162.711
      11.556       98.700      135.523      162.711
      11.668       98.500      135.523      162.711
      11.780       98.500      135.523      162.711
      11.892       98.300      135.523      162.711
      12.003       99.100      135.523      162.711
      12.115       97.700      135.523      162.711
      12.227       97.900      135.523      162.711
      12.339      107.600      135.523      162.711
      12.451       97.800      135.523      162.711
      12.566       95.800      135.523      162.711
      12.678       98.100      135.523      162.711
      12.791      106.300      135.523      162.711
      12.903       98.600      135.523      162.711
      13.017       96.400      135.523      162.711
      13.129       98.300      135.523      162.711
      13.241       98.500      135.523      162.711
      13.353       97.900      135.523      162.711
      13.466       97.400      135.523      162.711
      13.579       97.600      135.523      162.711
      13.690      107.500      135.523      162.711
      13.802       98.700      135.523      162.711
      13.913       98.400      135.523      162.711
      14.025       98.900      135.523      162.711
      14.136       98.800      135.523      162.711
      14.248       98.600      135.523      162.711
      14.359       99.000      135.523      162.711
      14.470       98.800      135.523      162.711
      14.581       99.100      135.523      162.711
      14.693       98.200      135.523      162.711
      14.806       97.500      135.523      162.711
      14.918       98.100      135.523      162.711
      15.030       97.900      135.523      162.711
      15.142       98.600      135.523      162.711
      15.255       97.300      135.523      162.711
      15.367       98.500      135.523      162.711
      15.479       98.000      135.523      162.711
      15.592       97.000      135.523      162.711
      15.704       98.900      135.523      162.711
      15.815       98.700      135.523      162.711
      15.926       99.000      135.523      162.711
      16.037       98.900      135.523      162.711
      16.149       98.800      135.523      162.711
      16.260       98.700      135.523      162.711
      16.373      105.900      135.523      162.711
      16.486       97.400      135.523      162.711
      16.599       98.100      135.523      162.711
      16.710       98.300      135.523      162.711
      16.824       96.800      135.523      162.711
      16.936       98.000      135.523      162.711
      17.047       98.900      135.523      162.711
      17.160      106.500      135.523      162.711
      17.272       98.300      135.523      162.711
      17.383       98.700      135.523      162.711
      17.495       98.800      135.523      162.711
      17.609       96.300      135.523      162.711
      17.722      106.000      135.523      162.711
      17.834       98.500      135.523      162.711
      17.945       98.900      135.523      162.711
      18.059       96.800      135.523      162.711
      18.170       98.700      135.523      162.711
      18.282       98.500      135.523      162.711
      18.395       97.400      135.523      162.711
      18.508      106.200      135.523      162.711
      18.619       99.000      135.523      162.711
      18.731       98.100      135.523      162.711
      18.845       96.500      135.523      162.711
      18.957       98.800      135.523      162.711
      19.069       98.100      135.523      162.711
      19.183       96.600      135.523      162.711
      19.295      106.600      135.523      162.711
      19.407       98.700      135.523      162.711
      19.518       98.500      135.523      162.711
      19.632       96.300      135.523      162.711
      19.746       97.100      135.523      162.711
      19.858       97.900      135.523      162.711
      19.969       98.800      135.523      162.711
      20.081      107.300      135.523      162.711
      20.194       97.300      135.523      162.711
      20.307       97.300      135.523      162.711
      20.419       98.700      135.523      162.711
      20.531       98.100      135.523      162.711
      20.643       98.200      135.523      162.711
      20.754       98.900      135.523      162.711
      20.867       98.000      135.523      162.711
      20.979      106.900      135.523      162.711
      21.090       98.900      135.523      162.711
      21.202       98.500      135.523      162.711
      21.314       98.300      135.523      162.711
      21.429       95.600      135.523      162.711
      21.541       97.800      135.523      162.711
      21.654       97.600      135.523      162.711
      21.765       98.900      135.523      162.711
      21.878      106.600      135.523      162.711
      21.990       97.900      135.523      162.711
      22.102       98.200      135.523      162.711
      22.213       98.900      135.523      162.711
      22.326       97.500      135.523      162.711
      22.439      106.700      135.523      162.711
      22.552       97.300      135.523      162.711
      22.663       98.900      135.523      162.711
      22.775       98.200      135.523      162.711
      22.889       96.900      135.523      162.711
      23.000       98.600      135.523      162.711
      23.112       98.600      135.523      162.711
      23.223       98.400      135.523      162.711
      23.335       98.300      135.523      162.711
      23.447       98.700      135.523      162.711
      23.558       99.100      135.523      162.711
      23.669       98.900      135.523      162.711
      23.782      106.300      135.523      162.711
      23.895       97.100      135.523      162.711
      24.006       99.000      135.523      162.711
      24.119       97.900      135.523      162.711
      24.233       96.500      135.523      162.711
      24.344      107.100      135.523      162.711
      24.456       98.600      135.523      162.711
