# Elapsed time   CPU (%)     Real (MB)   Virtual (MB)
       0.000        0.000       15.953      113.410
       0.109      128.800       15.289      112.680
       0.218      137.200       15.586      112.938
       0.328      145.500       15.586      112.938
       0.438      136.300       15.586      112.938
       0.548      146.100       15.586      112.938
       0.657      146.500       15.586      112.938
       0.766      137.100       15.586      112.938
       0.875      137.800       16.066      113.512
       0.985      145.600       16.066      113.512
       1.095      136.200       16.066      113.512
       1.206      144.200       16.066      113.512
       1.318      143.300       16.066      113.512
       1.427      146.100       16.066      113.512
       1.537      136.900       16.066      113.512
       1.646      146.400       16.066      113.512
       1.755      146.400       16.066      113.512
       1.867      134.600       16.066      113.512
       1.976      146.300       16.066      113.512
       2.086      136.000       16.066      113.512
       2.196      145.600       16.066      113.512
       2.305      137.600       16.066      113.512
       2.415      146.200       16.066      113.512
       2.525      136.300       16.066      113.512
       2.634      146.400       16.078      113.512
       2.744      145.900       16.078      113.512
       2.854      136.500       16.078      113.512
       2.964      144.700       16.078      113.512
       3.073      147.100       16.078      113.512
       3.183      137.000       16.078      113.512
       3.291      147.400       16.078      113.512
       3.400      137.100       16.078      113.512
       3.511      153.500       16.090      113.512
       3.621      136.600       16.090      113.512
       3.730      146.300       16.090      113.512
       3.840      136.900       16.090      113.512
       3.949      137.600       16.090      113.512
       4.059      145.100       16.090      113.512
       4.169      137.300       16.090      113.512
       4.277      146.900       16.090      113.512
       4.387      146.100       16.090      113.512
       4.496      137.000       16.090      113.512
       4.606      136.800       16.090      113.512
       4.715      146.900       16.090      113.512
       4.826      144.600       16.090      113.512
       4.934      138.000       16.090      113.512
       5.046      143.400       16.090      113.512
       5.156      145.400       16.090      113.512
       5.265      146.600       16.090      113.512
       5.375      145.100       16.090      113.512
       5.485      137.300       16.090      113.512
       5.594      146.300       16.090      113.512
       5.703      146.300       16.090      113.512
       5.812      137.800       16.090      113.512
       5.924      143.600       16.090      113.512
       6.033      146.300       16.090      113.512
       6.144      135.600       16.090      113.512
       6.253      146.700       16.090      113.512
       6.363      145.300       16.090      113.512
       6.472      146.000       16.090      113.512
       6.582      146.200       16.090      113.512
       6.693      144.400       16.090      113.512
       6.802      128.200       16.090      113.512
       6.912      145.300       16.090      113.512
       7.021      146.100       16.090      113.512
       7.131      136.700       16.090      113.512
       7.242      153.800       16.090      113.512
       7.351      136.700       16.090      113.512
       7.461      145.500       16.090      113.512
       7.570      138.000       16.105      113.512
       7.680      145.400       16.105      113.512
       7.790      146.000       16.105      113.512
       7.899      137.900       16.105      113.512
       8.008      146.000       16.105      113.512
       8.119      144.600       16.105      113.512
       8.229      135.900       16.105      113.512
       8.340      153.500       16.105      113.512
       8.449      137.600       16.105      113.512
       8.559      136.300       16.105      113.512
       8.670      144.500       16.105      113.512
       8.779      137.500       16.105      113.512
       8.889      153.700       16.105      113.512
       9.001      135.100       16.105      113.512
       9.109      147.400       16.105      113.512
       9.219      136.300       16.105      113.512
       9.329      145.400       16.105      113.512
       9.439      145.400       16.105      113.512
       9.549      136.400       16.105      113.512
       9.659      154.300       16.105      113.512
       9.769      128.000       16.105      113.512
       9.878      156.400       16.105      113.512
       9.987      137.200       16.105      113.512
      10.098      144.500       16.105      113.512
      10.208      144.800       16.105      113.512
      10.319      143.900       16.105      113.512
      10.429      137.200       16.105      113.512
      10.538      136.800       16.105      113.512
      10.649      144.600       16.105      113.512
      10.759      136.300       16.105      113.512
      10.868      146.200       16.105      113.512
      10.978      146.300       16.105      113.512
      11.088      136.000       16.105      113.512
      11.198      146.200       16.105      113.512
      11.307      137.500       16.105      113.512
      11.416      145.700       16.105      113.512
      11.525      138.200       16.105      113.512
      11.634      146.700       16.105      113.512
      11.744      136.700       16.105      113.512
      11.854      145.700       16.105      113.512
      11.963      146.400       16.105      113.512
      12.071      138.400       16.105      113.512
      12.180      147.000       16.105      113.512
      12.291      134.900       16.105      113.512
      12.401      155.300       16.105      113.512
      12.511      135.700       16.105      113.512
      12.622      145.100       16.105      113.512
      12.733      135.000       16.105      113.512
      12.843      145.300       16.105      113.512
      12.952      146.300       16.105      113.512
      13.062      145.500       16.105      113.512
      13.172      136.300       16.105      113.512
      13.282      154.400       16.105      113.512
      13.392      136.900       16.105      113.512
      13.502      136.500       16.105      113.512
      13.612      154.900       16.105      113.512
      13.721      137.600       16.105      113.512
      13.829      137.800       16.105      113.512
      13.939      137.100       16.105      113.512
      14.048      146.900       16.105      113.512
      14.157      146.000       16.105      113.512
      14.267      137.200       16.105      113.512
      14.376      137.000       16.105      113.512
      14.486      155.100       16.105      113.512
      14.596      136.400       16.105      113.512
      14.706      136.300       16.105      113.512
      14.816      154.400       16.105      113.512
      14.928      134.500       16.105      113.512
      15.036      147.500       16.105      113.512
      15.145      147.100       16.105      113.512
      15.254      137.600       16.105      113.512
      15.363      136.900       16.105      113.512
      15.473      145.900       16.105      113.512
      15.584      143.900       16.105      113.512
      15.694      146.400       16.105      113.512
      15.803      137.000       16.105      113.512
      15.912      146.700       16.105      113.512
      16.024      143.600       16.105      113.512
      16.134      145.000       16.105      113.512
      16.243      136.900       16.105      113.512
      16.352      147.200       16.105      113.512
      16.462      136.500       16.113      113.512
      16.571      137.500       16.113      113.512
      16.681      145.300       16.113      113.512
      16.791      145.900       16.113      113.512
      16.901      136.800       16.113      113.512
      17.009      147.200       16.113      113.512
      17.119      136.900       16.113      113.512
      17.228      156.000       16.113      113.512
      17.338      135.700       16.113      113.512
      17.447      146.900       16.113      113.512
      17.556      138.300       16.113      113.512
      17.665      136.900       16.113      113.512
      17.775      137.300       16.113      113.512
      17.884      146.100       16.113      113.512
      17.993      146.500       16.113      113.512
      18.103      136.300       16.113      113.512
      18.214      153.500       16.113      113.512
      18.324      136.400       16.113      113.512
      18.435      144.000       16.113      113.512
      18.545      136.700       16.113      113.512
      18.654      146.100       16.113      113.512
      18.765      135.400       16.113      113.512
      18.875      144.900       16.113      113.512
      18.985      137.400       16.113      113.512
      19.094      146.400       16.113      113.512
      19.204      136.400       16.113      113.512
      19.314      154.400       16.113      113.512
      19.424      136.600       16.113      113.512
      19.534      145.700       16.113      113.512
      19.643      145.900       16.113      113.512
      19.752      137.800       16.113      113.512
      19.864      143.600       16.113      113.512
      19.974      135.500       16.113      113.512
      20.083      146.800       16.113      113.512
      20.193      137.200       16.113      113.512
      20.303      145.300       16.113      113.512
      20.413      136.400       16.113      113.512
      20.522      146.300       16.113      113.512
      20.632      154.600       16.113      113.512
      20.741      137.700       16.113      113.512
      20.850      137.200       16.113      113.512
      20.961      144.100       16.113      113.512
      21.071      146.400       16.113      113.512
      21.181      136.200       16.113      113.512
      21.291      136.700       16.113      113.512
      21.401      144.900       16.113      113.512
      21.511      136.900       16.113      113.512
      21.620      146.300       16.113      113.512
      21.729      146.300       16.113      113.512
      21.841      143.500       16.113      113.512
      21.950      146.500       16.113      113.512
      22.061      143.800       16.113      113.512
      22.170      137.800       16.133      113.512
      22.279      147.000       16.133      113.512
      22.389      145.600       16.133      113.512
      22.499      136.500       16.133      113.512
      22.610      143.600       16.133      113.512
      22.721      145.000       16.133      113.512
      22.830      145.900       16.133      113.512
      22.940      146.000       16.133      113.512
      23.049      137.200       16.133      113.512
      23.159      136.700       16.133      113.512
      23.269      155.000       16.133      113.512
      23.378      128.400       16.133      113.512
      23.488      145.200       16.133      113.512
      23.597      146.700       16.133      113.512
      23.707      145.100       16.133      113.512
      23.818      135.700       16.133      113.512
      23.927      145.800       16.133      113.512
      24.036      138.000       16.133      113.512
      24.145      137.400       16.133      113.512
      24.256      144.200       16.133      113.512
      24.367      144.500       16.133      113.512
      24.476      146.400       16.133      113.512
      24.585      138.100       16.133      113.512
      24.695      136.900       16.133      113.512
      24.805      145.400       16.133      113.512
      24.913      137.800       16.133      113.512
      25.023      145.800       16.133      113.512
      25.133      145.200       16.133      113.512
      25.243      136.300       16.133      113.512
      25.353      146.200       16.133      113.512
      25.463      145.600       16.133      113.512
      25.572      137.500       16.133      113.512
      25.681      146.500       16.133      113.512
      25.790      137.700       16.133      113.512
      25.899      146.300       16.133      113.512
      26.008      138.200       16.133      113.512
      26.117      136.800       16.133      113.512
      26.227      146.600       16.133      113.512
      26.336      137.400       16.133      113.512
      26.446      136.000       16.133      113.512
      26.555      146.200       16.133      113.512
      26.665      136.500       16.133      113.512
      26.774      147.200       16.133      113.512
      26.883      146.700       16.133      113.512
      26.993      136.400       16.133      113.512
      27.103      145.200       16.133      113.512
      27.213      145.600       16.133      113.512
      27.322      146.400       16.133      113.512
      27.431      138.300       16.133      113.512
      27.542      144.600       16.133      113.512
      27.652      144.300       16.133      113.512
      27.762      136.600       16.133      113.512
      27.872      136.700       16.133      113.512
      27.981      147.300       16.133      113.512
      28.090      145.900       16.133      113.512
      28.200      136.500       16.133      113.512
      28.309      146.700       16.133      113.512
      28.419      146.100       16.133      113.512
      28.528      137.800       16.133      113.512
      28.639      143.500       16.133      113.512
      28.748      146.500       16.133      113.512
      28.858      136.200       16.133      113.512
      28.969      144.900       16.133      113.512
      29.080      143.500       16.133      113.512
      29.190      146.000       16.133      113.512
      29.301      143.900       16.133      113.512
      29.411      137.000       16.133      113.512
      29.521      145.600       16.133      113.512
      29.631      136.200       16.133      113.512
      29.740      145.600       16.133      113.512
      29.850      137.000       16.133      113.512
      29.959      146.300       16.133      113.512
      30.070      136.000       16.133      113.512
      30.180      153.600       16.133      113.512
      30.291      136.300       16.133      113.512
      30.400      145.900       16.133      113.512
      30.510      136.100       16.133      113.512
      30.620      146.600       16.133      113.512
      30.730      144.500       16.133      113.512
      30.839      137.400       16.133      113.512
      30.949      145.300       16.133      113.512
      31.060      135.900       16.133      113.512
      31.170      145.700       16.133      113.512
      31.279      137.300       16.133      113.512
      31.388      146.000       16.133      113.512
      31.498      137.100       16.133      113.512
      31.609      143.700       16.133      113.512
      31.719      145.400       16.133      113.512
      31.830      144.800       16.133      113.512
      31.942      142.700       16.133      113.512
      32.052      145.400       16.133      113.512
      32.162      136.800       16.133      113.512
      32.271      146.300       16.133      113.512
      32.380      137.200       16.133      113.512
      32.490      154.300       16.133      113.512
      32.600      137.200       16.133      113.512
      32.709      146.500       16.133      113.512
      32.819      136.600       16.133      113.512
      32.929      145.700       16.133      113.512
      33.038      146.100       16.133      113.512
      33.148      136.800       16.133      113.512
      33.257      146.700       16.133      113.512
      33.366      136.800       16.133      113.512
      33.476      146.100       16.133      113.512
      33.586      145.400       16.133      113.512
      33.694      138.400       16.133      113.512
      33.804      145.900       16.133      113.512
      33.914      145.600       16.133      113.512
      34.024      127.400       16.133      113.512
      34.134      145.600       16.133      113.512
      34.244      145.700       16.133      113.512
      34.353      145.900       16.133      113.512
      34.464      135.600       16.133      113.512
      34.574      145.600       16.133      113.512
      34.683      137.000       16.133      113.512
      34.793      145.700       16.133      113.512
      34.903      145.100       16.133      113.512
      35.012      146.500       16.133      113.512
      35.122      145.400       16.133      113.512
      35.233      136.000       16.133      113.512
      35.342      146.300       16.133      113.512
      35.451      137.800       16.133      113.512
      35.561      145.600       16.133      113.512
      35.670      146.100       16.133      113.512
      35.780      136.800       16.133      113.512
      35.889      155.400       16.133      113.512
      35.999      136.600       16.133      113.512
      36.109      145.400       16.133      113.512
      36.218      137.600       16.133      113.512
      36.328      137.000       16.133      113.512
      36.438      154.300       16.133      113.512
      36.548      127.300       16.133      113.512
      36.658      155.200       16.133      113.512
      36.767      137.000       16.133      113.512
      36.877      136.300       16.133      113.512
      36.987      145.500       16.133      113.512
      37.098      144.600       16.133      113.512
      37.207      136.700       16.133      113.512
      37.318      145.400       16.133      113.512
      37.429      135.000       16.133      113.512
      37.538      146.000       16.133      113.512
      37.648      145.600       16.133      113.512
      37.757      137.500       16.133      113.512
      37.867      154.200       16.133      113.512
      37.977      137.200       16.133      113.512
      38.087      145.700       16.133      113.512
      38.196      136.800       16.133      113.512
      38.306      146.000       16.133      113.512
      38.416      136.000       16.133      113.512
      38.527      144.400       16.133      113.512
      38.636      146.700       16.133      113.512
      38.745      138.100       16.133      113.512
      38.855      144.800       16.133      113.512
      38.966      144.500       16.133      113.512
      39.076      136.300       16.133      113.512
      39.186      136.600       16.133      113.512
      39.295      155.600       16.133      113.512
      39.406      144.000       16.133      113.512
      39.516      135.900       16.133      113.512
      39.627      145.300       16.133      113.512
      39.737      136.000       16.133      113.512
      39.847      145.800       16.133      113.512
      39.956      145.600       16.133      113.512
      40.066      146.200       16.133      113.512
      40.176      136.600       16.133      113.512
      40.286      153.600       16.133      113.512
      40.397      145.000       16.133      113.512
      40.506      146.000       16.133      113.512
      40.616      136.100       16.133      113.512
      40.728      143.100       16.133      113.512
      40.837      137.300       16.133      113.512
      40.947      146.400       16.133      113.512
      41.056      137.200       16.133      113.512
      41.167      144.300       16.133      113.512
      41.277      145.400       16.133      113.512
      41.388      143.600       16.133      113.512
      41.498      136.600       16.133      113.512
      41.608      145.900       16.133      113.512
      41.717      146.300       16.133      113.512
      41.826      138.100       16.133      113.512
      41.935      146.300       16.133      113.512
      42.044      137.700       16.133      113.512
      42.153      146.300       16.133      113.512
      42.263      137.100       16.133      113.512
      42.373      144.900       16.133      113.512
      42.483      146.200       16.133      113.512
      42.592      137.600       16.133      113.512
      42.702      144.900       16.133      113.512
      42.812      146.200       16.133      113.512
      42.922      136.400       16.133      113.512
      43.031      136.700       16.133      113.512
      43.141      154.900       16.133      113.512
      43.251      136.100       16.133      113.512
      43.361      146.100       16.133      113.512
      43.470      137.300       16.133      113.512
      43.580      136.400       16.133      113.512
      43.689      146.700       16.133      113.512
      43.798      137.900       16.133      113.512
      43.906      138.100       16.133      113.512
      44.015      146.900       16.133      113.512
      44.125      155.200       16.133      113.512
      44.235      136.200       16.133      113.512
      44.344      137.600       16.133      113.512
      44.454      145.400       16.133      113.512
      44.563      138.200       16.133      113.512
      44.672      145.800       16.133      113.512
      44.782      146.200       16.133      113.512
      44.892      136.600       16.133      113.512
      45.002      136.400       16.133      113.512
      45.112      145.300       16.133      113.512
      45.220      147.200       16.133      113.512
      45.330      136.700       16.133      113.512
      45.440      145.900       16.133      113.512
      45.550      136.500       16.133      113.512
      45.659      146.800       16.133      113.512
      45.769      144.500       16.133      113.512
      45.879      146.000       16.133      113.512
      45.988      137.600       16.133      113.512
      46.098      135.900       16.133      113.512
      46.208      146.000       16.133      113.512
      46.317      147.200       16.133      113.512
      46.426      137.200       16.133      113.512
      46.537      153.600       16.133      113.512
      46.647      144.300       16.133      113.512
      46.758      145.200       16.133      113.512
      46.867      137.100       16.133      113.512
      46.977      135.900       16.133      113.512
      47.087      146.000       16.133      113.512
      47.197      145.800       16.133      113.512
      47.306      146.000       16.133      113.512
      47.416      137.200       16.133      113.512
      47.526      145.600       16.133      113.512
      47.635      137.600       16.133      113.512
      47.746      143.700       16.133      113.512
      47.855      147.200       16.133      113.512
      47.964      146.000       16.133      113.512
      48.074      136.500       16.133      113.512
      48.183      146.300       16.133      113.512
      48.294      135.300       16.133      113.512
      48.404      145.800       16.133      113.512
      48.514      145.800       16.133      113.512
      48.624      136.600       16.133      113.512
      48.733      146.600       16.141      113.512
      48.842      137.700       16.141      113.512
      48.952      136.100       16.141      113.512
      49.062      145.700       16.141      113.512
      49.172      144.600       16.141      113.512
      49.282      145.700       16.141      113.512
      49.392      136.200       16.141      113.512
      49.502      146.600       16.141      113.512
      49.611      137.400       16.141      113.512
      49.720      146.000       16.141      113.512
      49.831      135.800       16.141      113.512
      49.941      145.500       16.141      113.512
      50.051      145.000       16.141      113.512
      50.162      144.200       16.141      113.512
      50.272      145.700       16.141      113.512
      50.382      135.700       16.141      113.512
      50.492      145.500       16.141      113.512
      50.602      146.000       16.141      113.512
      50.712      136.500       16.141      113.512
      50.821      146.000       16.141      113.512
      50.930      146.700       16.141      113.512
      51.041      136.200       16.141      113.512
      51.151      145.100       16.141      113.512
      51.260      137.400       16.141      113.512
      51.369      147.000       16.141      113.512
      51.478      137.400       16.141      113.512
      51.588      145.200       16.141      113.512
      51.699      136.000       16.141      113.512
      51.808      146.800       16.141      113.512
      51.917      136.600       16.141      113.512
      52.027      146.000       16.141      113.512
      52.137      136.300       16.141      113.512
      52.248      144.500       16.141      113.512
      52.358      154.800       16.141      113.512
      52.468      135.400       16.141      113.512
      52.579      144.600       16.141      113.512
      52.688      146.300       16.141      113.512
      52.797      137.600       16.141      113.512
      52.907      146.300       16.141      113.512
      53.016      136.700       16.141      113.512
      53.127      144.900       16.141      113.512
      53.237      145.600       16.141      113.512
      53.346      136.800       16.141      113.512
      53.456      145.500       16.141      113.512
      53.566      145.700       16.141      113.512
      53.675      137.400       16.141      113.512
      53.785      146.000       16.141      113.512
      53.895      136.400       16.141      113.512
      54.006      135.600       16.141      113.512
      54.115      146.300       16.141      113.512
      54.224      146.200       16.141      113.512
      54.335      145.000       16.141      113.512
      54.443      147.300       16.141      113.512
      54.554      144.300       16.141      113.512
      54.664      136.700       16.141      113.512
      54.774      145.900       16.141      113.512
      54.883      145.800       16.141      113.512
      54.993      136.600       16.141      113.512
      55.104      144.700       16.141      113.512
      55.213      146.000       16.141      113.512
      55.323      145.200       16.141      113.512
      55.435      134.500       16.141      113.512
      55.545      145.500       16.141      113.512
      55.654      146.600       16.141      113.512
      55.765      135.500       16.141      113.512
      55.874      146.500       16.141      113.512
      55.984      145.700       16.141      113.512
      56.094      145.800       16.141      113.512
      56.203      146.000       16.141      113.512
      56.313      146.400       16.141      113.512
      56.423      136.100       16.141      113.512
      56.532      137.300       16.141      113.512
      56.641      156.000       16.141      113.512
      56.750      128.000       16.141      113.512
      56.860      146.100       16.141      113.512
      56.970      136.700       16.141      113.512
      57.079      145.600       16.141      113.512
      57.189      137.200       16.141      113.512
      57.298      146.500       16.141      113.512
      57.407      137.400       16.141      113.512
      57.517      146.200       16.141      113.512
      57.626      146.200       16.141      113.512
      57.735      137.100       16.141      113.512
      57.845      145.700       16.141      113.512
      57.955      136.300       16.141      113.512
      58.065      145.400       16.141      113.512
      58.175      146.200       16.141      113.512
      58.284      146.900       16.141      113.512
      58.393      137.100       16.141      113.512
      58.503      145.900       16.141      113.512
      58.612      137.700       16.141      113.512
      58.724      143.000       16.141      113.512
      58.833      137.300       16.141      113.512
      58.943      136.200       16.141      113.512
      59.052      146.600       16.141      113.512
      59.162      136.000       16.141      113.512
      59.271      146.700       16.141      113.512
      59.382      145.000       16.141      113.512
      59.491      137.800       16.141      113.512
      59.600      146.000       16.141      113.512
      59.710      145.600       16.141      113.512
      59.820      136.600       16.141      113.512
      59.930      145.100       16.141      113.512
      60.039      147.200       16.141      113.512
      60.149      127.500       16.141      113.512
      60.259      144.500       16.141      113.512
      60.371      143.700       16.141      113.512
      60.480      145.900       16.141      113.512
      60.592      143.500       16.141      113.512
      60.702      136.600       16.141      113.512
      60.811      145.800       16.141      113.512
      60.921      136.400       16.141      113.512
      61.031      146.500       16.141      113.512
      61.141      144.500       16.141      113.512
      61.252      144.700       16.141      113.512
      61.362      136.600       16.141      113.512
      61.471      146.400       16.141      113.512
      61.582      144.400       16.141      113.512
      61.691      146.100       16.141      113.512
      61.802      135.800       16.141      113.512
      61.911      137.700       16.141      113.512
      62.020      147.000       16.141      113.512
      62.130      145.500       16.141      113.512
      62.239      137.700       16.141      113.512
      62.348      145.800       16.141      113.512
      62.459      135.200       16.141      113.512
      62.570      153.200       16.141      113.512
      62.680      128.100       16.141      113.512
      62.789      155.400       16.141      113.512
      62.899      144.900       16.141      113.512
      63.011      134.600       16.141      113.512
      63.120      137.600       16.141      113.512
      63.228      147.400       16.141      113.512
      63.337      137.700       16.141      113.512
      63.446      137.600       16.141      113.512
      63.556      146.100       16.141      113.512
      63.666      144.600       16.141      113.512
      63.775      146.800       16.141      113.512
      63.885      136.400       16.141      113.512
      63.996      135.700       16.141      113.512
      64.107      144.300       16.141      113.512
      64.216      146.100       16.141      113.512
      64.327      154.100       16.141      113.512
      64.437      127.300       16.141      113.512
      64.547      145.600       16.141      113.512
      64.656      145.600       16.141      113.512
      64.766      145.600       16.141      113.512
      64.877      145.100       16.141      113.512
      64.986      136.900       16.141      113.512
      65.095      147.000       16.141      113.512
      65.205      136.800       16.141      113.512
      65.314      146.900       16.141      113.512
      65.424      145.400       16.141      113.512
      65.533      137.600       16.141      113.512
      65.643      145.600       16.141      113.512
      65.753      135.700       16.141      113.512
      65.862      137.800       16.141      113.512
      65.974      152.000       16.141      113.512
      66.083      137.500       16.141      113.512
      66.192      137.200       16.141      113.512
      66.302      145.400       16.141      113.512
      66.413      144.700       16.141      113.512
      66.522      137.400       16.141      113.512
      66.632      145.700       16.141      113.512
      66.741      138.000       16.141      113.512
      66.850      145.700       16.141      113.512
      66.960      136.500       16.141      113.512
      67.069      147.100       16.141      113.512
      67.178      155.700       16.141      113.512
      67.288      137.000       16.141      113.512
      67.398      145.100       16.141      113.512
      67.507      137.300       16.141      113.512
      67.617      145.800       16.141      113.512
      67.727      145.800       16.141      113.512
      67.836      146.400       16.141      113.512
      67.947      135.500       16.141      113.512
      68.056      147.000       16.141      113.512
      68.165      146.500       16.141      113.512
      68.276      144.400       16.141      113.512
      68.386      136.400       16.141      113.512
      68.495      146.200       16.141      113.512
      68.607      143.300       16.141      113.512
      68.717      145.500       16.141      113.512
      68.827      136.400       16.141      113.512
      68.935      147.000       16.141      113.512
      69.046      144.700       16.141      113.512
      69.157      135.500       16.141      113.512
      69.266      137.300       16.141      113.512
      69.376      154.900       16.141      113.512
      69.486      145.000       16.141      113.512
      69.596      136.400       16.141      113.512
      69.705      137.100       16.141      113.512
      69.816      145.200       16.141      113.512
      69.926      144.700       16.141      113.512
      70.036      136.600       16.141      113.512
      70.147      144.500       16.141      113.512
      70.257      145.200       16.141      113.512
      70.367      145.000       16.141      113.512
      70.478      136.000       16.141      113.512
      70.587      147.000       16.141      113.512
      70.696      137.100       16.141      113.512
      70.807      143.500       16.141      113.512
      70.917      146.200       16.141      113.512
      71.028      134.600       16.141      113.512
      71.138      146.200       16.141      113.512
      71.250      142.000       16.141      113.512
      71.361      145.100       16.141      113.512
      71.470      146.400       16.141      113.512
      71.580      136.600       16.141      113.512
      71.690      145.000       16.141      113.512
      71.800      136.400       16.141      113.512
      71.911      144.300       16.141      113.512
      72.021      146.100       16.141      113.512
      72.130      127.900       16.141      113.512
      72.240      145.600       16.141      113.512
      72.350      145.900       16.141      113.512
      72.459      136.600       16.141      113.512
      72.570      145.000       16.141      113.512
      72.679      146.300       16.141      113.512
      72.790      135.400       16.141      113.512
      72.900      154.300       16.141      113.512
      73.009      138.100       16.141      113.512
      73.118      146.400       16.141      113.512
      73.227      137.000       16.141      113.512
      73.337      145.900       16.141      113.512
      73.448      144.100       16.141      113.512
      73.558      127.500       16.141      113.512
      73.667      155.400       16.141      113.512
      73.776      137.700       16.141      113.512
      73.886      145.800       16.141      113.512
      73.996      145.600       16.141      113.512
      74.106      145.400       16.141      113.512
      74.215      137.300       16.141      113.512
      74.324      138.100       16.141      113.512
      74.433      145.800       16.141      113.512
      74.543      154.500       16.141      113.512
      74.654      136.300       16.141      113.512
      74.763      145.600       16.141      113.512
      74.873      136.600       16.141      113.512
      74.982      137.500       16.141      113.512
      75.092      145.300       16.141      113.512
      75.203      135.700       16.141      113.512
      75.312      155.300       16.141      113.512
      75.422      137.000       16.141      113.512
      75.532      145.600       16.141      113.512
      75.641      137.100       16.141      113.512
      75.751      155.400       16.141      113.512
      75.861      136.200       16.141      113.512
      75.970      146.900       16.141      113.512
      76.079      136.600       16.141      113.512
      76.189      146.300       16.141      113.512
      76.298      136.900       16.141      113.512
      76.408      145.400       16.141      113.512
      76.518      145.700       16.141      113.512
      76.627      146.400       16.141      113.512
      76.737      136.900       16.141      113.512
      76.846      146.800       16.141      113.512
      76.956      137.000       16.141      113.512
      77.065      145.900       16.141      113.512
      77.175      145.800       16.141      113.512
      77.285      136.600       16.141      113.512
      77.395      145.500       16.141      113.512
      77.504      154.900       16.141      113.512
      77.614      136.800       16.141      113.512
      77.724      145.300       16.141      113.512
      77.834      145.700       16.141      113.512
      77.944      136.600       16.141      113.512
      78.053      146.900       16.141      113.512
      78.162      136.800       16.141      113.512
      78.272      146.600       16.141      113.512
      78.381      137.200       16.141      113.512
      78.491      136.800       16.141      113.512
      78.600      145.700       16.141      113.512
      78.710      145.600       16.141      113.512
      78.820      136.700       16.141      113.512
      78.930      145.600       16.141      113.512
      79.039      137.700       16.141      113.512
      79.150      143.200       16.141      113.512
      79.262      144.100       16.141      113.512
      79.372      145.200       16.141      113.512
      79.482      145.100       16.141      113.512
      79.591      146.200       16.141      113.512
      79.702      135.500       16.141      113.512
      79.812      154.300       16.141      113.512
      79.923      135.200       16.141      113.512
      80.033      136.600       16.141      113.512
      80.142      147.200       16.141      113.512
      80.251      137.200       16.141      113.512
      80.360      137.500       16.141      113.512
      80.469      146.600       16.141      113.512
      80.578      137.600       16.141      113.512
      80.687      147.100       16.141      113.512
      80.796      146.400       16.141      113.512
      80.906      145.200       16.141      113.512
      81.016      136.300       16.141      113.512
      81.127      145.200       16.141      113.512
      81.237      144.600       16.141      113.512
      81.347      146.100       16.141      113.512
      81.457      136.500       16.141      113.512
      81.567      145.600       16.141      113.512
      81.676      136.700       16.141      113.512
      81.787      145.000       16.141      113.512
      81.896      137.000       16.141      113.512
      82.005      137.500       16.141      113.512
      82.115      154.800       16.141      113.512
      82.225      136.300       16.141      113.512
      82.336      144.100       16.141      113.512
      82.446      145.900       16.141      113.512
      82.556      145.700       16.141      113.512
      82.666      144.600       16.141      113.512
      82.776      137.000       16.141      113.512
      82.886      144.900       16.141      113.512
      82.997      144.900       16.141      113.512
      83.106      136.700       16.141      113.512
      83.216      145.500       16.141      113.512
      83.326      137.400       16.141      113.512
      83.435      146.100       16.141      113.512
      83.544      128.000       16.141      113.512
      83.654      145.300       16.141      113.512
      83.764      155.600       16.141      113.512
      83.874      135.700       16.141      113.512
      83.984      145.200       16.141      113.512
      84.094      145.500       16.141      113.512
      84.204      145.600       16.141      113.512
      84.314      146.100       16.141      113.512
      84.423      127.900       16.141      113.512
      84.533      155.100       16.141      113.512
      84.643      135.800       16.141      113.512
      84.753      145.900       16.141      113.512
      84.864      143.700       16.141      113.512
      84.974      137.000       16.141      113.512
      85.083      146.200       16.141      113.512
      85.193      136.400       16.141      113.512
      85.303      146.100       16.141      113.512
      85.413      145.300       16.141      113.512
      85.522      137.000       16.141      113.512
      85.632      146.000       16.141      113.512
      85.742      145.300       16.141      113.512
      85.851      146.300       16.141      113.512
      85.962      153.100       16.141      113.512
      86.072      136.400       16.141      113.512
      86.184      144.100       16.141      113.512
      86.293      146.100       16.141      113.512
      86.402      137.500       16.141      113.512
      86.512      136.500       16.141      113.512
      86.623      144.700       16.141      113.512
      86.732      137.000       16.141      113.512
      86.845      151.100       16.141      113.512
      86.955      136.100       16.141      113.512
      87.065      154.600       16.141      113.512
      87.176      144.100       16.141      113.512
      87.285      146.200       16.141      113.512
      87.395      136.300       16.141      113.512
      87.505      146.300       16.141      113.512
      87.614      146.400       16.141      113.512
      87.723      137.700       16.141      113.512
      87.834      134.700       16.141      113.512
      87.944      145.200       16.141      113.512
      88.054      136.900       16.141      113.512
      88.165      153.200       16.141      113.512
      88.275      135.600       16.141      113.512
      88.385      146.300       16.141      113.512
      88.495      135.700       16.141      113.512
      88.604      147.000       16.141      113.512
      88.714      136.800       16.141      113.512
      88.824      145.300       16.141      113.512
      88.934      136.600       16.141      113.512
      89.044      145.500       16.141      113.512
      89.154      145.100       16.141      113.512
      89.263      146.800       16.141      113.512
      89.372      137.500       16.141      113.512
      89.482      146.200       16.141      113.512
      89.591      137.000       16.141      113.512
      89.701      146.100       16.141      113.512
      89.810      137.200       16.141      113.512
      89.921      144.200       16.141      113.512
      90.032      144.400       16.141      113.512
      90.141      146.200       16.141      113.512
      90.252      143.900       16.141      113.512
      90.362      137.200       16.141      113.512
      90.470      147.100       16.141      113.512
      90.580      136.600       16.141      113.512
      90.689      146.800       16.141      113.512
      90.800      135.900       16.141      113.512
      90.909      146.700       16.141      113.512
      91.018      136.800       16.141      113.512
      91.129      144.700       16.141      113.512
      91.238      146.300       16.141      113.512
      91.348      127.400       16.141      113.512
      91.457      147.600       16.141      113.512
      91.567      118.200       16.141      113.512
      91.677      135.900       16.141      113.512
      91.786      146.200       16.141      113.512
      91.896      154.800       16.141      113.512
      92.006      137.000       16.141      113.512
      92.116      145.000       16.141      113.512
      92.226      137.000       16.141      113.512
      92.336      145.200       16.141      113.512
      92.446      136.600       16.141      113.512
      92.555      145.600       16.141      113.512
      92.665      146.000       16.141      113.512
      92.774      137.000       16.141      113.512
      92.884      146.200       16.141      113.512
      92.994      145.800       16.141      113.512
      93.105      135.200       16.141      113.512
      93.216      134.900       16.141      113.512
      93.325      146.800       16.141      113.512
      93.433      138.100       16.141      113.512
      93.543      146.000       16.141      113.512
      93.654      135.200       16.141      113.512
      93.763      146.300       16.141      113.512
      93.872      138.200       16.141      113.512
      93.984      152.100       16.141      113.512
      94.094      136.000       16.141      113.512
      94.203      147.300       16.141      113.512
      94.314      135.100       16.141      113.512
      94.422      148.000       16.141      113.512
      94.532      136.100       16.141      113.512
      94.641      146.900       16.141      113.512
      94.751      136.400       16.141      113.512
      94.861      144.900       16.141      113.512
      94.971      135.900       16.141      113.512
      95.081      145.800       16.141      113.512
      95.191      145.400       16.141      113.512
      95.302      135.700       16.141      113.512
      95.411      146.400       16.141      113.512
      95.521      145.900       16.141      113.512
      95.630      137.200       16.141      113.512
      95.739      155.500       16.141      113.512
      95.850      136.000       16.141      113.512
      95.959      137.400       16.141      113.512
      96.068      146.100       16.141      113.512
      96.178      145.900       16.141      113.512
      96.287      147.200       16.141      113.512
      96.396      136.800       16.141      113.512
      96.506      145.800       16.141      113.512
      96.615      137.400       16.141      113.512
      96.724      138.300       16.141      113.512
      96.835      144.100       16.141      113.512
      96.944      146.200       16.141      113.512
      97.054      145.500       16.141      113.512
      97.164      145.500       16.141      113.512
      97.273      137.900       16.141      113.512
      97.382      146.300       16.141      113.512
      97.492      145.700       16.141      113.512
      97.601      146.600       16.141      113.512
      97.712      135.800       16.141      113.512
      97.821      137.500       16.141      113.512
      97.930      146.400       16.141      113.512
      98.040      144.600       16.141      113.512
      98.151      136.000       16.141      113.512
      98.260      146.200       16.141      113.512
      98.369      137.800       16.141      113.512
      98.478      137.200       16.141      113.512
      98.590      143.400       16.141      113.512
      98.699      146.300       16.141      113.512
      98.808      137.700       16.141      113.512
      98.918      145.800       16.141      113.512
      99.027      137.500       16.141      113.512
      99.137      145.600       16.141      113.512
      99.246      137.300       16.141      113.512
      99.355      146.500       16.141      113.512
      99.465      136.900       16.141      113.512
      99.574      147.500       16.141      113.512
      99.682      137.900       16.141      113.512
      99.794      143.700       16.141      113.512
      99.904      145.300       16.141      113.512
     100.014      145.500       16.141      113.512
     100.123      137.000       16.141      113.512
     100.233      145.700       16.141      113.512
     100.344      144.800       16.141      113.512
     100.453      137.100       16.141      113.512
     100.564      144.200       16.141      113.512
     100.674      154.800       16.141      113.512
     100.783      137.200       16.141      113.512
     100.894      144.300       16.141      113.512
     101.004      145.800       16.141      113.512
     101.113      136.800       16.141      113.512
     101.223      145.900       16.141      113.512
     101.334      144.200       16.141      113.512
     101.445      134.800       16.141      113.512
     101.555      145.800       16.141      113.512
     101.665      145.800       16.141      113.512
     101.774      145.900       16.141      113.512
     101.885      145.000       16.141      113.512
     101.994      137.200       16.141      113.512
     102.105      135.400       16.141      113.512
     102.214      146.300       16.141      113.512
     102.324      145.900       16.141      113.512
     102.433      137.100       16.141      113.512
     102.544      153.900       16.141      113.512
     102.653      137.000       16.141      113.512
     102.762      137.200       16.141      113.512
     102.873      144.600       16.141      113.512
     102.983      136.200       16.141      113.512
     103.093      146.300       16.141      113.512
     103.202      136.600       16.141      113.512
     103.312      145.800       16.141      113.512
     103.421      146.500       16.141      113.512
     103.532      144.300       16.141      113.512
     103.643      135.800       16.141      113.512
     103.752      155.600       16.141      113.512
     103.861      128.600       16.141      113.512
     103.972      144.600       16.141      113.512
     104.081      146.200       16.141      113.512
     104.190      137.300       16.141      113.512
     104.299      155.900       16.141      113.512
     104.409      137.100       16.141      113.512
     104.519      136.400       16.141      113.512
     104.627      138.200       16.141      113.512
     104.738      144.900       16.141      113.512
