# Elapsed time   CPU (%)     Real (MB)   Virtual (MB)
       0.000        0.000        9.000       37.789
       0.100       89.600       56.309       83.375
       0.201       99.600       56.434       83.375
       0.301       99.700       48.434       75.371
       0.402       99.700       48.434       75.371
       0.502       99.600       48.434       75.371
       0.602       99.700       48.434       75.371
       0.703       99.700       48.434       75.371
       0.803       99.700       48.434       75.371
       0.903       99.700       48.434       75.371
       1.003       99.700       48.434       75.371
       1.104       99.700       48.434       75.371
       1.204       99.700       48.434       75.371
       1.304       99.700       48.434       75.371
       1.405       99.700       48.434       75.371
       1.505       99.700       48.434       75.371
       1.605       99.700       48.434       75.371
       1.706       99.700       48.434       75.371
       1.806       99.700       48.434       75.371
       1.906       99.700       48.434       75.371
       2.007       99.600       48.434       75.371
       2.107       99.700       48.434       75.371
       2.207       99.700       48.434       75.371
       2.308       99.700       48.434       75.371
       2.408       99.600       48.434       75.371
       2.508       99.700       48.434       75.371
       2.609       99.700       48.434       75.371
       2.709       99.700       48.434       75.371
       2.809       99.600       48.434       75.371
       2.910       99.600       48.434       75.371
       3.010       99.600       48.434       75.371
       3.110       99.600       48.434       75.371
       3.211       99.700       48.434       75.371
       3.311       99.700       48.434       75.371
       3.411       99.700       48.434       75.371
       3.512       99.700       48.434       75.371
       3.612       99.600       48.434       75.371
       3.712       99.600       48.434       75.371
       3.813       99.600       48.434       75.371
       3.913       99.500       48.434       75.371
       4.014       99.600       48.434       75.371
       4.114       99.700       48.434       75.371
       4.214       99.600       48.434       75.371
       4.315       99.700       48.434       75.371
       4.415       99.700       48.434       75.371
       4.515       99.700       48.434       75.371
       4.616       89.700       48.434       75.371
       4.716      109.600       48.434       75.371
       4.816       89.700       48.434       75.371
       4.917       99.700       48.434       75.371
       5.017      109.600       48.434       75.371
       5.117       89.700       48.434       75.371
       5.218       99.700       48.434       75.371
       5.318       99.700       48.434       75.371
       5.418       99.700       48.434       75.371
       5.518       99.700       48.434       75.371
       5.619       99.700       48.434       75.371
       5.719       99.700       48.434       75.371
       5.819       99.700       48.434       75.371
       5.920       99.700       48.434       75.371
       6.020       99.700       48.434       75.371
       6.120       99.700       48.434       75.371
       6.221       99.700       48.434       75.371
       6.321       99.700       48.434       75.371
       6.421       99.700       48.434       75.371
       6.522       99.700       48.434       75.371
       6.622       99.700       48.434       75.371
       6.722       99.700       48.434       75.371
       6.823       99.700       48.434       75.371
       6.923       99.700       48.434       75.371
       7.023       99.700       48.434       75.371
       7.124       99.700       48.434       75.371
       7.224       99.700       48.434       75.371
       7.324       99.700       48.434       75.371
       7.424       99.700       48.434       75.371
       7.525       99.700       48.434       75.371
       7.625       99.700       48.434       75.371
       7.725       99.700       48.434       75.371
       7.826       99.700       48.434       75.371
       7.926       99.700       48.434       75.371
       8.026       99.700       48.434       75.371
       8.127       99.700       48.434       75.371
       8.227       99.700       48.434       75.371
       8.327       99.700       48.434       75.371
       8.428       99.700       48.434       75.371
       8.528       99.700       48.434       75.371
       8.628       99.700       48.434       75.371
       8.728       99.700       48.434       75.371
       8.829       99.700       48.434       75.371
       8.929       99.600       48.434       75.371
       9.029       99.700       48.434       75.371
       9.130       99.700       48.434       75.371
       9.230       99.700       48.434       75.371
       9.330       99.700       48.434       75.371
       9.431       99.700       48.434       75.371
       9.531       99.700       48.434       75.371
       9.631       99.700       48.434       75.371
       9.732       99.700       48.434       75.371
       9.832       99.700       48.434       75.371
       9.932       99.700       48.434       75.371
      10.032       99.700       48.434       75.371
      10.133       99.700       48.434       75.371
      10.233       99.600       48.434       75.371
      10.333       99.700       48.434       75.371
      10.434       99.700       48.434       75.371
      10.534       99.700       48.434       75.371
      10.634       99.700       48.434       75.371
      10.735       99.700       48.434       75.371
      10.835       99.700       48.434       75.371
      10.935       99.700       48.434       75.371
      11.036       99.700       48.434       75.371
      11.136       99.600       48.434       75.371
      11.236       99.700       48.434       75.371
      11.337       99.700       48.434       75.371
      11.437       99.700       48.434       75.371
      11.537       99.700       48.434       75.371
      11.637       99.700       48.434       75.371
      11.738       99.700       48.434       75.371
