# Elapsed time   CPU (%)     Real (MB)   Virtual (MB)
       0.000        0.000       16.750       67.984
       0.108      350.400       45.586       96.547
       0.217      396.300       41.727       92.734
       0.325      350.600       41.727       92.734
       0.435      100.200       41.727       92.734
       0.544      100.700       41.727       92.734
       0.654      100.700       41.727       92.734
       0.763      100.900       41.727       92.734
       0.872      100.800       41.727       92.734
       0.981       91.600       41.727       92.734
       1.090      100.600       41.727       92.734
       1.199      100.800       41.727       92.734
       1.309      100.700       41.727       92.734
       1.418      100.800       41.727       92.734
       1.527      100.700       41.727       92.734
       1.636      100.900       41.727       92.734
       1.745      164.800       41.727       92.734
       1.855      246.500       41.727       92.734
       1.965      100.100       41.727       92.734
       2.074       91.600       41.727       92.734
       2.183      100.800       41.727       92.734
       2.292      100.900       41.727       92.734
       2.401      100.700       41.727       92.734
       2.511      100.700       41.727       92.734
       2.621       99.400       41.727       92.734
       2.730      100.800       41.727       92.734
       2.841       99.700       41.727       92.734
       2.952       99.300       41.727       92.734
       3.061      247.200       41.727       92.734
       3.170       91.500       41.727       92.734
       3.279      100.700       41.727       92.734
       3.388      100.800       41.727       92.734
       3.498      100.700       41.727       92.734
       3.607      101.000       41.727       92.734
       3.716      100.400       41.727       92.734
       3.825      146.500       41.727       92.734
       3.935      109.000       41.727       92.734
       4.045      100.200       41.727       92.734
       4.154      100.800       41.727       92.734
       4.264      100.700       41.727       92.734
       4.372      101.000       41.727       92.734
       4.481      101.000       41.727       92.734
       4.590      137.900       41.727       92.734
       4.699      101.300       41.727       92.734
       4.808      100.800       41.727       92.734
       4.916      101.200       41.727       92.734
       5.025      101.400       41.727       92.734
       5.133       92.200       41.727       92.734
       5.242      129.100       41.727       92.734
       5.349       93.200       41.727       92.734
       5.457      102.000       41.727       92.734
       5.566      101.100       41.727       92.734
       5.676       99.700       41.727       92.734
       5.785      119.200       41.727       92.734
       5.894      100.700       41.727       92.734
       6.004      100.300       41.727       92.734
       6.114      100.100       41.727       92.734
       6.223       91.700       41.727       92.734
       6.332      119.300       41.727       92.734
       6.442      100.400       41.727       92.734
       6.550      101.000       41.727       92.734
       6.659       91.800       41.727       92.734
       6.769      100.800       41.727       92.734
       6.878      119.300       41.727       92.734
       6.986      101.400       41.727       92.734
       7.094       92.300       41.727       92.734
       7.204      100.800       41.727       92.734
       7.312      119.800       41.727       92.734
       7.421      101.200       41.727       92.734
       7.530       91.900       41.727       92.734
       7.640       99.600       41.727       92.734
       7.749      119.700       41.727       92.734
       7.858      101.000       41.727       92.734
       7.967      100.900       41.727       92.734
       8.075       92.300       41.727       92.734
       8.183      119.900       41.727       92.734
       8.292      101.100       41.727       92.734
       8.401       92.000       41.727       92.734
       8.509      119.700       41.727       92.734
       8.619      100.000       41.727       92.734
       8.727      102.600       41.727       92.734
       8.835       91.900       41.727       92.734
       8.944      119.600       41.727       92.734
       9.052       92.900       41.727       92.734
       9.160      101.800       41.727       92.734
       9.269      119.000       41.727       92.734
       9.378       91.700       41.727       92.734
       9.487      100.600       41.727       92.734
       9.596      147.200       41.727       92.734
       9.705      128.500       41.727       92.734
       9.814      128.700       41.727       92.734
       9.923      146.800       41.727       92.734
      10.032      128.500       41.727       92.734
      10.141      127.500       41.727       92.734
      10.250      128.600       41.727       92.734
      10.359      110.900       41.727       92.734
      10.467      128.700       41.727       92.734
      10.576      119.600       41.727       92.734
      10.686      127.800       41.727       92.734
      10.794      129.300       41.727       92.734
      10.902      147.200       41.727       92.734
      11.012      128.000       41.727       92.734
      11.121      155.800       41.727       92.734
      11.230      219.800       41.727       92.734
      11.339      311.500       41.727       92.734
      11.448      329.800       41.727       92.734
      11.557      321.000       41.727       92.734
      11.667      329.000       41.727       92.734
      11.776      320.800       41.727       92.734
      11.886      164.200       41.727       92.734
      11.995       91.200       41.727       92.734
      12.105      100.700       41.730       92.734
