# Elapsed time   CPU (%)     Real (MB)   Virtual (MB)
       0.000        0.000        9.750       72.016
       0.100      139.500       15.277      112.680
       0.201      139.600       15.293      112.680
       0.301      139.600       15.293      112.680
       0.401      139.600       15.293      112.680
       0.502      139.600       15.773      113.215
       0.602      149.500       15.773      113.215
       0.702      139.500       15.773      113.215
       0.803      139.500       15.781      113.215
       0.903      149.300       15.781      113.215
       1.004      139.500       15.781      113.215
       1.104      139.500       15.781      113.215
       1.204      149.500       15.781      113.215
       1.304      129.600       15.781      113.215
       1.405      149.500       15.781      113.215
       1.505      149.500       15.781      113.215
       1.605      129.600       15.785      113.215
       1.706      149.500       15.785      113.215
       1.806      139.500       15.785      113.215
       1.906      139.600       15.785      113.215
       2.007      139.600       15.785      113.215
       2.107      149.500       15.785      113.215
       2.207      139.600       15.785      113.215
       2.308      149.500       15.785      113.215
       2.408      139.600       15.785      113.215
       2.508      129.600       15.785      113.215
       2.609      139.600       15.785      113.215
       2.709      139.500       15.785      113.215
       2.809      149.400       15.785      113.215
       2.910      149.500       15.785      113.215
       3.010      139.500       15.785      113.215
       3.110      139.500       15.785      113.215
       3.211      149.400       15.785      113.215
       3.311      139.500       15.785      113.215
       3.411      129.600       15.785      113.215
       3.512      149.500       15.785      113.215
       3.612      129.600       15.785      113.215
       3.712      159.500       15.785      113.215
       3.813      129.600       15.785      113.215
       3.913      149.500       15.785      113.215
       4.013      139.600       15.785      113.215
       4.114      139.200       15.785      113.215
       4.214      139.100       15.785      113.215
       4.315      149.500       15.785      113.215
       4.415      129.600       15.789      113.215
       4.515      149.500       15.789      113.215
       4.616      129.500       15.789      113.215
       4.716      149.400       15.789      113.215
       4.817      139.400       15.789      113.215
       4.917      139.400       15.789      113.215
       5.017      139.500       15.789      113.215
       5.118      149.400       15.789      113.215
       5.218      139.400       15.789      113.215
       5.319      129.300       15.789      113.215
       5.419      149.400       15.789      113.215
       5.520      139.400       15.789      113.215
       5.620      149.400       15.789      113.215
       5.720      129.300       15.789      113.215
       5.821      139.400       15.789      113.215
       5.921      149.500       15.789      113.215
       6.022      129.600       15.789      113.215
       6.122      149.400       15.789      113.215
       6.222      139.500       15.789      113.215
       6.323      139.500       15.789      113.215
       6.423      139.500       15.789      113.215
       6.523      139.500       15.789      113.215
       6.624      139.400       15.789      113.215
       6.724      139.300       15.789      113.215
       6.825      149.400       15.789      113.215
       6.925      139.400       15.789      113.215
       7.026      139.300       15.789      113.215
       7.126      139.400       15.789      113.215
       7.226      149.500       15.789      113.215
       7.327      129.500       15.789      113.215
       7.427      139.300       15.789      113.215
       7.528      149.300       15.789      113.215
       7.628      139.400       15.789      113.215
       7.729      139.400       15.789      113.215
       7.829      149.300       15.789      113.215
       7.930      129.500       15.789      113.215
       8.030      149.300       15.789      113.215
       8.130      139.400       15.789      113.215
       8.231      139.400       15.789      113.215
       8.331      149.300       15.789      113.215
       8.432      129.400       15.789      113.215
       8.532      139.400       15.789      113.215
       8.633      139.100       15.789      113.215
       8.733      139.400       15.789      113.215
       8.834      139.500       15.789      113.215
       8.934      149.400       15.789      113.215
       9.035      129.400       15.789      113.215
       9.135      149.300       15.789      113.215
       9.235      139.500       15.789      113.215
       9.336      139.500       15.789      113.215
       9.436      139.500       15.789      113.215
       9.537      129.500       15.789      113.215
       9.637      139.100       15.789      113.215
       9.738      159.100       15.789      113.215
       9.838      139.400       15.789      113.215
       9.938      129.500       15.789      113.215
      10.039      149.400       15.789      113.215
      10.139      139.500       15.789      113.215
      10.240      139.500       15.789      113.215
      10.340      139.600       15.789      113.215
      10.440      139.500       15.789      113.215
      10.541      139.300       15.789      113.215
      10.641      139.400       15.789      113.215
      10.742      139.500       15.789      113.215
      10.842      139.500       15.789      113.215
      10.942      149.500       15.789      113.215
      11.043      129.600       15.789      113.215
      11.143      149.500       15.789      113.215
      11.243      139.600       15.789      113.215
      11.344      139.100       15.789      113.215
      11.445      149.100       15.789      113.215
      11.545      139.500       15.789      113.215
      11.645      129.500       15.789      113.215
      11.746      149.500       15.789      113.215
      11.846      139.500       15.789      113.215
      11.946      129.400       15.789      113.215
      12.047      149.300       15.789      113.215
      12.147      149.400       15.789      113.215
      12.248      139.500       15.789      113.215
      12.348      139.400       15.789      113.215
      12.448      149.300       15.789      113.215
      12.549      129.400       15.789      113.215
      12.649      149.400       15.789      113.215
      12.750      139.500       15.789      113.215
      12.850      139.500       15.789      113.215
      12.950      139.500       15.789      113.215
      13.051      139.500       15.793      113.215
      13.151      139.500       15.793      113.215
      13.252      139.500       15.793      113.215
      13.352      139.500       15.793      113.215
      13.452      139.500       15.793      113.215
      13.552      149.400       15.793      113.215
      13.653      139.400       15.793      113.215
      13.753      139.400       15.793      113.215
      13.854      139.600       15.793      113.215
      13.954      139.600       15.793      113.215
      14.054      149.500       15.793      113.215
      14.155      129.500       15.793      113.215
      14.255      139.300       15.793      113.215
      14.356      149.400       15.793      113.215
      14.456      129.400       15.793      113.215
      14.556      149.300       15.793      113.215
      14.657      139.400       15.793      113.215
      14.757      139.400       15.793      113.215
      14.858      139.500       15.793      113.215
      14.958      139.500       15.793      113.215
      15.058      139.400       15.793      113.215
      15.159      149.500       15.793      113.215
      15.259      129.600       15.793      113.215
      15.360      139.500       15.793      113.215
      15.460      148.900       15.793      113.215
      15.561      139.300       15.793      113.215
      15.661      139.500       15.793      113.215
      15.761      139.500       15.793      113.215
      15.862      139.500       15.793      113.215
      15.962      149.500       15.797      113.215
      16.062      129.600       15.797      113.215
      16.163      149.500       15.797      113.215
      16.263      149.500       15.797      113.215
      16.363      129.600       15.797      113.215
      16.464      149.500       15.797      113.215
      16.564      129.500       15.797      113.215
      16.664      149.400       15.797      113.215
      16.765      139.500       15.797      113.215
      16.865      139.500       15.797      113.215
      16.966      139.400       15.797      113.215
      17.066      129.100       15.797      113.215
      17.167      109.500       15.797      113.215
      17.267      139.500       15.797      113.215
      17.367      139.500       15.797      113.215
      17.468      149.500       15.797      113.215
      17.568      139.600       15.797      113.215
      17.668      139.500       15.797      113.215
      17.769      139.500       15.797      113.215
      17.869      139.600       15.797      113.215
      17.969      149.500       15.797      113.215
      18.070      129.600       15.797      113.215
      18.170      139.300       15.797      113.215
      18.271      149.300       15.797      113.215
      18.371      139.500       15.797      113.215
      18.471      149.400       15.797      113.215
      18.572      129.600       15.797      113.215
      18.672      149.500       15.797      113.215
      18.772      139.600       15.797      113.215
      18.873      139.500       15.797      113.215
      18.973      139.500       15.797      113.215
      19.073      149.500       15.797      113.215
      19.174      139.600       15.797      113.215
      19.274      139.500       15.797      113.215
      19.374      139.500       15.797      113.215
      19.475      139.400       15.797      113.215
      19.575      139.500       15.797      113.215
      19.675      149.500       15.797      113.215
      19.776      139.500       15.797      113.215
      19.876      139.600       15.797      113.215
      19.977      139.500       15.797      113.215
      20.077      139.600       15.797      113.215
      20.177      149.500       15.797      113.215
      20.277      139.600       15.797      113.215
      20.378      149.500       15.797      113.215
      20.478      139.500       15.797      113.215
      20.578      139.600       15.797      113.215
      20.679      139.600       15.797      113.215
      20.779      149.500       15.797      113.215
      20.879      139.500       15.797      113.215
      20.980      139.600       15.797      113.215
      21.080      149.500       15.797      113.215
      21.180      139.500       15.797      113.215
      21.281      139.600       15.797      113.215
      21.381      149.600       15.797      113.215
      21.481      139.600       15.797      113.215
      21.582      139.600       15.797      113.215
      21.682      139.600       15.797      113.215
      21.782      149.500       15.797      113.215
      21.883      139.500       15.797      113.215
      21.983      139.600       15.797      113.215
      22.083      149.500       15.797      113.215
      22.183      129.600       15.797      113.215
      22.284      149.500       15.797      113.215
      22.384      139.600       15.797      113.215
      22.484      149.500       15.797      113.215
      22.585      139.600       15.797      113.215
      22.685      149.400       15.797      113.215
      22.785      139.500       15.797      113.215
      22.886      149.500       15.797      113.215
      22.986      129.600       15.797      113.215
      23.086      149.400       15.797      113.215
      23.187      139.500       15.797      113.215
      23.287      149.500       15.797      113.215
      23.387      139.600       15.797      113.215
      23.488      149.500       15.797      113.215
      23.588      139.600       15.797      113.215
      23.688      139.500       15.797      113.215
      23.789      139.500       15.797      113.215
      23.889      139.600       15.797      113.215
      23.989      149.500       15.797      113.215
      24.090      139.600       15.797      113.215
      24.190      149.500       15.797      113.215
      24.290      139.500       15.797      113.215
      24.391      139.600       15.797      113.215
      24.491      139.600       15.797      113.215
      24.591      139.600       15.797      113.215
      24.691      149.500       15.797      113.215
      24.792      139.500       15.797      113.215
      24.892      139.500       15.797      113.215
      24.993      149.500       15.797      113.215
      25.093      139.600       15.797      113.215
      25.193      139.500       15.797      113.215
      25.293      149.500       15.797      113.215
      25.394      139.600       15.797      113.215
      25.494      139.600       15.797      113.215
      25.594      149.500       15.797      113.215
      25.695      139.600       15.797      113.215
      25.795      149.500       15.797      113.215
      25.895      129.600       15.797      113.215
      25.996      139.600       15.797      113.215
      26.096      149.500       15.797      113.215
      26.196      139.600       15.797      113.215
      26.297      139.600       15.797      113.215
      26.397      149.500       15.797      113.215
      26.497      129.600       15.797      113.215
      26.598      149.500       15.797      113.215
      26.698      149.500       15.797      113.215
      26.798      139.500       15.797      113.215
      26.899      139.600       15.797      113.215
      26.999      149.300       15.797      113.215
      27.099      139.500       15.797      113.215
      27.200      129.600       15.797      113.215
      27.300      149.500       15.797      113.215
      27.400      149.500       15.797      113.215
      27.501      139.600       15.797      113.215
      27.601      139.600       15.797      113.215
      27.701      149.500       15.801      113.215
      27.802      139.600       15.801      113.215
      27.902      149.500       15.801      113.215
      28.002      129.600       15.801      113.215
      28.102      149.500       15.801      113.215
      28.203      139.600       15.801      113.215
      28.303      139.600       15.801      113.215
      28.403      149.500       15.801      113.215
      28.504      139.600       15.801      113.215
      28.604      139.600       15.801      113.215
      28.704      139.600       15.801      113.215
      28.805      149.500       15.801      113.215
      28.905      139.600       15.801      113.215
      29.005      139.600       15.801      113.215
      29.106      139.600       15.801      113.215
      29.206      139.600       15.801      113.215
      29.306      149.500       15.801      113.215
      29.407      139.500       15.801      113.215
      29.507      149.500       15.801      113.215
      29.607      139.500       15.801      113.215
      29.708      149.500       15.801      113.215
      29.808      139.600       15.801      113.215
      29.908      149.600       15.801      113.215
      30.008      139.600       15.801      113.215
      30.109      139.600       15.801      113.215
      30.209      139.600       15.801      113.215
      30.309      149.500       15.801      113.215
      30.410      139.600       15.801      113.215
      30.510      149.500       15.801      113.215
      30.610      139.600       15.801      113.215
      30.711      139.600       15.801      113.215
      30.811      149.500       15.801      113.215
      30.911      139.600       15.801      113.215
      31.012      139.600       15.801      113.215
      31.112      139.600       15.801      113.215
      31.212      139.600       15.801      113.215
      31.313      149.500       15.801      113.215
      31.413      139.500       15.801      113.215
      31.513      139.500       15.801      113.215
      31.614      149.500       15.801      113.215
      31.714      139.600       15.801      113.215
      31.814      139.500       15.801      113.215
      31.915      149.500       15.801      113.215
      32.015      139.500       15.801      113.215
      32.115      139.500       15.801      113.215
      32.216      149.500       15.801      113.215
      32.316      139.600       15.801      113.215
      32.416      139.500       15.801      113.215
      32.517      139.600       15.801      113.215
      32.617      139.600       15.801      113.215
      32.717      149.500       15.801      113.215
      32.817      149.500       15.801      113.215
      32.918      129.600       15.801      113.215
      33.018      139.500       15.801      113.215
      33.118      149.500       15.801      113.215
      33.219      139.600       15.801      113.215
      33.319      149.500       15.801      113.215
      33.419      129.500       15.801      113.215
      33.520      139.500       15.801      113.215
      33.620      149.500       15.801      113.215
      33.720      139.500       15.801      113.215
      33.821      139.600       15.801      113.215
      33.921      149.500       15.801      113.215
      34.021      139.600       15.801      113.215
      34.122      149.500       15.801      113.215
      34.222      129.600       15.801      113.215
      34.322      149.500       15.801      113.215
      34.423      139.600       15.801      113.215
      34.523      149.500       15.801      113.215
      34.623      139.600       15.801      113.215
      34.724      149.500       15.801      113.215
      34.824      129.600       15.801      113.215
      34.924      149.500       15.801      113.215
      35.024      139.600       15.801      113.215
      35.125      149.400       15.801      113.215
      35.225      139.500       15.801      113.215
      35.326      139.500       15.801      113.215
      35.426      139.600       15.801      113.215
      35.526      139.600       15.801      113.215
      35.626      139.500       15.801      113.215
      35.727      149.500       15.801      113.215
      35.827      139.500       15.801      113.215
      35.928      139.500       15.801      113.215
      36.028      139.600       15.801      113.215
      36.128      139.500       15.801      113.215
      36.229      149.500       15.801      113.215
      36.329      149.500       15.801      113.215
      36.429      139.500       15.801      113.215
      36.529      139.600       15.801      113.215
      36.630      139.600       15.801      113.215
      36.730      139.600       15.801      113.215
      36.830      139.600       15.801      113.215
      36.931      149.500       15.801      113.215
      37.031      139.600       15.801      113.215
      37.131      149.500       15.801      113.215
      37.232      139.600       15.801      113.215
      37.332      139.600       15.801      113.215
      37.432      139.600       15.801      113.215
      37.533      159.500       15.801      113.215
      37.633      129.600       15.801      113.215
      37.733      149.600       15.801      113.215
