# Elapsed time   CPU (%)     Real (MB)   Virtual (MB)
       0.000        0.000       19.293      920.602
       0.011        0.000        3.629      223.566
       0.022        0.000        5.516      446.039
       0.033       89.600        3.797      223.664
       0.044        0.000       11.344      895.594
       0.055        0.000        6.195      447.738
       0.067        0.000        3.805      223.664
       0.078        0.000        8.098      671.000
       0.090        0.000        3.863      224.066
       0.101        0.000        5.945      447.328
       0.112        0.000        8.160      670.992
       0.124        0.000        4.129      225.992
       0.136        0.000        3.805      223.664
       0.148        0.000        8.090      670.992
       0.160        0.000        3.805      223.664
       0.172        0.000        8.164      670.992
       0.184        0.000        3.809      223.664
       0.195        0.000        8.445      673.320
       0.207        0.000        5.867      447.328
       0.219        0.000        3.820      223.664
       0.231        0.000        3.844      223.793
       0.243       84.800        3.875      223.793
       0.255        0.000        7.457      449.312
       0.267        0.000        3.887      223.793
       0.279        0.000        7.184      449.316
       0.291        0.000        3.887      223.793
       0.303      167.300        3.887      223.793
       0.315        0.000        3.887      223.793
       0.327        0.000        3.895      223.793
       0.339        0.000        8.371      671.379
       0.351        0.000        3.906      223.793
       0.363        0.000        3.906      223.793
       0.375        0.000        3.930      223.793
       0.388       82.000        3.934      223.793
       0.400        0.000        3.934      223.793
       0.412        0.000        3.938      223.793
       0.426        0.000        3.938      223.793
       0.438        0.000        3.949      223.793
       0.451       81.600        3.961      223.922
       0.463        0.000        3.965      223.922
       0.476        0.000        3.980      223.922
       0.488        0.000        3.980      223.922
       0.500       79.100        3.988      223.922
       0.513        0.000        3.988      223.922
       0.526        0.000        3.988      223.922
       0.538        0.000        4.012      223.922
       0.550        0.000        4.012      223.922
       0.563      159.300        9.781       72.004
       0.575      166.200       15.254      112.926
       0.588       79.000       15.516      112.906
       0.600       81.500       15.480      112.855
       0.613      156.100       15.418      112.766
       0.626      155.900       15.336      112.652
       0.638       78.800       15.238      112.637
       0.651      160.400       15.219      112.562
       0.663      158.900       15.289      112.562
       0.676       77.300       15.328      112.691
       0.689      152.700       15.332      112.691
       0.702      163.400       15.348      112.691
       0.714       83.900       15.348      112.691
       0.726      167.700       15.348      112.691
       0.738      163.800       15.348      112.691
       0.750      162.100       15.348      112.691
       0.763       80.900       15.348      112.691
       0.775      166.400       15.348      112.691
       0.787       82.100       15.348      112.691
       0.799      161.500       15.348      112.691
       0.811      241.600       15.348      112.691
       0.824      163.700       15.348      112.691
       0.836       81.700       15.348      112.691
       0.848      163.600       15.348      112.691
       0.861      159.300       15.348      112.691
       0.873       80.000       15.348      112.691
       0.886      162.200       15.348      112.691
       0.898       81.100       15.348      112.691
       0.910      164.000       15.348      112.691
       0.922       82.100       15.348      112.691
       0.935      163.900       15.348      112.691
       0.947      160.900       15.348      112.691
       0.959      159.700       15.348      112.691
       0.971       82.800       15.348      112.691
       0.984      166.000       15.348      112.691
       0.996      163.600       15.348      112.691
       1.008       81.900       15.348      112.691
       1.020      162.500       15.348      112.691
       1.033       80.500       16.828      114.227
