# Elapsed time   CPU (%)     Real (MB)   Virtual (MB)
       0.000        0.000      263.660      290.711
       0.110      100.400      263.660      290.711
       0.220      100.000      263.660      290.711
       0.330       90.700      263.660      290.711
       0.441       98.400      263.660      290.711
       0.557      103.600      263.660      290.711
       0.670       98.100      263.660      290.711
       0.782       98.100      263.660      290.711
       0.893       98.400      263.660      290.711
       1.005       98.400      263.660      290.711
       1.117       98.800      263.660      290.711
       1.228       98.400      263.660      290.711
       1.340       98.600      263.660      290.711
       1.452       98.500      263.660      290.711
       1.564       98.400      263.660      290.711
       1.675       98.500      263.660      290.711
       1.787      107.000      263.660      290.711
       1.899       98.400      263.660      290.711
       2.011       98.600      263.660      290.711
       2.123       97.600      263.660      290.711
       2.238       96.400      263.660      290.711
       2.350       97.700      263.660      290.711
       2.463       97.400      263.660      290.711
       2.574       98.900      263.660      290.711
       2.689      104.800      263.660      290.711
       2.799       90.500      263.660      290.711
       2.910       99.000      263.660      290.711
       3.023      106.600      263.660      290.711
       3.134       89.800      263.660      290.711
       3.246      107.000      263.660      290.711
       3.358       98.600      263.660      290.711
       3.470       98.300      263.660      290.711
       3.582       98.500      263.660      290.711
       3.693       98.800      263.660      290.711
       3.806       97.300      263.660      290.711
       3.918       98.200      263.660      290.711
       4.030       98.400      263.660      290.711
       4.141       98.600      263.660      290.711
       4.253       98.300      263.660      290.711
       4.366       97.800      263.660      290.711
       4.479       97.100      263.660      290.711
       4.591       98.000      263.660      290.711
       4.703       98.600      263.660      290.711
       4.815       97.900      263.660      290.711
       4.928       97.900      263.660      290.711
       5.040       98.000      263.660      290.711
       5.152      107.200      263.660      290.711
       5.263       99.200      263.660      290.711
       5.374       98.700      263.660      290.711
       5.489       96.100      263.660      290.711
       5.601       97.900      263.660      290.711
       5.713       97.900      263.660      290.711
       5.825       98.600      263.660      290.711
       5.937       97.800      263.660      290.711
       6.050      107.000      263.660      290.711
       6.162       97.900      263.660      290.711
       6.274       98.300      263.660      290.711
       6.385       98.700      263.660      290.711
       6.498       97.800      263.660      290.711
       6.610       98.300      263.660      290.711
       6.722       98.100      263.660      290.711
       6.835      106.100      263.660      290.711
       6.947       98.200      263.660      290.711
       7.058       98.600      263.660      290.711
       7.173       95.800      263.660      290.711
       7.284       99.000      263.660      290.711
       7.397       97.900      263.660      290.711
       7.509       98.100      263.660      290.711
       7.621      107.200      263.660      290.711
       7.733       97.800      263.660      290.711
       7.845       98.000      263.660      290.711
       7.957       98.400      263.660      290.711
       8.070       97.700      263.660      290.711
       8.183       97.600      263.660      290.711
       8.295       98.000      263.660      290.711
       8.406      107.900      263.660      290.711
       8.518       98.200      263.660      290.711
       8.631       97.900      263.660      290.711
       8.743       97.900      263.660      290.711
       8.860      102.600      263.660      290.711
       8.972       97.800      263.660      290.711
       9.084       98.400      263.660      290.711
       9.196       98.100      263.660      290.711
       9.308       98.200      263.660      290.711
       9.420       98.500      263.660      290.711
       9.533       97.700      263.660      290.711
       9.645       98.100      263.660      290.711
       9.758      106.300      263.660      290.711
       9.870       97.400      263.660      290.711
       9.982       98.300      263.660      290.711
      10.095       97.600      263.660      290.711
      10.207       98.200      263.660      290.711
      10.319       98.600      263.660      290.711
      10.430       98.800      263.660      290.711
      10.542       98.300      263.660      290.711
      10.654      107.400      263.660      290.711
      10.765       98.500      263.660      290.711
      10.877       98.500      263.660      290.711
      10.989       98.200      263.660      290.711
      11.101       97.900      263.660      290.711
      11.213       98.200      263.660      290.711
      11.326       97.600      263.660      290.711
      11.438      106.800      263.660      290.711
      11.550       98.300      263.660      290.711
      11.662       98.500      263.660      290.711
      11.774       97.900      263.660      290.711
      11.886       98.300      263.660      290.711
      11.998       98.500      263.660      290.711
      12.110       98.400      263.660      290.711
      12.223       97.000      263.660      290.711
      12.335      107.100      263.660      290.711
      12.447       98.500      263.660      290.711
      12.558       98.600      263.660      290.711
      12.671       98.100      263.660      290.711
      12.782       98.400      263.660      290.711
      12.895       97.900      263.660      290.711
      13.008      106.100      263.660      290.711
      13.120       98.300      263.660      290.711
      13.232       97.900      263.660      290.711
      13.346       96.700      263.660      290.711
      13.458       98.300      263.660      290.711
      13.571       97.500      263.660      290.711
      13.684      105.900      263.660      290.711
      13.796       98.400      263.660      290.711
      13.910       96.500      263.660      290.711
      14.022       98.200      263.660      290.711
      14.134       98.200      263.660      290.711
      14.245       98.600      263.660      290.711
      14.357       98.100      263.660      290.711
      14.470      106.600      263.660      290.711
      14.582       98.500      263.660      290.711
      14.693       98.300      263.660      290.711
      14.806       97.700      263.660      290.711
      14.918       98.500      263.660      290.711
      15.030       98.400      263.660      290.711
      15.142       98.100      263.660      290.711
      15.254      107.000      263.660      290.711
      15.367       96.700      263.660      290.711
      15.480       97.900      263.660      290.711
      15.593       97.400      263.660      290.711
      15.705       98.400      263.660      290.711
      15.816       98.400      263.660      290.711
      15.928       98.300      263.660      290.711
      16.040      107.200      263.660      290.711
      16.152       98.000      263.660      290.711
      16.264       98.300      263.660      290.711
      16.376       98.300      263.660      290.711
      16.489       98.000      263.660      290.711
      16.600       98.200      263.660      290.711
      16.712       98.500      263.660      290.711
      16.825      106.400      263.660      290.711
      16.937       98.100      263.660      290.711
      17.049       98.500      263.660      290.711
      17.165       94.200      263.660      290.711
      17.279      105.800      263.660      290.711
      17.391       98.100      263.660      290.711
      17.503       98.100      263.660      290.711
      17.616       98.000      263.660      290.711
      17.728       98.200      263.660      290.711
      17.840       98.200      263.660      290.711
      17.952      106.200      263.660      290.711
      18.064       98.300      263.660      290.711
      18.176       98.400      263.660      290.711
      18.288       98.200      263.660      290.711
      18.400       98.500      263.660      290.711
      18.512       98.300      263.660      290.711
      18.624       98.200      263.660      290.711
      18.736       98.100      263.660      290.711
      18.849       97.100      263.660      290.711
      18.961       98.200      263.660      290.711
      19.073       98.500      263.660      290.711
      19.184       98.700      263.660      290.711
      19.296       98.200      263.660      290.711
      19.409      107.000      263.660      290.711
      19.521       97.700      263.660      290.711
      19.633       98.300      263.660      290.711
      19.745       98.300      263.660      290.711
      19.858       97.500      263.660      290.711
      19.970       97.800      263.660      290.711
      20.083       97.400      263.660      290.711
      20.195       98.100      263.660      290.711
      20.307       98.400      263.660      290.711
      20.419      107.000      263.660      290.711
      20.534       96.300      263.660      290.711
      20.646       97.800      263.660      290.711
      20.758       98.000      263.660      290.711
      20.871       97.800      263.660      290.711
      20.983       97.800      263.660      290.711
      21.096      106.700      263.660      290.711
      21.208       97.900      263.660      290.711
      21.320       98.100      263.660      290.711
      21.432       98.300      263.660      290.711
      21.544       98.200      263.660      290.711
      21.656       98.000      263.660      290.711
      21.768      107.300      263.660      290.711
      21.880       98.200      263.660      290.711
      21.992       98.300      263.660      290.711
      22.105       97.500      263.660      290.711
      22.220       95.400      263.660      290.711
      22.332       98.200      263.660      290.711
      22.445       97.300      263.660      290.711
      22.557       98.400      263.660      290.711
      22.669      107.300      263.660      290.711
      22.781       98.200      263.660      290.711
      22.892       98.600      263.660      290.711
      23.004       89.300      263.660      290.711
      23.116       98.400      263.660      290.711
      23.228       98.000      263.660      290.711
      23.340       98.400      263.660      290.711
      23.452      107.500      263.660      290.711
      23.564       98.000      263.660      290.711
      23.677       97.800      263.660      290.711
      23.788       98.500      263.660      290.711
      23.901       97.300      263.660      290.711
      24.013       98.600      263.660      290.711
      24.125       97.900      263.660      290.711
      24.237      107.300      263.660      290.711
      24.349       98.000      263.660      290.711
      24.461       98.500      263.660      290.711
      24.572       98.500      263.660      290.711
      24.684       98.300      263.660      290.711
      24.796       98.500      263.660      290.711
      24.908       98.400      263.660      290.711
      25.020       98.000      263.660      290.711
      25.133      106.200      263.660      290.711
      25.245       98.300      263.660      290.711
      25.357       98.200      263.660      290.711
      25.470       96.900      263.660      290.711
      25.583       98.000      263.660      290.711
      25.695       97.800      263.660      290.711
      25.808       97.700      263.660      290.711
      25.919       98.500      263.660      290.711
      26.032      106.800      263.660      290.711
      26.144       98.300      263.660      290.711
      26.256       98.000      263.660      290.711
      26.368       98.300      263.660      290.711
      26.480       98.300      263.660      290.711
      26.592       98.300      263.660      290.711
      26.704       97.800      263.660      290.711
      26.816      107.300      263.660      290.711
      26.928       98.000      263.660      290.711
      27.041       98.000      263.660      290.711
      27.153       97.400      263.660      290.711
      27.267       96.700      263.660      290.711
      27.380       97.600      263.660      290.711
      27.492      106.800      263.660      290.711
      27.604       98.200      263.660      290.711
      27.717       97.900      263.660      290.711
      27.829       97.900      263.660      290.711
      27.941       98.200      263.660      290.711
      28.053       98.100      263.660      290.711
      28.166      106.600      263.660      290.711
      28.278       98.000      263.660      290.711
      28.390       98.000      263.660      290.711
      28.502       98.200      263.660      290.711
      28.614       98.400      263.660      290.711
      28.727       97.300      263.660      290.711
      28.840      106.300      263.660      290.711
      28.954       96.600      263.660      290.711
      29.066       97.900      263.660      290.711
      29.179       97.600      263.660      290.711
      29.292       97.000      263.660      290.711
      29.405      106.100      263.660      290.711
      29.517       98.300      263.660      290.711
      29.630       97.700      263.660      290.711
      29.742       98.000      263.660      290.711
      29.854       98.500      263.660      290.711
      29.967       97.300      263.660      290.711
      30.079      106.600      263.660      290.711
      30.192       97.800      263.660      290.711
      30.303       98.500      263.660      290.711
      30.415       98.400      263.660      290.711
      30.528       97.600      263.660      290.711
      30.640       98.400      263.660      290.711
      30.751       98.600      263.660      290.711
      30.863       98.800      263.660      290.711
      30.975       97.900      263.660      290.711
      31.087      106.900      263.660      290.711
      31.200       97.600      263.660      290.711
      31.312       98.100      263.660      290.711
      31.424       98.200      263.660      290.711
      31.537       97.000      263.660      290.711
      31.649       98.300      263.660      290.711
      31.762      106.500      263.660      290.711
      31.875       97.600      263.660      290.711
      31.987       98.400      263.660      290.711
      32.099       98.200      263.660      290.711
      32.213       96.200      263.660      290.711
      32.326       97.700      263.660      290.711
      32.438      107.000      263.660      290.711
      32.549       98.600      263.660      290.711
      32.662       97.200      263.660      290.711
      32.774       98.500      263.660      290.711
      32.886       98.100      263.660      290.711
      32.999       97.500      263.660      290.711
      33.111       98.100      263.660      290.711
      33.224      106.200      263.660      290.711
      33.337       97.200      263.660      290.711
      33.450       98.000      263.660      290.711
      33.562       98.300      263.660      290.711
      33.674       98.200      263.660      290.711
      33.786       98.200      263.660      290.711
      33.898       97.700      263.660      290.711
      34.010      107.000      263.660      290.711
      34.122       97.700      263.660      290.711
      34.235       98.400      263.660      290.711
      34.346       98.400      263.660      290.711
      34.459       98.000      263.660      290.711
      34.570       98.400      263.660      290.711
      34.682       98.300      263.660      290.711
      34.795       97.700      263.660      290.711
      34.907      107.400      263.660      290.711
      35.019       98.100      263.660      290.711
      35.133       96.700      263.660      290.711
      35.245       98.100      263.660      290.711
      35.358       97.000      263.660      290.711
      35.471      106.000      263.660      290.711
      35.584       97.200      263.660      290.711
      35.696       98.400      263.660      290.711
      35.808       97.900      263.660      290.711
      35.920       98.300      263.660      290.711
      36.032       98.400      263.660      290.711
      36.144       98.500      263.660      290.711
      36.257      106.500      263.660      290.711
      36.368       98.500      263.660      290.711
      36.480       98.100      263.660      290.711
      36.592       98.200      263.660      290.711
      36.704       98.700      263.660      290.711
      36.815       98.700      263.660      290.711
      36.927       98.300      263.660      290.711
      37.039       98.600      263.660      290.711
      37.151       97.900      263.660      290.711
      37.267      103.500      263.660      290.711
      37.380       97.300      263.660      290.711
      37.493       97.500      263.660      290.711
      37.606       97.300      263.660      290.711
      37.718      106.900      263.660      290.711
      37.833       95.700      263.660      290.711
      37.945       98.400      263.660      290.711
      38.058       97.300      263.660      290.711
      38.170      107.100      263.660      290.711
      38.284       96.400      263.660      290.711
      38.397       97.100      263.660      290.711
      38.509       98.400      263.660      290.711
      38.621       98.200      263.660      290.711
      38.733       98.100      263.660      290.711
      38.845      107.300      263.660      290.711
      38.957       98.100      263.660      290.711
      39.070       97.200      263.660      290.711
      39.183       97.600      263.660      290.711
      39.295       97.900      263.660      290.711
      39.408       97.500      263.660      290.711
      39.522      105.300      263.660      290.711
      39.635       97.900      263.660      290.711
      39.747       98.200      263.660      290.711
      39.859       98.100      263.660      290.711
      39.971       97.800      263.660      290.711
      40.083       98.500      263.660      290.711
      40.195      106.900      263.660      290.711
      40.307       98.500      263.660      290.711
      40.419       98.400      263.660      290.711
      40.532       97.200      263.660      290.711
