# Elapsed time   CPU (%)     Real (MB)   Virtual (MB)
       0.000        0.000       17.027      114.410
       0.108      119.900       16.680      114.016
       0.217      128.700       15.844      113.207
       0.327      137.300       16.180      113.453
       0.435      147.300       16.254      113.582
       0.545      145.400       16.254      113.582
       0.655      136.700       16.254      113.582
       0.764      146.900       16.254      113.582
       0.873      146.400       16.254      113.582
       0.982      137.900       16.254      113.582
       1.093      135.300       16.254      113.582
       1.202      137.200       16.254      113.582
       1.311      147.100       16.254      113.582
       1.420      137.500       16.254      113.582
       1.529      146.300       16.254      113.582
       1.639      136.500       16.727      114.098
       1.748      137.900       16.727      114.098
       1.857      146.800       16.727      114.098
       1.966      137.500       16.727      114.098
       2.076      145.900       16.730      114.098
       2.185      147.000       16.730      114.098
       2.294      136.800       16.730      114.098
       2.404      145.500       16.730      114.098
       2.514      146.000       16.730      114.098
       2.623      146.400       16.730      114.098
       2.734      135.400       16.730      114.098
       2.842      147.600       16.738      114.098
       2.953      135.900       16.738      114.098
       3.062      146.000       16.738      114.098
       3.171      146.400       16.738      114.098
       3.281      137.400       16.738      114.098
       3.389      138.000       16.738      114.098
       3.499      146.100       16.738      114.098
       3.608      146.200       16.738      114.098
       3.718      146.000       16.738      114.098
       3.827      137.200       16.738      114.098
       3.935      138.500       16.738      114.098
       4.045      146.500       16.738      114.098
       4.155      136.400       16.738      114.098
       4.263      146.900       16.738      114.098
       4.372      137.800       16.738      114.098
       4.482      145.800       16.738      114.098
       4.591      137.600       16.738      114.098
       4.701      137.000       16.738      114.098
       4.810      146.100       16.738      114.098
       4.920      145.500       16.738      114.098
       5.031      144.500       16.738      114.098
       5.141      145.100       16.738      114.098
       5.250      137.400       16.738      114.098
       5.360      146.200       16.738      114.098
       5.469      146.800       16.738      114.098
       5.578      137.200       16.738      114.098
       5.687      137.100       16.738      114.098
       5.797      146.000       16.738      114.098
       5.906      155.700       16.738      114.098
       6.015      138.400       16.738      114.098
       6.125      136.300       16.738      114.098
       6.235      144.500       16.738      114.098
       6.346      144.600       16.738      114.098
       6.454      138.500       16.738      114.098
       6.563      137.500       16.738      114.098
       6.673      154.400       16.738      114.098
       6.783      136.400       16.738      114.098
       6.892      137.700       16.738      114.098
       7.001      147.200       16.738      114.098
       7.110      137.400       16.738      114.098
       7.220      145.900       16.738      114.098
       7.328      138.000       16.738      114.098
       7.438      145.800       16.738      114.098
       7.547      137.300       16.738      114.098
       7.658      144.200       16.738      114.098
       7.767      137.800       16.738      114.098
       7.877      145.700       16.738      114.098
       7.987      146.100       16.738      114.098
       8.098      143.400       16.738      114.098
       8.209      135.000       16.738      114.098
       8.318      146.800       16.738      114.098
       8.428      145.700       16.738      114.098
       8.538      137.000       16.738      114.098
       8.648      135.900       16.738      114.098
       8.757      155.900       16.738      114.098
       8.867      136.400       16.738      114.098
       8.977      136.900       16.738      114.098
       9.086      146.600       16.738      114.098
       9.196      145.800       16.738      114.098
       9.304      146.900       16.738      114.098
       9.413      138.100       16.738      114.098
       9.522      146.200       16.789      114.098
       9.633      136.300       16.789      114.098
       9.743      145.400       16.789      114.098
       9.853      144.800       16.789      114.098
       9.962      137.600       16.789      114.098
      10.072      145.500       16.789      114.098
      10.182      145.600       16.789      114.098
      10.292      136.300       16.789      114.098
      10.402      137.000       16.789      114.098
      10.511      145.800       16.789      114.098
      10.622      144.600       16.789      114.098
      10.731      137.400       16.789      114.098
      10.840      146.600       16.789      114.098
      10.950      146.200       16.789      114.098
      11.059      146.200       16.789      114.098
      11.169      136.500       16.789      114.098
      11.279      146.000       16.789      114.098
      11.388      136.900       16.789      114.098
      11.497      147.200       16.789      114.098
      11.606      136.800       16.789      114.098
      11.717      144.400       16.789      114.098
      11.828      153.800       16.789      114.098
      11.937      137.000       16.789      114.098
      12.046      146.600       16.789      114.098
      12.155      146.700       16.820      114.098
      12.265      137.500       16.824      114.098
      12.374      136.800       16.824      114.098
      12.484      146.100       16.824      114.098
      12.593      146.700       16.824      114.098
      12.703      136.100       16.824      114.098
      12.812      146.300       16.824      114.098
      12.922      145.600       16.824      114.098
      13.031      137.400       16.824      114.098
      13.140      147.500       16.824      114.098
      13.251      144.200       16.824      114.098
      13.361      135.600       16.824      114.098
      13.471      146.000       16.824      114.098
      13.580      147.000       16.824      114.098
      13.690      136.200       16.824      114.098
      13.800      146.100       16.824      114.098
      13.909      137.400       16.824      114.098
      14.018      146.800       16.824      114.098
      14.127      146.400       16.824      114.098
      14.237      136.400       16.824      114.098
      14.347      145.100       16.824      114.098
      14.456      137.700       16.824      114.098
      14.566      146.000       16.824      114.098
      14.676      144.800       16.824      114.098
      14.787      135.600       16.824      114.098
      14.896      146.700       16.824      114.098
      15.008      142.500       16.824      114.098
      15.118      136.100       16.824      114.098
      15.228      146.400       16.824      114.098
      15.337      137.000       16.824      114.098
      15.447      146.200       16.824      114.098
      15.557      145.300       16.824      114.098
      15.667      144.500       16.824      114.098
      15.776      137.800       16.824      114.098
      15.886      145.900       16.824      114.098
      15.995      137.400       16.824      114.098
      16.105      146.000       16.824      114.098
      16.215      145.400       16.824      114.098
      16.325      127.500       16.824      114.098
      16.434      146.000       16.824      114.098
      16.545      144.400       16.824      114.098
      16.655      145.600       16.824      114.098
      16.764      146.400       16.824      114.098
      16.874      136.800       16.824      114.098
      16.983      146.700       16.824      114.098
      17.092      137.200       16.824      114.098
      17.201      137.500       16.824      114.098
      17.311      145.800       16.824      114.098
      17.421      145.500       16.824      114.098
      17.530      137.500       16.824      114.098
      17.639      147.600       16.824      114.098
      17.748      137.600       16.824      114.098
      17.856      146.900       16.824      114.098
      17.965      137.500       16.824      114.098
      18.075      146.400       16.824      114.098
      18.185      145.400       16.824      114.098
      18.298      141.000       16.824      114.098
      18.407      137.500       16.824      114.098
      18.516      146.600       16.824      114.098
      18.626      136.500       16.824      114.098
      18.736      145.600       16.824      114.098
      18.847      145.000       16.824      114.098
      18.956      146.300       16.824      114.098
      19.065      137.500       16.824      114.098
      19.174      146.600       16.824      114.098
      19.284      145.900       16.824      114.098
      19.393      137.500       16.824      114.098
      19.502      146.000       16.824      114.098
      19.612      136.800       16.824      114.098
      19.722      137.100       16.824      114.098
      19.832      154.400       16.824      114.098
      19.942      135.700       16.824      114.098
      20.052      136.900       16.824      114.098
      20.161      137.900       16.824      114.098
      20.269      147.000       16.824      114.098
      20.378      147.300       16.824      114.098
      20.488      136.900       16.824      114.098
      20.596      147.000       16.824      114.098
      20.706      137.500       16.824      114.098
      20.815      146.200       16.824      114.098
      20.924      146.200       16.824      114.098
      21.033      137.600       16.824      114.098
      21.143      136.400       16.824      114.098
      21.253      146.300       16.824      114.098
      21.362      146.400       16.824      114.098
      21.471      146.700       16.824      114.098
      21.582      143.900       16.824      114.098
      21.692      136.400       16.824      114.098
      21.802      146.100       16.824      114.098
      21.911      146.800       16.824      114.098
      22.020      137.300       16.824      114.098
      22.129      146.700       16.824      114.098
      22.239      145.600       16.824      114.098
      22.348      138.300       16.824      114.098
      22.457      146.000       16.824      114.098
      22.566      137.400       16.824      114.098
      22.676      146.200       16.824      114.098
      22.785      146.600       16.824      114.098
      22.895      145.700       16.824      114.098
      23.004      137.500       16.824      114.098
      23.113      146.300       16.824      114.098
      23.223      146.000       16.824      114.098
      23.333      136.300       16.824      114.098
      23.442      146.000       16.824      114.098
      23.552      146.100       16.824      114.098
      23.661      138.200       16.824      114.098
      23.771      135.600       16.824      114.098
      23.880      146.400       16.824      114.098
      23.990      145.700       16.824      114.098
      24.100      136.900       16.824      114.098
      24.210      145.700       16.824      114.098
      24.319      146.700       16.824      114.098
      24.428      137.100       16.824      114.098
      24.537      146.400       16.824      114.098
      24.647      146.400       16.824      114.098
      24.756      137.100       16.824      114.098
      24.867      144.400       16.824      114.098
      24.977      136.600       16.824      114.098
      25.085      156.900       16.824      114.098
      25.195      136.700       16.824      114.098
      25.304      146.200       16.824      114.098
      25.414      136.900       16.824      114.098
      25.524      145.500       16.824      114.098
      25.632      137.800       16.824      114.098
      25.741      147.300       16.824      114.098
      25.850      137.200       16.824      114.098
      25.961      144.900       16.824      114.098
      26.071      136.300       16.824      114.098
      26.179      147.700       16.824      114.098
      26.288      137.900       16.824      114.098
      26.399      144.400       16.824      114.098
      26.509      136.100       16.824      114.098
      26.618      146.700       16.824      114.098
      26.728      146.000       16.824      114.098
      26.837      146.100       16.824      114.098
      26.947      137.000       16.824      114.098
      27.056      137.600       16.824      114.098
      27.165      146.400       16.824      114.098
      27.275      145.600       16.824      114.098
      27.384      146.600       16.824      114.098
      27.492      129.300       16.824      114.098
      27.601      146.500       16.824      114.098
      27.711      146.100       16.824      114.098
      27.821      145.800       16.824      114.098
      27.930      137.500       16.824      114.098
      28.039      145.800       16.824      114.098
      28.150      135.900       16.871      114.227
      28.261      144.300       16.871      114.227
      28.370      145.900       16.871      114.227
      28.480      136.300       16.871      114.227
      28.590      146.000       16.871      114.227
      28.701      144.400       16.871      114.227
      28.810      137.000       16.871      114.227
      28.919      146.700       16.871      114.227
      29.028      128.100       16.871      114.227
      29.138      146.300       16.871      114.227
      29.246      147.500       16.871      114.227
      29.356      136.300       16.871      114.227
      29.466      145.900       16.871      114.227
      29.576      146.000       16.871      114.227
      29.685      136.500       16.871      114.227
      29.796      153.200       16.871      114.227
      29.907      135.600       16.871      114.227
      30.016      137.600       16.871      114.227
      30.125      138.000       16.871      114.227
      30.234      146.000       16.871      114.227
      30.344      146.100       16.871      114.227
      30.454      136.200       16.871      114.227
      30.563      137.100       16.871      114.227
      30.673      146.000       16.871      114.227
      30.783      145.700       16.871      114.227
      30.893      145.800       16.871      114.227
      31.002      137.100       16.871      114.227
      31.111      146.700       16.871      114.227
      31.220      146.500       16.871      114.227
      31.330      136.500       16.871      114.227
      31.440      145.800       16.871      114.227
      31.549      137.300       16.871      114.227
      31.659      146.200       16.871      114.227
      31.767      137.900       16.871      114.227
      31.877      154.700       16.871      114.227
      31.986      137.500       16.871      114.227
      32.096      137.400       16.871      114.227
      32.204      147.700       16.871      114.227
      32.313      146.900       16.871      114.227
      32.422      137.000       16.871      114.227
      32.531      137.700       16.871      114.227
      32.641      146.200       16.871      114.227
      32.750      146.500       16.871      114.227
      32.859      146.100       16.871      114.227
      32.968      147.300       16.871      114.227
      33.079      135.100       16.871      114.227
      33.189      145.200       16.871      114.227
      33.299      146.600       16.871      114.227
      33.408      146.000       16.871      114.227
      33.518      136.700       16.871      114.227
      33.627      146.400       16.871      114.227
      33.736      137.600       16.871      114.227
      33.845      137.600       16.871      114.227
      33.954      147.100       16.871      114.227
      34.064      145.900       16.871      114.227
      34.173      146.300       16.871      114.227
      34.282      146.600       16.871      114.227
      34.391      137.400       16.871      114.227
      34.501      136.400       16.871      114.227
      34.611      136.900       16.871      114.227
      34.723      151.900       16.871      114.227
      34.834      134.500       16.871      114.227
      34.944      145.400       16.871      114.227
      35.054      146.300       16.871      114.227
      35.163      145.900       16.871      114.227
      35.272      146.600       16.871      114.227
      35.382      137.200       16.871      114.227
      35.491      146.400       16.871      114.227
      35.601      145.900       16.871      114.227
      35.710      145.600       16.871      114.227
      35.820      146.100       16.871      114.227
      35.929      137.500       16.871      114.227
      36.038      146.800       16.871      114.227
      36.148      145.200       16.871      114.227
      36.259      135.200       16.871      114.227
      36.368      146.400       16.871      114.227
      36.478      146.400       16.871      114.227
      36.587      146.200       16.871      114.227
      36.696      146.600       16.871      114.227
      36.806      137.200       16.871      114.227
      36.915      146.100       16.871      114.227
      37.025      145.600       16.871      114.227
      37.135      136.900       16.871      114.227
      37.244      146.200       16.871      114.227
      37.353      137.400       16.871      114.227
      37.462      146.500       16.871      114.227
      37.571      137.600       16.871      114.227
      37.680      146.900       16.871      114.227
      37.789      137.700       16.871      114.227
      37.898      147.400       16.871      114.227
      38.008      136.700       16.871      114.227
      38.117      137.500       16.871      114.227
      38.228      143.100       16.871      114.227
      38.338      146.300       16.871      114.227
      38.447      136.800       16.871      114.227
      38.557      155.600       16.871      114.227
      38.667      136.600       16.871      114.227
      38.776      146.300       16.871      114.227
      38.885      137.000       16.871      114.227
      38.994      147.400       16.871      114.227
      39.104      146.000       16.871      114.227
      39.213      137.000       16.871      114.227
      39.322      137.800       16.895      114.227
      39.432      145.900       16.895      114.227
      39.541      146.200       16.895      114.227
      39.651      145.100       16.895      114.227
      39.760      137.300       16.895      114.227
      39.871      145.400       16.895      114.227
      39.980      137.400       16.895      114.227
      40.088      157.000       16.895      114.227
      40.196      138.600       16.895      114.227
      40.305      138.000       16.895      114.227
      40.414      146.000       16.895      114.227
      40.524      146.300       16.895      114.227
      40.633      136.800       16.895      114.227
      40.743      146.100       16.895      114.227
      40.851      147.500       16.895      114.227
      40.962      135.500       16.895      114.227
      41.071      146.500       16.895      114.227
      41.181      137.000       16.895      114.227
      41.292      144.400       16.895      114.227
      41.401      136.800       16.895      114.227
      41.511      155.400       16.895      114.227
      41.619      138.300       16.895      114.227
      41.728      137.500       16.895      114.227
      41.838      155.500       16.895      114.227
      41.947      137.200       16.895      114.227
      42.056      146.300       16.895      114.227
      42.166      136.800       16.895      114.227
      42.276      145.700       16.895      114.227
      42.386      145.100       16.895      114.227
      42.495      137.800       16.895      114.227
      42.605      145.200       16.895      114.227
      42.715      144.900       16.895      114.227
      42.823      138.700       16.895      114.227
      42.933      146.200       16.895      114.227
      43.043      136.700       16.895      114.227
      43.153      145.600       16.895      114.227
      43.261      137.700       16.895      114.227
      43.370      146.900       16.895      114.227
      43.480      146.000       16.895      114.227
      43.589      138.100       16.895      114.227
      43.698      146.600       16.895      114.227
      43.806      138.300       16.895      114.227
      43.916      136.400       16.895      114.227
      44.027      153.600       16.895      114.227
      44.137      136.100       16.895      114.227
      44.247      145.100       16.895      114.227
      44.356      147.800       16.895      114.227
      44.465      145.700       16.895      114.227
      44.575      128.000       16.895      114.227
      44.684      146.800       16.895      114.227
      44.794      145.400       16.895      114.227
      44.903      146.300       16.895      114.227
      45.013      146.100       16.895      114.227
      45.123      136.200       16.895      114.227
      45.232      145.800       16.895      114.227
      45.343      145.000       16.895      114.227
      45.454      144.200       16.895      114.227
      45.564      145.600       16.895      114.227
      45.673      137.100       16.895      114.227
      45.782      146.500       16.895      114.227
      45.893      135.500       16.895      114.227
      46.002      146.800       16.895      114.227
      46.112      136.900       16.895      114.227
      46.220      147.000       16.895      114.227
      46.331      144.800       16.895      114.227
      46.441      145.200       16.895      114.227
      46.552      144.900       16.895      114.227
      46.662      145.400       16.895      114.227
      46.771      137.500       16.895      114.227
      46.881      145.600       16.895      114.227
      46.991      145.200       16.895      114.227
      47.101      145.500       16.895      114.227
      47.210      137.200       16.895      114.227
      47.319      146.400       16.895      114.227
      47.428      147.200       16.895      114.227
      47.536      138.400       16.895      114.227
      47.645      138.100       16.895      114.227
      47.754      138.000       16.895      114.227
      47.863      146.500       16.895      114.227
      47.972      137.900       16.895      114.227
      48.081      146.600       16.895      114.227
      48.190      146.500       16.895      114.227
      48.300      145.400       16.895      114.227
      48.409      146.500       16.895      114.227
      48.519      136.900       16.895      114.227
      48.629      136.400       16.895      114.227
      48.738      146.100       16.895      114.227
      48.848      137.200       16.895      114.227
      48.956      147.000       16.895      114.227
      49.067      145.100       16.895      114.227
      49.177      136.300       16.895      114.227
      49.285      147.900       16.895      114.227
      49.394      138.000       16.895      114.227
      49.503      136.800       16.895      114.227
      49.613      154.800       16.895      114.227
      49.722      137.800       16.895      114.227
      49.831      146.400       16.895      114.227
      49.941      137.000       16.895      114.227
      50.050      146.000       16.895      114.227
      50.160      136.600       16.895      114.227
      50.270      145.700       16.895      114.227
      50.380      145.900       16.895      114.227
      50.489      146.000       16.895      114.227
      50.600      135.700       16.895      114.227
      50.709      137.700       16.895      114.227
      50.818      146.400       16.895      114.227
      50.928      146.100       16.895      114.227
      51.037      137.200       16.895      114.227
      51.147      145.700       16.895      114.227
      51.256      137.200       16.895      114.227
      51.365      137.300       16.895      114.227
      51.474      147.000       16.895      114.227
      51.583      147.400       16.895      114.227
      51.691      147.100       16.895      114.227
      51.802      136.100       16.895      114.227
      51.911      137.600       16.895      114.227
      52.020      146.300       16.895      114.227
      52.130      146.000       16.895      114.227
      52.240      136.200       16.895      114.227
      52.349      136.800       16.895      114.227
      52.459      146.000       16.895      114.227
      52.568      137.500       16.895      114.227
      52.678      145.700       16.895      114.227
      52.788      145.000       16.895      114.227
      52.898      146.200       16.895      114.227
      53.007      137.300       16.895      114.227
      53.116      147.100       16.895      114.227
      53.225      137.500       16.895      114.227
      53.335      145.800       16.895      114.227
      53.444      146.500       16.895      114.227
      53.553      137.200       16.895      114.227
      53.663      145.700       16.895      114.227
      53.773      145.500       16.895      114.227
      53.883      135.700       16.895      114.227
      53.993      145.800       16.895      114.227
      54.103      146.100       16.895      114.227
      54.212      146.800       16.895      114.227
      54.322      145.000       16.895      114.227
      54.431      146.200       16.895      114.227
      54.542      135.800       16.895      114.227
      54.652      145.800       16.895      114.227
      54.762      145.500       16.895      114.227
      54.871      137.300       16.895      114.227
      54.980      146.000       16.895      114.227
      55.089      146.600       16.895      114.227
      55.199      136.700       16.895      114.227
      55.308      138.200       16.895      114.227
      55.417      155.800       16.895      114.227
      55.526      137.000       16.895      114.227
      55.636      137.300       16.895      114.227
      55.745      145.800       16.895      114.227
      55.855      137.100       16.895      114.227
      55.965      144.700       16.895      114.227
      56.075      146.100       16.895      114.227
      56.185      145.300       16.895      114.227
      56.295      136.600       16.895      114.227
      56.404      146.000       16.895      114.227
      56.515      145.000       16.895      114.227
      56.624      146.100       16.895      114.227
      56.734      136.700       16.895      114.227
      56.843      146.100       16.895      114.227
      56.952      146.900       16.895      114.227
      57.061      137.800       16.895      114.227
      57.170      146.900       16.895      114.227
      57.279      147.200       16.895      114.227
      57.388      137.400       16.895      114.227
      57.498      135.700       16.895      114.227
      57.607      147.000       16.895      114.227
      57.716      146.900       16.895      114.227
      57.825      138.200       16.895      114.227
      57.934      145.800       16.895      114.227
      58.044      145.600       16.895      114.227
      58.153      147.300       16.895      114.227
      58.262      138.100       16.895      114.227
      58.370      138.400       16.895      114.227
      58.478      147.700       16.895      114.227
      58.588      137.300       16.895      114.227
      58.699      144.100       16.895      114.227
      58.808      146.800       16.895      114.227
      58.917      137.200       16.895      114.227
      59.027      145.900       16.895      114.227
      59.136      145.700       16.895      114.227
      59.247      144.300       16.895      114.227
      59.357      137.200       16.895      114.227
      59.466      146.200       16.895      114.227
      59.576      146.000       16.895      114.227
      59.684      138.500       16.895      114.227
      59.793      146.500       16.895      114.227
      59.902      137.600       16.895      114.227
      60.011      147.700       16.895      114.227
      60.120      137.500       16.895      114.227
      60.229      145.900       16.895      114.227
      60.339      146.500       16.895      114.227
      60.448      146.500       16.895      114.227
      60.558      136.000       16.895      114.227
      60.668      137.000       16.895      114.227
      60.777      145.700       16.895      114.227
      60.888      144.500       16.895      114.227
      60.996      138.400       16.895      114.227
      61.107      144.400       16.895      114.227
      61.217      145.200       16.895      114.227
      61.327      136.900       16.895      114.227
      61.436      146.700       16.895      114.227
      61.546      145.900       16.895      114.227
      61.656      145.300       16.895      114.227
      61.765      137.900       16.895      114.227
      61.875      145.700       16.895      114.227
      61.983      138.100       16.895      114.227
      62.091      138.500       16.895      114.227
      62.200      138.100       16.895      114.227
      62.310      145.500       16.895      114.227
      62.419      146.200       16.895      114.227
      62.530      145.000       16.895      114.227
      62.639      137.300       16.895      114.227
      62.749      136.000       16.895      114.227
      62.858      146.700       16.895      114.227
      62.968      137.100       16.895      114.227
      63.077      147.000       16.895      114.227
      63.186      146.100       16.895      114.227
      63.295      128.300       16.895      114.227
      63.404      146.900       16.895      114.227
      63.513      146.400       16.895      114.227
      63.623      137.400       16.895      114.227
      63.733      145.200       16.895      114.227
      63.843      145.200       16.895      114.227
      63.953      136.300       16.895      114.227
      64.063      145.300       16.895      114.227
      64.172      146.600       16.895      114.227
      64.281      147.100       16.895      114.227
      64.390      137.200       16.895      114.227
      64.500      146.700       16.895      114.227
      64.609      137.600       16.895      114.227
      64.719      145.200       16.895      114.227
      64.828      136.700       16.895      114.227
      64.939      153.500       16.895      114.227
      65.049      137.000       16.895      114.227
      65.157      147.000       16.895      114.227
      65.267      145.700       16.895      114.227
      65.377      136.100       16.895      114.227
      65.487      145.800       16.895      114.227
      65.597      145.700       16.895      114.227
      65.706      137.700       16.895      114.227
      65.818      142.900       16.895      114.227
      65.929      144.800       16.895      114.227
      66.037      137.700       16.895      114.227
      66.146      146.800       16.895      114.227
      66.256      145.600       16.895      114.227
      66.366      136.700       16.895      114.227
      66.475      147.200       16.895      114.227
      66.583      138.300       16.895      114.227
      66.692      146.800       16.895      114.227
      66.801      146.500       16.895      114.227
      66.911      137.000       16.895      114.227
      67.021      145.900       16.895      114.227
      67.130      136.500       16.895      114.227
      67.241      145.200       16.895      114.227
      67.350      145.900       16.895      114.227
      67.461      135.400       16.895      114.227
      67.570      146.300       16.895      114.227
      67.680      146.500       16.895      114.227
      67.789      145.800       16.895      114.227
      67.899      137.400       16.895      114.227
      68.008      146.100       16.895      114.227
      68.120      143.300       16.895      114.227
      68.229      136.600       16.895      114.227
      68.340      135.200       16.895      114.227
      68.450      145.800       16.895      114.227
      68.560      136.900       16.895      114.227
      68.668      147.200       16.895      114.227
      68.778      137.500       16.895      114.227
      68.887      145.700       16.895      114.227
      68.997      136.100       16.895      114.227
      69.109      143.700       16.895      114.227
      69.218      137.000       16.895      114.227
      69.328      146.500       16.895      114.227
      69.437      146.500       16.895      114.227
      69.547      136.700       16.895      114.227
      69.656      145.900       16.895      114.227
      69.765      146.800       16.895      114.227
      69.874      146.800       16.895      114.227
      69.984      137.000       16.895      114.227
      70.094      145.700       16.895      114.227
      70.204      135.400       16.895      114.227
      70.313      146.800       16.895      114.227
      70.424      145.300       16.895      114.227
      70.534      136.100       16.895      114.227
      70.644      136.700       16.895      114.227
      70.754      144.500       16.895      114.227
      70.864      146.200       16.895      114.227
      70.972      147.600       16.895      114.227
      71.082      136.500       16.895      114.227
      71.192      145.800       16.895      114.227
      71.301      137.000       16.895      114.227
      71.411      146.000       16.895      114.227
      71.521      145.500       16.895      114.227
      71.631      145.400       16.895      114.227
      71.740      137.300       16.895      114.227
      71.849      137.500       16.895      114.227
      71.959      145.700       16.895      114.227
      72.068      146.700       16.895      114.227
      72.178      145.500       16.895      114.227
      72.287      137.300       16.895      114.227
      72.399      143.200       16.895      114.227
      72.508      137.200       16.895      114.227
      72.618      146.600       16.895      114.227
      72.727      146.100       16.895      114.227
      72.837      136.400       16.895      114.227
      72.946      146.300       16.895      114.227
      73.056      136.300       16.895      114.227
      73.166      145.400       16.895      114.227
      73.276      146.100       16.895      114.227
      73.386      145.900       16.895      114.227
      73.495      145.700       16.895      114.227
      73.605      145.400       16.895      114.227
      73.715      136.700       16.895      114.227
      73.825      146.200       16.895      114.227
      73.934      145.700       16.895      114.227
      74.043      128.400       16.895      114.227
      74.153      145.700       16.895      114.227
      74.262      146.600       16.895      114.227
      74.371      138.200       16.895      114.227
      74.481      145.200       16.895      114.227
      74.590      146.400       16.895      114.227
      74.700      137.100       16.895      114.227
      74.809      137.300       16.895      114.227
      74.918      146.800       16.895      114.227
      75.027      138.300       16.895      114.227
      75.137      145.400       16.895      114.227
      75.246      137.000       16.895      114.227
      75.356      137.000       16.895      114.227
      75.466      145.100       16.895      114.227
      75.576      136.000       16.895      114.227
      75.686      146.000       16.895      114.227
      75.795      146.000       16.895      114.227
      75.904      147.100       16.895      114.227
      76.013      137.900       16.895      114.227
      76.123      144.900       16.895      114.227
      76.233      137.200       16.895      114.227
      76.342      145.700       16.895      114.227
      76.452      146.100       16.895      114.227
      76.562      145.300       16.895      114.227
      76.671      138.000       16.895      114.227
      76.781      145.100       16.895      114.227
      76.891      145.900       16.895      114.227
      77.000      137.500       16.895      114.227
      77.110      144.700       16.895      114.227
      77.221      145.200       16.895      114.227
      77.330      136.900       16.895      114.227
      77.439      146.400       16.895      114.227
      77.548      147.400       16.895      114.227
      77.657      137.300       16.895      114.227
      77.766      137.600       16.895      114.227
      77.876      146.300       16.895      114.227
      77.985      137.200       16.895      114.227
      78.094      137.500       16.895      114.227
      78.203      146.300       16.895      114.227
      78.313      146.500       16.895      114.227
      78.422      146.200       16.895      114.227
      78.532      137.000       16.895      114.227
      78.642      145.500       16.895      114.227
      78.751      146.700       16.895      114.227
      78.860      137.000       16.895      114.227
      78.969      147.100       16.895      114.227
      79.078      137.000       16.895      114.227
      79.188      136.200       16.895      114.227
      79.298      154.700       16.895      114.227
      79.408      137.200       16.895      114.227
      79.517      137.200       16.895      114.227
      79.626      146.800       16.895      114.227
      79.736      145.000       16.895      114.227
      79.846      136.300       16.895      114.227
      79.956      146.500       16.895      114.227
      80.066      145.300       16.895      114.227
      80.175      137.000       16.895      114.227
      80.286      144.700       16.895      114.227
      80.395      146.400       16.895      114.227
      80.505      136.400       16.895      114.227
      80.614      146.900       16.895      114.227
      80.723      137.000       16.895      114.227
      80.833      146.200       16.895      114.227
      80.942      137.500       16.895      114.227
      81.052      136.900       16.895      114.227
      81.160      147.100       16.895      114.227
      81.270      146.200       16.895      114.227
      81.380      136.300       16.895      114.227
      81.489      137.300       16.895      114.227
      81.599      146.100       16.895      114.227
      81.708      146.200       16.895      114.227
      81.818      146.000       16.895      114.227
      81.927      146.500       16.895      114.227
      82.036      138.000       16.895      114.227
      82.144      137.700       16.895      114.227
      82.254      146.500       16.895      114.227
      82.363      146.300       16.895      114.227
      82.471      129.100       16.895      114.227
      82.581      146.400       16.895      114.227
      82.690      146.800       16.895      114.227
      82.799      146.800       16.895      114.227
      82.908      137.300       16.895      114.227
      83.017      137.700       16.895      114.227
      83.128      144.300       16.895      114.227
      83.238      145.400       16.895      114.227
      83.347      137.200       16.895      114.227
      83.457      137.100       16.895      114.227
      83.566      137.300       16.895      114.227
      83.675      146.700       16.895      114.227
      83.786      143.600       16.895      114.227
      83.895      137.700       16.895      114.227
      84.005      145.300       16.895      114.227
      84.115      146.100       16.895      114.227
      84.224      137.300       16.895      114.227
      84.333      147.400       16.895      114.227
      84.442      146.600       16.895      114.227
      84.551      137.700       16.895      114.227
      84.661      145.100       16.895      114.227
      84.771      127.700       16.895      114.227
      84.880      145.800       16.895      114.227
      84.990      154.400       16.895      114.227
      85.100      136.700       16.895      114.227
      85.210      145.700       16.895      114.227
      85.319      137.000       16.895      114.227
      85.431      143.400       16.895      114.227
      85.541      136.100       16.895      114.227
      85.651      145.700       16.895      114.227
      85.762      144.400       16.895      114.227
      85.871      146.300       16.895      114.227
      85.980      138.000       16.895      114.227
      86.089      146.300       16.895      114.227
      86.198      146.200       16.895      114.227
      86.309      144.500       16.895      114.227
      86.419      136.700       16.895      114.227
      86.530      135.200       16.895      114.227
      86.639      146.100       16.895      114.227
      86.748      148.000       16.895      114.227
      86.856      137.800       16.895      114.227
      86.965      138.000       16.895      114.227
      87.074      137.900       16.895      114.227
      87.184      145.000       16.895      114.227
      87.293      146.700       16.895      114.227
      87.403      136.300       16.895      114.227
      87.513      146.500       16.895      114.227
      87.623      145.200       16.895      114.227
      87.731      138.100       16.895      114.227
      87.839      147.900       16.895      114.227
      87.949      137.400       16.895      114.227
      88.058      137.400       16.895      114.227
      88.167      145.900       16.895      114.227
      88.276      147.100       16.895      114.227
      88.387      135.800       16.895      114.227
      88.495      147.400       16.895      114.227
      88.605      136.600       16.895      114.227
      88.716      135.500       16.895      114.227
      88.825      155.200       16.895      114.227
      88.935      146.300       16.895      114.227
      89.045      136.300       16.895      114.227
      89.155      145.600       16.895      114.227
      89.264      137.100       16.895      114.227
      89.373      156.000       16.895      114.227
      89.482      129.000       16.895      114.227
      89.591      145.800       16.895      114.227
      89.701      137.000       16.895      114.227
      89.810      147.000       16.895      114.227
      89.919      147.000       16.895      114.227
      90.028      137.400       16.895      114.227
      90.137      146.500       16.895      114.227
      90.248      135.300       16.895      114.227
      90.358      145.600       16.895      114.227
      90.467      136.800       16.895      114.227
      90.580      142.200       16.895      114.227
      90.689      137.200       16.895      114.227
      90.798      146.600       16.895      114.227
      90.908      137.000       16.895      114.227
      91.017      137.800       16.895      114.227
      91.126      146.300       16.895      114.227
      91.236      145.200       16.895      114.227
      91.345      137.400       16.895      114.227
      91.455      145.900       16.895      114.227
      91.565      146.200       16.895      114.227
      91.674      146.600       16.895      114.227
      91.782      128.900       16.895      114.227
      91.892      136.900       16.895      114.227
      92.004      151.800       16.895      114.227
      92.113      137.100       16.895      114.227
      92.222      146.600       16.895      114.227
      92.331      137.300       16.895      114.227
      92.440      146.800       16.895      114.227
      92.549      137.700       16.895      114.227
      92.659      146.200       16.895      114.227
      92.767      138.400       16.895      114.227
      92.876      137.200       16.895      114.227
      92.985      147.100       16.895      114.227
      93.095      155.400       16.895      114.227
      93.204      127.700       16.895      114.227
      93.314      155.000       16.895      114.227
      93.423      137.500       16.895      114.227
      93.533      145.900       16.895      114.227
      93.642      137.800       16.895      114.227
      93.751      146.000       16.895      114.227
      93.860      137.400       16.895      114.227
      93.970      145.800       16.895      114.227
      94.079      146.300       16.895      114.227
      94.189      145.600       16.895      114.227
      94.298      138.000       16.895      114.227
      94.407      146.300       16.895      114.227
      94.517      146.100       16.895      114.227
      94.626      137.100       16.895      114.227
      94.735      147.200       16.895      114.227
      94.845      145.800       16.895      114.227
      94.954      146.200       16.895      114.227
      95.064      136.600       16.895      114.227
      95.174      145.500       16.895      114.227
      95.285      134.700       16.895      114.227
      95.395      146.000       16.895      114.227
      95.505      145.300       16.895      114.227
      95.614      137.700       16.895      114.227
      95.723      146.900       16.895      114.227
      95.832      146.200       16.895      114.227
      95.942      136.300       16.895      114.227
      96.052      145.900       16.895      114.227
      96.161      146.600       16.895      114.227
      96.270      137.300       16.895      114.227
      96.380      146.000       16.895      114.227
      96.490      146.100       16.895      114.227
      96.599      137.400       16.895      114.227
      96.709      135.500       16.895      114.227
      96.820      145.100       16.895      114.227
      96.932      142.500       16.895      114.227
      97.041      146.600       16.895      114.227
      97.150      137.200       16.895      114.227
      97.260      146.600       16.895      114.227
      97.369      136.700       16.895      114.227
      97.479      145.400       16.895      114.227
      97.589      145.900       16.895      114.227
      97.698      146.500       16.895      114.227
      97.808      136.700       16.895      114.227
      97.918      145.800       16.895      114.227
      98.027      147.000       16.895      114.227
      98.136      146.300       16.895      114.227
      98.246      145.500       16.895      114.227
      98.356      127.500       16.895      114.227
      98.466      145.000       16.895      114.227
      98.575      147.100       16.895      114.227
      98.684      137.500       16.895      114.227
      98.793      146.400       16.895      114.227
      98.903      137.200       16.895      114.227
      99.012      145.900       16.895      114.227
      99.122      145.300       16.895      114.227
      99.232      146.300       16.895      114.227
      99.341      136.600       16.895      114.227
      99.451      154.800       16.895      114.227
      99.562      136.100       16.895      114.227
      99.673      134.000       16.895      114.227
      99.784      144.900       16.895      114.227
      99.894      145.800       16.895      114.227
     100.003      137.100       16.895      114.227
     100.113      146.000       16.895      114.227
     100.222      145.900       16.895      114.227
     100.331      137.700       16.895      114.227
     100.441      146.200       16.895      114.227
     100.550      146.600       16.895      114.227
     100.660      126.700       16.895      114.227
     100.770      146.000       16.895      114.227
     100.880      145.200       16.895      114.227
     100.989      146.500       16.895      114.227
     101.099      136.400       16.895      114.227
     101.209      146.000       16.895      114.227
     101.318      137.200       16.895      114.227
     101.426      138.400       16.895      114.227
     101.535      146.800       16.895      114.227
     101.644      146.700       16.895      114.227
     101.753      137.600       16.895      114.227
     101.862      147.300       16.895      114.227
     101.971      137.600       16.895      114.227
     102.080      146.700       16.895      114.227
     102.189      137.900       16.895      114.227
     102.299      145.600       16.895      114.227
     102.408      136.800       16.895      114.227
     102.518      146.300       16.895      114.227
     102.627      146.400       16.895      114.227
     102.736      146.800       16.895      114.227
     102.845      137.700       16.895      114.227
     102.956      144.400       16.895      114.227
     103.066      136.000       16.895      114.227
     103.174      138.400       16.895      114.227
     103.283      138.400       16.895      114.227
     103.392      146.900       16.895      114.227
     103.501      146.700       16.895      114.227
     103.610      146.100       16.895      114.227
     103.720      137.100       16.895      114.227
     103.829      146.400       16.895      114.227
     103.938      136.900       16.895      114.227
     104.047      147.700       16.895      114.227
     104.156      137.300       16.895      114.227
     104.266      145.200       16.895      114.227
     104.375      146.500       16.895      114.227
     104.485      145.500       16.895      114.227
     104.595      136.500       16.895      114.227
     104.705      146.400       16.895      114.227
     104.815      136.200       16.895      114.227
     104.924      146.800       16.895      114.227
     105.033      137.400       16.895      114.227
     105.142      147.100       16.895      114.227
     105.251      137.200       16.895      114.227
     105.360      146.400       16.895      114.227
     105.470      145.600       16.895      114.227
     105.580      136.700       16.895      114.227
     105.689      147.100       16.895      114.227
     105.798      137.600       16.895      114.227
     105.907      146.200       16.895      114.227
     106.016      138.400       16.895      114.227
     106.126      145.100       16.895      114.227
     106.235      137.300       16.895      114.227
     106.346      144.800       16.895      114.227
     106.455      145.600       16.895      114.227
     106.565      136.900       16.895      114.227
     106.675      155.100       16.895      114.227
     106.784      137.200       16.895      114.227
     106.893      146.400       16.895      114.227
     107.002      137.300       16.895      114.227
     107.112      146.700       16.895      114.227
     107.221      136.700       16.895      114.227
     107.329      138.600       16.895      114.227
     107.440      154.200       16.895      114.227
     107.549      128.800       16.895      114.227
     107.658      145.900       16.895      114.227
     107.768      137.000       16.895      114.227
     107.877      146.200       16.895      114.227
     107.986      137.300       16.895      114.227
     108.096      145.800       16.895      114.227
     108.206      136.800       16.895      114.227
     108.316      145.500       16.895      114.227
     108.425      137.200       16.895      114.227
     108.534      155.800       16.895      114.227
     108.644      136.500       16.895      114.227
     108.754      145.700       16.895      114.227
     108.863      146.600       16.895      114.227
     108.973      135.800       16.895      114.227
     109.083      146.700       16.895      114.227
     109.192      136.700       16.895      114.227
     109.302      145.700       16.895      114.227
     109.411      137.800       16.895      114.227
     109.520      146.700       16.895      114.227
     109.629      146.100       16.895      114.227
     109.738      128.900       16.895      114.227
     109.847      156.300       16.895      114.227
     109.957      136.100       16.895      114.227
     110.067      144.800       16.895      114.227
     110.177      137.200       16.895      114.227
     110.287      145.400       16.895      114.227
     110.398      135.500       16.895      114.227
     110.506      147.000       16.895      114.227
     110.616      136.900       16.895      114.227
     110.726      146.000       16.895      114.227
     110.835      137.500       16.895      114.227
     110.945      154.400       16.895      114.227
     111.054      137.300       16.895      114.227
     111.163      147.100       16.895      114.227
     111.272      137.600       16.895      114.227
     111.382      145.800       16.895      114.227
     111.492      144.600       16.895      114.227
     111.602      136.400       16.895      114.227
     111.712      145.700       16.895      114.227
     111.822      146.200       16.895      114.227
     111.932      136.200       16.895      114.227
     112.041      146.400       16.895      114.227
     112.149      147.600       16.895      114.227
     112.258      128.400       16.895      114.227
     112.368      146.100       16.895      114.227
     112.477      146.700       16.895      114.227
     112.587      136.200       16.895      114.227
     112.697      137.000       16.895      114.227
     112.806      146.400       16.895      114.227
     112.915      137.900       16.895      114.227
     113.025      145.400       16.895      114.227
     113.136      152.800       16.895      114.227
     113.246      136.800       16.895      114.227
     113.355      136.500       16.895      114.227
     113.464      147.700       16.895      114.227
     113.572      147.200       16.895      114.227
     113.681      137.900       16.895      114.227
     113.790      147.500       16.895      114.227
     113.898      138.200       16.895      114.227
     114.006      138.600       16.895      114.227
     114.116      145.900       16.895      114.227
     114.225      146.500       16.895      114.227
     114.334      138.400       16.895      114.227
     114.443      137.300       16.895      114.227
     114.553      145.600       16.895      114.227
     114.662      146.500       16.895      114.227
     114.771      137.100       16.895      114.227
     114.880      146.800       16.895      114.227
     114.990      136.700       16.895      114.227
     115.100      135.900       16.895      114.227
     115.211      154.200       16.895      114.227
     115.320      137.100       16.895      114.227
     115.430      145.700       16.895      114.227
     115.540      145.000       16.895      114.227
     115.652      142.400       16.895      114.227
     115.761      138.300       16.895      114.227
     115.870      146.600       16.895      114.227
     115.980      136.700       16.895      114.227
     116.090      136.500       16.895      114.227
     116.199      146.400       16.895      114.227
     116.308      137.700       16.895      114.227
     116.417      146.200       16.895      114.227
     116.527      137.300       16.895      114.227
     116.636      146.400       16.895      114.227
     116.745      146.500       16.895      114.227
     116.855      146.000       16.895      114.227
     116.964      137.500       16.895      114.227
     117.073      146.100       16.895      114.227
     117.183      136.700       16.895      114.227
     117.293      155.200       16.895      114.227
     117.402      128.100       16.895      114.227
     117.511      146.600       16.895      114.227
     117.620      146.500       16.895      114.227
     117.729      137.600       16.895      114.227
     117.839      146.400       16.895      114.227
     117.947      138.000       16.895      114.227
     118.057      136.800       16.895      114.227
     118.167      145.400       16.895      114.227
     118.278      144.500       16.895      114.227
     118.387      146.400       16.895      114.227
     118.496      138.000       16.895      114.227
     118.605      137.400       16.895      114.227
     118.714      137.600       16.895      114.227
     118.823      155.800       16.895      114.227
     118.932      137.200       16.895      114.227
     119.041      147.600       16.895      114.227
     119.152      135.300       16.895      114.227
     119.261      145.900       16.895      114.227
     119.371      137.200       16.895      114.227
     119.479      147.500       16.895      114.227
     119.588      146.600       16.895      114.227
     119.697      137.500       16.895      114.227
     119.806      137.600       16.895      114.227
     119.916      145.500       16.895      114.227
     120.026      146.500       16.895      114.227
     120.135      137.100       16.895      114.227
     120.244      137.200       16.895      114.227
     120.355      154.200       16.895      114.227
     120.464      137.500       16.895      114.227
     120.573      145.900       16.895      114.227
     120.683      137.100       16.895      114.227
     120.792      146.500       16.895      114.227
     120.900      138.600       16.895      114.227
     121.009      147.300       16.895      114.227
     121.117      138.400       16.895      114.227
     121.227      146.400       16.895      114.227
     121.336      136.700       16.895      114.227
     121.446      146.400       16.895      114.227
     121.555      136.800       16.895      114.227
     121.665      145.300       16.895      114.227
     121.775      145.700       16.895      114.227
     121.885      146.000       16.895      114.227
     121.995      145.500       16.895      114.227
     122.103      138.300       16.895      114.227
     122.213      146.400       16.895      114.227
     122.322      136.700       16.895      114.227
     122.431      146.500       16.895      114.227
     122.541      137.300       16.895      114.227
     122.650      146.700       16.895      114.227
     122.760      136.300       16.895      114.227
     122.870      145.500       16.895      114.227
     122.979      146.400       16.895      114.227
     123.089      145.600       16.895      114.227
     123.198      128.400       16.895      114.227
     123.308      145.200       16.895      114.227
     123.417      146.900       16.895      114.227
     123.526      146.700       16.895      114.227
     123.636      136.900       16.895      114.227
     123.746      145.700       16.895      114.227
     123.855      145.600       16.895      114.227
     123.964      137.500       16.895      114.227
     124.073      147.700       16.895      114.227
     124.182      137.400       16.895      114.227
     124.292      135.800       16.895      114.227
     124.402      145.400       16.895      114.227
     124.512      146.300       16.895      114.227
     124.621      146.500       16.895      114.227
     124.731      136.500       16.895      114.227
     124.841      145.200       16.895      114.227
     124.951      137.000       16.895      114.227
     125.061      145.300       16.895      114.227
     125.171      145.600       16.895      114.227
     125.280      146.200       16.895      114.227
     125.390      127.700       16.895      114.227
     125.499      146.700       16.895      114.227
     125.608      156.000       16.895      114.227
     125.716      129.200       16.895      114.227
     125.825      146.500       16.895      114.227
     125.935      145.400       16.895      114.227
     126.046      135.500       16.895      114.227
     126.155      146.600       16.895      114.227
     126.265      136.600       16.895      114.227
     126.374      137.800       16.895      114.227
     126.482      147.500       16.895      114.227
     126.591      147.200       16.895      114.227
     126.700      137.300       16.895      114.227
     126.810      137.000       16.895      114.227
     126.919      146.500       16.895      114.227
     127.029      145.500       16.895      114.227
     127.138      137.500       16.895      114.227
     127.247      147.400       16.895      114.227
     127.355      147.000       16.895      114.227
     127.465      136.300       16.895      114.227
     127.575      146.100       16.895      114.227
     127.684      137.300       16.895      114.227
     127.793      138.300       16.895      114.227
     127.902      146.900       16.895      114.227
     128.012      136.300       16.895      114.227
     128.122      136.600       16.895      114.227
     128.231      145.800       16.895      114.227
     128.341      146.400       16.895      114.227
     128.450      136.900       16.895      114.227
     128.560      146.000       16.895      114.227
     128.669      146.500       16.895      114.227
     128.778      137.500       16.895      114.227
     128.887      146.500       16.895      114.227
     128.997      145.800       16.895      114.227
     129.107      145.600       16.895      114.227
     129.216      137.000       16.895      114.227
     129.326      146.200       16.895      114.227
     129.436      136.500       16.895      114.227
     129.545      145.600       16.895      114.227
     129.655      145.600       16.895      114.227
     129.765      137.300       16.895      114.227
     129.873      147.400       16.895      114.227
     129.982      146.400       16.895      114.227
     130.092      127.900       16.895      114.227
     130.202      146.000       16.895      114.227
     130.310      146.900       16.895      114.227
     130.420      136.900       16.895      114.227
     130.530      146.000       16.895      114.227
     130.639      146.300       16.895      114.227
     130.749      137.000       16.895      114.227
     130.859      145.400       16.895      114.227
     130.968      137.100       16.895      114.227
     131.078      145.600       16.895      114.227
     131.187      146.100       16.895      114.227
     131.298      144.700       16.895      114.227
     131.408      145.000       16.895      114.227
     131.518      127.800       16.895      114.227
     131.628      153.900       16.895      114.227
     131.737      137.600       16.895      114.227
     131.846      137.800       16.895      114.227
     131.956      146.200       16.895      114.227
     132.065      145.900       16.895      114.227
     132.174      137.600       16.895      114.227
     132.283      146.600       16.895      114.227
     132.393      136.800       16.895      114.227
     132.504      144.100       16.895      114.227
     132.614      145.500       16.895      114.227
     132.723      147.400       16.895      114.227
     132.832      127.900       16.895      114.227
     132.941      146.500       16.895      114.227
     133.050      137.300       16.895      114.227
     133.161      154.200       16.895      114.227
     133.270      137.300       16.895      114.227
     133.379      146.900       16.895      114.227
     133.488      146.100       16.895      114.227
     133.597      129.300       16.895      114.227
     133.707      153.400       16.895      114.227
     133.817      136.700       16.895      114.227
     133.927      137.100       16.895      114.227
     134.036      146.200       16.895      114.227
     134.147      135.100       16.895      114.227
     134.256      147.300       16.895      114.227
     134.365      137.000       16.895      114.227
     134.474      147.300       16.895      114.227
     134.584      144.800       16.895      114.227
     134.694      127.700       16.895      114.227
     134.804      155.100       16.895      114.227
     134.913      146.300       16.895      114.227
     135.022      137.200       16.895      114.227
     135.132      145.500       16.895      114.227
     135.241      137.400       16.895      114.227
     135.350      147.200       16.895      114.227
     135.459      138.200       16.895      114.227
     135.568      146.600       16.895      114.227
     135.679      144.100       16.895      114.227
     135.790      135.200       16.895      114.227
     135.899      137.100       16.895      114.227
     136.008      147.400       16.895      114.227
     136.116      138.200       16.895      114.227
     136.225      137.300       16.895      114.227
     136.335      146.400       16.895      114.227
     136.444      146.000       16.895      114.227
     136.553      137.800       16.895      114.227
     136.662      147.000       16.895      114.227
     136.771      137.800       16.895      114.227
     136.881      145.300       16.895      114.227
     136.991      145.300       16.895      114.227
     137.101      145.000       16.895      114.227
     137.210      137.600       16.895      114.227
     137.320      155.300       16.895      114.227
     137.429      138.100       16.895      114.227
     137.538      137.300       16.895      114.227
     137.649      144.300       16.895      114.227
     137.760      144.300       16.895      114.227
     137.870      145.300       16.895      114.227
     137.978      129.000       16.895      114.227
     138.088      145.700       16.895      114.227
     138.196      147.500       16.895      114.227
     138.306      137.500       16.895      114.227
     138.415      146.000       16.895      114.227
     138.525      137.000       16.895      114.227
     138.634      146.500       16.895      114.227
     138.743      147.100       16.895      114.227
     138.852      137.700       16.895      114.227
     138.961      137.100       16.895      114.227
     139.071      136.300       16.895      114.227
     139.180      146.700       16.895      114.227
     139.290      145.800       16.895      114.227
     139.399      137.400       16.895      114.227
     139.510      144.600       16.895      114.227
     139.619      145.700       16.895      114.227
     139.729      137.100       16.895      114.227
     139.838      146.600       16.895      114.227
     139.947      146.900       16.895      114.227
     140.057      136.400       16.895      114.227
     140.165      147.300       16.895      114.227
     140.274      138.700       16.895      114.227
     140.382      147.100       16.895      114.227
     140.492      137.400       16.895      114.227
     140.602      153.400       16.895      114.227
     140.711      137.700       16.895      114.227
     140.820      137.800       16.895      114.227
     140.929      146.600       16.895      114.227
     141.038      147.800       16.895      114.227
     141.148      135.900       16.895      114.227
     141.257      147.400       16.895      114.227
     141.366      137.600       16.895      114.227
     141.475      146.100       16.895      114.227
     141.584      147.000       16.895      114.227
     141.693      137.600       16.895      114.227
     141.802      146.500       16.895      114.227
     141.911      146.800       16.895      114.227
     142.020      137.500       16.895      114.227
     142.130      145.900       16.895      114.227
     142.239      146.100       16.895      114.227
     142.349      137.300       16.895      114.227
     142.458      145.700       16.895      114.227
     142.569      144.800       16.895      114.227
     142.679      145.400       16.895      114.227
     142.789      136.700       16.895      114.227
     142.898      137.400       16.895      114.227
     143.007      147.000       16.895      114.227
     143.116      136.800       16.895      114.227
     143.226      145.500       16.895      114.227
     143.336      136.600       16.895      114.227
     143.445      146.700       16.895      114.227
     143.554      147.400       16.895      114.227
     143.663      136.800       16.895      114.227
     143.772      137.800       16.895      114.227
     143.882      146.100       16.895      114.227
     143.991      137.900       16.895      114.227
     144.100      146.000       16.895      114.227
     144.210      145.000       16.895      114.227
     144.320      137.100       16.895      114.227
     144.430      145.300       16.895      114.227
     144.540      145.200       16.895      114.227
     144.650      136.900       16.895      114.227
     144.759      146.500       16.895      114.227
     144.868      137.300       16.895      114.227
     144.978      146.400       16.895      114.227
     145.087      137.200       16.895      114.227
     145.195      147.700       16.895      114.227
     145.304      137.700       16.895      114.227
     145.413      147.200       16.895      114.227
     145.522      146.100       16.895      114.227
     145.632      146.600       16.895      114.227
     145.742      136.300       16.895      114.227
     145.851      137.100       16.895      114.227
     145.960      146.200       16.895      114.227
     146.071      144.400       16.895      114.227
     146.181      136.500       16.895      114.227
     146.290      138.100       16.895      114.227
     146.399      146.300       16.895      114.227
     146.509      145.700       16.895      114.227
     146.618      146.200       16.895      114.227
     146.727      137.500       16.895      114.227
     146.837      146.600       16.895      114.227
     146.947      145.400       16.895      114.227
     147.056      136.700       16.895      114.227
     147.165      146.800       16.895      114.227
     147.274      138.200       16.895      114.227
     147.383      146.600       16.895      114.227
     147.492      137.500       16.895      114.227
     147.602      145.900       16.895      114.227
     147.712      145.300       16.895      114.227
     147.821      137.100       16.895      114.227
     147.931      146.100       16.895      114.227
     148.040      146.200       16.895      114.227
     148.149      137.300       16.895      114.227
     148.259      145.800       16.895      114.227
     148.369      137.000       16.895      114.227
     148.477      147.100       16.895      114.227
     148.587      146.600       16.895      114.227
     148.695      137.900       16.895      114.227
     148.804      138.400       16.895      114.227
     148.912      147.900       16.895      114.227
     149.021      137.500       16.895      114.227
     149.130      147.100       16.895      114.227
     149.239      136.400       16.895      114.227
     149.350      145.500       16.895      114.227
     149.459      137.700       16.895      114.227
     149.568      137.500       16.895      114.227
     149.678      145.200       16.895      114.227
     149.787      137.000       16.895      114.227
     149.897      154.500       16.895      114.227
     150.007      136.500       16.895      114.227
     150.116      147.000       16.895      114.227
     150.226      145.800       16.895      114.227
     150.335      137.200       16.895      114.227
     150.445      146.100       16.895      114.227
     150.553      129.000       16.895      114.227
     150.662      147.200       16.895      114.227
     150.771      136.900       16.895      114.227
     150.880      146.700       16.895      114.227
     150.991      136.200       16.895      114.227
     151.100      146.600       16.895      114.227
     151.209      146.500       16.895      114.227
     151.318      137.100       16.895      114.227
     151.427      146.600       16.895      114.227
     151.536      147.800       16.895      114.227
     151.645      136.800       16.895      114.227
     151.755      155.600       16.895      114.227
     151.864      137.100       16.895      114.227
     151.974      145.900       16.895      114.227
     152.083      146.100       16.895      114.227
     152.192      137.900       16.895      114.227
     152.300      138.800       16.895      114.227
     152.410      145.400       16.895      114.227
     152.520      136.900       16.895      114.227
     152.632      142.900       16.895      114.227
     152.741      146.500       16.895      114.227
     152.851      136.700       16.895      114.227
     152.960      146.000       16.895      114.227
     153.069      146.600       16.895      114.227
     153.179      146.400       16.895      114.227
     153.288      146.400       16.895      114.227
     153.397      137.900       16.895      114.227
     153.505      138.300       16.895      114.227
     153.614      147.400       16.895      114.227
     153.723      146.100       16.895      114.227
     153.833      137.000       16.895      114.227
     153.942      146.400       16.895      114.227
     154.052      136.900       16.895      114.227
     154.162      144.700       16.895      114.227
     154.273      143.900       16.895      114.227
     154.383      137.300       16.895      114.227
     154.492      145.800       16.895      114.227
     154.601      146.700       16.895      114.227
     154.711      146.000       16.895      114.227
     154.820      137.900       16.895      114.227
     154.929      146.400       16.895      114.227
     155.038      146.500       16.895      114.227
     155.148      136.600       16.895      114.227
     155.257      146.500       16.895      114.227
     155.368      145.200       16.895      114.227
     155.478      145.400       16.895      114.227
     155.587      137.300       16.895      114.227
     155.696      146.000       16.895      114.227
     155.805      138.300       16.895      114.227
     155.915      145.900       16.895      114.227
     156.024      137.600       16.895      114.227
     156.134      145.200       16.895      114.227
     156.244      145.600       16.895      114.227
     156.353      146.500       16.895      114.227
     156.463      136.700       16.895      114.227
     156.572      146.000       16.895      114.227
     156.683      144.400       16.895      114.227
     156.792      146.800       16.895      114.227
     156.902      136.400       16.895      114.227
     157.010      138.500       16.895      114.227
     157.120      146.500       16.895      114.227
     157.229      146.600       16.895      114.227
     157.339      136.600       16.895      114.227
     157.448      146.200       16.895      114.227
     157.559      144.200       16.895      114.227
     157.669      136.600       16.895      114.227
     157.778      146.700       16.895      114.227
     157.887      145.900       16.895      114.227
     157.996      137.700       16.895      114.227
     158.106      146.400       16.895      114.227
     158.215      146.400       16.895      114.227
     158.323      138.800       16.895      114.227
     158.433      137.000       16.895      114.227
     158.542      146.600       16.895      114.227
     158.650      147.000       16.895      114.227
     158.761      145.400       16.895      114.227
     158.869      138.200       16.895      114.227
     158.978      137.400       16.895      114.227
     159.088      146.200       16.895      114.227
     159.198      144.600       16.895      114.227
     159.308      137.300       16.895      114.227
     159.417      147.000       16.895      114.227
     159.527      145.000       16.895      114.227
     159.636      137.300       16.895      114.227
     159.745      138.100       16.895      114.227
     159.853      137.900       16.895      114.227
     159.962      147.200       16.895      114.227
     160.072      145.600       16.895      114.227
     160.182      136.600       16.895      114.227
     160.292      145.100       16.895      114.227
     160.402      145.900       16.895      114.227
     160.511      137.400       16.895      114.227
     160.621      145.800       16.895      114.227
     160.731      136.300       16.895      114.227
     160.841      145.500       16.895      114.227
     160.951      136.500       16.895      114.227
     161.059      146.900       16.895      114.227
     161.169      146.200       16.895      114.227
     161.279      144.900       16.895      114.227
     161.388      128.400       16.895      114.227
     161.498      146.400       16.895      114.227
     161.607      147.000       16.895      114.227
     161.716      137.200       16.895      114.227
     161.827      153.500       16.895      114.227
     161.937      135.400       16.895      114.227
     162.047      145.800       16.895      114.227
     162.158      144.700       16.895      114.227
     162.267      146.400       16.895      114.227
     162.377      136.100       16.895      114.227
     162.489      143.400       16.895      114.227
     162.598      146.000       16.895      114.227
     162.708      136.900       16.895      114.227
     162.817      146.500       16.895      114.227
     162.926      146.900       16.895      114.227
     163.035      137.300       16.895      114.227
     163.144      146.700       16.895      114.227
     163.253      138.200       16.895      114.227
     163.362      146.200       16.895      114.227
     163.472      145.500       16.895      114.227
     163.582      137.200       16.895      114.227
     163.691      155.200       16.895      114.227
     163.801      146.200       16.895      114.227
     163.910      127.900       16.895      114.227
     164.019      147.000       16.895      114.227
     164.130      144.000       16.895      114.227
     164.241      135.800       16.895      114.227
     164.349      156.000       16.895      114.227
     164.459      136.600       16.895      114.227
     164.569      145.300       16.895      114.227
     164.680      144.800       16.895      114.227
     164.789      137.000       16.895      114.227
     164.899      146.100       16.895      114.227
     165.008      146.100       16.895      114.227
     165.118      137.100       16.895      114.227
     165.228      145.200       16.895      114.227
     165.337      137.400       16.895      114.227
     165.446      147.500       16.895      114.227
     165.556      136.300       16.895      114.227
     165.666      145.400       16.895      114.227
     165.777      143.700       16.895      114.227
     165.886      137.300       16.895      114.227
     165.996      145.600       16.895      114.227
     166.106      137.100       16.895      114.227
     166.215      154.900       16.895      114.227
     166.326      145.000       16.895      114.227
     166.435      137.500       16.895      114.227
     166.544      146.000       16.895      114.227
     166.654      146.000       16.895      114.227
     166.763      137.500       16.895      114.227
     166.871      138.600       16.895      114.227
     166.980      146.800       16.895      114.227
     167.089      147.300       16.895      114.227
     167.199      145.300       16.895      114.227
     167.308      146.300       16.895      114.227
     167.417      138.100       16.895      114.227
     167.526      137.000       16.895      114.227
     167.635      146.900       16.895      114.227
     167.744      146.800       16.895      114.227
     167.854      137.000       16.895      114.227
     167.963      146.300       16.895      114.227
     168.072      138.100       16.895      114.227
     168.181      136.700       16.895      114.227
     168.291      145.400       16.895      114.227
     168.401      146.200       16.895      114.227
     168.510      146.500       16.895      114.227
     168.620      145.900       16.895      114.227
     168.729      137.500       16.895      114.227
     168.838      118.900       17.312      114.684
