# Elapsed time   CPU (%)     Real (MB)   Virtual (MB)
       0.000        0.000       71.559       98.711
       0.110       99.900       71.559       98.711
       0.222       98.400       71.559       98.711
       0.337       95.800       71.559       98.711
       0.450       97.200       71.559       98.711
       0.562       97.600       71.559       98.711
       0.678      104.400       71.559       98.711
       0.791       96.900       71.559       98.711
       0.903       97.900       71.559       98.711
       1.016       97.700       71.559       98.711
       1.127       98.800       71.559       98.711
       1.239       98.300       71.559       98.711
       1.352      106.700       71.559       98.711
       1.463       99.100       71.559       98.711
       1.575       97.700       71.559       98.711
       1.687       98.300       71.559       98.711
       1.799       98.500       71.559       98.711
       1.911       97.900       71.559       98.711
       2.024       97.600       71.559       98.711
       2.136       98.300       71.559       98.711
       2.249       97.000       71.559       98.711
       2.362       97.200       71.559       98.711
       2.474       98.400       71.559       98.711
       2.586      106.600       71.559       98.711
       2.699       98.200       71.559       98.711
       2.811       98.200       71.559       98.711
       2.923       98.200       71.559       98.711
       3.036       97.000       71.559       98.711
       3.147       98.900       71.559       98.711
       3.259       98.100       71.559       98.711
       3.373       97.200       71.559       98.711
       3.485       98.400       71.559       98.711
       3.596      108.000       71.559       98.711
       3.708       98.200       71.559       98.711
       3.819       98.400       71.559       98.711
       3.932       98.000       71.559       98.711
       4.045       97.300       71.559       98.711
       4.160       95.900       71.559       98.711
       4.270       99.100       71.559       98.711
       4.382      107.900       71.559       98.711
       4.493       98.900       71.559       98.711
       4.604       99.000       71.559       98.711
       4.717       97.700       71.559       98.711
       4.828       98.800       71.559       98.711
       4.940       98.200       71.559       98.711
       5.052       98.400       71.559       98.711
       5.164       98.100       71.559       98.711
       5.276       98.500       71.559       98.711
       5.387       98.900       71.559       98.711
       5.498       98.800       71.559       98.711
       5.613       96.100       71.559       98.711
       5.725      106.900       71.559       98.711
       5.837       98.300       71.559       98.711
       5.950       97.300       71.559       98.711
       6.061       98.600       71.559       98.711
       6.173       98.000       71.559       98.711
       6.288      104.500       71.559       98.711
       6.400       98.800       71.559       98.711
       6.511       98.600       71.559       98.711
       6.623       98.400       71.559       98.711
       6.735       98.400       71.559       98.711
       6.847       98.300       71.559       98.711
       6.958       98.700       71.559       98.711
       7.070       98.100       71.559       98.711
       7.182       98.800       71.559       98.711
       7.295      106.400       71.559       98.711
       7.407       97.600       71.559       98.711
       7.519       98.800       71.559       98.711
       7.632       96.800       71.559       98.711
       7.744       98.200       71.559       98.711
