# Elapsed time   CPU (%)     Real (MB)   Virtual (MB)
       0.000        0.000       15.242      112.578
       0.109      137.900       15.297      112.680
       0.218      145.800       15.297      112.680
       0.328      146.600       15.297      112.680
       0.438      136.200       15.777      113.215
       0.548      144.800       15.777      113.215
       0.659      135.800       15.777      113.215
       0.769      145.100       15.789      113.215
       0.878      146.600       15.789      113.215
       0.989      135.900       15.789      113.215
       1.098      145.700       15.789      113.215
       1.208      146.000       15.805      113.215
       1.318      145.400       15.805      113.215
       1.428      155.100       15.809      113.215
       1.537      137.000       15.809      113.215
       1.647      146.000       15.809      113.215
       1.757      136.200       15.809      113.215
       1.867      145.800       15.809      113.215
       1.976      137.000       15.809      113.215
       2.086      145.900       15.809      113.215
       2.195      137.500       15.809      113.215
       2.306      144.500       15.809      113.215
       2.416      135.600       15.809      113.215
       2.526      145.100       15.809      113.215
       2.636      145.400       15.809      113.215
       2.746      136.800       15.809      113.215
       2.856      145.300       15.809      113.215
       2.967      144.000       15.809      113.215
       3.077      146.000       15.809      113.215
       3.187      145.100       15.809      113.215
       3.297      136.000       15.809      113.215
       3.407      145.700       15.809      113.215
       3.517      136.900       15.809      113.215
       3.626      146.000       15.809      113.215
       3.736      145.700       15.809      113.215
       3.847      143.700       15.809      113.215
       3.957      137.200       15.809      113.215
       4.068      143.200       15.809      113.215
       4.178      136.400       15.809      113.215
       4.288      146.600       15.832      113.215
       4.397      146.200       15.832      113.215
       4.506      138.100       15.832      113.215
       4.615      146.900       15.832      113.215
       4.723      138.100       15.832      113.215
       4.833      146.000       15.832      113.215
       4.943      136.200       15.832      113.215
       5.053      145.500       15.832      113.215
       5.163      145.700       15.832      113.215
       5.273      136.300       15.832      113.215
       5.383      145.500       15.832      113.215
       5.493      145.700       15.832      113.215
       5.602      146.100       15.832      113.215
       5.711      137.300       15.832      113.215
       5.821      146.200       15.832      113.215
       5.931      136.600       15.832      113.215
       6.040      146.100       15.832      113.215
       6.150      136.700       15.832      113.215
       6.261      144.500       15.832      113.215
       6.370      145.700       15.832      113.215
       6.481      144.800       15.832      113.215
       6.591      136.800       15.832      113.215
       6.701      145.400       15.832      113.215
       6.811      145.400       15.832      113.215
       6.920      136.800       15.832      113.215
       7.029      137.600       15.832      113.215
       7.140      154.300       15.832      113.215
       7.250      135.300       15.832      113.215
       7.360      145.500       15.832      113.215
       7.470      136.800       15.832      113.215
       7.580      144.800       15.832      113.215
       7.690      145.700       15.832      113.215
       7.799      137.600       15.832      113.215
       7.910      144.800       15.832      113.215
       8.021      143.400       15.832      113.215
       8.131      136.400       15.832      113.215
       8.241      137.200       15.832      113.215
       8.350      145.800       15.832      113.215
       8.460      146.300       15.832      113.215
       8.570      135.500       15.832      113.215
       8.680      145.500       15.832      113.215
       8.789      147.000       15.832      113.215
       8.900      135.400       15.832      113.215
       9.010      155.300       15.832      113.215
       9.120      126.400       15.832      113.215
       9.230      145.500       15.832      113.215
       9.340      145.800       15.832      113.215
       9.451      144.400       15.832      113.215
       9.560      146.800       15.832      113.215
       9.669      137.700       15.832      113.215
       9.780      152.800       15.832      113.215
       9.889      137.600       15.832      113.215
       9.999      145.300       15.832      113.215
      10.109      146.200       15.832      113.215
      10.219      136.700       15.832      113.215
      10.327      146.900       15.832      113.215
      10.437      136.900       15.832      113.215
      10.547      136.900       15.832      113.215
      10.656      145.600       15.832      113.215
      10.767      135.500       15.832      113.215
      10.878      143.800       15.832      113.215
      10.988      146.000       15.832      113.215
      11.099      144.400       15.832      113.215
      11.208      137.700       15.832      113.215
      11.317      146.200       15.832      113.215
      11.426      138.000       15.832      113.215
      11.535      136.800       15.832      113.215
      11.645      146.400       15.832      113.215
      11.755      136.600       15.832      113.215
      11.865      153.600       15.832      113.215
      11.975      136.400       15.832      113.215
      12.085      145.500       15.832      113.215
      12.196      144.800       15.832      113.215
      12.305      137.000       15.832      113.215
      12.415      145.800       15.832      113.215
      12.525      145.500       15.832      113.215
      12.635      136.700       15.832      113.215
      12.744      146.100       15.832      113.215
      12.854      145.800       15.832      113.215
      12.964      144.700       15.832      113.215
      13.076      143.700       15.832      113.215
      13.186      136.700       15.832      113.215
      13.296      144.400       15.832      113.215
      13.407      136.200       15.832      113.215
      13.515      147.400       15.832      113.215
      13.626      144.000       15.832      113.215
      13.737      144.500       15.832      113.215
      13.847      145.500       15.832      113.215
      13.957      136.100       15.832      113.215
      14.066      137.500       15.832      113.215
      14.176      154.800       15.832      113.215
      14.286      136.600       15.832      113.215
      14.395      145.900       15.832      113.215
      14.505      136.500       15.832      113.215
      14.616      144.800       15.832      113.215
      14.726      144.900       15.832      113.215
      14.836      145.200       15.832      113.215
      14.947      144.100       15.832      113.215
      15.057      146.200       15.832      113.215
      15.167      136.500       15.832      113.215
      15.276      155.200       15.832      113.215
      15.386      127.300       15.832      113.215
      15.496      145.700       15.832      113.215
      15.605      147.100       15.832      113.215
      15.714      136.900       15.832      113.215
      15.824      146.300       15.832      113.215
      15.933      137.700       15.832      113.215
      16.042      145.900       15.832      113.215
      16.152      146.100       15.832      113.215
      16.261      146.100       15.832      113.215
      16.370      147.400       15.832      113.215
      16.479      138.000       15.832      113.215
      16.588      146.500       15.832      113.215
      16.697      137.800       15.832      113.215
      16.806      146.400       15.832      113.215
      16.917      135.000       15.832      113.215
      17.028      144.600       15.832      113.215
      17.137      137.300       15.832      113.215
      17.247      145.900       15.832      113.215
      17.357      144.400       15.832      113.215
      17.466      146.900       15.832      113.215
      17.576      137.000       15.832      113.215
      17.686      145.700       15.832      113.215
      17.796      145.600       15.832      113.215
      17.905      146.200       15.832      113.215
      18.014      137.600       15.832      113.215
      18.125      144.400       15.832      113.215
      18.234      137.000       15.832      113.215
      18.345      153.800       15.832      113.215
      18.454      137.300       15.832      113.215
      18.563      146.800       15.832      113.215
      18.674      144.500       15.832      113.215
      18.784      136.400       15.832      113.215
      18.893      146.000       15.832      113.215
      19.003      136.800       15.832      113.215
      19.112      146.500       15.832      113.215
      19.221      137.900       15.832      113.215
      19.330      137.000       15.832      113.215
      19.441      145.200       15.832      113.215
      19.550      146.100       15.832      113.215
      19.660      145.800       15.832      113.215
      19.770      145.200       15.832      113.215
      19.879      137.200       15.832      113.215
      19.990      144.900       15.832      113.215
      20.101      135.300       15.832      113.215
      20.210      146.700       15.832      113.215
      20.320      136.500       15.832      113.215
      20.431      143.600       15.832      113.215
      20.540      146.500       15.832      113.215
      20.650      136.500       15.832      113.215
      20.759      137.700       15.832      113.215
      20.870      144.300       15.832      113.215
      20.979      146.200       15.832      113.215
      21.088      147.400       15.832      113.215
      21.199      144.800       15.832      113.215
      21.308      137.000       15.832      113.215
      21.418      136.300       15.832      113.215
      21.529      152.700       15.832      113.215
      21.639      146.600       15.832      113.215
      21.748      145.500       15.832      113.215
      21.858      137.500       15.832      113.215
      21.967      137.000       15.832      113.215
      22.078      143.600       15.832      113.215
      22.188      145.800       15.832      113.215
      22.298      136.800       15.832      113.215
      22.407      137.800       15.832      113.215
      22.516      145.700       15.832      113.215
      22.626      154.800       15.832      113.215
      22.735      138.200       15.832      113.215
      22.844      137.500       15.832      113.215
      22.954      145.700       15.832      113.215
      23.063      146.100       15.832      113.215
      23.174      136.100       15.832      113.215
      23.283      137.100       15.832      113.215
      23.392      147.200       15.832      113.215
      23.502      135.700       15.832      113.215
      23.611      156.200       15.832      113.215
      23.720      137.600       15.832      113.215
      23.830      136.500       15.832      113.215
      23.939      147.000       15.832      113.215
      24.049      136.000       15.832      113.215
      24.159      145.000       15.832      113.215
      24.268      147.000       15.832      113.215
      24.378      136.200       15.832      113.215
      24.489      153.400       15.832      113.215
      24.599      136.300       15.832      113.215
      24.709      146.000       15.832      113.215
      24.820      134.600       15.832      113.215
      24.930      145.800       15.832      113.215
      25.040      145.400       15.832      113.215
      25.150      145.900       15.832      113.215
      25.260      136.400       15.832      113.215
      25.371      143.700       15.832      113.215
      25.481      145.200       15.832      113.215
      25.591      127.600       15.832      113.215
      25.702      153.600       15.832      113.215
      25.811      136.900       15.832      113.215
      25.923      143.400       15.832      113.215
      26.033      145.400       15.832      113.215
      26.142      146.100       15.832      113.215
      26.253      144.900       15.832      113.215
      26.362      128.500       15.832      113.215
      26.472      145.700       15.832      113.215
      26.582      145.400       15.832      113.215
      26.691      137.200       15.832      113.215
      26.800      146.300       15.832      113.215
      26.911      144.600       15.832      113.215
      27.022      143.400       15.832      113.215
      27.132      137.400       15.832      113.215
      27.242      136.300       15.832      113.215
      27.351      146.300       15.832      113.215
      27.460      155.400       15.832      113.215
      27.570      137.300       15.832      113.215
      27.680      136.400       15.832      113.215
      27.791      143.700       15.832      113.215
      27.901      136.400       15.832      113.215
      28.010      146.800       15.832      113.215
      28.121      135.200       15.832      113.215
      28.230      137.800       15.832      113.215
      28.340      154.600       15.832      113.215
      28.449      127.600       15.832      113.215
      28.558      155.800       15.832      113.215
      28.669      135.900       15.832      113.215
      28.779      136.400       15.832      113.215
      28.888      155.600       15.832      113.215
      28.999      135.400       15.832      113.215
      29.109      145.400       15.832      113.215
      29.218      137.500       15.832      113.215
      29.328      145.400       15.832      113.215
      29.438      145.600       15.832      113.215
      29.547      137.300       15.832      113.215
      29.657      136.500       15.832      113.215
      29.766      146.000       15.832      113.215
      29.877      144.800       15.832      113.215
      29.987      136.300       15.832      113.215
      30.097      145.700       15.832      113.215
      30.206      146.900       15.832      113.215
      30.318      133.800       15.832      113.215
      30.429      144.000       15.832      113.215
      30.539      135.900       15.832      113.215
      30.649      155.300       15.832      113.215
      30.760      135.200       15.832      113.215
      30.869      146.800       15.832      113.215
      30.978      137.400       15.832      113.215
      31.087      146.300       15.832      113.215
      31.197      146.000       15.832      113.215
      31.307      136.300       15.832      113.215
      31.417      144.700       15.832      113.215
      31.527      136.700       15.832      113.215
      31.637      144.900       15.832      113.215
      31.746      138.000       15.832      113.215
      31.856      145.500       15.832      113.215
      31.966      145.800       15.832      113.215
      32.075      136.900       15.832      113.215
      32.185      146.300       15.832      113.215
      32.296      135.100       15.832      113.215
      32.406      145.700       15.832      113.215
      32.515      136.900       15.832      113.215
      32.625      145.700       15.832      113.215
      32.735      145.900       15.832      113.215
      32.845      145.400       15.832      113.215
      32.954      136.700       15.832      113.215
      33.064      145.500       15.832      113.215
      33.175      144.800       15.832      113.215
      33.284      146.200       15.832      113.215
      33.394      145.700       15.832      113.215
      33.503      137.900       15.832      113.215
      33.613      145.400       15.832      113.215
      33.722      137.400       15.832      113.215
      33.832      145.200       15.832      113.215
      33.943      145.000       15.832      113.215
      34.053      136.200       15.832      113.215
      34.163      145.600       15.832      113.215
      34.273      145.400       15.832      113.215
      34.384      144.200       15.832      113.215
      34.493      137.000       15.832      113.215
      34.604      144.500       15.832      113.215
      34.714      145.000       15.832      113.215
      34.824      146.000       15.832      113.215
      34.934      145.000       15.832      113.215
      35.044      136.300       15.832      113.215
      35.153      138.100       15.832      113.215
      35.267      140.200       15.832      113.215
      35.376      138.100       15.832      113.215
      35.487      143.900       15.832      113.215
      35.598      144.600       15.832      113.215
      35.707      146.500       15.832      113.215
      35.817      127.000       15.832      113.215
      35.927      145.800       15.832      113.215
      36.037      145.000       15.832      113.215
      36.148      144.400       15.832      113.215
      36.258      145.700       15.832      113.215
      36.369      135.400       15.832      113.215
      36.479      154.000       15.832      113.215
      36.588      136.900       15.832      113.215
      36.699      135.600       15.832      113.215
      36.808      146.900       15.832      113.215
      36.919      144.600       15.832      113.215
      37.027      137.800       15.832      113.215
      37.138      145.400       15.832      113.215
      37.247      136.800       15.832      113.215
