# Elapsed time   CPU (%)     Real (MB)   Virtual (MB)
       0.000        0.000       18.461      920.602
       0.011        0.000        3.660      223.566
       0.022        0.000        3.789      223.664
       0.033        0.000        4.766      228.438
       0.044       91.300        8.418      670.992
       0.055        0.000        3.797      223.664
       0.066        0.000        8.160      671.000
       0.078        0.000        3.805      223.672
       0.089        0.000        3.797      223.664
       0.101        0.000        9.543      892.500
       0.112        0.000        5.340      445.230
       0.124        0.000        8.152      670.992
       0.135        0.000        5.992      447.328
       0.148        0.000        5.309      445.176
       0.160        0.000        5.977      447.328
       0.172        0.000        5.996      447.328
       0.184        0.000        5.980      447.328
       0.195        0.000        6.000      447.328
       0.207        0.000        5.828      447.328
       0.219       84.700        3.812      223.664
       0.231        0.000        3.828      223.793
       0.243        0.000        6.102      447.586
       0.255        0.000        3.871      223.793
       0.267        0.000        3.879      223.793
       0.279        0.000        3.879      223.793
       0.292        0.000        3.879      223.793
       0.304       82.900        3.879      223.793
       0.315       84.000        3.879      223.793
       0.328        0.000        3.887      223.793
       0.340        0.000        3.887      223.793
       0.352        0.000        3.898      223.793
       0.364        0.000        3.898      223.793
       0.376        0.000        5.012      226.137
       0.388        0.000        3.926      223.793
       0.400        0.000        3.926      223.793
       0.412        0.000        7.488      449.316
       0.424       80.700        3.930      223.793
       0.436        0.000        3.941      223.793
       0.449       80.300        3.957      223.922
       0.461        0.000        3.957      223.922
       0.474        0.000        3.973      223.922
       0.486        0.000        3.980      223.922
       0.499       80.900        3.980      223.922
       0.511        0.000        6.230      447.926
       0.523        0.000        3.988      223.922
       0.536        0.000        5.906      446.516
       0.549        0.000        4.004      223.922
       0.562      154.900        9.824       72.074
       0.574      159.700       10.520       72.770
       0.586       82.700       15.988      113.426
       0.599      162.300       15.988      113.406
       0.611       81.400       15.953      113.355
       0.623      165.700       15.895      113.270
       0.635       81.500       15.816      113.156
       0.648      162.200       15.723      113.023
       0.660       80.900       15.625      113.012
       0.672      160.100       15.504      112.840
       0.684      168.600       15.406      112.828
       0.696      166.400       15.316      112.691
       0.708       82.900       15.387      112.691
       0.720      166.300       15.453      112.820
       0.733       80.600       15.523      112.949
       0.745      160.700       15.590      112.949
       0.759      147.900       15.590      112.949
       0.771      163.000       15.598      112.949
       0.783       82.900       15.598      112.949
       0.795      163.600       15.613      112.949
       0.808      165.200       15.617      112.949
       0.820       82.000       15.617      112.949
       0.832      161.300       15.617      112.949
       0.844      162.400       15.617      112.949
       0.857       79.900       15.617      112.949
       0.869      240.600       15.617      112.949
       0.882       80.500       15.617      112.949
       0.894      160.500       15.617      112.949
       0.907      161.100       15.617      112.949
       0.919      158.900       15.617      112.949
       0.932      160.400       15.617      112.949
       0.944       81.900       15.617      112.949
       0.957      153.100       15.617      112.949
       0.970      157.600       15.617      112.949
       0.982       80.800       15.617      112.949
       0.994      164.600       15.617      112.949
       1.006      163.600       15.617      112.949
       1.019      162.800       15.617      112.949
       1.031      159.200       15.617      112.949
       1.044      163.700       15.617      112.949
       1.056       82.300       15.617      112.949
       1.068      161.400       15.617      112.949
       1.080       80.300       15.617      112.949
       1.093      158.600       15.617      112.949
       1.106      232.500       15.617      112.949
       1.120      137.800       15.617      112.949
       1.133       78.700       15.617      112.949
       1.146      161.400       15.617      112.949
       1.158       80.000       15.617      112.949
       1.171      158.900       15.617      112.949
       1.183      164.700       15.617      112.949
       1.195       82.200       15.617      112.949
       1.207      161.900       15.617      112.949
       1.220      161.500       15.617      112.949
       1.232      163.500       15.617      112.949
       1.245       80.400       15.617      112.949
       1.257      160.500       15.617      112.949
       1.269      162.900       15.617      112.949
       1.282       79.200       15.617      112.949
       1.294      243.800       15.617      112.949
       1.307       79.600       15.617      112.949
       1.319      160.100       15.617      112.949
       1.332       80.000       15.617      112.949
       1.344      162.800       15.617      112.949
       1.356      162.700       15.617      112.949
       1.369       80.700       15.617      112.949
       1.381      159.800       15.617      112.949
       1.393      164.700       15.617      112.949
       1.406      162.100       15.617      112.949
       1.418       80.500       15.617      112.949
       1.430      162.000       15.617      112.949
       1.443      161.600       15.617      112.949
       1.455       83.100       17.098      114.523
       1.467       81.000       17.098      114.523
