# Elapsed time   CPU (%)     Real (MB)   Virtual (MB)
       0.000        0.000       17.680       80.391
       0.109      165.700       55.918      374.980
       0.219      172.700       91.117      409.781
       0.328      128.000       92.363      442.438
       0.437      137.300       92.367      442.438
       0.547      118.600       92.367      442.438
       0.657      100.200       92.367      442.438
       0.767      100.000       92.367      442.438
       0.876      100.800       92.367      442.438
       0.986      100.200       92.367      442.438
       1.094       91.800       92.367      442.438
       1.204      100.400       92.367      442.438
       1.314      100.400       92.367      442.438
       1.424      100.100       92.367      442.438
       1.533      100.600       92.367      442.438
       1.642      100.500       92.367      442.438
       1.753       99.500       92.367      442.438
       1.863      100.300       92.367      442.438
       1.972      100.100       92.367      442.438
       2.083       99.200       92.367      442.438
       2.192       91.700       92.367      442.438
       2.302      100.200       92.367      442.438
       2.413       99.500       92.367      442.438
       2.522      100.400       92.367      442.438
       2.632      127.800       92.375      442.438
       2.741      100.700       92.375      442.438
       2.852       99.600       92.375      442.438
       2.961      100.200       92.375      442.438
       3.071      100.300       92.375      442.438
       3.181      100.400       92.375      442.438
       3.290      100.400       92.375      442.438
       3.401       99.300       92.375      442.438
       3.511       99.800       92.375      442.438
       3.622       99.200       92.375      442.438
       3.732      109.000       92.375      442.438
       3.841      109.700       92.375      442.438
       3.952       99.700       92.375      442.438
       4.063       99.200       92.375      442.438
       4.173       99.600       92.375      442.438
       4.284       99.300       92.375      442.438
       4.393      109.600       92.379      442.438
       4.503      100.700       92.379      442.438
       4.612      100.700       92.379      442.438
       4.722       99.500       92.379      442.438
       4.833       99.600       92.379      442.438
       4.942      100.600       92.379      442.438
       5.052      100.400       92.379      442.438
       5.161      100.600       92.379      442.438
       5.271       90.900       92.379      442.438
       5.381      100.500       92.379      442.438
       5.490      100.600       92.379      442.438
       5.599      100.600       92.379      442.438
       5.708      101.000       92.379      442.438
       5.817       91.700       92.379      442.438
       5.926      100.900       92.379      442.438
       6.035      100.800       92.387      442.438
       6.144      101.000       92.387      442.438
       6.253      100.800       92.387      442.438
       6.363      100.600       92.387      442.438
       6.474       99.200       92.387      442.438
       6.583      100.600       92.387      442.438
       6.692      100.600       92.387      442.438
       6.802      100.000       92.387      442.438
       6.912      100.100       92.387      442.438
       7.023       99.300       92.387      442.438
