# Elapsed time   CPU (%)     Real (MB)   Virtual (MB)
       0.000        0.000       17.520      290.711
       0.100       99.400      263.520      290.711
       0.201       99.500      263.520      290.711
       0.302       99.700      263.520      290.711
       0.402       99.600      263.520      290.711
       0.502       99.500      263.520      290.711
       0.603       99.600      263.520      290.711
       0.703       99.600      263.520      290.711
       0.804       99.600      263.520      290.711
       0.904       99.000      263.520      290.711
       1.005       99.100      263.520      290.711
       1.106       99.500      263.520      290.711
       1.206       99.500      263.520      290.711
       1.307       99.500      263.520      290.711
       1.407       99.500      263.520      290.711
       1.508       99.400      263.520      290.711
       1.608       99.500      263.520      290.711
       1.709       99.500      263.520      290.711
       1.810       99.400      263.520      290.711
       1.910       99.600      263.520      290.711
       2.011       99.300      263.520      290.711
       2.111       99.400      263.520      290.711
       2.213       98.500      263.520      290.711
       2.314       99.400      263.520      290.711
       2.414       99.500      263.520      290.711
       2.514       99.500      263.520      290.711
       2.615       99.500      263.520      290.711
       2.715       99.500      263.520      290.711
       2.816       99.500      263.520      290.711
       2.916       99.500      263.520      290.711
       3.017       99.500      263.520      290.711
       3.117       99.600      263.520      290.711
       3.218       99.600      263.520      290.711
       3.318       99.500      263.520      290.711
       3.419       99.500      263.520      290.711
       3.519       99.500      263.520      290.711
       3.620       99.500      263.520      290.711
       3.720       89.600      263.520      290.711
       3.821       99.600      263.520      290.711
       3.921       99.700      263.520      290.711
       4.022       99.600      263.520      290.711
       4.122       99.600      263.520      290.711
       4.222       99.500      263.520      290.711
       4.323       99.500      263.520      290.711
       4.423       99.500      263.520      290.711
       4.524       99.400      263.520      290.711
       4.624       99.500      263.520      290.711
       4.725       99.600      263.520      290.711
       4.825       99.500      263.520      290.711
       4.926       99.500      263.520      290.711
       5.026       99.500      263.520      290.711
       5.127       99.600      263.520      290.711
       5.227       99.700      263.520      290.711
       5.328       99.700      263.520      290.711
       5.428       99.500      263.520      290.711
       5.528       99.500      263.520      290.711
       5.629       99.300      263.520      290.711
       5.730       99.400      263.520      290.711
       5.830       99.600      263.520      290.711
       5.931       99.500      263.520      290.711
       6.031       99.300      263.520      290.711
       6.132       99.200      263.520      290.711
       6.233       99.500      263.520      290.711
       6.333       99.600      263.520      290.711
       6.434       99.500      263.520      290.711
       6.534       99.400      263.520      290.711
       6.635       99.500      263.520      290.711
       6.735       99.400      263.520      290.711
       6.836       99.600      263.520      290.711
       6.936       99.600      263.520      290.711
       7.037       99.500      263.520      290.711
       7.137       99.500      263.520      290.711
       7.238       99.500      263.520      290.711
       7.338       89.500      263.520      290.711
       7.439      109.400      263.520      290.711
       7.539       89.500      263.520      290.711
       7.640       99.400      263.520      290.711
       7.740       99.500      263.520      290.711
       7.841       99.500      263.520      290.711
       7.941       99.500      263.520      290.711
       8.042       99.500      263.520      290.711
       8.142       99.500      263.520      290.711
       8.243       99.600      263.520      290.711
       8.343       99.600      263.520      290.711
       8.444       99.500      263.520      290.711
       8.544       99.600      263.520      290.711
       8.644       99.600      263.520      290.711
       8.745       99.400      263.520      290.711
       8.845      109.500      263.520      290.711
       8.946       89.500      263.520      290.711
       9.046       99.600      263.520      290.711
       9.147       99.500      263.520      290.711
       9.247       99.500      263.520      290.711
       9.348       99.600      263.520      290.711
       9.448       99.600      263.520      290.711
       9.549       99.500      263.520      290.711
       9.649       99.500      263.520      290.711
       9.750       99.500      263.520      290.711
       9.850       99.500      263.520      290.711
       9.951       99.500      263.520      290.711
      10.051       99.500      263.520      290.711
      10.152       99.500      263.520      290.711
      10.252       99.500      263.520      290.711
      10.353       99.500      263.520      290.711
      10.453       99.500      263.520      290.711
      10.554       99.400      263.520      290.711
      10.654       99.300      263.520      290.711
      10.755       99.400      263.520      290.711
      10.856       99.500      263.520      290.711
      10.956       99.500      263.520      290.711
      11.057       99.600      263.520      290.711
      11.157       99.600      263.520      290.711
      11.257       99.600      263.520      290.711
      11.358       99.600      263.520      290.711
      11.458       99.700      263.520      290.711
      11.559       99.400      263.520      290.711
      11.659       99.500      263.520      290.711
      11.760       99.400      263.520      290.711
      11.860       99.500      263.520      290.711
      11.961       99.400      263.520      290.711
      12.061       99.400      263.520      290.711
      12.162       99.400      263.520      290.711
      12.262       99.500      263.520      290.711
      12.363       99.500      263.520      290.711
      12.464       99.500      263.520      290.711
      12.564       99.600      263.520      290.711
      12.664       99.600      263.520      290.711
      12.765       99.600      263.520      290.711
      12.865       99.500      263.520      290.711
      12.966       99.500      263.520      290.711
      13.066       99.500      263.520      290.711
      13.167       99.500      263.520      290.711
      13.267       99.500      263.520      290.711
      13.368       99.500      263.520      290.711
      13.468       99.500      263.520      290.711
      13.569       99.500      263.520      290.711
      13.669       99.600      263.520      290.711
      13.770       99.600      263.520      290.711
      13.870       99.600      263.520      290.711
      13.970       99.600      263.520      290.711
      14.071       99.600      263.520      290.711
      14.171       99.500      263.520      290.711
      14.272       99.500      263.520      290.711
      14.373       99.000      263.520      290.711
      14.474       99.200      263.520      290.711
      14.574       99.300      263.520      290.711
      14.675       99.500      263.520      290.711
      14.775       99.500      263.520      290.711
      14.876       99.400      263.520      290.711
      14.976       99.500      263.520      290.711
      15.077       99.400      263.520      290.711
      15.178       99.500      263.520      290.711
      15.278       99.600      263.520      290.711
      15.378       99.600      263.520      290.711
      15.479       99.100      263.520      290.711
      15.580       99.300      263.520      290.711
      15.680       99.600      263.520      290.711
      15.781       99.600      263.520      290.711
      15.881       99.600      263.520      290.711
      15.982       99.600      263.520      290.711
      16.082       99.600      263.520      290.711
      16.182       99.600      263.520      290.711
      16.283       99.600      263.520      290.711
      16.383       99.600      263.520      290.711
      16.483       99.700      263.520      290.711
      16.584       99.600      263.520      290.711
      16.684       99.600      263.520      290.711
      16.785       99.600      263.520      290.711
      16.885       99.600      263.520      290.711
      16.985       99.500      263.520      290.711
      17.086       99.500      263.520      290.711
      17.186       99.500      263.520      290.711
      17.287       99.500      263.520      290.711
      17.387       99.500      263.520      290.711
      17.488       99.500      263.520      290.711
      17.589       99.500      263.520      290.711
      17.689       89.600      263.520      290.711
      17.789      109.500      263.520      290.711
      17.890       89.500      263.520      290.711
      17.990       99.500      263.520      290.711
      18.091       99.500      263.520      290.711
      18.191       99.500      263.520      290.711
      18.292       99.500      263.520      290.711
      18.393       99.100      263.520      290.711
      18.493       99.500      263.520      290.711
      18.594       99.500      263.520      290.711
      18.694      109.300      263.520      290.711
      18.795       89.600      263.520      290.711
      18.895      109.400      263.520      290.711
      18.996       89.600      263.520      290.711
      19.096       99.600      263.520      290.711
      19.197       99.600      263.520      290.711
      19.297       99.700      263.520      290.711
      19.398       99.600      263.520      290.711
      19.498       99.600      263.520      290.711
      19.598       99.600      263.520      290.711
      19.699       99.600      263.520      290.711
      19.799       99.600      263.520      290.711
      19.899       99.600      263.520      290.711
      20.000       99.600      263.520      290.711
      20.100       99.600      263.520      290.711
      20.201       99.500      263.520      290.711
      20.301       99.500      263.520      290.711
      20.402       99.600      263.520      290.711
      20.502       99.600      263.520      290.711
      20.602       99.500      263.520      290.711
      20.703       99.500      263.520      290.711
      20.803       99.500      263.520      290.711
      20.904       99.600      263.520      290.711
      21.004       99.500      263.520      290.711
      21.105       99.500      263.520      290.711
      21.205       99.500      263.520      290.711
      21.306       99.500      263.520      290.711
      21.406       99.500      263.520      290.711
      21.507       99.500      263.520      290.711
      21.607       99.500      263.520      290.711
      21.708       99.400      263.520      290.711
      21.808       99.600      263.520      290.711
      21.909       99.600      263.520      290.711
      22.009       99.700      263.520      290.711
      22.110       99.600      263.520      290.711
      22.210       99.600      263.520      290.711
      22.310       99.500      263.520      290.711
      22.411       99.600      263.520      290.711
      22.511       99.600      263.520      290.711
      22.612       99.600      263.520      290.711
      22.712       89.700      263.520      290.711
      22.812       99.600      263.520      290.711
      22.913       99.400      263.520      290.711
      23.013       99.400      263.520      290.711
      23.114       99.500      263.520      290.711
      23.214       99.300      263.520      290.711
      23.315       99.400      263.520      290.711
      23.416       99.500      263.520      290.711
      23.516       99.500      263.520      290.711
      23.617       99.500      263.520      290.711
      23.717       99.600      263.520      290.711
      23.817       99.600      263.520      290.711
      23.918       99.600      263.520      290.711
      24.018       99.500      263.520      290.711
      24.119       99.600      263.520      290.711
      24.219       99.700      263.520      290.711
      24.319       99.700      263.520      290.711
      24.420       99.600      263.520      290.711
      24.520       99.600      263.520      290.711
      24.620       99.600      263.520      290.711
      24.721       99.400      263.520      290.711
      24.822       99.500      263.520      290.711
      24.922       99.400      263.520      290.711
      25.023       99.400      263.520      290.711
      25.123       99.500      263.520      290.711
      25.224       99.500      263.520      290.711
      25.324       99.500      263.520      290.711
      25.425       99.500      263.520      290.711
      25.525       99.500      263.520      290.711
      25.626       99.500      263.520      290.711
      25.726       99.500      263.520      290.711
      25.827       99.500      263.520      290.711
      25.927       99.600      263.520      290.711
      26.027       89.600      263.520      290.711
      26.128      109.500      263.520      290.711
      26.228       89.600      263.520      290.711
      26.329       99.600      263.520      290.711
      26.429       99.700      263.520      290.711
      26.529       99.500      263.520      290.711
      26.630       99.500      263.520      290.711
      26.730       99.500      263.520      290.711
      26.831       99.600      263.520      290.711
      26.931       99.500      263.520      290.711
      27.032       99.400      263.520      290.711
      27.133       99.500      263.520      290.711
      27.233       99.500      263.520      290.711
      27.334       99.500      263.520      290.711
      27.434       99.500      263.520      290.711
      27.535       98.900      263.520      290.711
      27.636       99.400      263.520      290.711
      27.736       99.500      263.520      290.711
      27.837       99.500      263.520      290.711
      27.937       99.500      263.520      290.711
      28.038       99.500      263.520      290.711
      28.138       99.500      263.520      290.711
      28.239       99.500      263.520      290.711
      28.339       99.500      263.520      290.711
      28.440       99.500      263.520      290.711
      28.540       99.500      263.520      290.711
      28.641       99.100      263.520      290.711
      28.742       99.300      263.520      290.711
      28.842       99.200      263.520      290.711
      28.943       99.400      263.520      290.711
      29.044       99.500      263.520      290.711
      29.144       99.500      263.520      290.711
      29.245       99.500      263.520      290.711
      29.345       99.500      263.520      290.711
      29.446       99.500      263.520      290.711
      29.546       99.500      263.520      290.711
      29.647       99.500      263.520      290.711
      29.747       98.900      263.520      290.711
      29.848       99.300      263.520      290.711
      29.949       99.500      263.520      290.711
      30.049       99.500      263.520      290.711
      30.150       99.500      263.520      290.711
      30.250       99.500      263.520      290.711
      30.351       99.500      263.520      290.711
      30.451       99.500      263.520      290.711
      30.552       99.500      263.520      290.711
      30.652       99.500      263.520      290.711
      30.753       99.500      263.520      290.711
      30.853       99.400      263.520      290.711
      30.954       99.400      263.520      290.711
      31.055       99.500      263.520      290.711
      31.155       99.500      263.520      290.711
      31.256       99.500      263.520      290.711
      31.356       99.500      263.520      290.711
      31.457       99.500      263.520      290.711
      31.557       99.400      263.520      290.711
      31.658       99.500      263.520      290.711
      31.758       99.500      263.520      290.711
      31.859       99.500      263.520      290.711
      31.959       99.500      263.520      290.711
      32.060       99.500      263.520      290.711
      32.160       99.500      263.520      290.711
      32.261       99.500      263.520      290.711
      32.361       99.500      263.520      290.711
      32.462       99.500      263.520      290.711
      32.562       99.400      263.520      290.711
      32.663       99.400      263.520      290.711
      32.763       99.400      263.520      290.711
      32.864       99.400      263.520      290.711
      32.965       99.300      263.520      290.711
      33.065       99.400      263.520      290.711
      33.166       99.500      263.520      290.711
      33.266       99.500      263.520      290.711
      33.367       99.500      263.520      290.711
      33.467       99.500      263.520      290.711
      33.568       99.500      263.520      290.711
      33.668       99.500      263.520      290.711
      33.769       99.500      263.520      290.711
      33.869       99.500      263.520      290.711
      33.970       99.500      263.520      290.711
      34.070       99.500      263.520      290.711
      34.171       99.500      263.520      290.711
      34.271       99.500      263.520      290.711
      34.372       99.400      263.520      290.711
      34.472       99.500      263.520      290.711
      34.573       99.500      263.520      290.711
      34.673       99.500      263.520      290.711
      34.774       99.500      263.520      290.711
      34.874       99.500      263.520      290.711
      34.975       99.100      263.520      290.711
      35.076       99.500      263.520      290.711
      35.176       99.400      263.520      290.711
      35.277       99.500      263.520      290.711
      35.377       99.500      263.520      290.711
      35.478       99.400      263.520      290.711
      35.578       99.500      263.520      290.711
      35.679       99.500      263.520      290.711
      35.779       99.600      263.520      290.711
      35.880       99.600      263.520      290.711
      35.980       99.600      263.520      290.711
      36.081       99.500      263.520      290.711
      36.181       99.600      263.520      290.711
      36.281       99.600      263.520      290.711
      36.382       99.600      263.520      290.711
      36.482       99.300      263.520      290.711
      36.583       89.600      263.520      290.711
      36.683       99.500      263.520      290.711
      36.784       99.400      263.520      290.711
      36.884       99.500      263.520      290.711
      36.985       99.500      263.520      290.711
      37.086       99.500      263.520      290.711
      37.186       99.600      263.520      290.711
      37.286       99.600      263.520      290.711
      37.387       99.600      263.520      290.711
      37.487       99.600      263.520      290.711
      37.588       99.600      263.520      290.711
      37.688       99.600      263.520      290.711
      37.788       99.500      263.520      290.711
      37.889       99.500      263.520      290.711
      37.989       99.300      263.520      290.711
      38.090       99.400      263.520      290.711
      38.191       99.400      263.520      290.711
      38.291       99.500      263.520      290.711
      38.392       99.500      263.520      290.711
      38.492       99.600      263.520      290.711
      38.593       99.600      263.520      290.711
      38.693       99.500      263.520      290.711
      38.794       99.600      263.520      290.711
      38.894       99.600      263.520      290.711
      38.995       99.600      263.520      290.711
      39.095       99.500      263.520      290.711
      39.196       99.500      263.520      290.711
      39.296       99.600      263.520      290.711
      39.396       99.600      263.520      290.711
      39.497       99.500      263.520      290.711
      39.597       99.500      263.520      290.711
      39.698       99.400      263.520      290.711
      39.798       99.500      263.520      290.711
      39.899       99.600      263.520      290.711
      39.999       99.600      263.520      290.711
      40.100       99.700      263.520      290.711
      40.200       99.600      263.520      290.711
      40.301       99.500      263.520      290.711
      40.401       99.500      263.520      290.711
      40.501       99.500      263.520      290.711
      40.602       99.500      263.520      290.711
      40.702       99.600      263.520      290.711
      40.803       99.600      263.520      290.711
      40.903       99.600      263.520      290.711
      41.004       99.500      263.520      290.711
      41.104       99.500      263.520      290.711
      41.205       99.500      263.520      290.711
      41.305       99.600      263.520      290.711
      41.405       99.500      263.520      290.711
      41.506       99.500      263.520      290.711
      41.606       99.500      263.520      290.711
      41.707       99.600      263.520      290.711
      41.807       99.600      263.520      290.711
      41.908       99.600      263.520      290.711
      42.008       99.600      263.520      290.711
      42.109       99.500      263.520      290.711
      42.209       99.500      263.520      290.711
      42.310       99.400      263.520      290.711
      42.410       99.600      263.520      290.711
      42.510       99.600      263.520      290.711
      42.611       99.600      263.520      290.711
      42.711       99.500      263.520      290.711
      42.812       99.500      263.520      290.711
      42.912       99.600      263.520      290.711
      43.013       99.600      263.520      290.711
      43.113       89.600      263.520      290.711
      43.213      109.400      263.520      290.711
      43.314       89.500      263.520      290.711
      43.415      109.300      263.520      290.711
      43.515       89.700      263.520      290.711
      43.615       99.600      263.520      290.711
      43.716       99.600      263.520      290.711
      43.816       99.500      263.520      290.711
      43.917       99.500      263.520      290.711
      44.017       99.500      263.520      290.711
      44.118       99.600      263.520      290.711
      44.218       99.600      263.520      290.711
      44.319       99.300      263.520      290.711
      44.419       99.500      263.520      290.711
      44.520       99.500      263.520      290.711
      44.620       99.600      263.520      290.711
      44.721       99.600      263.520      290.711
      44.821       99.500      263.520      290.711
      44.922       99.500      263.520      290.711
      45.022       99.600      263.520      290.711
      45.123       99.400      263.520      290.711
      45.223       99.500      263.520      290.711
      45.323       99.500      263.520      290.711
      45.424       99.600      263.520      290.711
      45.524       99.600      263.520      290.711
      45.625       99.600      263.520      290.711
      45.725       99.500      263.520      290.711
      45.826       99.500      263.520      290.711
      45.926       99.600      263.520      290.711
      46.026       99.600      263.520      290.711
      46.127       99.500      263.520      290.711
      46.227       99.500      263.520      290.711
      46.328       99.600      263.520      290.711
      46.428       99.600      263.520      290.711
      46.529       99.600      263.520      290.711
      46.629       99.500      263.520      290.711
      46.730       99.500      263.520      290.711
      46.830       99.600      263.520      290.711
      46.930       99.600      263.520      290.711
      47.031       99.500      263.520      290.711
      47.131       99.500      263.520      290.711
      47.232       99.600      263.520      290.711
      47.332       99.600      263.520      290.711
      47.433       99.500      263.520      290.711
      47.533       99.400      263.520      290.711
      47.634       99.400      263.520      290.711
      47.734       99.600      263.520      290.711
      47.835       99.500      263.520      290.711
      47.935       99.500      263.520      290.711
      48.036       99.400      263.520      290.711
      48.136       99.600      263.520      290.711
      48.237       99.500      263.520      290.711
      48.337       99.500      263.520      290.711
      48.438       99.500      263.520      290.711
      48.538       99.600      263.520      290.711
      48.638       99.600      263.520      290.711
      48.739       99.500      263.520      290.711
      48.839       99.500      263.520      290.711
      48.940       99.600      263.520      290.711
      49.040       89.700      263.520      290.711
      49.141      109.600      263.520      290.711
      49.241       89.600      263.520      290.711
      49.342       99.500      263.520      290.711
      49.442       99.500      263.520      290.711
      49.542       99.600      263.520      290.711
      49.643       99.500      263.520      290.711
      49.743       99.500      263.520      290.711
      49.844       99.600      263.520      290.711
      49.944       99.700      263.520      290.711
      50.045       99.600      263.520      290.711
      50.145       99.600      263.520      290.711
      50.245       99.500      263.520      290.711
      50.346       99.600      263.520      290.711
      50.446       99.500      263.520      290.711
      50.547       99.600      263.520      290.711
      50.647       99.500      263.520      290.711
      50.748       99.500      263.520      290.711
      50.848       99.600      263.520      290.711
      50.949       99.600      263.520      290.711
      51.049       99.500      263.520      290.711
      51.149       99.500      263.520      290.711
      51.250       99.500      263.520      290.711
      51.351       99.400      263.520      290.711
      51.451       99.400      263.520      290.711
      51.552       99.500      263.520      290.711
      51.652       99.600      263.520      290.711
      51.753       99.600      263.520      290.711
      51.853       99.600      263.520      290.711
      51.953       99.400      263.520      290.711
      52.054       99.600      263.520      290.711
      52.154       99.600      263.520      290.711
      52.255       99.500      263.520      290.711
      52.355       99.500      263.520      290.711
      52.456       99.400      263.520      290.711
      52.556       99.600      263.520      290.711
      52.657       99.500      263.520      290.711
      52.757       99.500      263.520      290.711
      52.858       99.300      263.520      290.711
      52.959       99.300      263.520      290.711
      53.059       99.500      263.520      290.711
      53.160       99.600      263.520      290.711
      53.260       89.600      263.520      290.711
      53.360       99.600      263.520      290.711
      53.461       99.500      263.520      290.711
      53.561       99.500      263.520      290.711
      53.662       99.600      263.520      290.711
      53.762       99.600      263.520      290.711
      53.863       99.600      263.520      290.711
      53.963       99.600      263.520      290.711
      54.064       99.400      263.520      290.711
      54.164       99.600      263.520      290.711
      54.265       99.400      263.520      290.711
      54.365       99.400      263.520      290.711
      54.466       99.500      263.520      290.711
      54.566       99.600      263.520      290.711
      54.667       99.500      263.520      290.711
      54.767       99.400      263.520      290.711
      54.868       99.600      263.520      290.711
      54.968       99.600      263.520      290.711
      55.069       99.600      263.520      290.711
      55.169       99.500      263.520      290.711
      55.270       99.600      263.520      290.711
      55.370       99.600      263.520      290.711
      55.470       99.500      263.520      290.711
      55.571       99.500      263.520      290.711
      55.671       99.600      263.520      290.711
      55.772       99.600      263.520      290.711
      55.872       99.600      263.520      290.711
      55.973       99.500      263.520      290.711
      56.073       99.600      263.520      290.711
      56.173       99.700      263.520      290.711
      56.274       99.500      263.520      290.711
      56.374       99.500      263.520      290.711
      56.475       99.500      263.520      290.711
      56.575       99.700      263.520      290.711
      56.676       99.700      263.520      290.711
      56.776       99.600      263.520      290.711
      56.876       99.600      263.520      290.711
      56.977       99.500      263.520      290.711
      57.077       99.500      263.520      290.711
      57.178       99.500      263.520      290.711
      57.278       99.600      263.520      290.711
      57.379       99.500      263.520      290.711
      57.479       99.600      263.520      290.711
      57.579       99.600      263.520      290.711
      57.680       99.600      263.520      290.711
      57.780       99.500      263.520      290.711
      57.881       99.500      263.520      290.711
      57.981       99.600      263.520      290.711
      58.082       99.500      263.520      290.711
      58.182       99.500      263.520      290.711
      58.283       99.600      263.520      290.711
      58.383       99.500      263.520      290.711
      58.484       99.500      263.520      290.711
      58.584       99.600      263.520      290.711
      58.684       99.600      263.520      290.711
      58.785       99.400      263.520      290.711
      58.885       99.500      263.520      290.711
      58.986       99.600      263.520      290.711
      59.086       99.500      263.520      290.711
      59.187       99.500      263.520      290.711
      59.287       99.600      263.520      290.711
      59.388       99.600      263.520      290.711
      59.488       99.500      263.520      290.711
      59.589       99.500      263.520      290.711
      59.689       99.600      263.520      290.711
      59.790       99.600      263.520      290.711
      59.890       99.600      263.520      290.711
      59.990       99.400      263.520      290.711
      60.091       99.500      263.520      290.711
      60.192       99.500      263.520      290.711
      60.292       99.600      263.520      290.711
      60.392       99.600      263.520      290.711
      60.493       99.600      263.520      290.711
      60.593       99.500      263.520      290.711
      60.694       99.600      263.520      290.711
      60.794       99.500      263.520      290.711
      60.895       99.500      263.520      290.711
      60.995       99.600      263.520      290.711
      61.096       99.600      263.520      290.711
      61.196       99.500      263.520      290.711
      61.296       99.400      263.520      290.711
      61.397       99.600      263.520      290.711
      61.497       99.700      263.520      290.711
      61.598       99.600      263.520      290.711
      61.698       99.600      263.520      290.711
      61.799       99.600      263.520      290.711
      61.899       99.600      263.520      290.711
      61.999       99.500      263.520      290.711
      62.100       99.600      263.520      290.711
      62.200       99.600      263.520      290.711
      62.301       99.500      263.520      290.711
      62.401       99.500      263.520      290.711
      62.502       99.500      263.520      290.711
      62.602       99.600      263.520      290.711
      62.703       99.500      263.520      290.711
      62.803       99.500      263.520      290.711
      62.904       99.600      263.520      290.711
      63.004       99.600      263.520      290.711
      63.105       99.600      263.520      290.711
      63.205       99.600      263.520      290.711
      63.305       99.300      263.520      290.711
      63.406       99.300      263.520      290.711
      63.507       99.500      263.520      290.711
      63.607       99.600      263.520      290.711
      63.708       99.600      263.520      290.711
      63.808       99.500      263.520      290.711
      63.909       99.500      263.520      290.711
      64.009       99.600      263.520      290.711
      64.109       99.600      263.520      290.711
      64.210       99.500      263.520      290.711
      64.310       99.500      263.520      290.711
      64.411       99.600      263.520      290.711
      64.511       99.600      263.520      290.711
      64.611       99.500      263.520      290.711
      64.712       99.500      263.520      290.711
      64.812       99.600      263.520      290.711
      64.913       99.400      263.520      290.711
      65.014       99.500      263.520      290.711
      65.114       99.500      263.520      290.711
      65.215       99.600      263.520      290.711
      65.315       99.600      263.520      290.711
      65.415       99.500      263.520      290.711
      65.516       99.500      263.520      290.711
      65.616       99.600      263.520      290.711
      65.717       99.600      263.520      290.711
      65.817       99.600      263.520      290.711
      65.918       99.500      263.520      290.711
      66.018       99.600      263.520      290.711
      66.119       99.500      263.520      290.711
      66.219       99.500      263.520      290.711
      66.320       99.500      263.520      290.711
      66.420       99.600      263.520      290.711
      66.520       99.600      263.520      290.711
      66.621       99.600      263.520      290.711
      66.721       99.600      263.520      290.711
      66.822       99.500      263.520      290.711
      66.922       99.500      263.520      290.711
      67.022       99.600      263.520      290.711
      67.123       99.500      263.520      290.711
      67.223       99.500      263.520      290.711
      67.324       99.500      263.520      290.711
      67.424       99.600      263.520      290.711
      67.525       99.500      263.520      290.711
      67.625       99.500      263.520      290.711
      67.726       99.500      263.520      290.711
      67.826       99.600      263.520      290.711
      67.927      109.500      263.520      290.711
      68.027       89.600      263.520      290.711
      68.128      109.400      263.520      290.711
      68.228       89.500      263.520      290.711
      68.329      109.500      263.520      290.711
      68.429       89.600      263.520      290.711
      68.530      109.400      263.520      290.711
      68.630       99.400      263.520      290.711
      68.731       99.500      263.520      290.711
      68.831       99.600      263.520      290.711
      68.932       99.600      263.520      290.711
      69.032       99.500      263.520      290.711
      69.133       99.500      263.520      290.711
      69.233       99.600      263.520      290.711
      69.333       99.500      263.520      290.711
      69.434       99.500      263.520      290.711
      69.535       99.500      263.520      290.711
      69.635       99.600      263.520      290.711
      69.735       99.600      263.520      290.711
      69.836       99.400      263.520      290.711
      69.936       99.500      263.520      290.711
      70.037       99.500      263.520      290.711
      70.137       99.500      263.520      290.711
      70.238       99.500      263.520      290.711
      70.338       99.500      263.520      290.711
      70.439       99.500      263.520      290.711
      70.539       99.500      263.520      290.711
      70.640       99.600      263.520      290.711
      70.740       99.600      263.520      290.711
      70.841       99.500      263.520      290.711
      70.941       99.600      263.520      290.711
      71.042       99.600      263.520      290.711
      71.142       99.500      263.520      290.711
      71.242       99.500      263.520      290.711
      71.343       99.600      263.520      290.711
      71.443       99.600      263.520      290.711
      71.544       99.600      263.520      290.711
      71.644       99.500      263.520      290.711
      71.745       99.600      263.520      290.711
      71.845       99.500      263.520      290.711
      71.945       99.500      263.520      290.711
      72.046       99.600      263.520      290.711
      72.146       99.600      263.520      290.711
      72.247       99.500      263.520      290.711
      72.347       99.500      263.520      290.711
      72.448       99.600      263.520      290.711
      72.548       99.500      263.520      290.711
      72.649       99.500      263.520      290.711
      72.749       99.500      263.520      290.711
      72.850       99.500      263.520      290.711
      72.950       99.600      263.520      290.711
      73.051       99.600      263.520      290.711
      73.151       99.500      263.520      290.711
      73.252       99.500      263.520      290.711
      73.352       99.600      263.520      290.711
      73.452       99.500      263.520      290.711
      73.553       99.600      263.520      290.711
      73.653       99.600      263.520      290.711
      73.754       99.600      263.520      290.711
      73.854       99.500      263.520      290.711
      73.955       99.400      263.520      290.711
      74.055       99.500      263.520      290.711
      74.156       99.500      263.520      290.711
      74.256       99.500      263.520      290.711
      74.357       99.600      263.520      290.711
      74.457       99.600      263.520      290.711
      74.557       99.500      263.520      290.711
      74.658       99.600      263.520      290.711
      74.758       99.500      263.520      290.711
      74.859       99.500      263.520      290.711
      74.959       99.500      263.520      290.711
      75.060       99.500      263.520      290.711
      75.160       99.600      263.520      290.711
      75.261       99.500      263.520      290.711
      75.361       99.600      263.520      290.711
      75.462       99.600      263.520      290.711
      75.562       99.500      263.520      290.711
      75.662       99.500      263.520      290.711
      75.763       99.500      263.520      290.711
      75.863       99.600      263.520      290.711
      75.964       99.500      263.520      290.711
      76.064       99.500      263.520      290.711
      76.165       99.600      263.520      290.711
      76.265       99.700      263.520      290.711
      76.366       99.600      263.520      290.711
      76.466       99.500      263.520      290.711
      76.566       99.500      263.520      290.711
      76.667       99.500      263.520      290.711
      76.767       99.600      263.520      290.711
      76.868       99.500      263.520      290.711
      76.968       99.500      263.520      290.711
      77.069       99.500      263.520      290.711
      77.169       99.600      263.520      290.711
      77.270       99.500      263.520      290.711
      77.370       99.500      263.520      290.711
      77.471       99.600      263.520      290.711
      77.571       99.600      263.520      290.711
      77.672       99.500      263.520      290.711
      77.772       99.600      263.520      290.711
      77.873       99.600      263.520      290.711
      77.973       99.700      263.520      290.711
      78.073       99.700      263.520      290.711
      78.174       99.500      263.520      290.711
      78.274       99.500      263.520      290.711
      78.375       99.500      263.520      290.711
      78.475       99.600      263.520      290.711
      78.575       99.600      263.520      290.711
      78.676       99.500      263.520      290.711
      78.776       99.500      263.520      290.711
      78.877       99.600      263.520      290.711
      78.977       99.500      263.520      290.711
      79.078       99.500      263.520      290.711
      79.178       99.500      263.520      290.711
      79.279       99.600      263.520      290.711
      79.379       99.600      263.520      290.711
      79.480       99.500      263.520      290.711
      79.580       99.600      263.520      290.711
      79.681       99.500      263.520      290.711
      79.781       99.500      263.520      290.711
      79.882       99.500      263.520      290.711
      79.982       99.600      263.520      290.711
      80.082       99.500      263.520      290.711
      80.183       99.500      263.520      290.711
      80.284       99.500      263.520      290.711
      80.384       99.600      263.520      290.711
      80.484       99.500      263.520      290.711
      80.585       99.500      263.520      290.711
      80.685       99.600      263.520      290.711
      80.786       99.600      263.520      290.711
      80.886       99.600      263.520      290.711
      80.987       99.500      263.520      290.711
      81.087       99.600      263.520      290.711
      81.188       99.600      263.520      290.711
      81.288       99.500      263.520      290.711
      81.389       99.300      263.520      290.711
      81.489       99.400      263.520      290.711
      81.590       99.500      263.520      290.711
      81.690       99.500      263.520      290.711
      81.791       99.600      263.520      290.711
      81.891       99.600      263.520      290.711
      81.991       99.600      263.520      290.711
      82.092       99.500      263.520      290.711
      82.192       99.500      263.520      290.711
      82.293       99.500      263.520      290.711
      82.393       99.600      263.520      290.711
      82.494       99.500      263.520      290.711
      82.594       99.500      263.520      290.711
      82.695       99.600      263.520      290.711
      82.795       99.600      263.520      290.711
      82.896       99.400      263.520      290.711
      82.996       99.600      263.520      290.711
      83.097       99.500      263.520      290.711
      83.197       99.600      263.520      290.711
      83.297       99.600      263.520      290.711
      83.398       99.500      263.520      290.711
      83.498       99.500      263.520      290.711
      83.599       99.500      263.520      290.711
      83.699       99.600      263.520      290.711
      83.800       99.600      263.520      290.711
      83.900       99.500      263.520      290.711
      84.001       99.500      263.520      290.711
      84.101       99.600      263.520      290.711
      84.202       99.500      263.520      290.711
      84.302       99.600      263.520      290.711
      84.402       99.500      263.520      290.711
      84.503       99.500      263.520      290.711
      84.603       99.600      263.520      290.711
      84.704       99.500      263.520      290.711
      84.804       99.500      263.520      290.711
      84.905       99.500      263.520      290.711
      85.005       99.600      263.520      290.711
      85.106       99.500      263.520      290.711
      85.206       99.500      263.520      290.711
      85.307       99.500      263.520      290.711
      85.407       99.500      263.520      290.711
      85.507       99.600      263.520      290.711
      85.608       99.500      263.520      290.711
      85.708       99.500      263.520      290.711
      85.809       99.600      263.520      290.711
      85.909       99.500      263.520      290.711
      86.010       99.500      263.520      290.711
      86.110       99.500      263.520      290.711
      86.211       99.600      263.520      290.711
      86.311       99.500      263.520      290.711
      86.412       99.600      263.520      290.711
      86.512       99.500      263.520      290.711
      86.613       99.500      263.520      290.711
      86.713       99.600      263.520      290.711
      86.813       99.700      263.520      290.711
      86.914       99.500      263.520      290.711
      87.014       99.500      263.520      290.711
      87.115       99.600      263.520      290.711
      87.215       99.600      263.520      290.711
      87.315       99.600      263.520      290.711
      87.416       99.600      263.520      290.711
      87.516       99.600      263.520      290.711
      87.617       99.500      263.520      290.711
      87.717       99.500      263.520      290.711
      87.818       99.500      263.520      290.711
      87.918       99.600      263.520      290.711
      88.018       99.600      263.520      290.711
      88.119       99.600      263.520      290.711
      88.219       89.600      263.520      290.711
      88.320      109.400      263.520      290.711
      88.420       89.600      263.520      290.711
      88.521       99.600      263.520      290.711
      88.621       99.600      263.520      290.711
      88.722       99.600      263.520      290.711
      88.822       99.600      263.520      290.711
      88.922       99.500      263.520      290.711
      89.023       99.500      263.520      290.711
      89.123       99.500      263.520      290.711
      89.224       99.500      263.520      290.711
      89.324       99.500      263.520      290.711
      89.425       99.600      263.520      290.711
      89.525       99.500      263.520      290.711
      89.626       99.300      263.520      290.711
      89.726       99.500      263.520      290.711
      89.827       99.500      263.520      290.711
      89.927       99.600      263.520      290.711
      90.028       99.400      263.520      290.711
      90.128       99.300      263.520      290.711
      90.229       99.500      263.520      290.711
      90.330       99.600      263.520      290.711
      90.430       99.400      263.520      290.711
      90.531       99.400      263.520      290.711
      90.631       99.500      263.520      290.711
      90.732       99.400      263.520      290.711
      90.832       99.600      263.520      290.711
      90.933       99.500      263.520      290.711
      91.033       99.500      263.520      290.711
      91.134       99.600      263.520      290.711
      91.234       99.600      263.520      290.711
      91.335       99.600      263.520      290.711
      91.435       99.500      263.520      290.711
      91.535       99.500      263.520      290.711
      91.636       99.600      263.520      290.711
      91.736       99.500      263.520      290.711
      91.837       99.500      263.520      290.711
      91.937       99.500      263.520      290.711
      92.038       99.600      263.520      290.711
      92.138       99.600      263.520      290.711
      92.239       99.600      263.520      290.711
      92.339       99.500      263.520      290.711
      92.440       99.600      263.520      290.711
      92.540       99.700      263.520      290.711
      92.640       99.600      263.520      290.711
      92.741       99.500      263.520      290.711
      92.841       99.600      263.520      290.711
      92.942       99.600      263.520      290.711
      93.042       99.600      263.520      290.711
      93.143       99.500      263.520      290.711
      93.243       99.500      263.520      290.711
      93.344      109.500      263.520      290.711
      93.444       89.700      263.520      290.711
      93.544       99.600      263.520      290.711
      93.645       99.500      263.520      290.711
      93.745      109.500      263.520      290.711
      93.846       89.600      263.520      290.711
      93.946       99.600      263.520      290.711
      94.047      109.500      263.520      290.711
      94.147       89.600      263.520      290.711
      94.248      109.600      263.520      290.711
      94.348       99.700      263.520      290.711
      94.448       99.600      263.520      290.711
      94.549       99.600      263.520      290.711
      94.649       89.600      263.520      290.711
      94.750      109.500      263.520      290.711
      94.850       89.700      263.520      290.711
      94.951      109.500      263.520      290.711
      95.051       89.500      263.520      290.711
      95.152      109.500      263.520      290.711
      95.252       99.600      263.520      290.711
      95.352       89.600      263.520      290.711
      95.453      109.500      263.520      290.711
      95.553       89.600      263.520      290.711
      95.654      109.500      263.520      290.711
      95.754       99.600      263.520      290.711
      95.855       99.500      263.520      290.711
      95.955       99.500      263.520      290.711
      96.056       99.600      263.520      290.711
      96.156       99.700      263.520      290.711
      96.256       99.600      263.520      290.711
      96.357       99.500      263.520      290.711
      96.457       99.500      263.520      290.711
      96.558       99.600      263.520      290.711
      96.658       99.600      263.520      290.711
      96.759       99.500      263.520      290.711
      96.859       99.500      263.520      290.711
      96.960       99.600      263.520      290.711
      97.060       99.500      263.520      290.711
      97.160       99.500      263.520      290.711
      97.261       99.600      263.520      290.711
      97.361       99.600      263.520      290.711
      97.462       99.600      263.520      290.711
      97.562       99.500      263.520      290.711
      97.663       99.500      263.520      290.711
      97.763       99.500      263.520      290.711
      97.864       99.700      263.520      290.711
      97.964       99.700      263.520      290.711
      98.064       99.600      263.520      290.711
      98.165       99.500      263.520      290.711
      98.265       99.600      263.520      290.711
      98.366       99.500      263.520      290.711
      98.466       99.500      263.520      290.711
      98.566       99.500      263.520      290.711
      98.667       99.600      263.520      290.711
      98.767       99.600      263.520      290.711
      98.868       99.600      263.520      290.711
      98.968       99.500      263.520      290.711
      99.069       99.600      263.520      290.711
      99.169       99.600      263.520      290.711
      99.269       99.600      263.520      290.711
      99.370       99.500      263.520      290.711
      99.470       99.500      263.520      290.711
      99.571       99.600      263.520      290.711
      99.671       99.700      263.520      290.711
      99.772       99.600      263.520      290.711
      99.872       99.500      263.520      290.711
      99.973       99.500      263.520      290.711
     100.073       99.600      263.520      290.711
     100.173       99.600      263.520      290.711
     100.274       99.500      263.520      290.711
     100.374       99.500      263.520      290.711
     100.475       99.500      263.520      290.711
     100.575       99.600      263.520      290.711
     100.676       99.500      263.520      290.711
     100.776       99.300      263.520      290.711
     100.877       99.400      263.520      290.711
     100.977       99.600      263.520      290.711
     101.078       99.500      263.520      290.711
     101.178       99.600      263.520      290.711
     101.279       99.500      263.520      290.711
     101.379       99.600      263.520      290.711
     101.480       99.600      263.520      290.711
     101.580       99.500      263.520      290.711
     101.681       99.400      263.520      290.711
     101.781       99.500      263.520      290.711
     101.882       99.600      263.520      290.711
     101.982       99.600      263.520      290.711
     102.083       99.500      263.520      290.711
     102.183       99.500      263.520      290.711
     102.284       99.500      263.520      290.711
     102.384       99.600      263.520      290.711
     102.484       99.500      263.520      290.711
     102.585       99.500      263.520      290.711
     102.685       99.600      263.520      290.711
     102.786       99.600      263.520      290.711
     102.886       99.600      263.520      290.711
     102.987       99.500      263.520      290.711
     103.087       99.500      263.520      290.711
     103.188       99.600      263.520      290.711
     103.288       99.600      263.520      290.711
     103.388       99.600      263.520      290.711
     103.489       99.500      263.520      290.711
     103.589       99.500      263.520      290.711
     103.690       99.600      263.520      290.711
     103.790       99.500      263.520      290.711
     103.891       99.400      263.520      290.711
     103.991       99.400      263.520      290.711
     104.092       99.600      263.520      290.711
     104.192       99.700      263.520      290.711
     104.293       99.600      263.520      290.711
     104.393       99.500      263.520      290.711
     104.494       99.500      263.520      290.711
     104.594       99.500      263.520      290.711
     104.695       99.600      263.520      290.711
     104.795       99.600      263.520      290.711
     104.895       99.500      263.520      290.711
     104.996       99.500      263.520      290.711
     105.096       99.600      263.520      290.711
     105.197       99.600      263.520      290.711
     105.297       99.500      263.520      290.711
     105.398       99.500      263.520      290.711
     105.498       99.600      263.520      290.711
     105.599       99.500      263.520      290.711
     105.699       99.500      263.520      290.711
