# Elapsed time   CPU (%)     Real (MB)   Virtual (MB)
       0.000        0.000        9.910       71.727
       0.100      189.400       15.410       77.219
       0.201      179.300       21.176       83.473
       0.301      169.400       25.723       88.012
       0.401      179.400       30.965       93.242
       0.502      189.400       36.629       98.895
       0.602      179.500       42.410      104.664
       0.702      189.300       48.031      110.273
       0.803      179.300       53.035      115.270
       0.903      169.500       58.488      120.711
       1.003      189.400       64.156      126.367
       1.104      189.400       69.992      132.316
       1.204      189.400       75.801      137.617
       1.304      179.400       81.242      143.547
       1.405      189.400       86.852      149.145
       1.505      189.400       92.633      154.414
       1.605      179.500       98.422      160.691
       1.706      189.500      104.301      166.559
       1.806      189.600      110.324      172.570
       1.906      189.400      116.105      178.340
       2.006      179.500      122.168      184.391
       2.107      189.700      128.254      190.465
       2.207      179.600      134.191      196.395
       2.307      159.700      142.906      240.938
       2.407       99.800      142.906      240.938
       2.507       99.700      142.906      240.938
       2.608       99.800      142.906      240.938
       2.708       99.800      142.906      240.938
       2.809       99.500      142.906      240.938
       2.909       99.800      142.906      240.938
       3.009       99.700      142.906      240.938
       3.109       99.500      143.176      240.934
       3.210       99.800      143.176      240.934
       3.310       99.800      143.176      240.934
       3.410       99.700      143.176      240.934
       3.511       99.700      143.441      240.930
       3.611       99.800      143.441      240.930
       3.711       99.700      143.441      240.930
       3.811       99.800      143.441      240.930
       3.911       99.700      143.438      240.926
       4.012       99.500      143.438      240.926
       4.112       99.800      143.434      240.922
       4.213       99.600      143.434      240.922
       4.313       99.700      143.434      240.918
       4.413       99.700      143.434      240.918
       4.513       99.700      143.430      240.914
       4.614       99.700      143.430      240.914
       4.714       99.800      143.426      240.910
       4.814       99.800      143.426      240.906
       4.914       99.700      143.422      240.902
       5.015       99.600      143.414      240.895
       5.115       99.800      143.414      240.891
       5.215       99.800      143.410      240.887
       5.315       99.800      143.406      240.883
       5.416       99.700      143.406      240.879
       5.516       99.700      143.398      240.871
       5.617       99.500      143.395      240.863
       5.717       99.800      143.387      240.855
       5.817       99.800      143.383      240.848
       5.917       99.700      143.379      240.840
       6.017       99.700      143.371      240.832
       6.118       99.700      143.367      240.824
       6.218       99.700      143.359      240.816
       6.318       99.700      143.352      240.801
       6.419       99.700      143.340      240.785
       6.519       99.700      143.328      240.770
       6.619       99.700      143.316      240.754
       6.720       99.700      143.309      240.742
       6.820       99.700      143.297      240.727
       6.920       99.700      143.289      240.711
       7.020       99.800      143.277      240.695
       7.121       99.800      143.258      240.668
       7.221       99.800      143.234      240.637
       7.321       99.700      143.215      240.605
       7.422       99.700      143.191      240.574
       7.522       99.700      143.168      240.543
       7.622       99.800      143.148      240.641
       7.722       99.800      143.125      240.609
       7.822      109.700      143.105      240.578
       7.923       99.700      143.066      240.523
       8.023       99.800      143.023      240.461
       8.123       99.800      142.980      240.402
       8.223       99.800      142.941      240.344
       8.324       99.800      142.898      240.281
       8.424      109.800      142.855      240.223
       8.524       99.800      142.812      240.289
       8.624       99.800      142.770      240.230
       8.725       99.800      142.707      240.137
       8.825      109.800      142.625      240.020
       8.925       99.700      142.543      240.031
       9.025       99.700      142.461      239.914
       9.126      109.700      142.379      239.797
       9.226       99.800      142.297      239.680
       9.326       99.800      142.215      239.691
       9.426      109.700      142.133      239.574
       9.527       99.700      142.051      239.461
       9.627      109.600      141.898      239.367
       9.727       99.700      141.742      239.148
       9.828      109.800      141.590      239.055
       9.928      109.700      141.434      238.836
      10.028      109.700      141.285      238.746
      10.128       99.800      141.125      238.523
      10.229      109.600      140.973      238.434
      10.329      109.700      140.816      238.211
      10.429       99.700      140.668      238.125
      10.529      119.700      140.406      237.879
      10.630      109.800      140.129      237.613
      10.730      109.800      139.855      237.223
      10.830      109.700      139.582      236.961
      10.930      119.600      139.312      236.703
      11.031      109.700      139.039      236.441
      11.131      109.700      138.777      236.195
      11.231      109.700      138.508      235.938
      11.331      109.700      138.230      235.672
      11.432      109.600      137.961      235.414
      11.532      119.600      137.582      235.000
      11.632      119.700      137.125      234.605
      11.733      119.700      136.668      234.082
      11.833      119.700      136.215      233.688
      11.933      119.700      135.766      233.176
      12.033      119.600      135.316      232.789
      12.134      119.700      134.887      232.305
      12.234      119.800      134.465      231.957
      12.334      119.800      134.023      231.457
      12.434      119.700      133.570      230.938
      12.535      119.700      133.117      230.547
      12.635      109.700      132.668      230.035
      12.735      119.700      132.242      229.684
      12.836      139.600      131.641      229.078
      12.936      119.600      131.004      228.430
      13.036      129.700      130.363      227.770
      13.136      119.700      129.738      227.137
      13.237      129.500      129.125      226.512
      13.337      129.600      128.504      225.883
      13.437      119.700      127.879      225.246
      13.537      129.700      127.262      224.750
      13.638      129.700      126.645      224.125
      13.738      119.700      126.023      223.496
      13.838      139.600      125.387      222.844
      13.938      129.600      124.746      222.184
      14.039      119.700      124.133      221.562
      14.139      119.700      123.488      220.902
      14.239      139.700      122.863      220.270
      14.339      129.700      122.270      219.676
      14.440      109.600      121.680      219.090
      14.540      139.600      121.043      218.438
      14.640      129.700      120.234      217.668
      14.740      129.700      119.379      216.828
      14.841      149.700      118.516      215.984
      14.941      129.700      117.703      215.078
      15.041      139.600      116.875      214.277
      15.141      129.700      115.977      213.383
      15.242      149.600      115.156      212.594
      15.342      129.700      114.352      211.832
      15.442      129.600      113.562      210.961
      15.542      129.700      112.773      210.219
      15.643      149.500      111.918      209.383
      15.743      129.700      111.082      208.570
      15.843      139.700      110.230      207.609
      15.944      139.600      109.445      206.879
      16.044      129.600      108.695      206.188
      16.144      129.600      107.883      205.289
      16.244      129.600      107.078      204.523
      16.345      139.600      106.273      203.758
      16.445      139.600      105.469      202.867
      16.545      139.600      104.660      202.094
      16.645      129.700      103.809      201.262
      16.746      129.700      102.949      200.422
      16.846      139.600      102.148      199.535
      16.946      139.600      101.316      198.734
      17.047      139.600      100.430      197.848
      17.147      129.700       99.578      197.016
      17.247      139.700       98.762      196.238
      17.347      149.700       97.801      195.254
      17.447      139.600       96.887      194.332
      17.548      129.600       95.945      193.371
      17.648      139.600       95.016      192.430
      17.748      139.600       94.195      191.641
      17.849      139.600       93.250      190.676
      17.949      149.700       92.289      189.688
      18.049      139.600       91.367      188.758
      18.149      139.600       90.445      187.828
      18.250      139.700       89.508      186.996
      18.350      149.700       88.547      186.012
      18.450      129.700       87.617      185.066
      18.550      139.700       86.703      184.148
      18.651      139.600       85.773      183.207
      18.751      149.600       84.820      182.230
      18.851      139.700       83.832      181.203
      18.951      139.600       82.926      180.293
      19.052      139.700       81.988      179.465
      19.152      139.600       81.008      178.453
      19.252      139.600       80.031      177.441
      19.353      149.600       79.125      176.531
      19.453      129.600       78.148      175.523
      19.553      149.600       77.172      174.645
      19.653      139.700       76.215      173.660
      19.754      139.700       75.293      172.730
      19.854      139.600       74.387      171.816
      19.954      149.600       73.469      170.891
      20.054      129.700       72.527      169.934
      20.155      149.700       71.582      168.969
      20.255      139.700       70.602      168.082
      20.355      139.700       69.656      167.117
      20.455      139.600       68.730      166.176
      20.555      139.600       67.805      165.238
      20.656      139.700       66.898      164.332
      20.756      139.700       65.977      163.402
      20.856      149.700       65.012      162.410
      20.956      139.700       64.168      161.586
      21.057      139.600       63.266      160.684
      21.157      139.600       62.293      159.680
      21.257      139.700       61.328      158.812
      21.357      139.700       60.414      157.895
      21.458      139.700       59.508      156.984
      21.558      139.700       58.602      156.074
      21.658      149.600       57.660      155.117
      21.758      139.700       56.688      154.113
      21.859      139.700       55.727      153.121
      21.959      139.700       54.766      152.137
      22.059      139.600       54.062      151.488
      22.159      149.700       54.676      152.133
      22.260      139.600       55.270      152.648
      22.360      149.600       55.910      153.293
      22.460      129.700       56.527      153.938
      22.560      149.600       57.117      154.582
      22.661      139.600       57.770      155.227
      22.761      139.700       58.414      155.871
      22.861      149.600       59.055      156.516
      22.961      139.700       59.691      157.160
      23.062      159.600       60.336      157.805
      23.162      139.700       60.984      158.449
      23.262      139.700       61.625      159.094
      23.362      139.700       62.266      159.738
      23.462      149.600       62.891      160.383
      23.563      149.600       63.535      161.027
      23.663      149.700       64.184      161.672
      23.763      139.700       64.840      162.316
      23.863      139.700       65.484      162.961
      23.964      149.700       66.141      163.605
      24.064      139.600       66.785      164.250
      24.164      139.700       67.418      164.895
      24.264      139.600       68.031      165.410
      24.365      149.700       68.684      166.055
      24.465      139.600       69.344      166.828
      24.565      139.700       70.004      167.473
      24.665      149.500       70.629      168.117
      24.766      139.600       71.285      168.762
      24.866      149.700       71.941      169.406
      24.966      139.700       72.605      170.051
      25.066      139.700       73.262      170.695
      25.167      139.700       73.902      171.340
      25.267      139.600       74.516      171.984
      25.367      139.600       75.152      172.629
      25.467      149.600       75.797      173.273
      25.568      139.600       76.441      173.918
      25.668      149.600       77.082      174.562
      25.768      139.600       77.648      175.078
      25.869      139.600       78.254      175.723
      25.969      149.600       78.863      176.238
      26.069      129.600       79.492      176.883
      26.169      149.600       80.137      177.527
      26.270      139.600       80.738      178.172
      26.370      149.500       81.320      178.688
      26.470      139.500       81.902      179.332
      26.571      139.600       82.516      179.977
      26.671      139.700       83.121      180.492
      26.771      139.700       83.734      181.137
      26.871      149.500       84.344      181.781
      26.972      149.500       84.965      182.426
      27.072      139.500       85.570      182.941
      27.172      139.600       86.207      183.586
      27.273      139.600       86.805      184.230
      27.373      149.500       87.402      184.875
      27.473      139.600       88.031      185.520
      27.574      159.500       88.664      186.035
      27.674      139.600       88.984      186.422
      27.774      139.600       89.023      186.422
      27.875      129.600       89.059      186.551
      27.975      149.600       89.094      186.551
      28.075      129.600       89.121      186.551
      28.175      139.600       89.160      186.551
      28.276      139.500       89.191      186.680
      28.376      139.600       89.227      186.680
      28.476      139.700       89.258      186.680
      28.577      139.700       89.297      186.680
      28.677      149.700       89.328      186.809
      28.777      129.700       89.367      186.809
      28.877      139.600       89.391      186.809
      28.978      139.600       89.430      186.809
      29.078      139.700       89.457      186.938
      29.178      139.600       89.492      186.938
      29.278      139.700       89.523      186.938
      29.379      139.700       89.547      186.938
      29.479      139.600       89.590      187.066
      29.579      139.600       89.621      187.066
      29.679      129.700       89.652      187.066
      29.780      149.700       89.684      187.066
      29.880      139.700       89.723      187.195
      29.980      139.600       89.754      187.195
      30.080      149.600       89.789      187.195
      30.181      139.600       89.812      187.195
      30.281      139.600       89.852      187.324
      30.381      139.700       89.883      187.324
      30.481      139.700       89.918      187.324
      30.581      149.600       89.945      187.324
      30.682      139.600       89.984      187.453
      30.782      129.600       90.008      187.453
      30.882      139.600       90.043      187.453
      30.983      129.600       90.070      187.453
      31.083      149.500       90.102      187.582
      31.183      129.700       90.141      187.582
      31.284      139.600       90.172      187.582
      31.384      139.600       90.203      187.582
      31.484      149.500       90.234      187.711
      31.584      139.600       90.273      187.711
      31.685      139.700       90.301      187.711
      31.785      129.700       90.332      187.711
      31.885      149.500       90.367      187.840
      31.986      139.600       90.391      187.840
      32.086      139.600       90.430      187.840
      32.186      139.600       90.461      187.840
      32.286      139.600       90.496      187.969
      32.387      139.600       90.523      187.969
      32.487      139.600       90.562      187.969
      32.587      139.600       90.590      187.969
      32.688      139.600       90.621      188.098
      32.788      139.600       90.652      188.098
      32.888      139.700       90.695      188.098
      32.988      139.600       90.730      188.098
      33.089      139.600       90.766      188.227
      33.189      139.600       90.801      188.227
      33.289      139.600       90.824      188.227
      33.389      129.700       90.863      188.355
      33.490      149.500       90.895      188.355
      33.590      139.600       90.934      188.355
      33.690      139.600       90.965      188.355
      33.791      129.600       90.984      188.355
      33.891      149.600       90.984      188.355
      33.991      149.600       90.984      188.355
      34.091      139.600       90.984      188.355
      34.192      139.700       90.984      188.355
      34.292      139.600       90.984      188.355
      34.392      149.500       90.984      188.355
      34.493      129.600       90.984      188.355
      34.593      149.600       90.984      188.355
      34.693      139.700       90.984      188.355
      34.793      139.600       90.984      188.355
      34.894      139.600       90.984      188.355
      34.994      139.600       90.984      188.355
      35.094      149.600       90.984      188.355
      35.195      139.700       90.984      188.355
      35.295      139.600       90.984      188.355
      35.395      139.600       90.984      188.355
      35.495      149.600       90.984      188.355
      35.596      139.600       90.984      188.355
      35.696      139.600       90.984      188.355
      35.796      139.600       90.984      188.355
      35.897      149.600       90.984      188.355
      35.997      129.600       90.984      188.355
      36.097      149.500       90.984      188.355
      36.197      139.600       90.984      188.355
      36.298      129.600       90.984      188.355
      36.398      149.300       90.984      188.355
      36.499      139.500       90.984      188.355
      36.599      139.500       90.984      188.355
      36.699      149.400       90.984      188.355
      36.800      129.600       90.984      188.355
      36.900      149.500       90.984      188.355
      37.000      129.500       90.984      188.355
      37.101      139.600       90.984      188.355
      37.201      149.700       90.984      188.355
      37.301      139.600       90.984      188.355
      37.401      139.600       90.984      188.355
      37.502      139.600       90.984      188.355
      37.602      149.600       90.984      188.355
      37.702      139.500       90.984      188.355
      37.803      139.600       90.984      188.355
      37.903      149.500       90.984      188.355
      38.003      129.600       90.984      188.355
      38.104      149.500       90.984      188.355
      38.204      139.300       90.984      188.355
      38.305      139.200       90.984      188.355
      38.405      139.600       90.984      188.355
      38.505      129.600       90.984      188.355
      38.606      149.500       90.984      188.355
      38.707      138.300       90.984      188.355
      38.807      139.200       90.984      188.355
      38.908      139.600       90.984      188.355
      39.008      139.600       90.984      188.355
      39.108      129.600       90.984      188.355
      39.209      158.700       90.984      188.355
      39.310      139.500       90.984      188.355
      39.410      139.600       90.984      188.355
      39.510      139.600       90.984      188.355
      39.610      139.600       90.984      188.355
      39.711      138.800       90.984      188.355
      39.812      149.300       90.984      188.355
      39.912      139.600       90.984      188.355
      40.012      139.500       90.984      188.355
      40.113      149.600       90.984      188.355
      40.213      129.600       90.984      188.355
      40.313      149.600       90.984      188.355
      40.413      139.600       90.984      188.355
      40.514      139.600       90.984      188.355
      40.614      139.600       90.984      188.355
      40.714      139.500       90.984      188.355
      40.815      149.600       90.984      188.355
      40.915      139.600       90.984      188.355
      41.015      129.600       90.984      188.355
      41.116      149.600       90.984      188.355
      41.216      139.600       90.984      188.355
      41.316      139.600       90.984      188.355
      41.416      139.600       90.984      188.355
      41.517      149.600       90.984      188.355
      41.617      139.600       90.984      188.355
      41.717      139.600       90.984      188.355
      41.817      139.700       90.984      188.355
      41.918      149.700       90.984      188.355
      42.018      139.600       90.984      188.355
      42.118      129.600       90.984      188.355
      42.218      139.600       90.984      188.355
      42.319      139.600       90.984      188.355
      42.419      139.600       90.984      188.355
      42.519      149.600       90.984      188.355
      42.620      139.600       90.984      188.355
      42.720      139.600       90.984      188.355
      42.820      149.600       90.984      188.355
      42.920      139.600       90.984      188.355
      43.021      129.600       90.984      188.355
      43.121      149.600       90.984      188.355
      43.221      139.600       90.984      188.355
      43.322      139.600       90.984      188.355
      43.422      149.600       90.984      188.355
      43.522      139.600       90.984      188.355
      43.622      149.600       90.984      188.355
      43.723      139.600       90.984      188.355
      43.823      139.600       90.984      188.355
      43.923      149.500       90.984      188.355
      44.024      129.500       90.984      188.355
      44.124      149.600       90.984      188.355
      44.224      129.600       90.984      188.355
      44.324      149.600       90.984      188.355
      44.425      139.700       90.984      188.355
      44.525      139.600       90.984      188.355
      44.625      149.600       90.984      188.355
      44.726      129.600       90.984      188.355
      44.826      139.600       90.984      188.355
      44.926      149.600       90.984      188.355
      45.026      139.400       90.984      188.355
      45.127      139.500       90.984      188.355
      45.227      139.600       90.984      188.355
      45.327      139.500       90.984      188.355
      45.428      149.600       90.984      188.355
      45.528      139.600       90.984      188.355
      45.628      139.500       90.984      188.355
      45.729      139.500       90.984      188.355
      45.829      139.600       90.984      188.355
      45.929      149.600       90.984      188.355
      46.030      139.600       90.984      188.355
      46.130      139.600       90.984      188.355
      46.230      129.600       90.984      188.355
      46.331      159.500       90.984      188.355
      46.431      139.600       90.984      188.355
      46.531      139.600       90.984      188.355
      46.631      149.600       90.984      188.355
      46.732      129.600       90.984      188.355
      46.832      149.500       90.984      188.355
      46.932      139.700       90.984      188.355
      47.032      139.700       90.984      188.355
      47.133      139.600       90.984      188.355
      47.233      139.600       90.984      188.355
      47.333      139.600       90.984      188.355
      47.434      149.500       90.984      188.355
      47.534      139.500       90.984      188.355
      47.634      139.700       90.984      188.355
      47.735      139.600       90.984      188.355
      47.835      149.600       90.984      188.355
      47.935      139.600       90.984      188.355
      48.035      139.400       90.984      188.355
      48.136      149.600       90.984      188.355
      48.236      139.600       90.984      188.355
      48.336      139.600       90.984      188.355
      48.437      149.600       90.984      188.355
      48.537      139.600       90.984      188.355
      48.637      139.600       90.984      188.355
      48.738      139.600       90.984      188.355
      48.838      139.600       90.984      188.355
      48.938      139.700       90.984      188.355
      49.038      139.600       90.984      188.355
      49.139      149.600       90.984      188.355
      49.239      139.600       90.984      188.355
      49.339      149.600       90.984      188.355
      49.440      139.600       90.984      188.355
      49.540      139.500       90.984      188.355
      49.640      139.700       90.984      188.355
      49.740      139.600       90.984      188.355
      49.841      139.600       90.984      188.355
      49.941      139.600       90.984      188.355
      50.041      139.600       90.984      188.355
      50.142      139.700       90.984      188.355
      50.242      149.600       90.984      188.355
      50.342      149.600       90.984      188.355
      50.442      129.600       90.984      188.355
      50.543      149.500       90.984      188.355
      50.643      139.700       90.984      188.355
      50.743      149.600       90.984      188.355
      50.844      129.700       90.984      188.355
      50.944      139.700       90.984      188.355
      51.044      149.500       90.984      188.355
      51.144      139.600       90.984      188.355
      51.245      139.600       90.984      188.355
      51.345      149.600       90.984      188.355
      51.445      139.600       90.984      188.355
      51.546      139.500       90.984      188.355
      51.646      139.500       90.984      188.355
      51.746      149.600       90.984      188.355
      51.847      139.700       90.984      188.355
      51.947      139.600       90.984      188.355
      52.047      139.600       90.984      188.355
      52.147      139.600       90.984      188.355
      52.248      149.500       90.984      188.355
      52.348      139.600       90.984      188.355
      52.448      149.500       90.984      188.355
      52.549      149.500       90.984      188.355
      52.649      129.600       90.984      188.355
      52.749      139.600       90.984      188.355
      52.849      149.600       90.984      188.355
      52.950      139.600       90.984      188.355
      53.050      139.600       90.984      188.355
      53.150      149.700       90.984      188.355
      53.251      139.600       90.984      188.355
      53.351      139.600       90.984      188.355
      53.451      139.600       90.984      188.355
      53.551      139.600       90.984      188.355
      53.652      149.600       90.984      188.355
      53.752      139.500       90.984      188.355
      53.852      139.600       90.984      188.355
      53.953      139.600       90.984      188.355
      54.053      149.500       90.984      188.355
      54.153      139.700       90.984      188.355
      54.253      139.600       90.984      188.355
      54.354      149.600       90.984      188.355
      54.454      139.600       90.984      188.355
      54.554      139.500       90.984      188.355
      54.655      139.500       90.984      188.355
      54.755      139.500       90.984      188.355
      54.855      139.600       90.984      188.355
      54.956      149.500       90.984      188.355
      55.056      129.600       90.984      188.355
      55.156      159.600       90.984      188.355
      55.256      139.600       90.984      188.355
      55.357      139.600       90.984      188.355
      55.457      149.500       90.984      188.355
      55.557      129.600       90.984      188.355
      55.658      149.600       90.984      188.355
      55.758      139.600       90.984      188.355
      55.858      129.600       90.984      188.355
      55.959      149.600       90.984      188.355
      56.059      139.600       90.984      188.355
      56.159      139.600       90.984      188.355
      56.259      139.600       90.984      188.355
      56.360      149.600       90.984      188.355
      56.460      139.600       90.984      188.355
      56.560      139.600       90.984      188.355
      56.661      139.600       90.984      188.355
      56.761      139.600       90.984      188.355
      56.861      149.600       90.984      188.355
      56.962      139.400       90.984      188.355
      57.062      129.300       90.984      188.355
      57.162      149.600       90.984      188.355
      57.263      149.500       90.984      188.355
      57.363      139.600       90.984      188.355
      57.463      139.200       90.984      188.355
      57.564      139.000       90.984      188.355
      57.665      139.600       90.984      188.355
      57.765      149.500       90.984      188.355
      57.865      139.700       90.984      188.355
      57.966      138.900       90.984      188.355
      58.066      139.500       90.984      188.355
      58.167      149.600       90.984      188.355
      58.267      129.600       90.984      188.355
      58.367      149.600       90.984      188.355
      58.468      149.300       90.984      188.355
      58.568      129.600       90.984      188.355
      58.668      149.600       90.984      188.355
      58.768      139.600       90.984      188.355
      58.869      139.600       90.984      188.355
      58.969      129.100       90.984      188.355
      59.070      149.600       90.984      188.355
      59.170      139.700       90.984      188.355
      59.270      139.600       90.984      188.355
      59.371      149.600       90.984      188.355
      59.471      129.600       90.984      188.355
      59.571      139.600       90.984      188.355
      59.671      149.700       90.984      188.355
      59.772      149.600       90.984      188.355
      59.872      139.700       90.984      188.355
      59.972      129.600       90.984      188.355
      60.072      149.500       90.984      188.355
      60.173      139.600       90.984      188.355
      60.273      139.600       90.984      188.355
      60.373      139.700       90.984      188.355
      60.474      149.600       90.984      188.355
      60.574      129.700       90.984      188.355
      60.674      149.600       90.984      188.355
      60.774      139.500       90.984      188.355
      60.875      149.600       90.984      188.355
      60.975      139.600       90.984      188.355
      61.075      139.700       90.984      188.355
      61.175      139.700       90.984      188.355
      61.276      139.600       90.984      188.355
      61.376      139.700       90.984      188.355
      61.476      139.600       90.984      188.355
      61.577      149.600       90.984      188.355
      61.677      139.700       90.984      188.355
      61.777      139.600       90.984      188.355
      61.877      139.600       90.984      188.355
      61.978      149.500       90.984      188.355
      62.078      139.600       90.984      188.355
      62.178      139.700       90.984      188.355
      62.278      139.600       90.984      188.355
      62.379      149.600       90.984      188.355
      62.479      139.600       90.984      188.355
      62.579      139.600       90.984      188.355
      62.679      149.600       90.984      188.355
      62.780      139.600       90.984      188.355
      62.880      139.600       90.984      188.355
      62.980      139.600       90.984      188.355
      63.081      139.500       90.984      188.355
      63.181      139.600       90.984      188.355
      63.281      149.600       90.984      188.355
      63.382      149.600       90.984      188.355
      63.482      139.600       90.984      188.355
      63.582      129.700       90.984      188.355
      63.682      149.600       90.984      188.355
      63.783      139.600       90.984      188.355
      63.883      139.600       90.984      188.355
      63.983      139.600       90.984      188.355
      64.084      139.600       90.984      188.355
      64.184      149.600       90.984      188.355
      64.284      139.600       90.984      188.355
      64.384      139.600       90.984      188.355
      64.485      139.500       90.984      188.355
      64.585      139.600       90.984      188.355
      64.685      149.700       90.984      188.355
      64.785      139.600       90.984      188.355
      64.886      149.500       90.984      188.355
      64.986      129.600       90.984      188.355
      65.086      149.500       90.984      188.355
      65.187      139.600       90.984      188.355
      65.287      139.600       90.984      188.355
      65.387      139.600       90.984      188.355
      65.488      139.600       90.984      188.355
      65.588      139.600       90.984      188.355
      65.688      139.700       90.984      188.355
      65.788      139.600       90.984      188.355
      65.889      149.600       90.984      188.355
      65.989      139.600       90.984      188.355
      66.089      149.500       90.984      188.355
      66.189      129.700       90.984      188.355
      66.290      149.600       90.984      188.355
      66.390      139.600       90.984      188.355
      66.490      139.500       90.984      188.355
      66.591      149.600       90.984      188.355
      66.691      139.600       90.984      188.355
      66.791      139.600       90.984      188.355
      66.891      139.600       90.984      188.355
      66.992      139.600       90.984      188.355
      67.092      149.600       90.984      188.355
      67.192      129.700       90.984      188.355
      67.293      149.600       90.984      188.355
      67.393      139.600       90.984      188.355
      67.493      129.600       90.984      188.355
      67.593      139.700       90.984      188.355
      67.694      149.700       90.984      188.355
      67.794      139.600       90.984      188.355
      67.894      139.500       90.984      188.355
      67.994      139.500       90.984      188.355
      68.095      149.600       90.984      188.355
      68.195      129.700       90.984      188.355
      68.295      149.600       90.984      188.355
      68.396      139.600       90.984      188.355
      68.496      139.600       90.984      188.355
      68.596      139.600       90.984      188.355
      68.696      149.600       90.984      188.355
      68.797      129.600       90.984      188.355
      68.897      139.400       90.984      188.355
      68.997      149.500       90.984      188.355
      69.098      139.600       90.984      188.355
      69.198      139.600       90.984      188.355
      69.298      139.500       90.984      188.355
      69.399      139.500       90.984      188.355
      69.499      129.600       90.984      188.355
      69.599      139.500       90.984      188.355
      69.700      149.500       90.984      188.355
      69.800      139.600       90.984      188.355
      69.900      139.500       90.984      188.355
      70.001      129.600       90.984      188.355
      70.101      139.600       90.984      188.355
      70.201      149.600       90.984      188.355
      70.302      139.600       90.984      188.355
      70.402      139.500       90.984      188.355
      70.502      139.500       90.984      188.355
      70.603      139.700       90.984      188.355
      70.703      149.700       90.984      188.355
      70.803      139.600       90.984      188.355
      70.903      139.600       90.984      188.355
      71.004      129.600       90.984      188.355
      71.104      149.700       90.984      188.355
      71.204      149.700       90.984      188.355
      71.304      129.600       90.984      188.355
      71.405      139.600       90.984      188.355
      71.505      139.600       90.984      188.355
      71.605      139.600       90.984      188.355
      71.706      139.600       90.984      188.355
      71.806      139.600       90.984      188.355
      71.906      139.600       90.984      188.355
      72.007      149.500       90.984      188.355
      72.107      139.600       90.984      188.355
      72.207      139.700       90.984      188.355
      72.307      139.600       90.984      188.355
      72.408      139.600       90.984      188.355
      72.508      139.600       90.984      188.355
      72.608      139.600       90.984      188.355
      72.708      149.600       90.984      188.355
      72.809      129.600       90.984      188.355
      72.909      149.500       90.984      188.355
      73.009      129.600       90.984      188.355
      73.110      149.600       90.984      188.355
      73.210      139.700       90.984      188.355
      73.310      139.600       90.984      188.355
      73.410      139.600       90.984      188.355
      73.511      149.500       90.984      188.355
      73.611      139.600       90.984      188.355
      73.711      139.700       90.984      188.355
      73.811      139.600       90.984      188.355
      73.912      149.500       90.984      188.355
      74.012      139.600       90.984      188.355
      74.112      139.600       90.984      188.355
      74.213      139.700       90.984      188.355
      74.313      149.600       90.984      188.355
      74.413      139.600       90.984      188.355
      74.513      139.500       90.984      188.355
      74.614      139.700       90.984      188.355
      74.714      149.700       90.984      188.355
      74.814      129.700       90.984      188.355
      74.914      139.600       90.984      188.355
      75.015      149.500       90.984      188.355
      75.115      139.600       90.984      188.355
      75.215      149.700       90.984      188.355
      75.316      139.600       90.984      188.355
      75.416      139.500       90.984      188.355
      75.516      139.600       90.984      188.355
      75.616      149.700       90.984      188.355
      75.717      139.600       90.984      188.355
      75.817      129.600       90.984      188.355
      75.917      149.600       90.984      188.355
      76.018      139.600       90.984      188.355
      76.118      139.600       90.984      188.355
      76.218      139.700       90.984      188.355
      76.318      149.600       90.984      188.355
      76.419      149.600       90.984      188.355
      76.519      139.600       90.984      188.355
      76.619      129.600       90.984      188.355
      76.720      149.000       90.984      188.355
      76.820      139.300       90.984      188.355
      76.921      149.500       90.984      188.355
      77.021      129.600       90.984      188.355
      77.121      149.500       90.984      188.355
      77.222      138.400       90.984      188.355
      77.323      149.400       90.984      188.355
      77.423      139.600       90.984      188.355
      77.523      139.600       90.984      188.355
      77.624      139.600       90.984      188.355
      77.724      149.300       90.984      188.355
      77.824      139.600       90.984      188.355
      77.925      139.600       90.984      188.355
      78.025      139.500       90.984      188.355
      78.125      149.500       90.984      188.355
      78.226      139.400       90.984      188.355
      78.326      139.500       90.984      188.355
      78.427      139.600       90.984      188.355
      78.527      139.600       90.984      188.355
      78.627      139.500       90.984      188.355
      78.728      139.300       90.984      188.355
      78.828      139.400       90.984      188.355
      78.928      149.500       90.984      188.355
      79.029      139.500       90.984      188.355
      79.129      129.500       90.984      188.355
      79.231      137.400       90.984      188.355
      79.331      149.300       90.984      188.355
      79.432      129.600       90.984      188.355
      79.532      149.500       90.984      188.355
      79.632      139.700       90.984      188.355
      79.733      139.600       90.984      188.355
      79.833      139.600       90.984      188.355
      79.933      139.600       90.984      188.355
      80.034      129.600       90.984      188.355
      80.134      149.600       90.984      188.355
      80.234      139.600       90.984      188.355
      80.334      139.600       90.984      188.355
      80.435      149.600       90.984      188.355
      80.535      139.600       90.984      188.355
      80.635      139.600       90.984      188.355
      80.735      139.600       90.984      188.355
      80.836      139.600       90.984      188.355
      80.936      149.600       90.984      188.355
      81.036      129.600       90.984      188.355
      81.137      149.600       90.984      188.355
      81.237      149.600       90.984      188.355
      81.337      129.700       90.984      188.355
      81.438      149.600       90.984      188.355
      81.538      139.600       90.984      188.355
      81.638      139.600       90.984      188.355
      81.738      139.600       90.984      188.355
      81.839      139.700       90.984      188.355
      81.939      149.600       90.984      188.355
      82.039      139.500       90.984      188.355
      82.140      139.600       90.984      188.355
      82.240      149.600       90.984      188.355
      82.340      139.600       90.984      188.355
      82.440      139.600       90.984      188.355
      82.541      129.600       90.984      188.355
      82.641      149.600       90.984      188.355
      82.741      139.600       90.984      188.355
      82.842      149.500       90.984      188.355
      82.942      139.600       90.984      188.355
      83.042      139.600       90.984      188.355
      83.142      139.600       90.984      188.355
      83.243      139.600       90.984      188.355
      83.343      139.600       90.984      188.355
      83.443      149.600       90.984      188.355
      83.544      139.500       90.984      188.355
      83.644      139.600       90.984      188.355
      83.744      139.600       90.984      188.355
      83.844      139.600       90.984      188.355
      83.945      149.600       90.984      188.355
      84.045      139.600       90.984      188.355
      84.145      139.700       90.984      188.355
      84.246      129.700       90.984      188.355
      84.346      139.600       90.984      188.355
      84.446      139.600       90.984      188.355
      84.546      139.600       90.984      188.355
      84.647      139.600       90.984      188.355
      84.747      149.500       90.984      188.355
      84.847      129.700       90.984      188.355
      84.948      159.600       90.984      188.355
      85.048      129.600       90.984      188.355
      85.148      139.700       90.984      188.355
      85.248      139.600       90.984      188.355
      85.349      149.600       90.984      188.355
      85.449      139.600       90.984      188.355
      85.549      149.500       90.984      188.355
      85.649      129.700       90.984      188.355
      85.750      139.600       90.984      188.355
      85.850      149.500       90.984      188.355
      85.950      129.600       90.984      188.355
      86.051      139.600       90.984      188.355
      86.151      139.700       90.984      188.355
      86.251      139.600       90.984      188.355
      86.351      149.500       90.984      188.355
      86.452      139.600       90.984      188.355
      86.552      139.600       90.984      188.355
      86.652      139.600       90.984      188.355
      86.753      139.600       90.984      188.355
      86.853      139.600       90.984      188.355
      86.953      139.600       90.984      188.355
      87.053      139.600       90.984      188.355
      87.154      139.600       90.984      188.355
      87.254      129.600       90.984      188.355
      87.354      139.700       90.984      188.355
      87.454      149.600       90.984      188.355
      87.555      139.500       90.984      188.355
      87.655      129.600       90.984      188.355
      87.755      149.500       90.984      188.355
      87.856      129.700       90.984      188.355
      87.956      149.600       90.984      188.355
      88.056      129.600       90.984      188.355
      88.157      139.700       90.984      188.355
      88.257      139.600       90.984      188.355
      88.357      139.700       90.984      188.355
      88.457      139.600       90.984      188.355
      88.558      139.600       90.984      188.355
      88.658      139.700       90.984      188.355
      88.758      139.600       90.984      188.355
      88.858      139.600       90.984      188.355
      88.959      129.600       90.984      188.355
      89.059      149.600       90.984      188.355
      89.159      129.700       90.984      188.355
      89.259      149.700       90.984      188.355
      89.360      139.700       90.984      188.355
      89.460      139.600       90.984      188.355
      89.560      129.600       90.984      188.355
      89.661      139.600       90.984      188.355
      89.761      149.500       90.984      188.355
      89.861      139.600       90.984      188.355
      89.962      139.600       90.984      188.355
      90.062      139.500       90.984      188.355
      90.162      129.600       90.984      188.355
      90.262      149.500       90.984      188.355
      90.363      139.600       90.984      188.355
      90.463      129.700       90.984      188.355
      90.563      149.600       90.984      188.355
      90.664      129.600       90.984      188.355
      90.764      149.500       90.984      188.355
      90.864      139.600       90.984      188.355
      90.964      139.600       90.984      188.355
      91.065      129.500       90.984      188.355
      91.165      149.400       90.984      188.355
      91.266      129.500       90.984      188.355
      91.366      139.600       90.984      188.355
      91.466      139.600       90.984      188.355
      91.566      139.600       90.984      188.355
      91.667      149.600       90.984      188.355
      91.767      129.600       90.984      188.355
      91.867      149.500       90.984      188.355
      91.968      139.600       90.984      188.355
      92.068      139.600       90.984      188.355
      92.168      139.600       90.984      188.355
      92.268      129.600       90.984      188.355
      92.369      139.700       90.984      188.355
      92.469      149.600       90.984      188.355
      92.569      139.600       90.984      188.355
      92.670      139.600       90.984      188.355
      92.770      139.600       90.984      188.355
      92.870      129.600       90.984      188.355
      92.970      139.500       90.984      188.355
      93.071      129.600       90.984      188.355
      93.171      129.700       90.984      188.355
      93.271      139.600       90.984      188.355
      93.372      129.700       90.984      188.355
      93.472      139.600       90.984      188.355
      93.572      129.600       90.984      188.355
      93.672      139.600       90.984      188.355
      93.773      139.600       90.984      188.355
      93.873      129.600       90.984      188.355
      93.973      139.600       90.984      188.355
      94.073      139.600       90.984      188.355
      94.174      129.700       90.984      188.355
      94.274      139.600       90.984      188.355
      94.374      129.600       90.984      188.355
      94.475      139.500       90.984      188.355
      94.575      129.600       90.984      188.355
      94.675      139.600       90.984      188.355
      94.776      129.600       90.984      188.355
      94.876      139.600       90.984      188.355
      94.976      129.000       90.984      188.355
      95.077      139.300       90.984      188.355
      95.178      139.600       90.984      188.355
      95.278      129.600       90.984      188.355
      95.378      139.600       90.984      188.355
      95.479      129.100       90.984      188.355
      95.579      139.400       90.984      188.355
      95.680      129.700       90.984      188.355
      95.780      139.400       90.984      188.355
      95.880      139.500       90.984      188.355
      95.981      128.600       90.984      188.355
      96.082      139.300       90.984      188.355
      96.182      139.600       90.984      188.355
      96.282      119.600       90.984      188.355
      96.383      149.600       90.984      188.355
      96.484      128.400       90.984      188.355
      96.584      139.500       90.984      188.355
      96.685      129.600       90.984      188.355
      96.785      139.600       90.984      188.355
      96.885      129.700       90.984      188.355
      96.985      139.600       90.984      188.355
      97.086      129.600       90.984      188.355
      97.186      129.700       90.984      188.355
      97.286      139.600       90.984      188.355
      97.387      139.600       90.984      188.355
      97.487      129.600       90.984      188.355
      97.587      139.600       90.984      188.355
      97.687      129.700       90.984      188.355
      97.788      139.600       90.984      188.355
      97.888      139.600       90.984      188.355
      97.988      129.600       90.984      188.355
      98.089      129.600       90.984      188.355
      98.189      139.500       90.984      188.355
      98.289      139.500       90.984      188.355
      98.390      129.500       90.984      188.355
      98.490      129.500       90.984      188.355
      98.590      139.500       90.984      188.355
      98.691      139.500       90.984      188.355
      98.791      129.600       90.984      188.355
      98.891      139.600       90.984      188.355
      98.992      129.600       90.984      188.355
      99.092      129.600       90.984      188.355
      99.192      139.600       90.984      188.355
      99.293      129.600       90.984      188.355
      99.393      139.600       90.984      188.355
      99.493      129.600       90.984      188.355
      99.593      139.500       90.984      188.355
      99.694      139.600       90.984      188.355
      99.794      139.600       90.984      188.355
      99.894      139.600       90.984      188.355
      99.995      139.600       90.984      188.355
     100.095      139.600       90.984      188.355
     100.195      149.600       90.984      188.355
     100.296      139.600       90.984      188.355
     100.396      139.600       90.984      188.355
     100.496      139.600       90.984      188.355
     100.596      139.500       90.984      188.355
     100.697      149.600       90.984      188.355
     100.797      129.600       90.984      188.355
     100.897      139.600       90.984      188.355
     100.998      139.600       90.984      188.355
     101.098      149.500       90.984      188.355
     101.198      139.600       90.984      188.355
     101.299      139.600       90.984      188.355
     101.399      129.700       90.984      188.355
     101.499      149.600       90.984      188.355
     101.599      139.600       90.984      188.355
     101.700      139.500       90.984      188.355
     101.800      139.500       90.984      188.355
     101.900      149.500       90.984      188.355
     102.001      129.600       90.984      188.355
     102.101      149.600       90.984      188.355
     102.201      139.600       90.984      188.355
     102.302      139.600       90.984      188.355
     102.402      139.600       90.984      188.355
     102.502      139.500       90.984      188.355
     102.602      139.600       90.984      188.355
     102.703      139.600       90.984      188.355
     102.803      139.600       90.984      188.355
     102.903      139.600       90.984      188.355
     103.004      139.600       90.984      188.355
     103.104      149.500       90.984      188.355
     103.204      139.600       90.984      188.355
     103.304      139.600       90.984      188.355
     103.405      139.600       90.984      188.355
     103.505      139.600       90.984      188.355
     103.605      149.500       90.984      188.355
     103.706      129.700       90.984      188.355
     103.806      149.600       90.984      188.355
     103.906      129.700       90.984      188.355
     104.006      149.500       90.984      188.355
     104.107      139.600       90.984      188.355
     104.207      139.600       90.984      188.355
     104.307      129.600       90.984      188.355
     104.408      149.600       90.984      188.355
     104.508      139.500       90.984      188.355
     104.608      139.500       90.984      188.355
     104.709      149.500       90.984      188.355
     104.809      129.600       90.984      188.355
     104.909      139.600       90.984      188.355
     105.009      139.600       90.984      188.355
     105.110      139.200       90.984      188.355
     105.210      139.400       90.984      188.355
     105.311      129.500       90.984      188.355
     105.411      149.400       90.984      188.355
     105.512      129.500       90.984      188.355
     105.612      139.400       90.984      188.355
     105.712      149.400       90.984      188.355
     105.813      129.300       90.984      188.355
     105.913      139.400       90.984      188.355
     106.014      129.500       90.984      188.355
     106.114      139.500       90.984      188.355
     106.215      139.400       90.984      188.355
     106.315      139.400       90.984      188.355
     106.415      139.400       90.984      188.355
     106.516      129.500       90.984      188.355
     106.616      139.500       90.984      188.355
     106.717      139.500       90.984      188.355
     106.817      129.500       90.984      188.355
     106.917      149.300       90.984      188.355
     107.018      129.400       90.984      188.355
     107.118      139.300       90.984      188.355
     107.219      149.300       90.984      188.355
     107.319      129.400       90.984      188.355
     107.420      139.500       90.984      188.355
     107.520      129.600       90.984      188.355
     107.620      139.600       90.984      188.355
     107.721      129.500       90.984      188.355
     107.821      139.500       90.984      188.355
     107.921      139.500       90.984      188.355
     108.022      139.500       90.984      188.355
     108.122      139.600       90.984      188.355
     108.222      139.600       90.984      188.355
     108.323      129.600       90.984      188.355
     108.423      139.500       90.984      188.355
     108.523      129.600       90.984      188.355
     108.624      139.500       90.984      188.355
     108.724      139.500       90.984      188.355
     108.824      149.500       90.984      188.355
     108.925      129.600       90.984      188.355
     109.025      139.600       90.984      188.355
     109.125      139.600       90.984      188.355
     109.225      139.600       90.984      188.355
     109.326      139.600       90.984      188.355
     109.426      139.600       90.984      188.355
     109.526      139.500       90.984      188.355
     109.627      139.600       90.984      188.355
     109.727      129.700       90.984      188.355
     109.827      149.600       90.984      188.355
     109.928      139.600       90.984      188.355
     110.028      129.600       90.984      188.355
     110.128      139.600       90.984      188.355
     110.228      139.600       90.984      188.355
     110.329      139.500       90.984      188.355
     110.429      139.500       90.984      188.355
     110.529      139.600       90.984      188.355
     110.630      139.500       90.984      188.355
     110.730      129.600       90.984      188.355
     110.830      139.600       90.984      188.355
     110.931      139.600       90.984      188.355
     111.031      129.500       90.984      188.355
     111.131      139.600       90.984      188.355
     111.232      139.600       90.984      188.355
     111.332      139.500       90.984      188.355
     111.432      139.600       90.984      188.355
     111.533      129.600       90.984      188.355
     111.633      139.500       90.984      188.355
     111.733      129.200       90.984      188.355
     111.834      139.400       90.984      188.355
     111.934      139.600       90.984      188.355
     112.035      139.600       90.984      188.355
     112.135      139.600       90.984      188.355
     112.235      129.300       90.984      188.355
