# Elapsed time   CPU (%)     Real (MB)   Virtual (MB)
       0.000        0.000       16.246      290.711
       0.100       99.700      263.555      290.711
       0.201       99.700      263.555      290.711
       0.301       99.700      263.555      290.711
       0.401       99.600      263.555      290.711
       0.502       99.600      263.555      290.711
       0.602       99.500      263.555      290.711
       0.703       99.400      263.555      290.711
       0.803       99.400      263.555      290.711
       0.904       99.500      263.555      290.711
       1.004       99.600      263.555      290.711
       1.105       99.600      263.555      290.711
       1.205       99.500      263.555      290.711
       1.306       99.300      263.555      290.711
       1.407       99.300      263.555      290.711
       1.507       99.400      263.555      290.711
       1.608       99.400      263.555      290.711
       1.709       99.000      263.555      290.711
       1.810       99.500      263.555      290.711
       1.910       99.500      263.555      290.711
       2.011       99.500      263.555      290.711
       2.111       99.400      263.555      290.711
       2.212       99.500      263.555      290.711
       2.312       99.500      263.555      290.711
       2.413       99.400      263.555      290.711
       2.513       99.400      263.555      290.711
       2.614       99.500      263.555      290.711
       2.714       99.500      263.555      290.711
       2.815       99.200      263.555      290.711
       2.916       99.300      263.555      290.711
       3.016       99.400      263.555      290.711
       3.117       99.400      263.555      290.711
       3.218       99.500      263.555      290.711
       3.318       99.500      263.555      290.711
       3.419       99.500      263.555      290.711
       3.519       99.400      263.555      290.711
       3.620       99.500      263.555      290.711
       3.720       99.400      263.555      290.711
       3.821       99.500      263.555      290.711
       3.921       99.400      263.555      290.711
       4.022       99.400      263.555      290.711
       4.123       89.500      263.555      290.711
       4.223       99.300      263.555      290.711
       4.324       99.400      263.555      290.711
       4.424       99.500      263.555      290.711
       4.525       99.200      263.555      290.711
       4.626       99.300      263.555      290.711
       4.726       99.400      263.555      290.711
       4.827       99.400      263.555      290.711
       4.928       99.500      263.555      290.711
       5.028       99.300      263.555      290.711
       5.129       99.400      263.555      290.711
       5.230       99.400      263.555      290.711
       5.330       99.500      263.555      290.711
       5.431       99.300      263.555      290.711
       5.531       99.400      263.555      290.711
       5.632       99.400      263.555      290.711
       5.733       99.400      263.555      290.711
       5.833       99.300      263.555      290.711
       5.934       99.500      263.555      290.711
       6.034       99.500      263.555      290.711
       6.135       99.500      263.555      290.711
       6.235       99.300      263.555      290.711
       6.336       99.400      263.555      290.711
       6.437       99.400      263.555      290.711
       6.537       99.500      263.555      290.711
       6.638       99.500      263.555      290.711
       6.738       99.500      263.555      290.711
       6.839       99.400      263.555      290.711
       6.939       99.400      263.555      290.711
       7.040       99.500      263.555      290.711
       7.140       99.500      263.555      290.711
       7.241       89.500      263.555      290.711
       7.341       99.400      263.555      290.711
       7.442       99.400      263.555      290.711
       7.543       99.300      263.555      290.711
       7.643       99.300      263.555      290.711
       7.744       99.400      263.555      290.711
       7.845       99.400      263.555      290.711
       7.945       99.500      263.555      290.711
       8.046       99.500      263.555      290.711
       8.146       99.400      263.555      290.711
       8.247       99.500      263.555      290.711
       8.347       99.500      263.555      290.711
       8.448       99.600      263.555      290.711
       8.548       99.500      263.555      290.711
       8.649       99.500      263.555      290.711
       8.749       99.300      263.555      290.711
       8.850       99.200      263.555      290.711
       8.951       99.300      263.555      290.711
       9.051       99.400      263.555      290.711
       9.152       99.400      263.555      290.711
       9.253       99.400      263.555      290.711
       9.353       99.500      263.555      290.711
       9.454       99.500      263.555      290.711
       9.554       99.500      263.555      290.711
       9.655       99.500      263.555      290.711
       9.755       99.500      263.555      290.711
       9.856       99.300      263.555      290.711
       9.956       99.400      263.555      290.711
      10.057       99.300      263.555      290.711
      10.158       99.500      263.555      290.711
      10.258       99.400      263.555      290.711
      10.359       89.600      263.555      290.711
      10.459      109.400      263.555      290.711
      10.560       99.500      263.555      290.711
      10.661       89.500      263.555      290.711
      10.761       99.500      263.555      290.711
      10.862       99.500      263.555      290.711
      10.962       99.500      263.555      290.711
      11.063       99.500      263.555      290.711
      11.163       99.500      263.555      290.711
      11.264       99.400      263.555      290.711
      11.364       99.300      263.555      290.711
      11.465       99.400      263.555      290.711
      11.565       99.400      263.555      290.711
      11.666       99.400      263.555      290.711
      11.767       99.500      263.555      290.711
      11.867       99.500      263.555      290.711
      11.968       99.500      263.555      290.711
      12.068       99.400      263.555      290.711
      12.169       99.500      263.555      290.711
      12.269       99.500      263.555      290.711
      12.370       99.400      263.555      290.711
      12.470       99.500      263.555      290.711
      12.571       99.400      263.555      290.711
      12.672       99.200      263.555      290.711
      12.772       99.300      263.555      290.711
      12.873       99.400      263.555      290.711
      12.974       99.400      263.555      290.711
      13.074       99.400      263.555      290.711
      13.175       99.300      263.555      290.711
      13.276       99.300      263.555      290.711
      13.376       99.300      263.555      290.711
      13.477       99.300      263.555      290.711
      13.578       99.300      263.555      290.711
      13.678       99.400      263.555      290.711
      13.779       99.400      263.555      290.711
      13.880       99.400      263.555      290.711
      13.980       99.300      263.555      290.711
      14.081       99.400      263.555      290.711
      14.181       99.400      263.555      290.711
      14.282       89.500      263.555      290.711
      14.382      109.500      263.555      290.711
      14.483       99.300      263.555      290.711
      14.584       89.400      263.555      290.711
      14.684       99.400      263.555      290.711
      14.785       99.500      263.555      290.711
      14.885       99.500      263.555      290.711
      14.986       99.400      263.555      290.711
      15.087       99.500      263.555      290.711
      15.187       99.500      263.555      290.711
      15.288       99.300      263.555      290.711
      15.388       99.500      263.555      290.711
      15.489       99.500      263.555      290.711
      15.589       99.400      263.555      290.711
      15.690       99.200      263.555      290.711
      15.791       99.300      263.555      290.711
      15.891       99.400      263.555      290.711
      15.992       99.400      263.555      290.711
      16.093       99.500      263.555      290.711
      16.193       99.400      263.555      290.711
      16.294       99.200      263.555      290.711
      16.395       99.400      263.555      290.711
      16.495       99.400      263.555      290.711
      16.596       99.500      263.555      290.711
      16.696       99.300      263.555      290.711
      16.797       99.500      263.555      290.711
      16.898       99.400      263.555      290.711
      16.998       99.400      263.555      290.711
      17.099       99.300      263.555      290.711
      17.199       99.400      263.555      290.711
      17.300       99.400      263.555      290.711
      17.401       99.400      263.555      290.711
      17.501       99.500      263.555      290.711
      17.602       99.500      263.555      290.711
      17.702       99.500      263.555      290.711
      17.803       99.600      263.555      290.711
      17.903       99.400      263.555      290.711
      18.004       99.400      263.555      290.711
      18.104       99.400      263.555      290.711
      18.205       99.400      263.555      290.711
      18.306       99.400      263.555      290.711
      18.406       99.400      263.555      290.711
      18.507       99.400      263.555      290.711
      18.607       99.500      263.555      290.711
      18.708       99.500      263.555      290.711
      18.808       99.500      263.555      290.711
      18.909       99.400      263.555      290.711
      19.010       99.500      263.555      290.711
      19.110       99.500      263.555      290.711
      19.211       99.300      263.555      290.711
      19.311       99.500      263.555      290.711
      19.412       99.400      263.555      290.711
      19.512       99.500      263.555      290.711
      19.613       89.600      263.555      290.711
      19.713       99.500      263.555      290.711
      19.814       99.500      263.555      290.711
      19.914       99.500      263.555      290.711
      20.015       99.600      263.555      290.711
      20.115       99.500      263.555      290.711
      20.216       99.400      263.555      290.711
      20.316       99.500      263.555      290.711
      20.417       99.500      263.555      290.711
      20.517       99.500      263.555      290.711
      20.618       99.300      263.555      290.711
      20.719       99.400      263.555      290.711
      20.819       99.500      263.555      290.711
      20.920       99.600      263.555      290.711
      21.020       99.600      263.555      290.711
      21.120       99.500      263.555      290.711
      21.221       99.600      263.555      290.711
      21.321       99.500      263.555      290.711
      21.422       99.300      263.555      290.711
      21.523       99.400      263.555      290.711
      21.623       99.400      263.555      290.711
      21.724       99.200      263.555      290.711
      21.825       99.400      263.555      290.711
      21.925       99.300      263.555      290.711
      22.026       99.300      263.555      290.711
      22.127       99.400      263.555      290.711
      22.227       99.400      263.555      290.711
      22.328       99.500      263.555      290.711
      22.428       99.500      263.555      290.711
      22.529       99.400      263.555      290.711
      22.629       99.500      263.555      290.711
      22.730       99.600      263.555      290.711
      22.830       99.600      263.555      290.711
      22.931       99.600      263.555      290.711
      23.031       99.600      263.555      290.711
      23.131       99.600      263.555      290.711
      23.232       99.600      263.555      290.711
      23.332       99.600      263.555      290.711
      23.433       89.500      263.555      290.711
      23.533       99.400      263.555      290.711
      23.634      109.400      263.555      290.711
      23.734       89.500      263.555      290.711
      23.835       99.400      263.555      290.711
      23.936       99.500      263.555      290.711
      24.036       99.500      263.555      290.711
      24.137       99.500      263.555      290.711
      24.237       99.500      263.555      290.711
      24.338       99.300      263.555      290.711
      24.439       99.400      263.555      290.711
      24.539       99.400      263.555      290.711
      24.640       99.400      263.555      290.711
      24.740       99.400      263.555      290.711
      24.841       99.500      263.555      290.711
      24.941       99.400      263.555      290.711
      25.042       99.500      263.555      290.711
      25.142       99.500      263.555      290.711
      25.243       99.500      263.555      290.711
      25.343       99.400      263.555      290.711
      25.444       99.400      263.555      290.711
      25.545       99.400      263.555      290.711
      25.645       99.300      263.555      290.711
      25.746       99.300      263.555      290.711
      25.847       99.400      263.555      290.711
      25.947       99.300      263.555      290.711
      26.048       99.400      263.555      290.711
      26.148       99.400      263.555      290.711
      26.249       99.400      263.555      290.711
      26.350       99.500      263.555      290.711
      26.450       99.500      263.555      290.711
      26.551       99.500      263.555      290.711
      26.651       99.600      263.555      290.711
      26.751       99.600      263.555      290.711
      26.852       99.600      263.555      290.711
      26.952       99.500      263.555      290.711
      27.053       99.400      263.555      290.711
      27.153       99.400      263.555      290.711
      27.254       99.400      263.555      290.711
      27.355       99.500      263.555      290.711
      27.455       99.400      263.555      290.711
      27.556       99.500      263.555      290.711
      27.656       99.600      263.555      290.711
      27.757       99.600      263.555      290.711
      27.857       89.600      263.555      290.711
      27.957       99.400      263.555      290.711
      28.058       99.400      263.555      290.711
      28.159       99.400      263.555      290.711
      28.259       99.400      263.555      290.711
      28.360       99.400      263.555      290.711
      28.460       99.600      263.555      290.711
      28.561       99.600      263.555      290.711
      28.661       99.600      263.555      290.711
      28.762       99.500      263.555      290.711
      28.862       99.500      263.555      290.711
      28.963       99.600      263.555      290.711
      29.063       99.500      263.555      290.711
      29.164       99.500      263.555      290.711
      29.264       99.500      263.555      290.711
      29.365       99.500      263.555      290.711
      29.465       99.600      263.555      290.711
      29.566       99.500      263.555      290.711
      29.666       99.400      263.555      290.711
      29.767       99.500      263.555      290.711
      29.867       99.600      263.555      290.711
      29.967       99.600      263.555      290.711
      30.068       99.600      263.555      290.711
      30.168       99.500      263.555      290.711
      30.269       99.600      263.555      290.711
      30.369       99.500      263.555      290.711
      30.470       99.500      263.555      290.711
      30.570       99.500      263.555      290.711
      30.671       99.600      263.555      290.711
      30.771       99.600      263.555      290.711
      30.872       89.500      263.555      290.711
      30.972      109.400      263.555      290.711
      31.073       89.600      263.555      290.711
      31.173       99.600      263.555      290.711
      31.273       99.600      263.555      290.711
      31.374       99.600      263.555      290.711
      31.474       99.500      263.555      290.711
      31.575       99.400      263.555      290.711
      31.676       99.400      263.555      290.711
      31.776       99.500      263.555      290.711
      31.877       99.500      263.555      290.711
      31.977       99.300      263.555      290.711
      32.078       99.400      263.555      290.711
      32.178       99.200      263.555      290.711
      32.280       99.000      263.555      290.711
      32.380       99.500      263.555      290.711
      32.481       99.500      263.555      290.711
      32.581       99.500      263.555      290.711
      32.682       99.500      263.555      290.711
      32.782       99.500      263.555      290.711
      32.883       99.500      263.555      290.711
      32.983       99.500      263.555      290.711
      33.084       99.400      263.555      290.711
      33.184       99.400      263.555      290.711
      33.285       99.400      263.555      290.711
      33.386       99.300      263.555      290.711
      33.486       99.400      263.555      290.711
      33.587       99.500      263.555      290.711
      33.687       99.600      263.555      290.711
      33.788       99.500      263.555      290.711
      33.888       99.500      263.555      290.711
      33.989       99.500      263.555      290.711
      34.089       99.500      263.555      290.711
      34.190       99.500      263.555      290.711
      34.291       99.400      263.555      290.711
      34.391       99.300      263.555      290.711
      34.492       99.400      263.555      290.711
      34.592       99.400      263.555      290.711
      34.693       99.600      263.555      290.711
      34.793       99.600      263.555      290.711
      34.894       99.600      263.555      290.711
      34.994       99.400      263.555      290.711
      35.095       99.500      263.555      290.711
      35.195       99.500      263.555      290.711
      35.296       99.500      263.555      290.711
      35.396       99.500      263.555      290.711
      35.497       99.600      263.555      290.711
      35.597       99.500      263.555      290.711
      35.698       99.500      263.555      290.711
      35.798       99.300      263.555      290.711
      35.899       99.300      263.555      290.711
      36.000       99.400      263.555      290.711
      36.100       99.400      263.555      290.711
      36.201       99.500      263.555      290.711
      36.301       99.500      263.555      290.711
      36.402       89.600      263.555      290.711
      36.502       99.500      263.555      290.711
      36.603       99.600      263.555      290.711
      36.703       99.500      263.555      290.711
      36.804       99.600      263.555      290.711
      36.904       99.600      263.555      290.711
      37.004       99.600      263.555      290.711
      37.105       99.600      263.555      290.711
      37.205       99.500      263.555      290.711
      37.306       99.600      263.555      290.711
      37.406       99.600      263.555      290.711
      37.507       99.600      263.555      290.711
      37.607       99.500      263.555      290.711
      37.708       99.500      263.555      290.711
      37.808       99.400      263.555      290.711
      37.909       99.300      263.555      290.711
      38.009       99.600      263.555      290.711
      38.110       99.600      263.555      290.711
      38.210       99.700      263.555      290.711
      38.310       99.600      263.555      290.711
      38.411       99.600      263.555      290.711
      38.511       99.600      263.555      290.711
      38.612       99.600      263.555      290.711
      38.712       99.500      263.555      290.711
      38.813       99.400      263.555      290.711
      38.913       99.400      263.555      290.711
      39.014       99.400      263.555      290.711
      39.114       99.500      263.555      290.711
      39.215       99.500      263.555      290.711
      39.315       99.500      263.555      290.711
      39.416       99.500      263.555      290.711
      39.516       99.500      263.555      290.711
      39.617       99.500      263.555      290.711
      39.717       99.500      263.555      290.711
      39.818       99.400      263.555      290.711
      39.918       99.300      263.555      290.711
      40.019       99.300      263.555      290.711
      40.120       99.400      263.555      290.711
      40.220       99.400      263.555      290.711
      40.321       99.400      263.555      290.711
      40.422       99.300      263.555      290.711
      40.522       99.300      263.555      290.711
      40.623       99.500      263.555      290.711
      40.723       99.500      263.555      290.711
      40.824       99.500      263.555      290.711
      40.924       99.500      263.555      290.711
      41.025       99.500      263.555      290.711
      41.126       99.500      263.555      290.711
      41.226       99.400      263.555      290.711
      41.327       89.600      263.555      290.711
      41.427       99.300      263.555      290.711
      41.528       99.400      263.555      290.711
      41.628       99.500      263.555      290.711
      41.729       99.500      263.555      290.711
      41.830       99.400      263.555      290.711
      41.930       99.400      263.555      290.711
      42.031       99.500      263.555      290.711
      42.131       99.500      263.555      290.711
      42.232       99.500      263.555      290.711
      42.332       99.500      263.555      290.711
      42.433       99.500      263.555      290.711
      42.533       99.400      263.555      290.711
      42.634       99.500      263.555      290.711
      42.734       99.400      263.555      290.711
      42.835       99.400      263.555      290.711
      42.935       99.500      263.555      290.711
      43.036       99.500      263.555      290.711
      43.137       99.400      263.555      290.711
      43.237       99.400      263.555      290.711
      43.338       99.500      263.555      290.711
      43.438       99.500      263.555      290.711
      43.539       99.500      263.555      290.711
      43.639       99.500      263.555      290.711
      43.740       98.300      263.555      290.711
      43.842       99.500      263.555      290.711
      43.942       99.600      263.555      290.711
      44.042       99.600      263.555      290.711
      44.143       99.600      263.555      290.711
      44.243       99.600      263.555      290.711
      44.344       99.600      263.555      290.711
      44.444       99.500      263.555      290.711
      44.545       99.500      263.555      290.711
      44.645       99.500      263.555      290.711
      44.746       99.500      263.555      290.711
      44.846       99.400      263.555      290.711
      44.947       99.400      263.555      290.711
      45.047       99.300      263.555      290.711
      45.148       99.500      263.555      290.711
      45.248       99.500      263.555      290.711
      45.349       99.500      263.555      290.711
      45.450       99.400      263.555      290.711
      45.550       99.400      263.555      290.711
      45.651       99.400      263.555      290.711
      45.751       99.400      263.555      290.711
      45.852       99.500      263.555      290.711
      45.952       99.500      263.555      290.711
      46.053       99.500      263.555      290.711
      46.154       99.400      263.555      290.711
      46.254       99.500      263.555      290.711
      46.355       99.500      263.555      290.711
      46.455       99.300      263.555      290.711
      46.556       99.300      263.555      290.711
      46.657       99.400      263.555      290.711
      46.757       99.500      263.555      290.711
      46.858       99.500      263.555      290.711
      46.958       99.500      263.555      290.711
      47.059       99.400      263.555      290.711
      47.159       99.500      263.555      290.711
      47.260       99.500      263.555      290.711
      47.360       99.500      263.555      290.711
      47.461       99.400      263.555      290.711
      47.561       99.500      263.555      290.711
      47.662       99.500      263.555      290.711
      47.762       99.500      263.555      290.711
      47.863       99.500      263.555      290.711
      47.963       99.500      263.555      290.711
      48.064       89.500      263.555      290.711
      48.164      109.300      263.555      290.711
      48.265       89.500      263.555      290.711
      48.365       99.500      263.555      290.711
      48.466       99.500      263.555      290.711
      48.566       99.500      263.555      290.711
      48.667       99.400      263.555      290.711
      48.768       99.500      263.555      290.711
      48.868       99.500      263.555      290.711
      48.969       99.500      263.555      290.711
      49.069       99.500      263.555      290.711
      49.170       99.500      263.555      290.711
      49.270       99.500      263.555      290.711
      49.371       99.500      263.555      290.711
      49.471       99.500      263.555      290.711
      49.572       99.500      263.555      290.711
      49.672       99.500      263.555      290.711
      49.773       99.500      263.555      290.711
      49.873       99.400      263.555      290.711
      49.974       99.400      263.555      290.711
      50.074       99.500      263.555      290.711
      50.175       99.500      263.555      290.711
      50.276       99.500      263.555      290.711
      50.376       99.500      263.555      290.711
      50.477       99.500      263.555      290.711
      50.577       99.500      263.555      290.711
      50.678       99.500      263.555      290.711
      50.778       99.500      263.555      290.711
      50.879       99.500      263.555      290.711
      50.979       99.500      263.555      290.711
      51.080       99.500      263.555      290.711
      51.180       99.500      263.555      290.711
      51.281       99.300      263.555      290.711
      51.381       99.500      263.555      290.711
      51.482       99.500      263.555      290.711
      51.582       99.400      263.555      290.711
      51.683       99.500      263.555      290.711
      51.783       99.500      263.555      290.711
      51.884       99.500      263.555      290.711
      51.984       99.500      263.555      290.711
      52.085       99.500      263.555      290.711
      52.186       99.500      263.555      290.711
      52.286       99.500      263.555      290.711
      52.387       99.500      263.555      290.711
      52.487       99.500      263.555      290.711
      52.588       99.500      263.555      290.711
      52.688       99.400      263.555      290.711
      52.789       99.500      263.555      290.711
      52.889       99.500      263.555      290.711
      52.990       89.500      263.555      290.711
      53.090       99.500      263.555      290.711
      53.191       99.300      263.555      290.711
      53.292       99.400      263.555      290.711
      53.392       99.400      263.555      290.711
      53.493       99.500      263.555      290.711
      53.593       99.400      263.555      290.711
      53.694       99.500      263.555      290.711
      53.794       99.400      263.555      290.711
      53.895       99.400      263.555      290.711
      53.996       99.500      263.555      290.711
      54.096       99.500      263.555      290.711
      54.197       99.500      263.555      290.711
      54.297       99.400      263.555      290.711
      54.398       99.500      263.555      290.711
      54.498       99.500      263.555      290.711
      54.599       99.500      263.555      290.711
      54.699       99.500      263.555      290.711
      54.800       99.500      263.555      290.711
      54.900       99.500      263.555      290.711
      55.001       99.500      263.555      290.711
      55.101       99.500      263.555      290.711
      55.202       99.500      263.555      290.711
      55.302       99.500      263.555      290.711
      55.403       99.500      263.555      290.711
      55.503       99.500      263.555      290.711
      55.604       99.500      263.555      290.711
      55.704       99.500      263.555      290.711
      55.805       99.500      263.555      290.711
      55.905       99.500      263.555      290.711
      56.006       99.500      263.555      290.711
      56.106       99.500      263.555      290.711
      56.207       99.500      263.555      290.711
      56.307       99.500      263.555      290.711
      56.408       99.300      263.555      290.711
      56.509       99.400      263.555      290.711
      56.609       99.400      263.555      290.711
      56.710       99.400      263.555      290.711
      56.810       99.500      263.555      290.711
      56.911       99.500      263.555      290.711
      57.011       99.500      263.555      290.711
      57.112       99.500      263.555      290.711
      57.212       99.500      263.555      290.711
      57.313       99.500      263.555      290.711
      57.414       99.500      263.555      290.711
      57.514       99.400      263.555      290.711
      57.615       99.400      263.555      290.711
      57.715       99.400      263.555      290.711
      57.816       99.500      263.555      290.711
      57.916       99.500      263.555      290.711
      58.017       99.500      263.555      290.711
      58.117       99.500      263.555      290.711
      58.218       99.400      263.555      290.711
      58.318       99.400      263.555      290.711
      58.419       99.400      263.555      290.711
      58.520       89.500      263.555      290.711
      58.620       99.500      263.555      290.711
      58.721       99.500      263.555      290.711
      58.821       99.400      263.555      290.711
      58.922       99.400      263.555      290.711
      59.022       99.400      263.555      290.711
      59.123       99.500      263.555      290.711
      59.223       99.500      263.555      290.711
      59.324       99.500      263.555      290.711
      59.424       99.500      263.555      290.711
      59.525       99.500      263.555      290.711
      59.626       99.500      263.555      290.711
      59.726       99.500      263.555      290.711
      59.827       99.500      263.555      290.711
      59.927       99.400      263.555      290.711
      60.028       99.400      263.555      290.711
      60.128       99.500      263.555      290.711
      60.229       99.500      263.555      290.711
      60.329       99.500      263.555      290.711
      60.430       99.400      263.555      290.711
      60.530       99.400      263.555      290.711
      60.631       99.500      263.555      290.711
      60.731       99.400      263.555      290.711
      60.832       99.500      263.555      290.711
      60.933       99.500      263.555      290.711
      61.033       99.500      263.555      290.711
      61.134       99.500      263.555      290.711
      61.234       99.300      263.555      290.711
      61.335       99.300      263.555      290.711
      61.435       99.400      263.555      290.711
      61.536       99.400      263.555      290.711
      61.637       99.500      263.555      290.711
      61.737       99.500      263.555      290.711
      61.838       99.400      263.555      290.711
      61.938       99.400      263.555      290.711
      62.039       99.500      263.555      290.711
      62.139       99.500      263.555      290.711
      62.240       99.500      263.555      290.711
      62.340       99.400      263.555      290.711
      62.441       99.400      263.555      290.711
      62.542       99.400      263.555      290.711
      62.642       99.400      263.555      290.711
      62.743       99.400      263.555      290.711
      62.843       99.400      263.555      290.711
      62.944       99.400      263.555      290.711
      63.044       99.400      263.555      290.711
      63.145       99.500      263.555      290.711
      63.245       99.500      263.555      290.711
      63.346       99.400      263.555      290.711
      63.447       99.300      263.555      290.711
      63.547       99.400      263.555      290.711
      63.648       99.400      263.555      290.711
      63.748       99.400      263.555      290.711
      63.849       99.300      263.555      290.711
      63.950       99.400      263.555      290.711
      64.050       99.500      263.555      290.711
      64.151       99.400      263.555      290.711
      64.251       99.500      263.555      290.711
      64.352       99.400      263.555      290.711
      64.453       99.500      263.555      290.711
      64.553       99.500      263.555      290.711
      64.654       99.500      263.555      290.711
      64.754       89.500      263.555      290.711
      64.855       99.500      263.555      290.711
      64.955       99.400      263.555      290.711
      65.056       99.400      263.555      290.711
      65.156       99.500      263.555      290.711
      65.257       99.500      263.555      290.711
      65.357       99.500      263.555      290.711
      65.458       99.400      263.555      290.711
      65.558       99.300      263.555      290.711
      65.659       99.500      263.555      290.711
      65.760       99.300      263.555      290.711
      65.860       99.400      263.555      290.711
      65.961       99.500      263.555      290.711
      66.061       99.500      263.555      290.711
      66.162       99.500      263.555      290.711
      66.262       99.400      263.555      290.711
      66.363       99.500      263.555      290.711
      66.464       99.400      263.555      290.711
      66.564       99.300      263.555      290.711
      66.665       99.400      263.555      290.711
      66.766       99.400      263.555      290.711
      66.866       99.500      263.555      290.711
      66.967       99.500      263.555      290.711
      67.067       99.400      263.555      290.711
      67.168       99.400      263.555      290.711
      67.268       99.500      263.555      290.711
      67.369       99.500      263.555      290.711
      67.469       99.500      263.555      290.711
      67.570       99.500      263.555      290.711
      67.670       99.500      263.555      290.711
      67.771       99.500      263.555      290.711
      67.871       99.500      263.555      290.711
      67.972       99.400      263.555      290.711
      68.072       99.500      263.555      290.711
      68.173       99.500      263.555      290.711
      68.273       99.400      263.555      290.711
      68.374       99.500      263.555      290.711
      68.475       99.500      263.555      290.711
      68.575       99.500      263.555      290.711
      68.676       99.400      263.555      290.711
      68.776       99.400      263.555      290.711
      68.877       99.300      263.555      290.711
      68.978       99.400      263.555      290.711
      69.078       99.500      263.555      290.711
      69.179       99.400      263.555      290.711
      69.279       99.400      263.555      290.711
      69.380       99.400      263.555      290.711
      69.481       99.500      263.555      290.711
      69.581       99.500      263.555      290.711
      69.682       99.500      263.555      290.711
      69.782       99.400      263.555      290.711
      69.883       89.500      263.555      290.711
      69.983       99.400      263.555      290.711
      70.084       99.400      263.555      290.711
      70.184       99.500      263.555      290.711
      70.285       99.400      263.555      290.711
      70.386       99.400      263.555      290.711
      70.486       99.400      263.555      290.711
      70.587       99.500      263.555      290.711
      70.687       99.500      263.555      290.711
      70.788       99.500      263.555      290.711
      70.888       99.500      263.555      290.711
      70.989       99.500      263.555      290.711
      71.089       99.300      263.555      290.711
      71.190       99.400      263.555      290.711
      71.291       99.400      263.555      290.711
      71.391       99.500      263.555      290.711
      71.492       99.500      263.555      290.711
      71.592       99.500      263.555      290.711
      71.693       99.400      263.555      290.711
      71.794       99.300      263.555      290.711
      71.894       99.400      263.555      290.711
      71.995       99.400      263.555      290.711
      72.095       99.500      263.555      290.711
      72.196       99.400      263.555      290.711
      72.297       99.300      263.555      290.711
      72.397       99.300      263.555      290.711
      72.498       99.400      263.555      290.711
      72.599       99.300      263.555      290.711
      72.699       99.400      263.555      290.711
      72.800       99.400      263.555      290.711
      72.900       99.300      263.555      290.711
      73.001       99.400      263.555      290.711
      73.102       99.500      263.555      290.711
      73.202       99.400      263.555      290.711
      73.303       99.400      263.555      290.711
      73.403       99.300      263.555      290.711
      73.504       99.300      263.555      290.711
      73.605       99.400      263.555      290.711
      73.705       99.400      263.555      290.711
      73.806       99.500      263.555      290.711
      73.906       99.500      263.555      290.711
      74.007       99.400      263.555      290.711
      74.108       99.400      263.555      290.711
      74.208       99.400      263.555      290.711
      74.309       99.500      263.555      290.711
      74.409       99.500      263.555      290.711
      74.510       99.400      263.555      290.711
      74.610       99.200      263.555      290.711
      74.711       99.400      263.555      290.711
      74.812       99.500      263.555      290.711
      74.912       99.500      263.555      290.711
      75.013       99.500      263.555      290.711
      75.113       99.300      263.555      290.711
      75.214       99.400      263.555      290.711
      75.315       99.400      263.555      290.711
      75.415       99.400      263.555      290.711
      75.516       99.500      263.555      290.711
      75.616       99.500      263.555      290.711
      75.717       99.200      263.555      290.711
      75.818       99.300      263.555      290.711
      75.918       99.400      263.555      290.711
      76.019       99.400      263.555      290.711
      76.119       99.300      263.555      290.711
      76.220       99.400      263.555      290.711
      76.321       99.500      263.555      290.711
      76.421       99.500      263.555      290.711
      76.522       99.500      263.555      290.711
      76.622       99.500      263.555      290.711
      76.723       99.500      263.555      290.711
      76.823       99.500      263.555      290.711
      76.924       89.500      263.555      290.711
      77.024       99.400      263.555      290.711
      77.125       99.500      263.555      290.711
      77.225       99.500      263.555      290.711
      77.326       99.500      263.555      290.711
      77.426       99.400      263.555      290.711
      77.527       99.500      263.555      290.711
      77.627       99.500      263.555      290.711
      77.728       99.400      263.555      290.711
      77.828       99.500      263.555      290.711
      77.929       99.500      263.555      290.711
      78.029       99.500      263.555      290.711
      78.130       99.500      263.555      290.711
