# Elapsed time   CPU (%)     Real (MB)   Virtual (MB)
       0.000        0.000        9.922       61.227
       0.100      398.700       11.074       62.148
       0.201      389.100       12.242       63.160
       0.301      399.200       13.496       64.723
       0.401      399.100       14.715       65.945
       0.501      399.200       15.953       67.184
       0.602      388.900       17.109       68.023
       0.702      398.700       18.254       69.484
       0.802      398.800       19.422       70.652
       0.902      399.000       20.613       71.844
       1.003      399.200       21.852       73.078
       1.103      388.900       23.059       73.973
       1.203      388.900       24.234       75.465
       1.303      408.800       25.418       76.648
       1.404      378.900       30.051       81.227
       1.504       99.700       30.051       81.227
       1.604       99.700       30.051       81.227
       1.705       99.700       30.051       81.227
       1.805       99.700       30.051       81.227
       1.905       99.700       30.051       81.227
       2.005       99.700       30.051       81.227
       2.106       99.700       30.051       81.227
       2.206       99.800       30.051       81.227
       2.306       99.600       30.051       81.227
       2.407       99.800       30.051       81.227
       2.507       99.700       30.051       81.227
       2.607       99.700       30.051       81.227
       2.708       99.800       30.051       81.227
       2.808       99.800       30.051       81.227
       2.908       99.800       30.051       81.227
       3.008       99.600       30.051       81.227
       3.109       99.700       30.051       81.227
       3.209       99.700       30.051       81.227
       3.309       99.700       30.051       81.227
       3.410       99.800       30.051       81.227
       3.510       99.800       30.051       81.227
       3.610      119.600       30.055       81.227
       3.710       99.700       30.055       81.227
       3.811       99.800       30.055       81.227
       3.911       99.800       30.055       81.227
       4.011       99.800       30.055       81.227
       4.111       99.700       30.055       81.227
       4.212       99.800       30.055       81.227
       4.312       99.700       30.055       81.227
       4.412       99.800       30.055       81.227
       4.512       99.800       30.055       81.227
       4.613      109.700       30.059       81.227
       4.713       99.700       30.059       81.227
       4.813       99.700       30.059       81.227
       4.913       99.700       30.059       81.227
       5.014       99.700       30.059       81.227
       5.114       99.700       30.059       81.227
       5.214       99.700       30.059       81.227
       5.314       99.800       30.059       81.227
       5.415       99.800       30.059       81.227
       5.515       99.500       30.059       81.227
       5.615       99.700       30.059       81.227
       5.716      119.700       30.062       81.227
       5.816       99.700       30.062       81.227
       5.916       99.800       30.062       81.227
       6.016       99.800       30.062       81.227
       6.117       99.700       30.062       81.227
       6.217      109.700       30.062       81.227
       6.317       99.800       30.062       81.227
       6.417       99.700       30.062       81.227
       6.518       99.700       30.062       81.227
       6.618       99.700       30.062       81.227
       6.718       99.700       30.062       81.227
       6.819      119.700       30.066       81.227
       6.919       99.800       30.066       81.227
       7.019       99.800       30.066       81.227
       7.119       99.700       30.066       81.227
       7.220       99.700       30.066       81.227
       7.320      109.700       30.066       81.227
       7.420       99.700       30.066       81.227
       7.520       99.700       30.066       81.227
       7.621       99.700       30.066       81.227
       7.721       99.800       30.066       81.227
       7.821      119.700       30.070       81.227
       7.921       99.700       30.070       81.227
       8.022       99.500       30.070       81.227
       8.122      119.700       30.074       81.227
       8.222       89.700       30.074       81.227
       8.323       99.700       30.074       81.227
       8.423      119.800       30.078       81.227
       8.523       99.700       30.078       81.227
       8.624      119.700       30.082       81.227
       8.724       99.800       30.082       81.227
       8.824       99.800       30.082       81.227
       8.924      109.800       30.082       81.227
       9.025       99.500       30.082       81.227
       9.125       99.700       30.082       81.227
       9.225      119.700       30.086       81.227
       9.325       99.800       30.086       81.227
       9.426      109.800       30.086       81.227
       9.526       99.800       30.086       81.227
       9.626      109.700       30.086       81.227
       9.726      109.700       30.090       81.227
       9.827       99.700       30.090       81.227
       9.927       99.800       30.090       81.227
      10.027      119.800       30.094       81.227
      10.127      109.700       30.098       81.227
      10.228      119.700       30.102       81.227
      10.328       99.700       30.102       81.227
      10.428      109.700       30.102       81.227
      10.528      119.700       30.105       81.227
      10.629      119.700       30.105       81.227
      10.729       99.800       30.105       81.227
      10.829      109.700       30.113       81.227
      10.929      119.700       30.117       81.227
      11.030      109.700       30.121       81.227
      11.130       99.700       30.121       81.227
      11.230      119.700       30.121       81.227
      11.330      119.700       30.121       81.227
      11.431       99.600       30.121       81.227
      11.531      109.600       30.125       81.227
      11.631      119.700       30.129       81.227
      11.732      109.700       30.133       81.227
      11.832       99.800       30.133       81.227
      11.932      119.700       30.137       81.227
      12.032      119.600       30.141       81.227
      12.133      109.600       30.141       81.227
      12.233      119.700       30.145       81.227
      12.333      129.700       30.148       81.227
      12.434      109.700       30.152       81.227
      12.534      129.600       30.160       81.227
      12.634      119.700       30.160       81.227
      12.734      109.700       30.164       81.227
      12.835      129.700       30.168       81.227
      12.935      119.700       30.172       81.227
      13.035      129.700       30.180       81.227
      13.136      119.700       30.180       81.227
      13.236      129.600       30.184       81.227
      13.336      109.700       30.191       81.227
      13.436      139.700       30.199       81.227
      13.537      109.700       30.199       81.227
      13.637      139.600       30.203       81.227
      13.737      109.700       30.207       81.227
      13.837      129.600       30.215       81.227
      13.938      119.700       30.219       81.227
      14.038      129.700       30.223       81.227
      14.138      119.700       30.223       81.227
      14.238      129.700       30.230       81.227
      14.339      129.700       30.238       81.227
      14.439      149.400       30.242       81.227
      14.539      149.400       30.254       81.227
      14.640      149.600       30.262       81.227
      14.740      149.600       30.273       81.227
      14.840      149.600       30.277       81.227
      14.940      149.600       30.289       81.227
      15.041      149.400       30.297       81.227
      15.141      139.500       30.305       81.227
      15.241      149.500       30.316       81.227
      15.342      139.500       30.320       81.227
      15.442      149.500       30.332       81.227
      15.543      149.300       30.340       81.227
      15.643      139.400       30.348       81.227
      15.743      149.500       30.355       81.227
      15.844      149.500       30.363       81.227
      15.944      149.500       30.375       81.227
      16.044      139.500       30.379       81.227
      16.145      149.600       30.391       81.227
      16.245      149.600       30.398       81.227
      16.345      149.500       30.410       81.227
      16.446      149.500       30.414       81.227
      16.546      189.400       30.434       81.227
      16.646      189.400       30.438       81.227
      16.747      199.500       30.438       81.227
      16.847      199.600       30.441       81.227
      16.947      189.300       30.445       81.227
      17.048      199.100       30.449       81.227
      17.148      189.400       30.453       81.227
      17.248      199.500       30.457       81.227
      17.348      199.600       30.461       81.227
      17.449      189.500       30.465       81.227
      17.549      199.400       30.465       81.227
      17.649      199.300       30.469       81.227
      17.750      199.300       30.473       81.227
      17.850      189.300       30.477       81.227
      17.950      199.400       30.480       81.227
      18.051      199.400       30.484       81.355
      18.151      189.600       30.488       81.355
      18.251      199.500       30.492       81.355
      18.351      199.300       30.496       81.355
      18.452      199.300       30.496       81.355
      18.552      189.400       30.500       81.355
      18.652      229.300       30.508       81.355
      18.753      279.200       30.512       81.355
      18.853      289.100       30.520       81.355
      18.953      279.300       30.527       81.355
      19.054      289.400       30.535       81.355
      19.154      279.500       30.539       81.355
      19.254      259.300       30.547       81.355
      19.354      289.200       30.555       81.355
      19.454      279.100       30.562       81.355
      19.555      289.100       30.566       81.355
      19.655      279.200       30.574       81.355
      19.755      279.200       30.582       81.355
      19.856      279.100       30.590       81.355
      19.956      289.000       30.598       81.355
      20.056      279.000       30.602       81.355
      20.157      269.100       30.609       81.355
      20.257      279.100       30.617       81.484
      20.357      279.000       30.625       81.484
      20.458      279.100       30.629       81.484
      20.558      289.000       30.637       81.484
      20.658      269.100       30.645       81.484
      20.759      278.700       30.652       81.484
      20.859      368.100       30.664       81.484
      20.960      398.600       30.676       81.484
      21.060      388.900       30.688       81.484
      21.160      378.900       30.703       81.484
      21.261      398.800       30.715       81.484
      21.361      398.000       30.730       81.484
      21.462      388.300       30.742       81.613
      21.562      398.400       30.758       81.613
      21.662      398.600       30.770       81.613
      21.763      388.700       30.781       81.613
      21.863      399.000       30.797       81.613
      21.963      409.100       30.812       81.613
      22.063      399.200       30.824       81.613
      22.164      389.200       30.840       81.613
      22.264      398.700       30.852       81.613
      22.364      408.600       30.867       81.613
      22.465      368.700       30.879       81.742
      22.565      388.600       30.891       81.742
      22.665      398.700       30.906       81.742
      22.766      398.800       30.918       81.742
      22.866      398.800       30.934       81.742
      22.966      398.700       30.945       81.742
      23.067      398.600       30.969       81.742
      23.167      398.400       30.996       81.742
      23.267      398.600       31.023       81.871
      23.368      398.900       31.051       81.871
      23.468      399.100       31.078       81.871
      23.568      399.100       31.102       81.871
      23.668      398.500       31.129       82.000
      23.769      398.600       31.156       82.000
      23.869      398.500       31.184       82.000
      23.969      398.600       31.211       82.000
      24.070      399.000       31.238       82.000
      24.170      408.700       31.266       82.129
      24.270      388.700       31.293       82.129
      24.371      398.800       31.316       82.129
      24.471      398.900       31.344       82.129
      24.571      399.000       31.371       82.129
      24.672      398.800       31.398       82.258
      24.772      398.800       31.426       82.258
      24.872      399.100       31.453       82.258
      24.972      399.200       31.477       82.258
      25.073      399.100       31.504       82.258
      25.173      398.800       31.531       82.387
      25.273      399.100       31.574       82.387
      25.373      399.200       31.629       82.387
      25.473      399.200       31.680       82.516
      25.574      399.100       31.730       82.516
      25.674      398.800       31.781       82.645
      25.774      398.800       31.836       82.645
      25.875      399.000       31.887       82.645
      25.975      399.000       31.938       82.773
      26.075      398.900       31.988       82.773
      26.175      398.700       32.043       82.902
      26.276      398.800       32.094       82.902
      26.376      399.000       32.145       82.902
      26.476      399.100       32.195       83.031
      26.576      399.100       32.250       83.031
      26.677      398.800       32.301       83.160
      26.777      399.000       32.352       83.160
      26.877      398.800       32.402       83.160
      26.977      398.800       32.453       83.289
      27.078      409.100       32.508       83.289
      27.178      398.900       32.559       83.418
      27.278      399.100       32.609       83.418
      27.378      399.200       32.660       83.418
      27.479      398.600       32.711       83.547
      27.579      398.600       32.793       83.547
      27.679      398.900       32.887       83.676
      27.780      388.800       32.984       83.805
      27.880      398.800       33.082       83.934
      27.980      408.700       33.176       83.934
      28.081      389.000       33.273       84.062
      28.181      398.800       33.371       84.191
      28.281      408.700       33.465       84.320
      28.381      389.000       33.562       84.320
      28.482      399.100       33.656       84.449
      28.582      398.900       33.750       84.578
      28.682      398.700       33.840       84.707
      28.783      399.100       33.938       84.707
      28.883      398.800       34.031       84.836
      28.983      398.700       34.129       84.965
      29.083      398.400       34.223       85.094
      29.184      398.300       34.320       85.094
      29.284      398.600       34.414       85.223
      29.385      398.900       34.512       85.352
      29.485      409.000       34.609       85.480
      29.585      398.800       34.707       85.480
      29.685      398.700       34.805       85.609
      29.786      399.000       34.898       85.738
      29.886      389.200       34.996       85.867
      29.986      408.800       35.094       85.867
      30.086      389.000       35.254       86.125
      30.187      398.800       35.426       86.254
      30.287      399.100       35.594       86.383
      30.387      398.900       35.766       86.512
      30.488      398.100       35.938       86.770
      30.588      408.100       36.105       86.898
      30.688      388.200       36.277       87.027
      30.789      408.200       36.445       87.285
      30.889      388.900       36.617       87.414
      30.990      398.800       36.785       87.543
      31.090      398.800       36.957       87.801
      31.190      398.900       37.125       87.930
      31.290      398.900       37.297       88.059
      31.391      398.900       37.469       88.316
      31.491      398.900       37.637       88.445
      31.591      399.000       37.809       88.574
      31.692      398.800       37.980       88.832
      31.792      398.800       38.148       88.961
      31.892      399.000       38.320       89.090
      31.992      399.100       38.492       89.348
      32.093      399.200       38.664       89.477
      32.193      398.800       38.832       89.605
      32.293      399.000       39.004       89.863
      32.393      399.200       39.176       89.992
      32.494      399.100       39.348       90.121
      32.594      399.000       39.516       90.379
      32.694      398.700       39.684       90.508
      32.794      399.100       39.852       90.637
      32.895      399.200       39.855       90.637
      32.995      399.200       39.855       90.637
      33.095      389.200       39.855       90.637
      33.195      409.100       39.855       90.637
      33.295      399.200       39.855       90.637
      33.396      399.100       39.855       90.637
      33.496      389.200       39.855       90.637
      33.596      419.100       39.855       90.637
      33.696      389.000       39.855       90.637
      33.797      399.000       39.855       90.637
      33.897      399.100       39.855       90.637
      33.997      399.100       39.855       90.637
      34.097      399.100       39.855       90.637
      34.198      398.900       39.855       90.637
      34.298      398.900       39.855       90.637
      34.398      399.100       39.855       90.637
      34.498      399.200       39.855       90.637
      34.598      399.200       39.855       90.637
      34.699      398.900       39.855       90.637
      34.799      389.100       39.855       90.637
      34.899      409.200       39.855       90.637
      34.999      399.300       39.855       90.637
      35.100      389.300       39.855       90.637
      35.200      398.900       39.855       90.637
      35.300      399.100       39.855       90.637
      35.400      399.200       39.855       90.637
      35.500      399.300       39.855       90.637
      35.601      399.200       39.855       90.637
      35.701      398.900       39.855       90.637
      35.801      398.900       39.855       90.637
      35.901      398.900       39.855       90.637
      36.002      399.100       39.855       90.637
      36.102      409.200       39.855       90.637
      36.202      398.900       39.855       90.637
      36.302      399.100       39.855       90.637
      36.403      399.200       39.855       90.637
      36.503      399.200       39.855       90.637
      36.603      399.000       39.855       90.637
      36.703      398.800       39.855       90.637
      36.804      399.000       39.855       90.637
      36.904      399.100       39.855       90.637
      37.004      399.200       39.855       90.637
      37.104      399.300       39.855       90.637
      37.204      398.900       39.855       90.637
      37.305      399.100       39.855       90.637
      37.405      399.200       39.855       90.637
      37.505      398.900       39.855       90.637
      37.605      399.000       39.855       90.637
      37.706      398.900       39.855       90.637
      37.806      399.000       39.855       90.637
      37.906      399.200       39.855       90.637
      38.006      399.200       39.855       90.637
      38.106      389.300       39.855       90.637
      38.207      398.900       39.855       90.637
      38.307      399.100       39.855       90.637
      38.407      399.200       39.855       90.637
      38.507      399.200       39.855       90.637
      38.608      399.300       39.855       90.637
      38.708      398.900       39.855       90.637
      38.808      399.100       39.855       90.637
      38.908      399.300       39.855       90.637
      39.008      399.200       39.855       90.637
      39.109      399.000       39.855       90.637
      39.209      398.800       39.855       90.637
      39.309      398.600       39.855       90.637
      39.410      398.600       39.855       90.637
      39.510      399.100       39.855       90.637
      39.610      409.200       39.855       90.637
      39.710      398.900       39.855       90.637
      39.811      389.100       39.855       90.637
      39.911      399.200       39.855       90.637
      40.011      399.200       39.855       90.637
      40.111      399.100       39.855       90.637
      40.211      398.900       39.855       90.637
      40.312      399.100       39.855       90.637
      40.412      399.100       39.855       90.637
      40.512      399.100       39.855       90.637
      40.612      399.100       39.855       90.637
      40.713      398.900       39.855       90.637
      40.813      398.800       39.855       90.637
      40.913      399.000       39.855       90.637
      41.013      399.100       39.855       90.637
      41.114      399.200       39.855       90.637
      41.214      388.900       39.855       90.637
      41.314      409.000       39.855       90.637
      41.414      389.200       39.855       90.637
      41.515      399.200       39.855       90.637
      41.615      399.200       39.855       90.637
      41.715      398.900       39.855       90.637
      41.815      399.000       39.855       90.637
      41.916      399.200       39.855       90.637
      42.016      399.200       39.855       90.637
      42.116      399.200       39.855       90.637
      42.216      398.900       39.855       90.637
      42.316      399.000       39.855       90.637
      42.417      398.900       39.855       90.637
      42.517      399.000       39.855       90.637
      42.617      399.100       39.855       90.637
      42.717      398.900       39.855       90.637
      42.818      399.000       39.855       90.637
      42.918      399.100       39.855       90.637
      43.018      399.200       39.855       90.637
      43.118      399.200       39.855       90.637
      43.219      398.900       39.855       90.637
      43.319      399.000       39.855       90.637
      43.419      399.000       39.934       90.766
      43.519      399.100       40.191       91.023
      43.620      399.100       40.449       91.281
      43.720      398.800       40.707       91.539
      43.820      409.000       40.965       91.797
      43.920      399.100       41.223       92.055
      44.021      389.000       41.477       92.312
      44.121      398.900       41.730       92.570
      44.221      408.800       41.988       92.828
      44.321      388.900       42.242       93.086
      44.422      399.100       42.496       93.344
      44.522      399.100       42.754       93.602
      44.622      399.100       43.012       93.859
      44.722      398.900       43.273       94.117
      44.823      399.000       43.527       94.375
      44.923      399.100       43.781       94.633
      45.023      399.200       44.043       94.891
      45.123      399.200       44.297       95.148
      45.224      398.900       44.551       95.406
      45.324      399.100       44.809       95.664
      45.424      399.200       45.066       95.922
      45.524      399.100       45.320       96.180
      45.625      398.800       45.574       96.438
      45.725      398.700       45.832       96.695
      45.825      398.800       46.090       96.953
      45.925      399.100       46.344       97.211
      46.026      399.100       46.602       97.469
      46.126      399.100       46.859       97.727
      46.226      398.900       47.117       97.984
      46.326      399.100       47.371       98.242
      46.427      399.200       47.629       98.500
      46.527      399.200       47.883       98.629
      46.627      399.200       48.141       98.887
      46.727      398.900       48.395       99.145
      46.827      399.000       48.938       99.789
      46.928      399.200       49.477      100.305
      47.028      399.200       50.012      100.820
      47.128      399.200       50.551      101.336
      47.228      389.000       51.082      101.852
      47.329      408.800       51.621      102.367
      47.429      399.000       52.156      103.012
      47.529      399.100       52.691      103.527
      47.629      399.000       53.230      104.043
      47.730      398.900       53.770      104.559
      47.830      398.900       54.309      105.074
      47.930      399.100       54.844      105.590
      48.030      389.200       55.379      106.234
      48.131      399.200       55.918      106.750
      48.231      398.900       56.457      107.266
      48.331      399.100       56.992      107.781
      48.431      409.200       57.527      108.297
      48.531      399.100       58.070      108.941
      48.632      389.000       58.602      109.457
      48.732      398.900       59.133      109.973
      48.832      408.800       59.672      110.488
      48.933      388.900       60.203      111.004
      49.033      398.800       60.738      111.520
      49.133      398.700       61.273      112.035
      49.233      398.800       61.812      112.680
      49.334      398.900       62.352      113.195
      49.434      399.000       62.887      113.711
      49.534      409.000       63.387      114.227
      49.634      388.800       63.848      114.613
      49.735      398.800       64.367      115.129
      49.835      398.600       64.875      115.645
      49.935      398.500       65.398      116.160
      50.036      398.900       65.930      116.676
      50.136      399.100       66.461      117.320
      50.236      398.700       66.992      117.836
      50.337      399.100       67.613      118.480
      50.437      399.200       68.555      119.383
      50.537      398.800       69.496      120.285
      50.637      389.000       70.441      121.188
      50.738      398.800       71.395      122.219
      50.838      409.000       72.344      123.121
      50.938      398.800       73.285      124.152
      51.038      398.600       74.207      125.055
      51.139      398.600       75.141      125.957
      51.239      398.600       76.078      126.859
      51.340      388.600       77.004      127.762
      51.440      398.700       77.938      128.793
      51.540      408.900       78.867      129.695
      51.640      398.700       79.812      130.598
      51.741      398.700       80.766      131.629
      51.841      398.600       81.719      132.531
      51.942      398.600       82.660      133.434
      52.042      398.700       83.605      134.465
      52.142      398.600       84.547      135.367
      52.243      398.000       85.379      136.141
      52.343      398.300       86.281      137.043
      52.443      399.000       87.234      138.074
      52.544      399.100       88.180      138.977
      52.644      389.100       89.133      139.879
      52.744      418.800       90.082      140.910
      52.844      388.900       91.031      141.812
      52.945      399.000       91.988      142.844
      53.045      399.100       92.945      143.746
      53.145      399.100       93.895      144.648
      53.245      398.900       94.848      145.680
      53.346      398.900       95.805      146.582
      53.446      389.100       96.754      147.613
      53.546      409.100       97.703      148.516
      53.646      399.100       98.652      149.418
      53.747      388.900       99.598      150.449
      53.847      398.800      100.543      151.352
      53.947      408.900      101.488      152.254
      54.047      399.100      102.441      153.285
      54.148      399.100      103.816      154.582
      54.248      398.900      105.746      156.531
      54.348      399.000      107.684      158.480
      54.448      399.100      109.590      160.434
      54.549      388.900      111.105      161.996
      54.649      398.800      113.008      163.816
      54.749      398.900      114.945      165.770
      54.849      398.800      116.863      167.723
      54.950      398.900      118.793      169.672
      55.050      398.800      120.656      171.496
      55.150      398.900      122.590      173.445
      55.251      398.700      124.520      175.398
      55.351      398.800      126.426      177.219
      55.451      398.700      128.344      179.172
      55.552      398.800      130.227      180.992
      55.652      398.800      132.164      182.945
      55.752      398.800      134.098      184.898
      55.852      388.800      135.949      186.719
      55.953      409.000      137.871      188.672
      56.053      398.900      139.754      190.625
      56.153      399.000      141.676      192.445
      56.254      398.900      143.625      194.398
      56.354      398.700      145.520      196.348
      56.454      398.900      147.461      198.301
      56.554      398.900      149.355      200.121
      56.655      388.900      151.258      202.074
      56.755      408.700      153.188      204.027
      56.855      388.800      155.086      205.848
      56.956      398.900      157.008      207.801
      57.056      408.800      158.809      209.621
      57.156      398.900      160.750      211.574
      57.257      393.600      162.688      213.527
      57.358      398.300      164.598      215.477
      57.459      398.900      166.547      217.430
      57.559      408.800      168.414      219.250
      57.659      398.400      170.301      221.074
      57.760      387.100      172.168      223.023
      57.860      398.000      174.094      224.977
      57.961      399.000      176.035      226.797
      58.061      398.900      177.898      228.750
      58.161      398.400      178.016      228.879
      58.262      398.600      178.016      228.879
      58.362      398.900      178.023      228.879
      58.462      399.000      178.027      228.879
      58.563      398.900      178.039      228.879
      58.663      398.600      178.051      228.879
      58.763      398.700      178.062      228.879
      58.863      398.900      178.066      228.879
      58.964      399.000      178.078      228.879
      59.064      398.900      178.086      228.879
      59.164      398.400      178.109      228.879
      59.265      408.700      178.117      229.008
      59.365      399.000      178.129      229.008
      59.465      399.100      178.137      229.008
      59.565      398.900      178.141      229.008
      59.666      398.700      178.156      229.008
      59.766      398.500      178.168      229.008
      59.867      398.500      178.188      229.008
      59.967      398.100      178.203      229.008
      60.067      398.800      178.219      229.008
      60.168      398.800      178.223      229.008
      60.268      388.800      178.238      229.008
      60.368      408.700      178.246      229.137
      60.469      399.000      178.258      229.137
      60.569      388.900      178.262      229.137
      60.669      408.600      178.273      229.137
      60.769      388.700      178.281      229.137
      60.870      398.800      178.293      229.137
      60.970      399.000      178.309      229.137
      61.070      398.800      178.312      229.137
      61.171      398.700      178.332      229.137
      61.271      398.700      178.348      229.137
      61.371      408.900      178.359      229.137
      61.471      399.000      178.375      229.137
      61.572      398.800      178.395      229.266
      61.672      398.700      178.410      229.266
      61.772      398.700      178.418      229.266
      61.873      388.900      178.422      229.266
      61.973      398.900      178.438      229.266
      62.073      408.700      178.438      229.266
      62.174      388.800      178.445      229.266
      62.274      398.700      178.449      229.266
      62.374      408.900      178.473      229.266
      62.474      399.100      178.473      229.266
      62.575      388.900      178.473      229.266
      62.675      398.700      178.473      229.266
      62.775      398.700      178.473      229.266
      62.876      398.800      178.473      229.266
      62.976      399.000      178.473      229.266
      63.076      398.900      178.473      229.266
      63.176      398.700      178.473      229.266
      63.277      398.600      178.473      229.266
      63.377      398.900      178.473      229.266
      63.477      398.900      178.473      229.266
      63.578      398.800      178.473      229.266
      63.678      398.800      178.473      229.266
      63.778      398.700      178.473      229.266
      63.879      398.900      178.473      229.266
      63.979      398.900      178.473      229.266
      64.079      408.800      178.473      229.266
      64.179      388.800      178.473      229.266
      64.280      398.700      178.473      229.266
      64.380      398.800      178.473      229.266
      64.480      399.100      178.473      229.266
      64.581      398.900      178.473      229.266
      64.681      398.700      178.473      229.266
      64.781      398.700      178.473      229.266
      64.882      399.000      178.473      229.266
      64.982      399.200      178.473      229.266
      65.082      398.800      178.473      229.266
      65.182      398.700      178.473      229.266
      65.283      398.700      178.473      229.266
      65.383      399.000      178.473      229.266
      65.483      399.100      178.473      229.266
      65.583      398.900      178.473      229.266
      65.684      398.700      178.473      229.266
      65.784      398.700      178.473      229.266
      65.884      399.000      178.473      229.266
      65.985      389.000      178.473      229.266
      66.085      398.800      178.473      229.266
      66.185      398.700      178.473      229.266
      66.285      408.700      178.473      229.266
      66.386      399.000      178.473      229.266
      66.486      399.300      178.719      229.527
      66.586      398.900      179.664      230.457
      66.686      398.700      180.633      231.512
      66.787      398.800      181.570      232.434
      66.887      398.600      182.527      233.363
      66.987      398.900      183.508      234.285
      67.088      388.900      184.441      235.340
      67.188      408.700      185.422      236.262
      67.288      398.700      186.367      237.191
      67.389      389.100      187.328      238.113
      67.489      399.000      188.305      239.168
      67.589      398.800      189.223      240.094
      67.689      398.700      190.207      241.020
      67.790      408.700      191.145      241.941
      67.890      398.800      192.125      242.996
      67.990      399.000      193.090      243.922
      68.091      398.800      194.043      244.848
      68.191      398.700      195.008      245.902
      68.291      398.600      195.945      246.824
      68.392      388.900      196.922      247.754
      68.492      398.800      197.863      248.676
      68.592      398.800      198.805      249.598
      68.692      398.800      199.766      250.652
      68.793      398.700      200.707      251.582
      68.893      398.900      201.668      252.504
      68.993      399.000      202.656      253.559
      69.094      398.900      203.574      254.480
      69.194      398.700      204.562      255.410
      69.294      398.700      205.473      256.332
      69.395      398.900      206.457      257.254
      69.495      399.100      207.438      258.309
      69.595      398.900      208.340      259.238
      69.695      398.600      209.328      260.160
      69.796      398.600      210.258      261.082
      69.896      399.000      211.223      262.008
      69.996      399.100      212.203      263.066
      70.096      399.000      213.145      263.988
      70.197      388.800      214.102      264.910
      70.297      408.700      215.043      265.840
      70.397      399.000      216.020      266.895
      70.498      398.800      216.848      267.684
      70.598      398.800      217.789      268.605
      70.698      398.700      218.609      269.402
      70.799      398.700      219.555      270.457
      70.899      399.000      220.520      271.379
      70.999      399.100      223.090      273.941
      71.099      399.000      226.957      277.867
      71.200      398.800      230.938      281.797
      71.300      398.700      234.738      285.590
      71.400      398.900      238.695      289.516
      71.501      399.000      242.660      293.582
      71.601      388.800      246.324      297.238
      71.701      408.700      250.020      300.895
      71.801      398.800      253.688      304.551
      71.902      398.700      257.578      308.480
      72.002      398.700      261.449      312.273
      72.102      388.800      265.203      316.066
      72.203      398.700      269.121      319.992
      72.303      408.700      272.914      323.785
      72.403      389.000      276.910      327.848
      72.504      409.000      280.879      331.777
      72.604      398.900      284.746      335.570
      72.704      398.800      288.711      339.633
      72.804      388.800      292.555      343.426
      72.905      398.800      296.527      347.355
      73.005      398.900      300.492      351.418
      73.105      408.800      304.270      355.211
      73.206      398.700      308.262      359.141
      73.306      388.800      312.082      362.934
      73.406      398.800      316.020      366.859
      73.506      398.900      320.035      370.922
      73.607      398.800      323.852      374.715
      73.707      408.700      327.797      378.645
      73.807      398.700      331.637      382.570
      73.908      388.800      335.430      386.363
      74.008      398.900      339.395      390.293
      74.108      398.800      343.246      394.086
      74.209      398.700      347.176      398.016
      74.309      408.600      351.020      401.941
      74.409      398.800      354.980      405.871
      74.510      399.000      358.973      409.797
      74.610      388.900      362.793      413.727
      74.710      408.600      366.758      417.656
      74.810      388.800      370.602      421.445
      74.911      408.800      374.551      425.375
      75.011      398.700      378.531      429.438
      75.111      398.800      382.367      433.230
      75.212      398.700      386.332      437.160
      75.312      388.800      390.164      441.086
      75.412      398.900      394.164      445.016
      75.513      397.600      398.117      448.945
      75.613      408.000      401.836      452.738
      75.714      398.800      405.801      456.664
      75.814      388.800      409.598      460.457
      75.914      408.800      413.559      464.387
      76.015      395.800      417.461      468.312
      76.116      398.100      422.938      473.855
      76.216      398.700      428.527      479.414
      76.316      388.700      433.793      484.688
      76.417      408.800      439.285      490.250
      76.517      397.100      444.707      495.664
      76.618      397.400      450.191      501.082
      76.718      398.800      455.656      506.500
      76.819      398.800      461.000      511.914
      76.919      408.800      466.547      517.477
      77.019      388.800      471.855      522.750
      77.120      398.800      477.367      528.309
      77.220      398.800      482.906      533.867
      77.320      398.700      488.188      539.141
      77.421      398.800      493.648      544.559
      77.521      398.700      498.973      549.832
      77.621      398.800      504.336      555.250
      77.722      398.700      509.836      560.809
      77.822      398.800      515.227      566.082
      77.922      398.800      520.695      571.645
      78.022      408.700      525.996      576.918
      78.123      388.900      531.512      582.477
      78.223      398.900      536.996      587.895
      78.323      398.800      542.363      593.309
      78.424      398.900      547.883      598.727
      78.524      398.700      553.195      604.145
      78.624      408.700      558.637      609.559
      78.725      398.800      564.129      614.977
      78.825      388.800      569.504      620.395
      78.925      398.800      574.887      625.812
      79.026      398.700      580.168      631.086
      79.126      398.800      585.625      636.504
      79.226      398.700      591.109      642.062
      79.326      398.700      596.520      647.477
      79.427      398.800      601.984      652.895
      79.527      398.700      607.211      658.168
      79.627      398.700      612.621      663.586
      79.728      398.800      618.055      669.004
      79.828      398.800      623.211      674.133
      79.928      398.800      628.703      679.551
      80.029      398.300      634.102      684.969
      80.129      398.600      639.566      690.527
      80.229      398.700      645.074      695.945
      80.330      388.800      650.070      700.934
      80.430      408.700      655.508      706.352
      80.530      398.700      660.809      711.766
      80.631      388.900      666.297      717.184
      80.731      398.700      671.035      721.887
      80.831      408.700      676.273      727.164
      80.932      398.900      681.801      732.723
      81.032      388.800      687.133      737.996
      81.132      398.800      692.543      743.414
      81.232      408.700      698.082      748.973
      81.333      388.800      703.285      754.246
      81.433      398.900      708.742      759.664
      81.533      408.800      714.074      764.938
      81.634      388.900      719.484      770.355
      81.734      398.800      725.047      775.914
      81.834      408.800      730.098      781.047
      81.935      398.900      735.168      786.035
      82.035      388.800      740.238      791.168
      82.135      398.800      745.723      796.582
      82.235      408.800      751.203      802.141
      82.336      388.800      756.547      807.418
      82.436      408.900      761.852      812.691
      82.536      398.700      767.113      817.965
      82.637      398.900      772.633      823.523
      82.737      388.800      778.102      828.941
      82.837      398.800      783.410      834.359
      82.937      398.900      788.855      839.773
      83.038      408.700      794.895      845.797
      83.138      388.800      803.461      854.391
      83.238      408.700      811.984      862.984
      83.339      388.800      820.246      871.148
      83.439      408.700      828.656      879.598
      83.539      388.800      836.906      887.906
      83.640      408.700      845.453      896.359
      83.740      398.700      853.809      904.809
      83.840      398.700      862.074      912.973
      83.941      398.800      870.426      921.422
      84.041      388.800      878.730      929.730
      84.141      398.900      887.191      938.184
      84.241      398.800      895.570      946.488
      84.342      408.700      903.852      954.797
      84.442      388.900      912.301      963.246
      84.542      408.700      920.465      971.414
      84.643      388.800      928.871      979.863
      84.743      408.900      937.320      988.312
      84.843      388.900      945.578      996.477
      84.944      408.800      953.973     1004.930
      85.044      388.800      962.051     1012.949
      85.144      398.800      970.500     1021.402
      85.244      408.700      979.000     1029.996
      85.345      388.700      986.992     1038.016
      85.445      398.800      995.520     1046.469
      85.545      408.700     1003.586     1054.488
      85.646      388.900     1012.039     1062.938
      85.746      398.800     1020.422     1071.391
      85.846      398.600     1027.934     1078.836
      85.947      408.700     1036.199     1087.145
      86.047      388.800     1043.934     1094.879
      86.147      398.800     1052.098     1103.043
      86.248      408.700     1060.305     1111.207
      86.348      388.800     1068.570     1119.516
      86.448      408.700     1076.973     1127.969
      86.548      398.700     1084.801     1135.703
      86.649      388.800     1093.055     1144.008
      86.749      398.700     1101.508     1152.461
      86.849      408.700     1109.625     1160.625
      86.950      388.800     1118.031     1168.934
      87.050      398.800     1126.293     1177.238
      87.150      408.800     1134.695     1185.691
      87.251      398.800     1143.137     1194.141
      87.351      398.600     1151.215     1202.164
      87.451      388.800     1159.715     1210.613
      87.552      398.700     1167.777     1218.777
      87.652      398.800     1176.137     1227.086
      87.752      408.700     1184.637     1235.535
      87.853      388.800     1192.945     1243.844
      87.953      408.800     1201.391     1252.293
      88.053      398.800     1209.465     1260.457
      88.154      398.800     1217.957     1268.910
      88.254      388.800     1226.266     1277.219
      88.354      398.700     1234.578     1285.523
      88.454      408.700     1242.938     1293.832
      88.555      388.700     1251.098     1301.996
      88.655      408.800     1259.590     1310.590
      88.755      398.800     1267.898     1318.898
      88.856      398.800     1276.016     1326.918
      88.956      388.900     1284.414     1335.371
      89.056      398.800     1292.582     1343.535
      89.157      398.900     1301.039     1351.984
      89.257      408.800     1309.340     1360.293
      89.357      398.800     1317.457     1368.457
      89.457      388.900     1325.863     1376.766
      89.558      398.800     1334.121     1385.074
      89.658      398.800     1342.605     1393.523
      89.758      408.800     1351.027     1401.973
      89.859      388.800     1359.234     1410.141
      89.959      398.800     1367.641     1418.590
      90.059      408.800     1375.715     1426.609
      90.160      398.600     1384.258     1435.203
      90.260      398.700     1392.754     1443.656
      90.360      398.500     1400.742     1451.676
      90.461      388.600     1407.316     1458.266
      90.561      408.600     1415.668     1466.574
      90.661      398.300     1423.969     1474.879
      90.762      398.700     1432.527     1483.477
      90.862      398.700     1440.672     1491.641
      90.962      388.800     1449.094     1500.090
      91.063      398.800     1457.113     1508.109
      91.163      408.600     1465.566     1516.562
      91.263      388.900     1474.066     1525.012
      91.364      408.800     1482.152     1533.176
      91.464      388.800     1490.484     1541.484
      91.564      408.700     1498.633     1549.648
      91.665      388.700     1507.055     1557.957
      91.765      408.800     1515.414     1566.406
      91.865      388.900     1523.672     1574.570
      91.965      398.800     1532.184     1583.164
      92.066      408.800     1540.285     1591.188
      92.166      398.700     1548.738     1599.637
      92.266      398.900     1557.184     1608.090
      92.367      398.800     1565.449     1616.395
      92.467      388.900     1573.855     1624.848
      92.567      398.700     1582.121     1633.012
      92.668      398.700     1591.137     1641.977
      92.768      408.800     1599.980     1650.859
      92.868      398.900     1607.832     1658.738
      92.969      398.800     1616.332     1667.156
      93.069      388.800     1624.836     1675.762
      93.169      408.700     1633.238     1684.016
      93.269      388.900     1642.055     1692.980
      93.370      407.600     1650.914     1701.785
      93.470      398.700     1659.703     1710.574
      93.571      388.700     1668.309     1719.180
      93.671      398.700     1677.379     1728.145
      93.772      404.500     1686.078     1736.949
      93.873      398.100     1694.492     1745.363
      93.973      408.700     1703.285     1754.156
      94.073      388.800     1711.703     1762.574
      94.174      398.700     1720.398     1771.176
      94.274      396.400     1729.191     1779.969
      94.375      408.100     1738.074     1788.945
      94.475      388.900     1746.867     1797.723
      94.576      398.800     1755.375     1806.152
      94.676      398.700     1764.262     1815.121
      94.776      398.600     1772.863     1823.734
      94.877      408.800     1781.656     1832.516
      94.977      388.900     1790.633     1841.504
      95.077      398.700     1799.238     1850.098
      95.178      408.700     1807.840     1858.711
      95.278      388.100     1816.445     1867.316
      95.378      408.400     1824.957     1875.734
      95.479      388.800     1833.840     1884.711
      95.579      398.700     1842.352     1893.129
      95.679      408.700     1851.141     1901.918
      95.780      398.700     1859.746     1910.523
      95.880      388.900     1868.723     1919.500
      95.980      408.800     1877.609     1928.480
      96.081      388.800     1885.930     1936.707
      96.181      398.800     1894.816     1945.688
      96.281      408.800     1902.859     1953.730
      96.381      388.500     1911.555     1962.332
      96.482      398.600     1919.691     1970.562
      96.582      398.900     1928.203     1978.980
      96.682      398.700     1936.809     1987.586
      96.783      398.700     1945.410     1996.188
      96.883      408.800     1953.922     2004.793
      96.983      388.900     1962.805     2013.582
      97.084      398.800     1971.129     2022.000
      97.184      408.700     1979.828     2030.605
      97.284      388.600     1988.523     2039.395
      97.385      398.800     1997.316     2048.188
      97.485      398.900     2006.012     2056.789
      97.585      398.700     2014.430     2065.207
      97.686      398.700     2023.219     2073.996
      97.786      398.700     2031.730     2082.602
      97.886      398.800     2040.055     2090.832
      97.987      398.800     2048.844     2099.621
      98.087      398.800     2057.355     2108.227
      98.187      398.700     2066.332     2117.203
      98.287      398.600     2074.844     2125.621
      98.388      398.800     2083.543     2134.414
      98.488      398.800     2092.332     2143.203
      98.588      408.800     2100.844     2151.621
      98.689      388.800     2109.727     2160.598
      98.789      408.600     2118.145     2169.016
      98.889      388.900     2126.656     2177.434
      98.990      398.900     2135.633     2186.410
      99.090      398.800     2144.145     2195.016
      99.190      408.700     2152.840     2203.617
      99.291      388.800     2161.633     2212.410
      99.391      408.800     2170.422     2221.199
      99.491      398.800     2179.121     2229.992
      99.591      388.800     2187.535     2238.406
      99.692      408.700     2196.328     2247.199
      99.792      398.700     2205.027     2255.805
      99.892      388.900     2213.535     2264.406
      99.993      398.900     2222.516     2273.387
     100.093      398.800     2230.930     2281.801
     100.193      398.700     2239.910     2290.781
     100.294      408.700     2248.605     2299.383
     100.394      388.600     2256.367     2307.238
     100.494      398.600     2264.598     2315.469
     100.595      398.700     2273.203     2324.074
     100.695      398.800     2281.992     2332.863
     100.795      398.700     2290.504     2341.281
     100.896      398.800     2299.574     2350.445
     100.996      398.900     2308.273     2359.051
     101.096      398.800     2316.969     2367.840
     101.196      398.800     2325.855     2376.633
     101.297      398.700     2334.363     2385.234
     101.397      398.800     2343.250     2394.027
     101.497      408.900     2352.227     2403.004
     101.598      388.900     2360.926     2411.797
     101.698      388.800     2369.621     2420.398
     101.798      418.700     2378.414     2429.191
     101.899      388.900     2387.203     2437.980
     101.999      399.000     2396.277     2447.148
     102.099      408.800     2404.598     2455.379
     102.199      388.800     2413.578     2464.355
     102.300      398.800     2421.902     2472.773
     102.400      398.900     2430.785     2481.562
     102.500      408.900     2439.391     2490.168
     102.601      388.900     2447.992     2498.770
     102.701      398.800     2456.691     2507.562
     102.801      398.800     2465.480     2516.352
     102.901      398.800     2473.992     2524.770
     103.002      398.900     2483.156     2533.934
     103.102      398.700     2491.480     2542.352
     103.202      398.700     2500.273     2551.145
     103.303      398.700     2508.688     2559.559
     103.403      398.800     2517.668     2568.539
     103.503      398.800     2526.176     2576.953
     103.604      398.800     2534.969     2585.746
     103.704      388.700     2543.570     2594.348
     103.804      408.700     2552.270     2603.141
     103.905      398.900     2561.059     2611.930
     104.005      389.000     2569.945     2620.723
     104.105      408.700     2578.641     2629.512
     104.205      398.800     2587.340     2638.117
     104.306      388.800     2596.039     2646.910
     104.406      408.800     2604.922     2655.699
     104.506      398.800     2613.805     2664.676
     104.607      388.900     2622.410     2673.281
     104.707      408.700     2631.293     2682.074
     104.807      398.800     2639.898     2690.676
     104.908      398.800     2648.875     2699.652
     105.008      398.900     2657.668     2708.445
     105.108      398.700     2665.898     2716.676
     105.208      398.800     2674.969     2725.840
     105.309      398.700     2683.668     2734.445
     105.409      398.700     2692.270     2743.047
     105.509      398.800     2701.062     2751.840
     105.610      388.800     2709.199     2760.070
     105.710      398.800     2717.242     2768.113
     105.810      398.800     2725.844     2776.715
     105.911      408.700     2734.730     2785.508
     106.011      388.900     2743.801     2794.672
     106.111      398.900     2752.031     2802.902
     106.211      398.900     2760.539     2811.320
     106.312      398.800     2769.051     2819.922
     106.412      399.000     2777.750     2828.527
     106.512      398.900     2786.727     2837.504
     106.613      398.800     2795.145     2845.922
     106.713      408.700     2804.027     2854.898
     106.813      398.800     2812.633     2863.504
     106.914      389.000     2821.328     2872.105
     107.014      398.900     2830.309     2881.086
     107.114      398.800     2838.816     2889.688
     107.214      408.800     2847.516     2898.293
     107.315      388.800     2855.840     2906.711
     107.415      398.800     2864.535     2915.312
     107.515      398.900     2873.422     2924.293
     107.616      408.900     2882.023     2932.895
     107.716      388.800     2890.629     2941.500
     107.816      398.800     2898.766     2949.543
     107.916      408.900     2907.367     2958.148
     108.017      389.000     2916.160     2966.938
     108.117      398.800     2924.391     2975.168
     108.217      398.700     2933.086     2983.957
     108.318      408.700     2941.691     2992.562
     108.418      388.900     2950.480     3001.352
     108.518      398.800     2959.086     3009.957
     108.619      408.800     2967.973     3018.750
     108.719      388.800     2976.387     3027.164
     108.819      398.800     2984.992     3035.770
     108.919      398.800     2993.938     3044.746
     109.020      398.700     3002.668     3053.539
     109.120      408.700     3011.363     3062.141
     109.220      388.800     3020.344     3071.121
     109.321      398.800     3028.758     3079.535
     109.421      398.900     3037.832     3088.703
     109.521      398.800     3046.715     3097.492
     109.622      398.800     3055.039     3105.910
     109.722      398.700     3064.016     3114.887
     109.822      398.800     3072.434     3123.305
     109.922      398.700     3080.105     3130.977
     110.023      398.900     3092.043     3142.914
     110.123      398.800     3103.410     3154.281
     110.223      398.800     3114.781     3165.652
     110.324      388.800     3126.148     3177.020
     110.424      408.800     3137.707     3188.578
     110.524      398.800     3149.262     3200.133
     110.625      398.800     3160.633     3211.504
     110.725      398.800     3172.188     3223.059
     110.825      398.800     3182.988     3233.859
     110.925      398.800     3195.113     3245.984
     111.026      398.800     3206.293     3257.164
     111.126      398.800     3217.660     3268.531
     111.226      398.800     3229.410     3280.281
     111.327      388.800     3240.777     3291.648
     111.427      408.800     3252.523     3303.395
     111.528      396.200     3264.461     3315.332
     111.628      398.400     3275.262     3326.133
     111.729      398.700     3287.008     3337.879
     111.829      398.700     3298.562     3349.438
     111.929      398.700     3309.555     3360.426
     112.031      401.700     3320.543     3371.414
     112.132      398.600     3331.910     3382.781
     112.232      398.700     3343.656     3394.527
     112.332      398.700     3355.027     3405.898
     112.433      388.700     3366.531     3417.453
     112.533      408.600     3377.762     3428.633
     112.633      398.700     3389.320     3440.191
     112.734      388.700     3400.879     3451.750
     112.834      408.700     3412.055     3462.926
     112.934      398.800     3423.613     3474.484
     113.035      388.700     3434.793     3485.664
     113.135      408.700     3446.539     3497.410
     113.235      398.700     3458.285     3509.156
     113.336      398.700     3469.844     3520.715
     113.436      388.800     3481.211     3532.082
     113.536      406.700     3492.391     3543.262
     113.637      398.400     3503.949     3554.820
     113.737      398.700     3515.316     3566.188
     113.838      398.800     3526.875     3577.746
     113.938      408.700     3538.406     3589.301
     114.038      388.700     3549.422     3600.293
     114.139      398.700     3560.789     3611.660
     114.239      408.800     3571.969     3622.840
     114.339      388.800     3583.145     3634.016
     114.440      398.800     3594.895     3645.766
     114.540      398.800     3605.883     3656.754
     114.640      398.700     3617.250     3668.121
     114.741      398.700     3628.238     3679.109
     114.841      388.700     3639.230     3690.102
     114.941      408.800     3650.785     3701.656
     115.042      398.500     3661.586     3712.457
     115.142      408.200     3672.574     3723.445
     115.242      388.800     3683.562     3734.434
     115.343      398.700     3694.742     3745.613
     115.443      398.800     3706.254     3757.172
     115.543      398.700     3717.480     3768.352
     115.644      398.800     3729.227     3780.098
     115.744      398.700     3740.406     3791.277
     115.844      408.700     3751.773     3802.645
     115.945      388.900     3763.520     3814.391
     116.045      398.800     3774.699     3825.570
     116.145      398.900     3786.445     3837.316
     116.245      398.800     3798.004     3848.875
     116.346      398.700     3809.371     3860.242
     116.446      398.800     3820.738     3871.609
     116.546      398.700     3831.918     3882.789
     116.647      398.800     3843.477     3894.348
     116.747      398.600     3854.844     3905.715
     116.847      398.700     3865.832     3916.703
     116.948      398.800     3877.770     3928.641
     117.048      398.800     3888.805     3939.820
     117.148      408.700     3900.695     3951.566
     117.249      388.700     3912.062     3962.934
     117.349      398.700     3923.430     3974.301
     117.449      398.700     3934.988     3985.859
     117.550      408.700     3946.168     3997.039
     117.650      388.900     3957.914     4008.785
     117.750      398.800     3969.473     4020.344
     117.850      398.800     3980.652     4031.523
     117.951      398.800     3992.020     4042.891
     118.051      408.700     4003.578     4054.449
     118.151      398.800     4014.945     4065.816
     118.252      388.700     4025.934     4076.805
     118.352      398.500     4037.301     4088.172
     118.452      408.600     4048.559     4099.539
     118.553      388.700     4059.469     4110.340
     118.653      398.700     4071.215     4122.086
     118.753      398.700     4082.773     4133.645
     118.854      398.700     4093.383     4144.254
     118.954      398.700     4105.133     4156.004
     119.054      398.500     4115.363     4166.234
     119.155      398.600     4125.785     4176.656
     119.255      408.700     4137.152     4188.023
     119.355      388.800     4148.332     4199.203
     119.456      398.800     4159.699     4210.570
     119.556      398.700     4171.066     4221.938
     119.656      408.700     4182.625     4233.496
     119.757      388.800     4194.559     4245.430
     119.857      398.800     4205.359     4256.230
     119.957      408.700     4217.027     4267.977
     120.058      388.800     4228.285     4279.156
     120.158      398.900     4239.848     4290.902
     120.258      398.700     4251.402     4302.273
     120.359      398.800     4262.770     4313.641
     120.459      398.900     4273.949     4324.820
     120.559      398.800     4285.504     4336.375
     120.659      408.600     4296.875     4347.746
     120.760      388.700     4305.879     4356.840
     120.860      398.800     4316.957     4367.828
     120.960      398.900     4328.137     4379.008
     121.061      398.800     4339.312     4390.184
     121.161      398.300     4351.062     4401.934
     121.262      398.700     4362.430     4413.301
     121.362      398.700     4373.988     4424.859
     121.462      398.800     4385.555     4436.605
     121.562      398.700     4396.344     4447.215
     121.663      398.400     4408.090     4458.961
     121.763      398.700     4419.840     4470.711
     121.863      398.800     4431.207     4482.078
     121.964      408.800     4442.574     4493.445
     122.064      388.800     4454.133     4505.004
     122.164      398.700     4465.500     4516.371
     122.265      398.900     4477.105     4528.117
     122.365      398.900     4488.805     4539.676
     122.465      398.800     4500.363     4551.234
     122.566      408.600     4511.922     4562.793
     122.666      388.800     4523.289     4574.160
     122.766      408.800     4535.223     4586.094
     122.867      388.800     4546.023     4596.895
     122.967      408.800     4557.582     4608.453
     123.067      388.800     4568.949     4619.820
     123.167      398.700     4580.508     4631.379
     123.268      398.800     4592.066     4642.938
     123.368      398.700     4603.676     4654.684
     123.468      408.800     4614.801     4665.672
     123.569      398.800     4626.168     4677.039
     123.669      388.800     4638.105     4688.977
     123.769      398.800     4649.664     4700.535
     123.870      408.600     4661.031     4711.902
     123.970      388.800     4672.398     4723.270
     124.070      398.600     4683.199     4734.070
     124.171      408.600     4694.945     4745.816
     124.271      388.900     4706.883     4757.754
     124.371      408.800     4717.305     4768.176
     124.472      398.900     4729.430     4780.301
     124.572      388.800     4740.230     4791.102
     124.672      398.700     4751.598     4802.469
     124.772      408.600     4763.344     4814.215
     124.873      388.600     4773.953     4824.824
     124.973      408.500     4785.703     4836.574
     125.073      398.700     4796.879     4847.750
     125.174      388.700     4807.871     4858.742
     125.274      408.600     4819.617     4870.488
     125.374      388.800     4830.605     4881.477
     125.475      408.800     4841.785     4892.656
     125.575      398.700     4853.152     4904.023
     125.675      388.800     4864.520     4915.391
     125.776      398.700     4875.723     4926.762
     125.876      408.800     4887.203     4938.129
     125.976      388.700     4898.812     4949.684
     126.077      398.500     4909.992     4960.863
     126.177      398.600     4921.551     4972.422
     126.277      398.700     4932.730     4983.602
     126.378      398.800     4944.098     4994.969
     126.478      398.800     4956.035     5006.906
     126.578      398.800     4967.023     5017.895
     126.679      398.800     4978.391     5029.262
     126.779      398.800     4989.949     5040.820
     126.879      398.800     5000.938     5052.000
     126.980      398.800     5012.496     5063.367
     127.080      398.800     5024.055     5074.926
     127.180      398.700     5035.609     5086.480
     127.280      398.800     5047.547     5098.418
     127.381      398.800     5058.348     5109.219
     127.481      398.800     5070.285     5121.156
     127.581      398.700     5080.895     5131.766
     127.682      398.800     5092.449     5143.320
     127.782      398.900     5103.820     5154.691
     127.882      398.800     5114.617     5165.488
     127.983      398.800     5126.367     5177.238
     128.083      398.800     5137.734     5188.605
     128.183      398.700     5148.723     5199.594
     128.284      397.400     5160.469     5211.340
     128.384      407.800     5171.461     5222.332
     128.485      388.800     5183.207     5234.078
     128.585      398.800     5194.195     5245.066
     128.685      398.700     5205.754     5256.625
     128.786      404.300     5217.312     5268.184
     128.887      398.100     5229.094     5280.117
     128.987      398.800     5240.617     5291.488
     129.088      398.700     5251.605     5302.477
     129.188      398.600     5263.164     5314.035
     129.289      397.800     5274.152     5325.023
     129.389      398.600     5285.898     5336.770
     129.489      398.900     5297.266     5348.137
     129.590      398.800     5308.074     5359.125
     129.690      388.800     5319.625     5370.496
     129.790      408.600     5330.043     5380.914
     129.891      398.700     5341.414     5392.285
     129.991      398.800     5352.590     5403.461
     130.091      398.700     5363.961     5414.832
     130.192      398.700     5375.328     5426.199
     130.292      398.700     5386.508     5437.379
     130.392      398.700     5397.875     5448.746
     130.493      398.900     5409.434     5460.305
     130.593      398.800     5420.609     5471.480
     130.693      398.700     5432.500     5483.418
     130.793      398.600     5443.727     5494.598
     130.894      398.800     5455.094     5505.965
     130.994      398.800     5466.652     5517.523
     131.094      398.800     5477.641     5528.512
     131.195      398.700     5489.766     5540.637
     131.295      398.700     5500.223     5551.246
     131.395      398.600     5510.988     5561.859
     131.496      388.800     5521.977     5572.848
     131.596      408.800     5533.156     5584.027
     131.696      398.700     5544.711     5595.582
     131.797      398.700     5555.891     5606.762
     131.897      388.800     5567.449     5618.320
     131.997      408.700     5578.438     5629.309
     132.098      398.800     5589.426     5640.297
     132.198      398.800     5600.605     5651.477
     132.298      388.700     5612.352     5663.223
     132.398      408.800     5623.719     5674.590
     132.499      388.900     5635.277     5686.148
     132.599      398.800     5646.266     5697.137
     132.699      398.800     5658.203     5709.074
     132.800      398.700     5669.383     5720.254
     132.900      398.800     5680.750     5731.621
     133.000      398.600     5692.688     5743.559
     133.101      398.800     5704.055     5754.926
     133.201      398.800     5715.043     5765.914
     133.301      398.700     5726.980     5777.852
     133.402      398.800     5738.539     5789.410
     133.502      398.800     5750.098     5800.969
     133.602      398.800     5760.895     5811.766
     133.702      398.800     5772.398     5823.324
     133.803      398.800     5783.441     5834.312
     133.903      398.700     5795.188     5846.059
     134.003      398.800     5806.746     5857.617
     134.104      408.700     5817.926     5868.797
     134.204      398.600     5829.672     5880.543
     134.304      388.700     5840.852     5891.723
     134.405      398.700     5852.977     5903.848
     134.505      408.800     5864.535     5915.406
     134.605      388.800     5875.145     5926.016
     134.706      398.800     5886.703     5937.574
     134.806      408.700     5898.070     5948.941
     134.906      398.700     5910.008     5960.879
     135.007      388.900     5921.566     5972.438
     135.107      408.800     5932.934     5983.805
     135.207      388.800     5944.680     5995.551
     135.307      398.700     5955.668     6006.539
     135.408      398.800     5967.227     6018.098
     135.508      408.800     5979.328     6030.223
     135.608      388.800     5990.340     6041.211
     135.709      408.700     6001.723     6052.770
     135.809      388.700     6013.078     6063.949
     135.909      408.800     6024.258     6075.129
     136.010      388.800     6036.191     6087.062
     136.110      398.700     6047.371     6098.242
     136.210      398.700     6058.551     6109.422
     136.311      398.700     6070.109     6120.980
     136.411      408.000     6081.664     6132.535
     136.511      388.800     6093.602     6144.473
     136.612      398.800     6104.590     6155.461
     136.712      408.700     6116.148     6167.020
     136.812      398.700     6127.137     6178.008
     136.913      388.900     6138.695     6189.566
     137.013      408.800     6149.684     6200.555
     137.113      398.800     6160.863     6211.734
     137.214      388.800     6172.609     6223.480
     137.314      398.700     6183.789     6234.660
     137.414      408.700     6195.535     6246.406
     137.515      388.800     6206.715     6257.586
     137.615      408.700     6217.703     6268.574
     137.715      398.600     6225.664     6276.535
     137.815      388.700     6225.859     6276.730
     137.916      398.800     6226.051     6276.922
     138.016      408.800     6226.438     6277.309
     138.116      398.700     6226.820     6277.691
     138.217      388.800     6226.820     6277.691
     138.317      408.700     6227.016     6277.887
     138.417      388.700     6227.402     6278.273
     138.518      398.800     6227.594     6278.465
     138.618      398.800     6227.980     6278.852
     138.718      398.700     6228.559     6279.430
     138.819      398.800     6228.559     6279.430
     138.919      398.800     6228.750     6279.621
     139.019      408.800     6229.137     6280.008
     139.120      388.800     6229.523     6280.395
     139.220      398.700     6229.523     6280.395
     139.320      398.700     6229.910     6280.781
     139.421      398.800     6230.102     6280.973
     139.521      398.900     6230.102     6280.973
     139.621      398.800     6230.680     6281.551
     139.721      398.800     6230.871     6281.742
     139.822      398.700     6231.066     6281.938
     139.922      398.800     6231.453     6282.324
     140.022      398.800     6231.645     6282.516
     140.123      398.800     6231.836     6282.707
     140.223      398.700     6232.223     6283.094
     140.323      398.800     6232.414     6283.285
     140.424      398.800     6232.609     6283.480
     140.524      408.700     6232.996     6283.867
     140.624      398.700     6233.188     6284.059
     140.724      398.800     6233.574     6284.445
     140.825      398.800     6234.152     6285.023
     140.925      398.800     6234.344     6285.215
     141.025      398.900     6234.730     6285.602
     141.126      398.800     6235.117     6285.988
     141.226      388.700     6235.117     6285.988
     141.326      408.700     6235.309     6286.180
     141.427      388.800     6236.082     6286.953
     141.527      398.900     6236.082     6286.953
     141.627      408.700     6236.273     6287.145
     141.728      388.800     6236.660     6287.531
     141.828      398.700     6236.852     6287.723
     141.928      408.800     6237.238     6288.109
     142.028      398.900     6237.625     6288.496
     142.129      388.800     6237.816     6288.688
     142.229      408.700     6238.008     6288.879
     142.329      388.700     6238.395     6289.266
     142.430      398.900     6238.590     6289.461
     142.530      398.900     6238.781     6289.652
     142.630      398.700     6239.168     6290.039
     142.731      398.800     6239.359     6290.230
     142.831      398.700     6239.555     6290.426
     142.931      398.800     6239.746     6290.617
     143.031      398.900     6239.938     6290.809
     143.132      398.800     6240.324     6291.195
     143.232      398.700     6240.711     6291.582
     143.332      398.700     6240.902     6291.773
     143.433      398.800     6241.289     6292.160
     143.533      398.900     6241.676     6292.547
     143.633      398.900     6241.867     6292.738
     143.734      398.800     6242.254     6293.125
     143.834      398.700     6242.641     6293.512
     143.934      408.800     6242.641     6293.512
     144.034      398.800     6242.832     6293.703
     144.135      388.800     6243.219     6294.090
     144.235      408.700     6243.410     6294.281
     144.335      388.800     6243.602     6294.473
     144.436      398.800     6243.988     6294.859
     144.536      398.900     6244.184     6295.055
     144.636      408.800     6244.375     6295.246
     144.737      388.800     6244.762     6295.633
     144.837      398.800     6245.145     6296.016
     144.937      398.900     6245.145     6296.016
     145.037      398.900     6245.531     6296.402
     145.138      398.700     6245.727     6296.598
     145.238      408.700     6245.918     6296.789
     145.338      388.800     6246.496     6297.367
     145.439      398.800     6246.691     6297.562
     145.539      408.600     6247.461     6298.332
     145.639      388.600     6247.461     6298.332
     145.740      398.800     6247.848     6298.719
     145.840      398.800     6248.426     6299.297
     145.940      408.800     6248.617     6299.488
     146.041      387.800     6249.004     6299.875
     146.141      408.100     6249.391     6300.262
     146.242      398.700     6249.391     6300.262
     146.342      388.700     6249.582     6300.453
     146.442      408.700     6249.969     6300.840
     146.543      395.800     6250.355     6301.227
     146.644      398.000     6250.355     6301.227
     146.744      398.700     6250.738     6301.609
     146.844      398.800     6250.934     6301.805
     146.945      398.800     6250.934     6301.805
     147.045      397.400     6251.512     6302.383
     147.146      398.300     6251.898     6302.770
     147.246      398.700     6251.898     6302.770
     147.346      398.700     6252.285     6303.156
     147.447      398.800     6252.477     6303.348
     147.547      397.800     6252.668     6303.539
     147.648      398.300     6253.246     6304.117
     147.748      398.800     6253.441     6304.312
     147.848      398.800     6253.828     6304.699
     147.949      398.900     6254.211     6305.082
     148.049      398.700     6254.406     6305.277
     148.149      398.700     6254.598     6305.469
     148.250      398.700     6255.176     6306.047
     148.350      398.600     6255.371     6306.242
     148.450      398.600     6255.562     6306.434
     148.551      398.800     6255.949     6306.820
     148.651      398.700     6255.949     6306.820
     148.751      398.800     6256.141     6307.012
     148.852      398.800     6256.527     6307.398
     148.952      398.800     6256.527     6307.398
     149.052      398.700     6256.719     6307.590
     149.152      398.800     6257.105     6307.977
     149.253      398.800     6257.297     6308.168
     149.353      398.700     6257.492     6308.363
     149.453      398.800     6258.070     6308.941
     149.554      398.000     6258.070     6308.941
     149.654      398.300     6258.070     6308.941
     149.755      408.700     6258.457     6309.328
     149.855      398.800     6258.648     6309.520
     149.955      398.800     6258.840     6309.711
     150.056      398.700     6259.613     6310.484
     150.156      398.700     6259.805     6310.676
     150.256      398.800     6260.000     6310.871
     150.356      398.800     6260.191     6311.062
     150.457      398.800     6260.383     6311.254
     150.557      398.700     6260.770     6311.641
     150.657      398.900     6261.156     6312.027
     150.758      398.800     6261.543     6312.414
     150.858      398.800     6261.734     6312.605
     150.958      398.800     6261.926     6312.797
     151.059      398.800     6262.121     6312.992
     151.159      398.600     6262.508     6313.379
     151.259      398.600     6262.891     6313.762
     151.360      398.700     6262.891     6313.762
     151.460      398.900     6263.086     6313.957
     151.560      398.700     6263.469     6314.340
     151.660      398.500     6263.664     6314.535
     151.761      398.700     6263.855     6314.727
     151.861      398.800     6264.434     6315.305
     151.961      398.800     6264.434     6315.305
     152.062      398.800     6264.629     6315.500
     152.162      398.800     6265.016     6315.887
     152.262      398.800     6265.207     6316.078
     152.363      398.700     6265.398     6316.270
     152.463      398.900     6265.977     6316.848
     152.563      398.700     6266.172     6317.043
     152.664      398.400     6266.172     6317.043
     152.764      398.800     6266.559     6317.430
     152.864      398.900     6266.941     6317.812
     152.965      398.800     6266.941     6317.812
     153.065      398.800     6267.520     6318.391
     153.165      398.700     6267.715     6318.586
     153.265      398.800     6267.715     6318.586
     153.366      398.800     6268.293     6319.164
     153.466      398.800     6268.484     6319.355
     153.566      398.600     6268.680     6319.551
     153.667      398.700     6268.871     6319.742
     153.767      398.800     6269.062     6319.934
     153.867      398.800     6269.258     6320.129
     153.968      398.700     6269.836     6320.707
     154.068      398.700     6270.027     6320.898
     154.168      398.500     6270.223     6321.094
     154.269      398.800     6270.609     6321.480
     154.369      398.800     6270.801     6321.672
     154.469      398.800     6270.992     6321.863
     154.570      398.800     6271.570     6322.441
     154.670      398.800     6271.766     6322.637
     154.770      398.900     6271.957     6322.828
     154.870      398.800     6272.344     6323.215
     154.971      398.800     6272.344     6323.215
     155.071      398.800     6272.535     6323.406
     155.171      398.400     6273.113     6323.984
     155.272      398.700     6273.113     6323.984
     155.372      398.700     6273.309     6324.180
     155.472      398.800     6273.887     6324.758
     155.573      398.800     6274.078     6324.949
     155.673      398.700     6274.273     6325.145
     155.773      398.700     6274.656     6325.527
     155.874      398.800     6274.852     6325.723
     155.974      398.800     6274.852     6325.723
     156.074      398.700     6275.238     6326.109
     156.175      398.700     6275.430     6326.301
     156.275      398.800     6275.816     6326.688
     156.375      408.700     6276.199     6327.070
     156.476      398.800     6276.586     6327.457
     156.576      398.800     6276.781     6327.652
     156.676      398.700     6277.164     6328.035
     156.776      398.700     6277.359     6328.230
     156.877      398.800     6277.746     6328.617
     156.977      398.800     6278.324     6329.195
     157.077      398.800     6278.516     6329.387
     157.178      398.700     6278.707     6329.578
     157.278      398.900     6279.094     6329.965
     157.378      398.700     6279.094     6329.965
     157.479      398.800     6279.480     6330.352
     157.579      388.700     6279.867     6330.738
     157.679      408.700     6279.867     6330.738
     157.780      398.800     6280.059     6330.930
     157.880      388.900     6280.637     6331.508
     157.980      408.800     6280.832     6331.703
     158.080      398.800     6281.023     6331.895
     158.181      398.700     6281.410     6332.281
     158.281      398.800     6281.602     6332.473
     158.381      398.800     6281.793     6332.664
     158.482      388.800     6282.180     6333.051
     158.582      398.800     6282.566     6333.438
     158.682      408.700     6282.566     6333.438
     158.783      388.900     6282.953     6333.824
     158.883      398.800     6283.145     6334.016
     158.983      407.900     6283.145     6334.016
     159.084      388.800     6283.723     6334.594
     159.184      408.700     6284.109     6334.980
     159.284      398.800     6284.496     6335.367
     159.385      398.800     6284.688     6335.559
     159.485      388.900     6284.883     6335.754
     159.585      408.800     6285.074     6335.945
     159.685      388.800     6285.461     6336.332
     159.786      398.900     6285.652     6336.523
     159.886      408.700     6286.039     6336.910
     159.986      388.900     6286.230     6337.102
     160.087      398.800     6286.426     6337.297
     160.187      398.700     6286.617     6337.488
     160.287      398.800     6287.195     6338.066
     160.388      398.800     6287.387     6338.258
     160.488      398.800     6287.582     6338.453
     160.588      398.800     6287.969     6338.840
     160.689      398.800     6287.969     6338.840
     160.789      398.800     6288.160     6339.031
     160.889      398.800     6288.547     6339.418
     160.989      398.900     6288.547     6339.418
     161.090      398.900     6288.738     6339.609
     161.190      398.800     6289.125     6339.996
     161.290      398.800     6289.125     6339.996
     161.391      398.800     6289.316     6340.188
     161.491      398.800     6290.090     6340.961
     161.591      408.800     6290.668     6341.539
     161.691      398.800     6290.668     6341.539
     161.792      398.700     6291.055     6341.926
     161.892      398.800     6291.246     6342.117
     161.992      398.800     6291.438     6342.309
     162.093      398.800     6291.824     6342.695
     162.193      398.600     6292.020     6342.891
     162.293      398.800     6292.020     6342.891
     162.394      398.700     6292.402     6343.273
     162.494      398.800     6292.598     6343.469
     162.594      398.700     6292.980     6343.852
     162.695      398.700     6293.367     6344.238
     162.795      398.900     6293.562     6344.434
     162.895      398.700     6293.754     6344.625
     162.996      398.800     6293.945     6344.816
     163.096      398.600     6294.141     6345.012
     163.196      398.800     6294.523     6345.395
     163.296      398.800     6294.719     6345.590
     163.397      398.700     6294.910     6345.781
     163.497      398.700     6295.105     6345.977
     163.597      398.700     6295.297     6346.168
     163.698      398.800     6295.684     6346.555
     163.798      397.300     6295.875     6346.746
     163.899      398.200     6296.648     6347.520
     163.999      398.800     6296.648     6347.520
     164.099      398.800     6296.840     6347.711
     164.200      398.700     6297.227     6348.098
     164.301      393.900     6297.227     6348.098
     164.402      398.100     6297.418     6348.289
     164.502      408.800     6297.805     6348.676
     164.602      398.800     6297.805     6348.676
     164.703      388.800     6297.996     6348.867
     164.803      408.600     6298.383     6349.254
     164.903      398.800     6298.770     6349.641
     165.004      388.800     6298.770     6349.641
     165.104      398.700     6299.348     6350.219
     165.204      408.700     6299.539     6350.410
     165.305      388.500     6299.539     6350.410
     165.405      408.600     6299.926     6350.797
     165.505      388.800     6300.312     6351.184
     165.606      398.800     6300.312     6351.184
     165.706      398.600     6300.699     6351.570
     165.806      398.600     6300.891     6351.762
     165.907      398.700     6301.082     6351.953
     166.007      398.800     6301.664     6352.535
     166.107      398.800     6301.855     6352.727
     166.208      398.800     6302.242     6353.113
     166.308      398.700     6302.625     6353.496
     166.408      398.800     6302.820     6353.691
     166.508      398.800     6303.012     6353.883
     166.609      398.800     6303.398     6354.270
     166.709      398.800     6303.590     6354.461
     166.810      397.800     6303.977     6354.848
     166.910      398.600     6304.363     6355.234
     167.010      398.800     6304.555     6355.426
     167.111      398.800     6304.750     6355.621
     167.211      398.700     6305.328     6356.199
     167.311      398.700     6305.328     6356.199
     167.412      398.800     6305.520     6356.391
     167.512      398.700     6306.098     6356.969
     167.612      398.900     6306.098     6356.969
     167.713      398.700     6306.484     6357.355
     167.813      398.800     6306.871     6357.742
     167.913      398.800     6307.062     6357.934
     168.013      408.800     6307.062     6357.934
     168.114      398.800     6307.449     6358.320
     168.214      398.700     6307.641     6358.512
     168.314      398.600     6307.836     6358.707
     168.415      398.800     6308.219     6359.090
     168.515      398.800     6308.605     6359.477
     168.615      398.700     6308.801     6359.672
     168.716      398.800     6309.184     6360.055
     168.816      398.600     6309.379     6360.250
     168.916      398.700     6309.762     6360.633
     169.017      398.900     6309.957     6360.828
     169.117      398.800     6310.148     6361.020
     169.217      398.700     6310.344     6361.215
     169.317      398.800     6310.535     6361.406
     169.418      398.800     6310.727     6361.598
     169.518      398.800     6311.113     6361.984
     169.618      398.700     6311.500     6362.371
     169.719      398.800     6311.500     6362.371
     169.819      388.800     6311.691     6362.562
     169.919      408.700     6312.270     6363.141
     170.020      398.900     6312.465     6363.336
     170.120      388.800     6312.656     6363.527
     170.220      408.600     6313.043     6363.914
     170.320      398.700     6313.043     6363.914
     170.421      388.800     6313.234     6364.105
     170.521      408.700     6313.621     6364.492
     170.621      398.700     6314.008     6364.879
     170.722      398.800     6314.199     6365.070
     170.822      398.600     6314.586     6365.457
     170.922      398.800     6314.777     6365.648
     171.023      398.800     6314.973     6365.844
     171.123      388.800     6315.551     6366.422
     171.223      408.600     6315.938     6366.809
     171.324      388.700     6316.129     6367.000
     171.424      398.800     6316.516     6367.387
     171.524      408.700     6316.707     6367.578
     171.625      398.700     6316.898     6367.770
     171.725      388.800     6317.285     6368.156
     171.825      408.700     6317.480     6368.352
     171.926      388.900     6317.863     6368.734
     172.026      398.900     6318.059     6368.930
     172.126      408.700     6318.250     6369.121
     172.226      398.800     6318.441     6369.312
     172.327      388.700     6319.023     6369.895
     172.427      408.700     6319.215     6370.086
     172.527      388.900     6319.406     6370.277
     172.628      398.800     6319.793     6370.664
     172.728      398.700     6319.793     6370.664
     172.828      398.600     6320.180     6371.051
     172.929      398.800     6320.758     6371.629
     173.029      398.800     6320.949     6371.820
     173.129      399.000     6321.145     6372.016
     173.229      398.800     6321.531     6372.402
     173.330      408.700     6321.531     6372.402
     173.430      398.800     6321.723     6372.594
     173.530      398.900     6322.492     6373.363
     173.631      398.800     6322.492     6373.363
     173.731      398.700     6322.688     6373.559
     173.831      398.600     6323.074     6373.945
     173.932      398.900     6323.266     6374.137
     174.032      398.800     6323.457     6374.328
     174.132      398.700     6323.844     6374.715
     174.233      398.700     6324.035     6374.906
     174.333      398.700     6324.035     6374.906
     174.433      398.800     6324.422     6375.293
     174.533      398.800     6324.617     6375.488
     174.634      388.800     6324.809     6375.680
     174.734      408.600     6325.387     6376.258
     174.834      388.700     6325.578     6376.449
     174.935      398.900     6325.578     6376.449
     175.035      398.900     6325.773     6376.645
     175.135      398.700     6325.965     6376.836
     175.236      398.700     6326.352     6377.223
     175.336      408.700     6326.543     6377.414
     175.436      398.700     6326.738     6377.609
     175.537      398.900     6326.930     6377.801
     175.637      398.700     6327.125     6377.996
     175.737      398.700     6327.316     6378.188
     175.838      398.700     6327.703     6378.574
     175.938      398.800     6328.086     6378.957
     176.038      398.800     6328.281     6379.152
     176.138      398.800     6328.473     6379.344
     176.239      398.700     6328.859     6379.730
     176.339      398.700     6329.051     6379.922
     176.439      398.800     6329.246     6380.117
     176.540      398.800     6329.629     6380.500
     176.640      398.700     6329.629     6380.500
     176.740      398.700     6329.824     6380.695
     176.841      398.700     6330.211     6381.082
     176.941      398.800     6330.594     6381.465
     177.041      398.800     6330.789     6381.660
     177.142      398.700     6331.367     6382.238
     177.242      398.700     6331.559     6382.430
     177.342      398.700     6331.559     6382.430
     177.443      398.800     6331.945     6382.816
     177.543      398.800     6332.332     6383.203
     177.643      398.900     6332.332     6383.203
     177.744      398.700     6333.102     6383.973
     177.844      398.700     6333.297     6384.168
     177.944      398.700     6333.297     6384.168
     178.044      398.800     6334.066     6384.938
     178.145      398.800     6334.262     6385.133
     178.245      398.700     6334.453     6385.324
     178.345      398.700     6334.840     6385.711
     178.446      398.800     6335.031     6385.902
     178.546      388.900     6335.223     6386.094
     178.646      408.700     6335.609     6386.480
     178.747      398.700     6335.805     6386.676
     178.847      398.800     6335.996     6386.867
     178.947      398.800     6336.188     6387.059
     179.048      398.800     6336.383     6387.254
     179.148      388.800     6336.574     6387.445
     179.248      408.600     6337.152     6388.023
     179.348      398.700     6337.152     6388.023
     179.449      398.700     6337.348     6388.219
     179.549      398.900     6337.926     6388.797
     179.649      398.800     6337.926     6388.797
     179.750      398.700     6337.926     6388.797
     179.850      408.800     6338.312     6389.184
     179.950      139.600     4788.957     6276.281
     180.051       99.700     2985.160     3130.000
     180.151       99.700     1791.160     3130.000
     180.251       99.600      281.707     3130.000
