# Elapsed time   CPU (%)     Real (MB)   Virtual (MB)
       0.000        0.000        9.027       37.867
       0.100       99.500       38.445       65.473
       0.201       99.600       36.508       63.469
       0.301       99.700       36.508       63.469
       0.402       99.700       36.508       63.469
       0.502       99.700       36.508       63.469
       0.602       99.700       36.508       63.469
       0.703       99.700       36.508       63.469
       0.803       99.700       36.508       63.469
       0.903       99.700       36.508       63.469
       1.004       99.700       36.508       63.469
       1.104       99.700       36.508       63.469
       1.204       99.700       36.508       63.469
       1.304       99.700       36.508       63.469
       1.405       99.700       36.508       63.469
       1.505       99.700       36.508       63.469
       1.605       99.700       36.508       63.469
       1.706       99.700       36.508       63.469
       1.806       99.700       36.508       63.469
       1.906       99.700       36.508       63.469
       2.007       99.700       36.508       63.469
       2.107       99.700       36.508       63.469
       2.207       99.700       36.508       63.469
       2.308       99.700       36.508       63.469
       2.408       99.700       36.508       63.469
       2.508       99.700       36.508       63.469
       2.609       99.700       36.508       63.469
       2.709       99.700       36.508       63.469
       2.809       99.700       36.508       63.469
       2.910       99.700       36.508       63.469
       3.010       99.700       36.508       63.469
       3.110       99.700       36.508       63.469
       3.211       99.700       36.508       63.469
       3.311       99.700       36.508       63.469
       3.411       99.600       36.508       63.469
       3.512       99.600       36.508       63.469
       3.612       99.700       36.508       63.469
       3.712       99.700       36.508       63.469
       3.813       99.700       36.508       63.469
       3.913       99.700       36.508       63.469
       4.013       99.700       36.508       63.469
