# Elapsed time   CPU (%)     Real (MB)   Virtual (MB)
       0.000        0.000        8.918       36.238
       0.100       99.700       30.922       58.938
       0.201       99.700       22.715       50.305
       0.301       99.800       22.715       50.305
       0.401       99.700       22.715       50.305
       0.501       99.800       22.715       50.305
       0.602       99.700       22.715       50.305
       0.702       99.700       22.715       50.305
       0.802       99.700       22.715       50.305
       0.902       99.800       22.715       50.305
       1.003       99.600       22.715       50.305
       1.103       99.600       22.715       50.305
       1.204       99.800       14.289       41.879
       1.304       99.700       14.289       41.879
       1.404       99.700       14.289       41.879
       1.504       99.800       14.289       41.879
       1.605       99.700       14.289       41.879
       1.705       99.800       14.289       41.879
       1.805       99.700       14.289       41.879
       1.905       99.700       14.289       41.879
       2.006       99.700       14.289       41.879
       2.106       99.700       14.289       41.879
       2.206       99.700       14.289       41.879
       2.306       99.800       14.289       41.879
       2.407       99.800       14.289       41.879
