# Elapsed time   CPU (%)     Real (MB)   Virtual (MB)
       0.000        0.000       12.301       40.090
       0.100       99.700       87.051      114.090
       0.201       99.700       87.051      114.090
       0.301       99.700       87.051      114.090
       0.401       99.700       87.051      114.090
       0.502       99.700       87.051      114.090
       0.602       99.700       87.051      114.090
       0.702       99.700       87.051      114.090
       0.803       99.700       87.051      114.090
       0.903       99.700       87.051      114.090
       1.003       99.700       87.051      114.090
       1.103       99.700       87.051      114.090
       1.204       99.700       87.051      114.090
       1.304       99.700       87.051      114.090
       1.404       99.700       87.051      114.090
       1.505       99.700       87.051      114.090
       1.605       99.700       87.051      114.090
       1.705       99.700       87.051      114.090
       1.806       99.700       87.051      114.090
       1.906       99.700       87.051      114.090
       2.006       99.700       87.051      114.090
       2.107       99.700       87.051      114.090
       2.207       99.700       87.051      114.090
       2.307       99.700       87.051      114.090
       2.408       99.700       87.051      114.090
       2.508       99.700       87.051      114.090
       2.608       99.600       87.051      114.090
       2.709       99.700       87.051      114.090
       2.809       99.700       87.051      114.090
       2.909       99.700       87.051      114.090
       3.009       99.700       87.051      114.090
       3.110       99.700       87.051      114.090
       3.210       99.700       87.051      114.090
       3.310       99.700       87.051      114.090
       3.411       99.700       87.051      114.090
       3.511       99.700       87.051      114.090
       3.611       99.700       87.051      114.090
       3.712       99.600       87.051      114.090
       3.812       99.600       87.051      114.090
       3.912       99.600       87.051      114.090
       4.013       99.700       87.051      114.090
       4.113       99.700       87.051      114.090
       4.213       99.700       87.051      114.090
       4.314       99.700       87.051      114.090
       4.414       99.700       87.051      114.090
       4.514       99.700       87.051      114.090
       4.615       99.700       87.051      114.090
       4.715       99.700       87.051      114.090
       4.815       99.700       87.051      114.090
       4.915       99.700       87.051      114.090
       5.016       99.700       87.051      114.090
       5.116       89.700       87.051      114.090
       5.216      109.600       87.051      114.090
       5.317       89.700       87.051      114.090
       5.417       99.700       87.051      114.090
       5.517      109.600       87.051      114.090
       5.618       89.700       87.051      114.090
       5.718       99.700       87.051      114.090
       5.818       99.700       87.051      114.090
       5.919       99.700       87.051      114.090
       6.019       99.700       87.051      114.090
       6.119       99.700       87.051      114.090
       6.220       99.700       87.051      114.090
       6.320       99.700       87.051      114.090
       6.420       99.600       87.051      114.090
       6.521       99.700       87.051      114.090
       6.621       99.700       87.051      114.090
       6.721       99.600       87.051      114.090
       6.822       99.700       87.051      114.090
       6.922       99.700       87.051      114.090
       7.022       99.600       87.051      114.090
       7.123       99.700       87.051      114.090
       7.223       99.700       87.051      114.090
       7.323       99.700       87.051      114.090
       7.424       99.700       87.051      114.090
       7.524       99.700       87.051      114.090
       7.624       99.700       87.051      114.090
       7.725       99.700       87.051      114.090
       7.825       99.700       87.051      114.090
       7.925       99.700       87.051      114.090
       8.026       99.700       87.051      114.090
       8.126       99.700       87.051      114.090
       8.226       99.700       87.051      114.090
       8.327       99.700       87.051      114.090
       8.427       99.700       87.051      114.090
       8.527       99.700       87.051      114.090
       8.627       99.700       87.051      114.090
       8.728       99.700       87.051      114.090
       8.828       99.700       87.051      114.090
       8.928       99.700       87.051      114.090
       9.029       99.700       87.051      114.090
