# Elapsed time   CPU (%)     Real (MB)   Virtual (MB)
       0.000        0.000       12.410       40.090
       0.100       99.700       24.852       52.652
       0.201       99.800       24.957       52.652
       0.301       99.800       24.957       52.652
       0.401       99.800       24.957       52.652
       0.501       99.700       24.957       52.652
       0.602       99.700       24.957       52.652
       0.702       99.700       24.957       52.652
       0.802       99.700       24.957       52.652
       0.903       99.800       24.957       52.652
       1.003       99.700       24.957       52.652
       1.103       99.700       24.957       52.652
       1.203       99.700       24.957       52.652
       1.304       99.700       24.957       52.652
       1.404       99.700       24.957       52.652
       1.504       99.700       24.957       52.652
       1.604       99.700       24.957       52.652
       1.705       99.800       24.957       52.652
       1.805       99.700       24.957       52.652
       1.905       99.700       24.957       52.652
       2.006       99.700       24.957       52.652
       2.106       99.700       24.957       52.652
       2.206       99.700       24.957       52.652
       2.306       99.700       24.957       52.652
       2.407       99.800       24.957       52.652
       2.507       99.700       24.957       52.652
       2.607       99.700       24.957       52.652
       2.707       99.800       24.957       52.652
       2.808       99.700       24.957       52.652
       2.908       99.800       24.957       52.652
       3.008       99.700       24.957       52.652
       3.108       99.700       24.957       52.652
       3.209       99.700       24.957       52.652
       3.309       99.700       24.957       52.652
       3.409       99.800       24.957       52.652
       3.510       99.700       24.957       52.652
       3.610       99.700       24.957       52.652
       3.710       99.700       24.957       52.652
       3.810       99.700       24.957       52.652
       3.911       99.800       24.957       52.652
       4.011       99.700       24.957       52.652
       4.111       99.700       24.957       52.652
       4.212       99.700       24.957       52.652
       4.312       99.700       24.957       52.652
       4.412       89.800       24.957       52.652
       4.512      109.700       24.957       52.652
       4.613       89.700       24.957       52.652
       4.713       99.800       24.957       52.652
       4.813       99.800       24.957       52.652
       4.913       99.700       24.957       52.652
       5.014       99.700       24.957       52.652
       5.114       99.700       24.957       52.652
       5.214       99.800       24.957       52.652
       5.314       99.700       24.957       52.652
       5.415       99.800       24.957       52.652
       5.515       99.700       24.957       52.652
       5.615       99.700       24.957       52.652
       5.716       99.700       24.957       52.652
       5.816       99.700       24.957       52.652
       5.916       99.700       24.957       52.652
       6.016       99.700       24.957       52.652
       6.117       99.700       24.957       52.652
       6.217       99.800       24.957       52.652
       6.317       99.800       24.957       52.652
       6.417       99.800       24.957       52.652
       6.518       99.700       24.957       52.652
       6.618       99.700       24.957       52.652
       6.718       99.500       24.957       52.652
       6.819       99.600       24.957       52.652
       6.919       99.800       24.957       52.652
       7.019       99.700       24.957       52.652
       7.120       99.700       24.957       52.652
       7.220       99.700       24.957       52.652
       7.320       99.700       24.957       52.652
       7.421       99.700       24.957       52.652
       7.521       99.700       24.957       52.652
       7.621       99.700       24.957       52.652
       7.721       99.700       24.957       52.652
       7.822       99.700       24.957       52.652
       7.922       99.700       24.957       52.652
       8.022       99.700       24.957       52.652
       8.123       99.700       24.957       52.652
       8.223       99.700       24.957       52.652
       8.323       99.800       24.957       52.652
       8.423       99.800       24.957       52.652
       8.524       99.700       24.957       52.652
       8.624       99.400       24.957       52.652
       8.724       99.800       24.957       52.652
       8.825       99.800       24.957       52.652
       8.925       99.800       24.957       52.652
       9.025       99.700       24.957       52.652
       9.125       99.700       24.957       52.652
       9.226       99.700       24.957       52.652
       9.326       99.800       24.957       52.652
       9.426       99.800       24.957       52.652
       9.526       99.700       24.957       52.652
       9.627       99.800       24.957       52.652
       9.727       99.700       24.957       52.652
       9.827       99.800       24.957       52.652
       9.928       99.800       24.957       52.652
      10.028       99.700       24.957       52.652
      10.128       99.700       24.957       52.652
      10.228       99.800       24.957       52.652
      10.329       99.700       24.957       52.652
      10.429       99.700       24.957       52.652
      10.529       99.700       24.957       52.652
      10.629       99.700       24.957       52.652
      10.730       99.800       24.957       52.652
      10.830       99.800       24.957       52.652
      10.930       99.700       24.957       52.652
      11.030       99.700       24.957       52.652
      11.131       99.700       24.957       52.652
      11.231       89.800       24.957       52.652
      11.331       99.800       24.957       52.652
      11.432       99.700       24.957       52.652
      11.532       99.700       24.957       52.652
      11.632       99.700       24.957       52.652
      11.732       99.700       24.957       52.652
      11.833       99.800       24.957       52.652
      11.933       99.800       24.957       52.652
      12.033       99.500       24.957       52.652
      12.134       99.700       24.957       52.652
      12.234       99.700       24.957       52.652
      12.334       99.700       24.957       52.652
      12.434       99.800       24.957       52.652
      12.535       99.700       24.957       52.652
      12.635       99.800       24.957       52.652
      12.735       99.700       24.957       52.652
      12.836       99.700       24.957       52.652
      12.936       99.800       24.957       52.652
      13.036       99.700       24.957       52.652
      13.136       99.700       24.957       52.652
      13.237       99.800       24.957       52.652
      13.337       99.700       24.957       52.652
      13.437       99.800       24.957       52.652
      13.537       99.700       24.957       52.652
      13.638       99.700       24.957       52.652
      13.738       99.700       24.957       52.652
      13.838       99.800       24.957       52.652
      13.939       99.700       24.957       52.652
      14.039       99.700       24.957       52.652
      14.139       99.700       24.957       52.652
      14.239       99.700       24.957       52.652
      14.340       99.800       24.957       52.652
      14.440       99.800       24.957       52.652
      14.540       99.700       24.957       52.652
      14.640       99.800       24.957       52.652
      14.741       99.800       24.957       52.652
      14.841       99.800       24.957       52.652
      14.941       99.800       24.957       52.652
      15.041       99.700       24.957       52.652
      15.142       99.700       24.957       52.652
      15.242       99.700       24.957       52.652
      15.342       99.800       24.957       52.652
      15.443       99.800       24.957       52.652
      15.543       99.700       24.957       52.652
      15.643       99.800       24.957       52.652
      15.743       99.700       24.957       52.652
      15.844       99.800       24.957       52.652
      15.944       99.800       24.957       52.652
      16.044       99.700       24.957       52.652
      16.144       99.700       24.957       52.652
      16.245       99.700       24.957       52.652
      16.345       99.700       24.957       52.652
      16.445       99.800       24.957       52.652
      16.545       99.700       24.957       52.652
      16.646       99.800       24.957       52.652
      16.746       99.800       24.957       52.652
      16.846       99.800       24.957       52.652
      16.946       99.700       24.957       52.652
      17.047       99.700       24.957       52.652
      17.147       99.800       24.957       52.652
      17.247       99.800       24.957       52.652
      17.348       99.800       24.957       52.652
      17.448       99.800       24.957       52.652
      17.548       99.700       24.957       52.652
      17.649       99.500       24.957       52.652
      17.749       99.800       24.957       52.652
      17.849       99.800       24.957       52.652
      17.949       99.800       24.957       52.652
      18.050       99.700       24.957       52.652
      18.150       99.500       24.957       52.652
      18.251       99.500       24.957       52.652
      18.351       99.800       24.957       52.652
      18.451       99.800       24.957       52.652
      18.551       99.700       24.957       52.652
      18.652       99.600       24.957       52.652
      18.752       99.700       24.957       52.652
      18.852       99.800       24.957       52.652
      18.953       99.800       24.957       52.652
      19.053       99.700       24.957       52.652
      19.153       99.800       24.957       52.652
      19.253       99.800       24.957       52.652
      19.354       99.700       24.957       52.652
      19.454       99.800       24.957       52.652
      19.554       99.700       24.957       52.652
      19.654       99.700       24.957       52.652
      19.755       99.600       24.957       52.652
      19.855       99.800       24.957       52.652
      19.955       99.500       24.957       52.652
      20.056       99.500       24.957       52.652
      20.156       99.700       24.957       52.652
      20.257       99.800       24.957       52.652
      20.357       99.800       24.957       52.652
      20.457       99.800       24.957       52.652
      20.557       99.700       24.957       52.652
      20.657       99.700       24.957       52.652
      20.758       99.800       24.957       52.652
      20.858       99.800       24.957       52.652
      20.958       99.800       24.957       52.652
      21.058       99.700       24.957       52.652
      21.159       99.700       24.957       52.652
      21.259       99.700       24.957       52.652
      21.359       99.700       24.957       52.652
      21.459       99.800       24.957       52.652
      21.560       99.700       24.957       52.652
      21.660       99.800       24.957       52.652
      21.760       99.700       24.957       52.652
      21.860       99.700       24.957       52.652
      21.961       99.800       24.957       52.652
      22.061       89.700       24.957       52.652
      22.161      109.700       24.957       52.652
      22.261       99.700       24.957       52.652
      22.362       89.700       24.957       52.652
      22.462       99.700       24.957       52.652
      22.562      109.700       24.957       52.652
      22.663       89.800       24.957       52.652
      22.763       99.700       24.957       52.652
      22.863      109.600       24.957       52.652
      22.964       89.700       24.957       52.652
      23.064       99.700       24.957       52.652
      23.164       99.800       24.957       52.652
