# Elapsed time   CPU (%)     Real (MB)   Virtual (MB)
       0.000        0.000       44.781       95.551
       0.109      393.700       44.781       95.551
       0.220      397.700       44.781       95.551
       0.330      391.700       44.781       95.551
       0.440      398.900       44.781       95.551
       0.549      392.600       44.781       95.551
       0.659      401.900       44.781       95.551
       0.768      401.700       45.281       96.051
       0.878      392.000       45.281       96.051
       0.988      401.500       45.281       96.051
       1.098      391.700       45.281       96.051
       1.207      401.800       45.281       96.051
       1.317      391.800       45.281       96.051
       1.428      396.200       45.281       96.051
       1.537      394.100       45.281       96.051
       1.646      402.600       45.281       96.051
       1.756      393.000       45.281       96.051
       1.865      402.100       45.281       96.051
       1.974      393.400       45.281       96.051
       2.084      401.500       45.281       96.051
       2.194      401.400       45.281       96.051
       2.303      402.000       45.281       96.051
       2.413      392.600       45.281       96.051
       2.522      392.800       45.281       96.051
       2.632      401.900       45.281       96.051
       2.741      393.300       45.281       96.051
       2.851      400.800       45.281       96.051
       2.960      392.600       45.281       96.051
       3.069      404.100       45.281       96.051
       3.179      392.300       45.281       96.051
       3.288      402.600       45.281       96.051
       3.398      400.500       45.281       96.051
       3.507      392.700       45.281       96.051
       3.617      400.800       45.281       96.051
       3.726      393.200       45.281       96.051
       3.836      392.900       45.281       96.051
       3.946      401.000       45.281       96.051
       4.055      392.500       45.281       96.051
       4.165      401.400       45.281       96.051
       4.274      392.900       45.281       96.051
       4.384      401.400       45.281       96.051
       4.493      392.900       45.281       96.051
       4.603      393.600       45.281       96.051
       4.712      402.600       45.281       96.051
       4.821      392.800       45.281       96.051
       4.931      399.700       45.281       96.051
       5.041      402.300       45.281       96.051
       5.150      401.100       45.281       96.051
       5.259      394.400       45.281       96.051
       5.369      402.700       45.281       96.051
       5.478      392.200       45.281       96.051
       5.588      391.100       45.281       96.051
       5.698      402.600       45.281       96.051
       5.807      392.800       45.281       96.051
       5.917      401.200       45.281       96.051
       6.027      399.900       45.281       96.051
       6.136      392.300       45.281       96.051
       6.246      402.200       45.281       96.051
       6.355      392.700       45.281       96.051
       6.467      393.300       45.281       96.051
       6.577      400.700       45.281       96.051
       6.686      393.200       45.281       96.051
       6.796      402.400       45.281       96.051
       6.906      399.300       45.281       96.051
       7.015      392.900       45.281       96.051
       7.125      402.200       45.281       96.051
       7.234      393.100       45.281       96.051
       7.344      401.700       45.281       96.051
       7.453      402.300       45.281       96.051
       7.562      392.700       45.281       96.051
       7.672      401.400       45.281       96.051
       7.781      402.300       45.281       96.051
       7.891      401.800       45.281       96.051
       8.000      393.100       45.281       96.051
       8.111      398.600       45.281       96.051
       8.220      392.400       45.281       96.051
       8.330      401.600       45.281       96.051
       8.440      401.200       45.281       96.051
       8.549      402.500       45.281       96.051
       8.658      392.900       45.281       96.051
       8.768      393.200       45.281       96.051
       8.877      401.600       45.281       96.051
       8.987      401.400       45.281       96.051
       9.097      399.100       45.281       96.051
       9.207      391.900       45.281       96.051
       9.316      402.000       45.281       96.051
       9.426      399.400       45.281       96.051
       9.536      393.300       45.281       96.051
       9.645      401.600       45.281       96.051
       9.755      399.600       45.281       96.051
       9.865      392.300       45.281       96.051
       9.975      400.900       45.281       96.051
      10.084      392.300       45.281       96.051
      10.194      402.200       45.281       96.051
      10.303      393.000       45.281       96.051
      10.413      401.600       45.281       96.051
      10.523      391.400       45.281       96.051
      10.632      410.200       45.281       96.051
      10.741      395.600       45.281       96.051
      10.851      401.500       45.281       96.051
      10.963      399.300       45.281       96.051
      11.073      393.000       45.281       96.051
      11.182      402.400       45.281       96.051
      11.293      396.200       45.281       96.051
      11.404      396.200       45.281       96.051
      11.514      401.400       45.281       96.051
      11.623      392.900       45.281       96.051
      11.733      401.600       45.281       96.051
      11.842      402.000       45.281       96.051
      11.952      392.900       45.281       96.051
      12.061      402.200       45.281       96.051
      12.171      393.000       45.281       96.051
      12.280      402.500       45.281       96.051
      12.389      402.300       45.281       96.051
      12.499      392.300       45.281       96.051
      12.608      401.900       45.281       96.051
      12.718      401.800       45.281       96.051
      12.827      392.500       45.281       96.051
      12.936      396.200       45.281       96.051
      13.046      399.200       45.281       96.051
      13.155      393.200       45.281       96.051
      13.265      401.500       45.281       96.051
      13.375      400.900       45.281       96.051
      13.484      392.200       45.281       96.051
      13.594      402.300       45.281       96.051
      13.703      392.900       45.281       96.051
      13.813      402.100       45.281       96.051
      13.923      399.200       45.281       96.051
      14.032      392.700       45.281       96.051
      14.142      402.100       45.281       96.051
      14.251      393.000       45.281       96.051
      14.361      401.300       45.281       96.051
      14.470      392.600       45.281       96.051
      14.580      402.100       45.281       96.051
      14.690      392.200       45.281       96.051
      14.800      399.700       45.281       96.051
      14.909      392.400       45.281       96.051
      15.019      401.300       45.281       96.051
      15.128      402.500       45.281       96.051
      15.238      392.900       45.281       96.051
      15.347      401.700       45.281       96.051
      15.457      392.800       45.281       96.051
      15.566      401.900       45.281       96.051
      15.675      402.300       45.281       96.051
      15.785      393.000       45.281       96.051
      15.894      401.400       45.281       96.051
      16.004      392.700       45.281       96.051
      16.113      402.200       45.281       96.051
      16.223      401.800       45.281       96.051
      16.336      398.300       45.281       96.051
      16.445      392.900       45.281       96.051
      16.555      393.200       45.281       96.051
      16.664      402.000       45.281       96.051
      16.774      393.000       45.281       96.051
      16.883      402.500       45.281       96.051
      16.992      393.000       45.281       96.051
      17.101      394.400       45.281       96.051
      17.211      402.200       45.281       96.051
      17.320      392.800       45.281       96.051
      17.430      400.800       45.281       96.051
      17.539      401.900       45.281       96.051
      17.649      393.000       45.281       96.051
      17.758      402.100       45.281       96.051
      17.868      391.100       45.281       96.051
      17.982      403.300       45.281       96.051
      18.092      393.600       45.281       96.051
      18.201      402.200       45.281       96.051
      18.310      393.400       45.281       96.051
      18.420      402.000       45.281       96.051
      18.529      402.300       45.281       96.051
      18.639      392.600       45.281       96.051
      18.750      404.700       45.281       96.051
      18.859      392.800       45.281       96.051
      18.968      393.400       45.281       96.051
      19.078      401.500       45.281       96.051
      19.188      392.800       45.281       96.051
      19.297      400.900       45.281       96.051
      19.406      403.500       45.281       96.051
      19.515      396.700       45.281       96.051
      19.626      395.400       45.281       96.051
      19.735      402.100       45.281       96.051
      19.845      393.200       45.281       96.051
      19.954      402.200       45.281       96.051
      20.064      393.100       45.281       96.051
      20.173      401.400       45.281       96.051
      20.283      392.400       45.281       96.051
      20.392      401.700       45.281       96.051
      20.502      393.100       45.281       96.051
      20.611      401.700       45.281       96.051
      20.721      402.000       45.281       96.051
      20.830      393.400       45.281       96.051
      20.939      393.300       45.281       96.051
      21.048      404.600       45.281       96.051
      21.159      395.300       45.281       96.051
      21.268      395.600       45.281       96.051
      21.378      392.800       45.281       96.051
      21.487      401.700       45.281       96.051
      21.598      398.300       45.281       96.051
      21.707      401.000       45.281       96.051
      21.817      392.900       45.281       96.051
      21.926      401.700       45.281       96.051
      22.036      393.300       45.281       96.051
      22.145      401.700       45.281       96.051
      22.255      399.500       45.281       96.051
      22.365      391.200       45.281       96.051
      22.475      401.400       45.281       96.051
      22.585      392.200       45.281       96.051
      22.695      398.600       45.281       96.051
      22.805      398.200       45.281       96.051
      22.915      401.400       45.281       96.051
      23.024      393.500       45.281       96.051
      23.134      401.500       45.281       96.051
      23.243      392.800       45.281       96.051
      23.353      401.700       45.281       96.051
      23.462      393.000       45.281       96.051
      23.572      401.400       45.281       96.051
      23.682      401.300       45.281       96.051
      23.791      392.600       45.281       96.051
      23.901      400.300       45.281       96.051
      24.010      402.100       45.281       96.051
      24.120      391.500       45.281       96.051
      24.230      402.500       45.281       96.051
      24.338      396.000       45.281       96.051
      24.449      396.300       45.281       96.051
      24.559      402.000       45.281       96.051
      24.668      400.800       45.281       96.051
      24.778      391.700       45.281       96.051
      24.888      393.200       45.281       96.051
      24.997      402.100       45.281       96.051
      25.107      401.600       45.281       96.051
      25.216      401.300       45.281       96.051
      25.326      392.000       45.281       96.051
      25.436      392.000       45.281       96.051
      25.545      401.900       45.281       96.051
      25.655      392.700       45.281       96.051
      25.764      401.900       45.281       96.051
      25.874      399.700       45.281       96.051
      25.984      400.800       45.281       96.051
      26.093      386.400       45.281       96.051
      26.202      401.200       45.281       96.051
      26.312      392.300       45.281       96.051
      26.421      392.300       45.281       96.051
      26.531      401.500       45.281       96.051
      26.641      392.800       45.281       96.051
      26.751      408.300       45.281       96.051
      26.860      402.300       45.281       96.051
      26.970      400.200       45.281       96.051
      27.080      401.100       45.281       96.051
      27.189      392.100       45.281       96.051
      27.299      402.200       45.281       96.051
      27.408      392.800       45.281       96.051
      27.518      402.400       45.281       96.051
      27.628      399.800       45.281       96.051
      27.738      390.300       45.281       96.051
      27.847      392.800       45.281       96.051
      27.957      403.000       45.281       96.051
      28.066      393.500       45.281       96.051
      28.176      400.700       45.281       96.051
      28.286      391.000       45.281       96.051
      28.395      402.200       45.281       96.051
      28.505      392.300       45.281       96.051
      28.614      400.700       45.281       96.051
      28.725      399.200       45.281       96.051
      28.834      401.100       45.281       96.051
      28.944      401.900       45.281       96.051
      29.054      391.800       45.281       96.051
      29.163      401.100       45.281       96.051
      29.273      401.800       45.281       96.051
      29.382      392.900       45.281       96.051
      29.491      395.300       45.281       96.051
      29.600      393.000       45.281       96.051
      29.710      401.600       45.281       96.051
      29.819      393.000       45.281       96.051
      29.929      402.400       45.281       96.051
      30.038      402.000       45.281       96.051
      30.148      392.600       45.281       96.051
      30.257      401.900       45.281       96.051
      30.367      393.300       45.281       96.051
      30.476      402.400       45.281       96.051
      30.585      393.000       45.281       96.051
      30.695      401.600       45.281       96.051
      30.805      392.000       45.281       96.051
      30.914      400.900       45.281       96.051
      31.025      389.500       45.281       96.051
      31.134      401.300       45.281       96.051
      31.244      392.700       45.281       96.051
      31.353      402.900       45.281       96.051
      31.462      392.800       45.281       96.051
      31.573      396.900       45.281       96.051
      31.683      401.200       45.281       96.051
      31.792      402.000       45.281       96.051
      31.902      401.100       45.281       96.051
      32.011      393.500       45.281       96.051
      32.121      402.500       45.281       96.051
      32.230      392.800       45.281       96.051
      32.340      402.000       45.281       96.051
      32.449      402.000       45.281       96.051
      32.558      393.500       45.281       96.051
      32.669      390.600       45.281       96.051
      32.779      399.200       45.281       96.051
      32.888      402.400       45.281       96.051
      32.997      393.300       45.281       96.051
      33.107      402.000       45.281       96.051
      33.216      392.700       45.281       96.051
      33.327      398.600       45.281       96.051
      33.436      393.000       45.281       96.051
      33.545      393.800       45.281       96.051
      33.655      401.900       45.281       96.051
      33.764      392.800       45.281       96.051
      33.874      401.700       45.281       96.051
      33.983      393.200       45.281       96.051
      34.093      402.400       45.281       96.051
      34.202      400.500       45.281       96.051
      34.312      390.900       45.281       96.051
      34.422      402.200       45.281       96.051
      34.531      393.500       45.281       96.051
      34.641      399.300       45.281       96.051
      34.751      392.600       45.281       96.051
      34.861      401.100       45.281       96.051
      34.970      392.900       45.281       96.051
      35.079      401.900       45.281       96.051
      35.189      391.900       45.281       96.051
      35.299      401.800       45.281       96.051
      35.408      401.700       45.281       96.051
      35.518      393.000       45.281       96.051
      35.627      402.300       45.281       96.051
      35.736      393.200       45.281       96.051
      35.846      402.700       45.281       96.051
      35.955      392.300       45.281       96.051
      36.065      399.900       45.281       96.051
      36.175      399.500       45.281       96.051
      36.285      401.900       45.281       96.051
      36.394      392.900       45.281       96.051
      36.504      401.800       45.281       96.051
      36.614      400.800       45.281       96.051
      36.723      400.500       45.281       96.051
      36.833      393.900       45.281       96.051
      36.942      401.800       45.281       96.051
      37.052      392.800       45.281       96.051
      37.161      401.800       45.281       96.051
      37.271      401.800       45.281       96.051
      37.380      392.600       45.281       96.051
      37.492      403.400       45.281       96.051
      37.602      399.100       45.281       96.051
      37.712      391.200       45.281       96.051
      37.821      401.700       45.281       96.051
      37.931      393.200       45.281       96.051
      38.040      402.600       45.281       96.051
      38.150      392.500       45.281       96.051
      38.259      400.800       45.281       96.051
      38.369      392.900       45.281       96.051
      38.478      402.100       45.281       96.051
      38.588      392.900       45.281       96.051
      38.697      401.200       45.281       96.051
      38.807      401.100       45.281       96.051
      38.917      392.800       45.281       96.051
      39.026      402.300       45.281       96.051
      39.135      392.900       45.281       96.051
      39.245      402.500       45.281       96.051
      39.354      402.300       45.281       96.051
      39.463      393.500       45.281       96.051
      39.573      393.200       45.281       96.051
      39.683      400.200       45.281       96.051
      39.792      402.400       45.281       96.051
      39.902      389.400       45.281       96.051
      40.012      402.600       45.281       96.051
      40.121      393.100       45.281       96.051
      40.231      392.600       45.281       96.051
      40.343      401.200       45.281       96.051
      40.452      393.400       45.281       96.051
      40.561      402.400       45.281       96.051
      40.671      391.600       45.281       96.051
      40.781      400.700       45.281       96.051
      40.895      394.700       45.281       96.051
      41.005      401.700       45.281       96.051
      41.114      393.300       45.281       96.051
      41.223      402.000       45.281       96.051
      41.333      402.000       45.281       96.051
      41.442      392.900       45.281       96.051
      41.552      402.100       45.281       96.051
      41.661      392.200       45.281       96.051
      41.771      402.100       45.281       96.051
      41.880      392.300       45.281       96.051
      41.990      401.100       45.281       96.051
      42.100      401.900       45.281       96.051
      42.209      401.900       45.281       96.051
      42.318      393.700       45.281       96.051
      42.428      401.500       45.281       96.051
      42.539      396.600       45.281       96.051
      42.649      399.700       45.281       96.051
      42.758      393.100       45.281       96.051
      42.869      398.900       45.281       96.051
      42.978      391.200       45.281       96.051
      43.088      402.000       45.281       96.051
      43.197      392.900       45.281       96.051
      43.307      402.400       45.281       96.051
      43.416      402.100       45.281       96.051
      43.526      401.700       45.281       96.051
      43.635      392.800       45.281       96.051
      43.745      393.100       45.281       96.051
      43.854      400.600       45.281       96.051
      43.964      401.200       45.281       96.051
      44.073      393.600       45.281       96.051
      44.183      401.500       45.281       96.051
      44.292      395.800       45.281       96.051
      44.401      401.400       45.281       96.051
      44.511      392.800       45.281       96.051
      44.620      392.300       45.281       96.051
      44.730      400.300       45.281       96.051
      44.840      393.000       45.281       96.051
      44.949      402.200       45.281       96.051
      45.059      392.600       45.281       96.051
      45.168      401.500       45.281       96.051
      45.278      402.000       45.281       96.051
      45.387      392.700       45.281       96.051
      45.497      401.300       45.281       96.051
      45.606      392.600       45.281       96.051
      45.716      402.200       45.281       96.051
      45.830      393.000       45.281       96.051
      45.940      401.600       45.281       96.051
      46.050      398.700       45.281       96.051
      46.159      393.400       45.281       96.051
      46.269      400.600       45.281       96.051
      46.379      400.900       45.281       96.051
      46.488      402.100       45.281       96.051
      46.598      393.800       45.281       96.051
      46.707      411.200       45.281       96.051
      46.817      391.200       45.281       96.051
      46.927      390.800       45.281       96.051
      47.036      402.000       45.281       96.051
      47.146      392.900       45.281       96.051
      47.256      401.200       45.281       96.051
      47.367      394.600       45.281       96.051
      47.476      402.800       45.281       96.051
      47.586      390.900       45.281       96.051
      47.696      401.900       45.281       96.051
      47.805      402.100       45.281       96.051
      47.916      389.700       45.281       96.051
      48.025      403.000       45.281       96.051
      48.134      393.500       45.281       96.051
      48.244      400.800       45.281       96.051
      48.353      393.100       45.281       96.051
      48.463      399.900       45.281       96.051
      48.573      402.400       45.281       96.051
      48.682      402.100       45.281       96.051
      48.791      393.200       45.281       96.051
      48.901      401.800       45.281       96.051
      49.009      396.100       45.281       96.051
      49.120      396.600       45.281       96.051
      49.230      402.000       45.281       96.051
      49.339      393.000       45.281       96.051
      49.449      402.400       45.281       96.051
      49.558      402.700       45.281       96.051
      49.667      393.300       45.281       96.051
      49.777      393.100       45.281       96.051
      49.886      402.500       45.281       96.051
      49.995      392.600       45.281       96.051
      50.105      402.500       45.281       96.051
      50.214      402.100       45.281       96.051
      50.324      392.900       45.281       96.051
      50.434      399.200       45.281       96.051
      50.543      392.500       45.281       96.051
      50.653      401.400       45.281       96.051
      50.765      391.900       45.281       96.051
      50.875      400.200       45.281       96.051
      50.985      399.800       45.281       96.051
      51.095      400.100       45.281       96.051
      51.205      399.700       45.281       96.051
      51.316      398.100       45.281       96.051
      51.426      400.500       45.281       96.051
      51.536      399.700       45.281       96.051
      51.646      391.600       45.281       96.051
      51.755      401.400       45.281       96.051
      51.867      395.400       45.281       96.051
      51.975      396.300       45.281       96.051
      52.084      402.200       45.281       96.051
      52.193      395.200       45.281       96.051
      52.302      396.300       45.281       96.051
      52.411      401.400       45.281       96.051
      52.521      393.700       45.281       96.051
      52.631      400.000       45.281       96.051
      52.740      401.500       45.281       96.051
      52.850      392.600       45.281       96.051
      52.959      402.600       45.281       96.051
      53.068      392.900       45.281       96.051
      53.178      402.600       45.281       96.051
      53.287      393.300       45.281       96.051
      53.397      392.500       45.281       96.051
      53.506      401.800       45.281       96.051
      53.615      393.300       45.281       96.051
      53.725      402.500       45.281       96.051
      53.834      393.200       45.281       96.051
      53.943      404.500       45.281       96.051
      54.053      392.000       45.281       96.051
      54.162      400.600       45.281       96.051
      54.273      397.900       45.281       96.051
      54.382      404.100       45.281       96.051
      54.491      394.500       45.281       96.051
      54.600      403.900       45.281       96.051
      54.708      396.800       45.281       96.051
      54.818      399.500       45.281       96.051
      54.927      396.300       45.281       96.051
      55.035      396.100       45.281       96.051
      55.144      405.200       45.281       96.051
      55.253      395.200       45.281       96.051
      55.362      392.500       45.281       96.051
      55.473      399.200       45.281       96.051
      55.582      394.900       45.281       96.051
      55.692      399.400       45.281       96.051
      55.801      402.000       45.281       96.051
      55.911      392.700       45.281       96.051
      56.020      393.100       45.281       96.051
      56.129      402.400       45.281       96.051
      56.239      393.700       45.281       96.051
      56.348      402.600       45.281       96.051
      56.457      393.300       45.281       96.051
      56.567      401.600       45.281       96.051
      56.676      402.100       45.281       96.051
      56.785      393.600       45.281       96.051
      56.895      402.600       45.281       96.051
      57.004      392.400       45.281       96.051
      57.114      401.700       45.281       96.051
      57.224      390.800       45.281       96.051
      57.333      401.800       45.281       96.051
      57.443      402.500       45.281       96.051
      57.552      401.200       45.281       96.051
      57.662      392.800       45.281       96.051
      57.771      393.000       45.281       96.051
      57.881      402.100       45.281       96.051
      57.990      391.700       45.281       96.051
      58.100      402.500       45.281       96.051
      58.210      400.800       45.281       96.051
      58.319      393.400       45.281       96.051
      58.428      402.600       45.281       96.051
      58.538      401.400       45.281       96.051
      58.647      393.300       45.281       96.051
      58.756      395.400       45.281       96.051
      58.867      397.000       45.281       96.051
      58.975      396.600       45.281       96.051
      59.085      401.900       45.281       96.051
      59.195      399.400       45.281       96.051
      59.304      393.100       45.281       96.051
      59.413      393.600       45.281       96.051
      59.523      401.900       45.281       96.051
      59.632      393.500       45.281       96.051
      59.742      400.800       45.281       96.051
      59.851      393.200       45.281       96.051
      59.961      402.700       45.281       96.051
      60.070      392.600       45.281       96.051
      60.180      401.500       45.281       96.051
      60.289      392.500       45.281       96.051
      60.399      400.700       45.281       96.051
      60.509      392.600       45.281       96.051
      60.618      401.200       45.281       96.051
      60.728      392.900       45.281       96.051
      60.837      393.100       45.281       96.051
      60.946      402.500       45.281       96.051
      61.056      393.600       45.281       96.051
      61.165      402.500       45.281       96.051
      61.275      392.400       45.281       96.051
      61.384      401.400       45.281       96.051
      61.493      393.200       45.281       96.051
      61.603      402.300       45.281       96.051
      61.713      400.800       45.281       96.051
      61.822      392.900       45.281       96.051
      61.932      401.700       45.281       96.051
      62.042      398.400       45.281       96.051
      62.152      390.900       45.281       96.051
      62.262      399.500       45.281       96.051
      62.371      402.900       45.281       96.051
      62.481      401.900       45.281       96.051
      62.590      393.200       45.281       96.051
      62.700      401.200       45.281       96.051
      62.811      397.300       45.281       96.051
      62.920      400.700       45.281       96.051
      63.030      402.200       45.281       96.051
      63.141      396.800       45.281       96.051
      63.250      393.200       45.281       96.051
      63.359      402.500       45.281       96.051
      63.469      401.500       45.281       96.051
      63.579      399.600       45.281       96.051
      63.689      391.800       45.281       96.051
      63.799      399.400       45.281       96.051
      63.908      392.800       45.281       96.051
      64.018      401.800       45.281       96.051
      64.127      392.800       45.281       96.051
      64.237      401.500       45.281       96.051
      64.347      392.800       45.281       96.051
      64.456      402.000       45.281       96.051
      64.566      401.400       45.281       96.051
      64.675      392.600       45.281       96.051
      64.786      398.200       45.281       96.051
      64.895      402.800       45.281       96.051
      65.005      400.300       45.281       96.051
      65.115      391.300       45.281       96.051
      65.224      401.300       45.281       96.051
      65.335      396.300       45.281       96.051
      65.449      397.300       45.281       96.051
      65.559      398.600       45.281       96.051
      65.669      399.800       45.281       96.051
      65.778      393.100       45.281       96.051
      65.888      402.500       45.281       96.051
      65.997      393.500       45.281       96.051
      66.106      402.900       45.281       96.051
      66.215      393.700       45.281       96.051
      66.325      393.100       45.281       96.051
      66.434      393.700       45.281       96.051
      66.543      402.700       45.281       96.051
      66.653      393.400       45.281       96.051
      66.762      402.300       45.281       96.051
      66.872      392.600       45.281       96.051
      66.982      399.500       45.281       96.051
      67.090      396.100       45.281       96.051
      67.199      393.500       45.281       96.051
      67.309      402.300       45.281       96.051
      67.418      392.800       45.281       96.051
      67.528      410.600       45.281       96.051
      67.637      393.000       45.281       96.051
      67.746      393.900       45.281       96.051
      67.856      402.300       45.281       96.051
      67.965      392.800       45.281       96.051
      68.075      402.300       45.281       96.051
      68.184      401.900       45.281       96.051
      68.294      393.100       45.281       96.051
      68.403      401.700       45.281       96.051
      68.512      393.800       45.281       96.051
      68.622      392.000       45.281       96.051
      68.733      397.900       45.281       96.051
      68.842      402.200       45.281       96.051
      68.952      392.400       45.281       96.051
      69.062      399.200       45.281       96.051
      69.171      401.100       45.281       96.051
      69.281      401.700       45.281       96.051
      69.390      392.900       45.281       96.051
      69.500      400.000       45.281       96.051
      69.609      395.000       45.281       96.051
      69.719      402.100       45.281       96.051
      69.828      402.400       45.281       96.051
      69.937      392.800       45.281       96.051
      70.047      402.100       45.281       96.051
      70.156      392.500       45.281       96.051
      70.267      407.500       45.281       96.051
      70.378      394.300       45.281       96.051
      70.488      391.400       45.281       96.051
      70.599      399.400       45.281       96.051
      70.708      400.100       45.281       96.051
      70.818      401.600       45.281       96.051
      70.928      391.200       45.281       96.051
      71.037      401.900       45.281       96.051
      71.147      393.300       45.281       96.051
      71.256      401.900       45.281       96.051
      71.366      399.800       45.281       96.051
      71.476      393.600       45.281       96.051
      71.586      397.700       45.281       96.051
      71.696      401.800       45.281       96.051
      71.805      392.700       45.281       96.051
      71.916      397.300       45.281       96.051
      72.026      399.900       45.281       96.051
      72.135      402.300       45.281       96.051
      72.245      391.000       45.281       96.051
      72.355      410.600       45.281       96.051
      72.464      392.500       45.281       96.051
      72.574      402.800       45.281       96.051
      72.684      399.600       45.281       96.051
      72.794      399.200       45.281       96.051
      72.904      389.300       45.281       96.051
      73.014      401.600       45.281       96.051
      73.123      393.300       45.281       96.051
      73.233      391.700       45.281       96.051
      73.345      402.400       45.281       96.051
      73.455      392.000       45.281       96.051
      73.564      402.000       45.281       96.051
      73.673      403.900       45.281       96.051
      73.783      392.500       45.281       96.051
      73.891      395.800       45.281       96.051
      74.001      401.000       45.281       96.051
      74.110      392.900       45.281       96.051
      74.223      399.000       45.281       96.051
      74.333      401.400       45.281       96.051
      74.442      394.000       45.281       96.051
      74.551      402.000       45.281       96.051
      74.661      393.300       45.281       96.051
      74.771      399.200       45.281       96.051
      74.880      402.600       45.281       96.051
      74.989      393.500       45.281       96.051
      75.099      402.500       45.281       96.051
      75.208      395.100       45.281       96.051
      75.317      394.400       45.281       96.051
      75.426      402.400       45.281       96.051
      75.535      393.700       45.281       96.051
      75.644      402.700       45.281       96.051
      75.754      402.300       45.281       96.051
      75.863      393.600       45.281       96.051
      75.972      393.400       45.281       96.051
      76.082      402.400       45.281       96.051
      76.191      402.600       45.281       96.051
      76.300      393.300       45.281       96.051
      76.410      402.400       45.281       96.051
      76.519      393.600       45.281       96.051
      76.628      402.800       45.281       96.051
      76.737      393.500       45.281       96.051
      76.847      392.800       45.281       96.051
      76.957      400.600       45.281       96.051
      77.066      402.300       45.281       96.051
      77.175      393.500       45.281       96.051
      77.285      401.800       45.281       96.051
      77.394      392.700       45.281       96.051
      77.504      402.100       45.281       96.051
      77.613      402.100       45.281       96.051
      77.723      393.400       45.281       96.051
      77.832      402.800       45.281       96.051
      77.941      402.800       45.281       96.051
      78.051      392.700       45.281       96.051
      78.160      400.800       45.281       96.051
      78.270      393.800       45.281       96.051
      78.379      402.600       45.281       96.051
      78.488      393.500       45.281       96.051
      78.597      395.400       45.281       96.051
      78.707      399.700       45.281       96.051
      78.817      399.900       45.281       96.051
      78.926      392.600       45.281       96.051
      79.036      393.200       45.281       96.051
      79.145      402.300       45.281       96.051
      79.254      393.700       45.281       96.051
      79.364      402.400       45.281       96.051
      79.474      391.400       45.281       96.051
      79.583      402.300       45.281       96.051
      79.692      393.200       45.281       96.051
      79.802      402.700       45.281       96.051
      79.911      392.000       45.281       96.051
      80.021      400.600       45.281       96.051
      80.131      398.900       45.281       96.051
      80.242      397.000       45.281       96.051
      80.353      398.500       45.281       96.051
      80.462      391.900       45.281       96.051
      80.572      402.000       45.281       96.051
      80.681      393.300       45.281       96.051
      80.790      412.000       45.281       96.051
      80.900      391.200       45.281       96.051
      81.010      393.500       45.281       96.051
      81.119      402.600       45.281       96.051
      81.228      392.400       45.281       96.051
      81.338      393.400       45.281       96.051
      81.447      401.600       45.281       96.051
      81.557      392.700       45.281       96.051
      81.666      401.900       45.281       96.051
      81.775      394.600       45.281       96.051
      81.885      400.500       45.281       96.051
      81.995      401.800       45.281       96.051
      82.104      391.700       45.281       96.051
      82.214      401.900       45.281       96.051
      82.323      393.100       45.281       96.051
      82.433      402.400       45.281       96.051
      82.543      391.500       45.281       96.051
      82.653      399.200       45.281       96.051
      82.762      392.200       45.281       96.051
      82.872      401.500       45.281       96.051
      82.981      402.200       45.281       96.051
      83.091      393.100       45.281       96.051
      83.200      402.400       45.281       96.051
      83.310      393.000       45.281       96.051
      83.419      400.900       45.281       96.051
      83.529      399.900       45.281       96.051
      83.639      401.700       45.281       96.051
      83.748      393.300       45.281       96.051
      83.858      402.100       45.281       96.051
      83.968      399.300       45.281       96.051
      84.077      401.700       45.281       96.051
      84.187      392.300       45.281       96.051
      84.296      402.100       45.281       96.051
      84.406      392.300       45.281       96.051
      84.515      402.000       45.281       96.051
      84.625      393.000       45.281       96.051
      84.734      401.900       45.281       96.051
      84.844      393.300       45.281       96.051
      84.953      403.000       45.281       96.051
      85.064      388.200       45.281       96.051
      85.173      402.600       45.281       96.051
      85.282      393.700       45.281       96.051
      85.391      402.400       45.281       96.051
      85.501      401.300       45.281       96.051
      85.611      391.000       45.281       96.051
      85.721      401.400       45.281       96.051
      85.830      402.600       45.281       96.051
      85.940      392.400       45.281       96.051
      86.049      401.700       45.281       96.051
      86.158      393.200       45.281       96.051
      86.269      398.100       45.281       96.051
      86.379      392.500       45.281       96.051
      86.488      401.300       45.281       96.051
      86.597      393.700       45.281       96.051
      86.707      401.600       45.281       96.051
      86.816      394.600       45.281       96.051
      86.925      402.100       45.281       96.051
      87.035      393.000       45.281       96.051
      87.145      400.000       45.281       96.051
      87.254      401.600       45.281       96.051
      87.364      392.800       45.281       96.051
      87.474      399.600       45.281       96.051
      87.584      401.500       45.281       96.051
      87.693      401.000       45.281       96.051
      87.803      393.500       45.281       96.051
      87.912      401.700       45.281       96.051
      88.022      392.500       45.281       96.051
      88.131      401.200       45.281       96.051
      88.241      400.500       45.281       96.051
      88.350      393.500       45.281       96.051
      88.460      400.100       45.281       96.051
      88.570      401.100       45.281       96.051
      88.679      393.100       45.281       96.051
      88.789      401.500       45.281       96.051
      88.899      392.600       45.281       96.051
      89.008      400.900       45.281       96.051
      89.118      401.100       45.281       96.051
      89.228      392.300       45.281       96.051
      89.337      401.900       45.281       96.051
      89.447      401.500       45.281       96.051
      89.556      392.700       45.281       96.051
      89.666      401.600       45.281       96.051
      89.775      393.400       45.281       96.051
      89.885      399.400       45.281       96.051
      89.995      393.500       45.281       96.051
      90.105      399.800       45.281       96.051
      90.214      411.100       45.281       96.051
      90.323      393.400       45.281       96.051
      90.433      401.700       45.281       96.051
      90.542      392.500       45.281       96.051
      90.653      390.500       45.281       96.051
      90.762      401.300       45.281       96.051
      90.872      399.900       45.281       96.051
      90.982      390.900       45.281       96.051
      91.092      401.400       45.281       96.051
      91.201      393.600       45.281       96.051
      91.310      393.300       45.281       96.051
      91.420      401.900       45.281       96.051
      91.529      403.400       45.281       96.051
      91.639      391.700       45.281       96.051
      91.748      392.500       45.281       96.051
      91.858      402.100       45.281       96.051
      91.967      401.700       45.281       96.051
      92.077      392.700       45.281       96.051
      92.186      402.000       45.281       96.051
      92.295      393.600       45.281       96.051
      92.405      401.600       45.281       96.051
      92.514      402.300       45.281       96.051
      92.624      392.100       45.281       96.051
      92.734      401.800       45.281       96.051
      92.843      393.200       45.281       96.051
      92.952      402.800       45.281       96.051
      93.062      392.800       45.281       96.051
      93.171      402.700       45.281       96.051
      93.280      395.300       45.281       96.051
      93.389      393.000       45.281       96.051
      93.498      393.400       45.281       96.051
      93.609      399.500       45.281       96.051
      93.718      401.300       45.281       96.051
      93.828      392.400       45.281       96.051
      93.937      401.900       45.281       96.051
      94.047      393.300       45.281       96.051
      94.156      402.000       45.281       96.051
      94.266      401.300       45.281       96.051
      94.375      392.500       45.281       96.051
      94.484      393.700       45.281       96.051
      94.594      402.300       45.281       96.051
      94.703      393.200       45.281       96.051
      94.812      403.800       45.281       96.051
      94.922      391.000       45.281       96.051
      95.032      402.300       45.281       96.051
      95.141      401.700       45.281       96.051
      95.250      393.000       45.281       96.051
      95.360      401.800       45.281       96.051
      95.469      393.100       45.281       96.051
      95.579      400.500       45.281       96.051
      95.689      392.700       45.281       96.051
      95.798      402.600       45.281       96.051
      95.907      393.500       45.281       96.051
      96.017      399.500       45.281       96.051
      96.127      402.900       45.281       96.051
      96.236      402.400       45.281       96.051
      96.345      392.700       45.281       96.051
      96.456      398.100       45.281       96.051
      96.565      393.200       45.281       96.051
      96.675      400.300       45.281       96.051
      96.785      400.200       45.281       96.051
      96.895      392.900       45.281       96.051
      97.004      402.500       45.281       96.051
      97.113      402.400       45.281       96.051
      97.223      401.600       45.281       96.051
      97.332      392.200       45.281       96.051
      97.442      402.500       45.281       96.051
      97.551      393.400       45.281       96.051
      97.661      402.000       45.281       96.051
      97.770      401.800       45.281       96.051
      97.880      399.600       45.281       96.051
      97.990      391.700       45.281       96.051
      98.100      400.100       45.281       96.051
      98.210      400.000       45.281       96.051
      98.320      390.500       45.281       96.051
      98.429      402.400       45.281       96.051
      98.539      393.500       45.281       96.051
      98.648      400.700       45.281       96.051
      98.759      399.600       45.281       96.051
      98.868      392.600       45.281       96.051
      98.977      393.300       45.281       96.051
      99.087      402.100       45.281       96.051
      99.196      393.500       45.281       96.051
      99.305      402.500       45.281       96.051
      99.414      395.600       45.281       96.051
      99.523      393.700       45.281       96.051
      99.633      402.300       45.281       96.051
      99.742      401.800       45.281       96.051
      99.854      394.400       45.281       96.051
      99.963      393.100       45.281       96.051
     100.073      402.300       45.281       96.051
     100.182      402.200       45.281       96.051
     100.291      402.400       45.281       96.051
     100.401      391.300       45.281       96.051
     100.511      402.000       45.281       96.051
     100.622      395.700       45.281       96.051
     100.731      402.300       45.281       96.051
     100.841      392.600       45.281       96.051
     100.950      392.500       45.281       96.051
     101.060      401.400       45.281       96.051
     101.169      402.300       45.281       96.051
     101.279      401.400       45.281       96.051
     101.388      393.100       45.281       96.051
     101.499      397.600       45.281       96.051
     101.608      392.800       45.281       96.051
     101.718      401.500       45.281       96.051
     101.828      399.700       45.281       96.051
     101.938      392.900       45.281       96.051
     102.047      402.600       45.281       96.051
     102.156      393.400       45.281       96.051
     102.266      401.700       45.281       96.051
     102.375      393.400       45.281       96.051
     102.484      393.100       45.281       96.051
     102.594      402.500       45.281       96.051
     102.703      393.400       45.281       96.051
     102.813      401.100       45.281       96.051
     102.922      392.800       45.281       96.051
     103.032      402.100       45.281       96.051
     103.143      395.900       45.281       96.051
     103.252      402.600       45.281       96.051
     103.361      393.000       45.281       96.051
     103.471      402.500       45.281       96.051
     103.580      393.000       45.281       96.051
     103.690      401.500       45.281       96.051
     103.799      402.000       45.281       96.051
     103.908      394.000       45.281       96.051
     104.018      393.600       45.281       96.051
     104.127      401.600       45.281       96.051
     104.237      402.300       45.281       96.051
     104.346      393.200       45.281       96.051
     104.455      401.900       45.281       96.051
     104.565      393.700       45.281       96.051
     104.675      398.000       45.281       96.051
     104.784      403.300       45.281       96.051
     104.894      393.200       45.281       96.051
     105.004      399.900       45.281       96.051
     105.113      401.000       45.281       96.051
     105.223      392.600       45.281       96.051
     105.332      402.100       45.281       96.051
     105.442      400.800       45.281       96.051
     105.551      393.400       45.281       96.051
     105.661      402.500       45.281       96.051
     105.770      392.500       45.281       96.051
     105.880      402.600       45.281       96.051
     105.989      401.900       45.281       96.051
     106.098      393.300       45.281       96.051
     106.208      401.500       45.281       96.051
     106.319      397.700       45.281       96.051
     106.431      391.600       45.281       96.051
     106.540      393.100       45.281       96.051
     106.649      404.900       45.281       96.051
     106.758      395.500       45.281       96.051
     106.867      402.300       45.281       96.051
     106.976      393.400       45.281       96.051
     107.086      402.100       45.281       96.051
     107.196      390.700       45.281       96.051
     107.306      399.800       45.281       96.051
     107.416      392.700       45.281       96.051
     107.525      402.700       45.281       96.051
     107.634      393.200       45.281       96.051
     107.744      401.900       45.281       96.051
     107.853      393.200       45.281       96.051
     107.965      394.000       45.281       96.051
     108.074      404.100       45.281       96.051
     108.183      401.600       45.281       96.051
     108.293      391.200       45.281       96.051
     108.403      401.300       45.281       96.051
     108.512      393.000       45.281       96.051
     108.621      402.400       45.281       96.051
     108.731      393.000       45.281       96.051
     108.840      401.500       45.281       96.051
     108.950      392.300       45.281       96.051
     109.059      402.500       45.281       96.051
     109.169      392.000       45.281       96.051
     109.279      401.600       45.281       96.051
     109.389      399.500       45.281       96.051
     109.499      399.800       45.281       96.051
     109.608      393.800       45.281       96.051
     109.719      394.900       45.281       96.051
     109.829      401.600       45.281       96.051
     109.938      393.400       45.281       96.051
     110.048      402.200       45.281       96.051
     110.157      393.200       45.281       96.051
     110.266      402.400       45.281       96.051
     110.376      393.600       45.281       96.051
     110.485      402.700       45.281       96.051
     110.594      393.800       45.281       96.051
     110.703      402.300       45.281       96.051
     110.813      401.700       45.281       96.051
     110.922      392.700       45.281       96.051
     111.032      402.500       45.281       96.051
     111.144      392.700       45.281       96.051
     111.253      402.400       45.281       96.051
     111.362      394.000       45.281       96.051
     111.472      402.500       45.281       96.051
     111.581      392.700       45.281       96.051
     111.691      402.100       45.281       96.051
     111.800      393.100       45.281       96.051
     111.909      401.700       45.281       96.051
     112.019      402.600       45.281       96.051
     112.128      393.300       45.281       96.051
     112.237      402.300       45.281       96.051
     112.347      392.800       45.281       96.051
     112.456      402.200       45.281       96.051
     112.566      393.400       45.281       96.051
     112.675      402.700       45.281       96.051
     112.784      393.000       45.281       96.051
     112.894      401.100       45.281       96.051
     113.003      393.100       45.281       96.051
     113.113      402.600       45.281       96.051
     113.222      401.300       45.281       96.051
     113.332      393.200       45.281       96.051
     113.441      402.100       45.281       96.051
     113.550      393.100       45.281       96.051
     113.660      401.100       45.281       96.051
     113.770      401.800       45.281       96.051
     113.880      390.600       45.281       96.051
     113.990      391.500       45.281       96.051
     114.099      402.100       45.281       96.051
     114.209      401.000       45.281       96.051
     114.318      392.000       45.281       96.051
     114.429      398.600       45.281       96.051
     114.537      396.400       45.281       96.051
     114.647      401.800       45.281       96.051
     114.759      393.500       45.281       96.051
     114.869      399.800       45.281       96.051
     114.978      393.000       45.281       96.051
     115.087      411.800       45.281       96.051
     115.197      392.400       45.281       96.051
     115.307      400.800       45.281       96.051
     115.416      401.600       45.281       96.051
     115.526      400.700       45.281       96.051
     115.636      390.200       45.281       96.051
     115.746      401.900       45.281       96.051
     115.855      393.200       45.281       96.051
     115.965      400.500       45.281       96.051
     116.074      394.300       45.281       96.051
     116.184      400.700       45.281       96.051
     116.294      389.600       45.281       96.051
     116.405      407.100       45.281       96.051
     116.514      393.200       45.281       96.051
     116.624      393.000       45.281       96.051
     116.733      401.700       45.281       96.051
     116.842      393.200       45.281       96.051
     116.952      402.000       45.281       96.051
     117.061      402.700       45.281       96.051
     117.171      392.400       45.281       96.051
     117.280      401.900       45.281       96.051
     117.390      393.000       45.281       96.051
     117.499      402.200       45.281       96.051
     117.608      402.600       45.281       96.051
     117.718      392.900       45.281       96.051
     117.827      401.600       45.281       96.051
     117.937      393.300       45.281       96.051
     118.046      402.400       45.281       96.051
     118.155      393.000       45.281       96.051
     118.266      399.300       45.281       96.051
     118.375      402.300       45.281       96.051
     118.484      393.200       45.281       96.051
     118.594      402.700       45.281       96.051
     118.703      402.400       45.281       96.051
     118.812      393.000       45.281       96.051
     118.922      402.300       45.281       96.051
     119.031      393.200       45.281       96.051
     119.140      402.800       45.281       96.051
     119.250      393.400       45.281       96.051
     119.361      404.500       45.281       96.051
     119.473      392.200       45.281       96.051
     119.582      402.700       45.281       96.051
     119.692      393.400       45.281       96.051
     119.802      400.200       45.281       96.051
     119.911      401.500       45.281       96.051
     120.021      393.000       45.281       96.051
     120.130      400.900       45.281       96.051
     120.240      401.900       45.281       96.051
     120.349      401.600       45.281       96.051
     120.459      393.300       45.281       96.051
     120.568      402.900       45.281       96.051
     120.677      393.600       45.281       96.051
     120.786      393.600       45.281       96.051
     120.896      402.300       45.281       96.051
     121.006      398.800       45.281       96.051
     121.116      390.700       45.281       96.051
     121.226      401.800       45.281       96.051
     121.336      390.900       45.281       96.051
     121.446      408.900       45.281       96.051
     121.555      394.600       45.281       96.051
     121.664      402.700       45.281       96.051
     121.774      392.100       45.281       96.051
     121.883      400.900       45.281       96.051
     121.993      402.400       45.281       96.051
     122.102      393.600       45.281       96.051
     122.211      393.000       45.281       96.051
     122.321      401.800       45.281       96.051
     122.430      402.200       45.281       96.051
     122.540      393.200       45.281       96.051
     122.650      397.300       45.281       96.051
     122.759      396.500       45.281       96.051
     122.869      392.100       45.281       96.051
     122.978      401.200       45.281       96.051
     123.087      402.800       45.281       96.051
     123.197      393.000       45.281       96.051
     123.307      391.600       45.281       96.051
     123.416      400.800       45.281       96.051
     123.526      402.100       45.281       96.051
     123.635      402.700       45.281       96.051
     123.745      392.200       45.281       96.051
     123.854      401.700       45.281       96.051
     123.965      398.700       45.281       96.051
     124.074      393.600       45.281       96.051
     124.183      402.400       45.281       96.051
     124.293      399.400       45.281       96.051
     124.403      391.500       45.281       96.051
     124.513      402.100       45.281       96.051
     124.622      393.500       45.281       96.051
     124.731      411.900       45.281       96.051
     124.841      393.200       45.281       96.051
     124.950      401.200       45.281       96.051
     125.060      390.800       45.281       96.051
     125.170      401.900       45.281       96.051
     125.279      392.800       45.281       96.051
     125.389      392.700       45.281       96.051
     125.499      398.700       45.281       96.051
     125.608      402.300       45.281       96.051
     125.718      391.800       45.281       96.051
     125.828      400.100       45.281       96.051
     125.937      393.600       45.281       96.051
     126.046      403.500       45.281       96.051
     126.156      393.900       45.281       96.051
     126.265      401.400       45.281       96.051
     126.375      392.700       45.281       96.051
     126.484      402.000       45.281       96.051
     126.593      402.500       45.281       96.051
     126.703      393.300       45.281       96.051
     126.812      402.500       45.281       96.051
     126.921      393.000       45.281       96.051
     127.030      395.800       45.281       96.051
     127.139      402.700       45.281       96.051
     127.249      393.600       45.281       96.051
     127.358      401.800       45.281       96.051
     127.467      402.700       45.281       96.051
     127.577      391.500       45.281       96.051
     127.689      402.500       45.281       96.051
     127.798      392.900       45.281       96.051
     127.908      401.900       45.281       96.051
     128.017      393.000       45.281       96.051
     128.127      402.000       45.281       96.051
     128.236      392.500       45.281       96.051
     128.346      401.900       45.281       96.051
     128.455      392.800       45.281       96.051
     128.565      401.400       45.281       96.051
     128.674      393.100       45.281       96.051
     128.784      401.700       45.281       96.051
     128.893      392.500       45.281       96.051
     129.003      402.100       45.281       96.051
     129.112      393.000       45.281       96.051
     129.222      392.900       45.281       96.051
     129.331      401.100       45.281       96.051
     129.441      401.800       45.281       96.051
     129.551      400.200       45.281       96.051
     129.660      392.900       45.281       96.051
     129.770      402.500       45.281       96.051
     129.879      392.200       45.281       96.051
     129.989      392.700       45.281       96.051
     130.098      401.900       45.281       96.051
     130.208      391.400       45.281       96.051
     130.318      400.100       45.281       96.051
     130.428      400.900       45.281       96.051
     130.537      393.000       45.281       96.051
     130.647      400.000       45.281       96.051
     130.756      393.400       45.281       96.051
     130.866      400.600       45.281       96.051
     130.976      390.600       45.281       96.051
     131.086      399.800       45.281       96.051
     131.196      402.100       45.281       96.051
     131.306      391.700       45.281       96.051
     131.416      409.300       45.281       96.051
     131.525      400.500       45.281       96.051
     131.635      393.000       45.281       96.051
     131.744      402.100       45.281       96.051
     131.854      393.100       45.281       96.051
     131.963      401.300       45.281       96.051
     132.073      392.700       45.281       96.051
     132.182      401.800       45.281       96.051
     132.292      393.100       45.281       96.051
     132.402      399.700       45.281       96.051
     132.511      402.800       45.281       96.051
     132.621      392.200       45.281       96.051
     132.730      402.400       45.281       96.051
     132.839      392.900       45.281       96.051
     132.949      401.800       45.281       96.051
     133.059      391.900       45.281       96.051
     133.168      400.700       45.281       96.051
     133.279      399.100       45.281       96.051
     133.389      399.900       45.281       96.051
     133.498      391.800       45.281       96.051
     133.608      393.300       45.281       96.051
     133.717      402.500       45.281       96.051
     133.827      393.000       45.281       96.051
     133.937      398.700       45.281       96.051
     134.046      393.200       45.281       96.051
     134.157      406.800       45.281       96.051
     134.269      393.200       45.281       96.051
     134.381      392.100       45.281       96.051
     134.491      399.600       45.281       96.051
     134.601      400.800       45.281       96.051
     134.711      391.900       45.281       96.051
     134.821      407.700       45.281       96.051
     134.930      394.000       45.281       96.051
     135.039      395.600       45.281       96.051
     135.149      397.700       45.281       96.051
     135.260      398.800       45.281       96.051
     135.371      394.300       45.281       96.051
     135.481      400.100       45.281       96.051
     135.591      401.800       45.281       96.051
     135.700      402.000       45.281       96.051
     135.810      391.600       45.281       96.051
     135.931      396.100       45.281       96.051
     136.041      400.600       45.281       96.051
     136.152      397.400       45.281       96.051
     136.263      395.200       45.281       96.051
     136.372      403.300       45.281       96.051
     136.482      390.300       45.281       96.051
     136.593      399.300       45.281       96.051
     136.703      400.400       45.281       96.051
     136.812      391.300       45.281       96.051
     136.922      401.400       45.281       96.051
     137.032      392.800       45.281       96.051
     137.141      402.300       45.281       96.051
     137.250      393.200       45.281       96.051
     137.360      401.700       45.281       96.051
     137.469      401.700       45.281       96.051
     137.580      398.200       45.281       96.051
     137.690      392.000       45.281       96.051
     137.799      391.700       45.281       96.051
     137.909      399.900       45.281       96.051
     138.019      402.100       45.281       96.051
     138.128      393.000       45.281       96.051
     138.238      392.700       45.281       96.051
     138.347      401.800       45.281       96.051
     138.457      392.800       45.281       96.051
     138.566      401.800       45.281       96.051
     138.676      392.800       45.281       96.051
     138.785      402.300       45.281       96.051
     138.895      392.000       45.281       96.051
     139.005      399.400       45.281       96.051
     139.114      393.500       45.281       96.051
     139.223      404.000       45.281       96.051
     139.333      399.900       45.281       96.051
     139.443      401.900       45.281       96.051
     139.552      402.400       45.281       96.051
     139.661      393.800       45.281       96.051
     139.770      393.500       45.281       96.051
     139.880      402.700       45.281       96.051
     139.989      392.700       45.281       96.051
     140.098      402.600       45.281       96.051
     140.208      393.500       45.281       96.051
     140.317      393.200       45.281       96.051
     140.427      401.300       45.281       96.051
     140.536      401.800       45.281       96.051
     140.646      390.100       45.281       96.051
     140.756      400.800       45.281       96.051
     140.865      397.000       45.281       96.051
     140.975      398.900       45.281       96.051
     141.084      393.100       45.281       96.051
     141.194      400.300       45.281       96.051
     141.303      393.700       45.281       96.051
     141.412      394.500       45.281       96.051
     141.522      393.500       45.281       96.051
     141.631      401.300       45.281       96.051
     141.741      402.000       45.281       96.051
     141.850      393.000       45.281       96.051
     141.960      401.600       45.281       96.051
     142.069      392.500       45.281       96.051
     142.179      401.500       45.281       96.051
     142.289      398.300       45.281       96.051
     142.402      390.100       45.281       96.051
     142.515      396.900       45.281       96.051
     142.628      401.400       45.281       96.051
     142.737      391.100       45.281       96.051
     142.847      401.500       45.281       96.051
     142.957      392.800       45.281       96.051
     143.066      402.600       45.281       96.051
     143.175      393.600       45.281       96.051
     143.285      399.300       45.281       96.051
     143.395      392.500       45.281       96.051
     143.504      402.100       45.281       96.051
     143.614      391.900       45.281       96.051
     143.724      401.500       45.281       96.051
     143.834      399.000       45.281       96.051
     143.944      391.100       45.281       96.051
     144.057      398.300       45.281       96.051
     144.167      400.800       45.281       96.051
     144.276      400.200       45.281       96.051
     144.387      390.700       45.281       96.051
     144.496      401.100       45.281       96.051
     144.606      402.100       45.281       96.051
     144.715      392.100       45.281       96.051
     144.825      402.300       45.281       96.051
     144.935      391.000       45.281       96.051
     145.045      397.900       45.281       96.051
     145.156      398.500       45.281       96.051
     145.265      402.400       45.281       96.051
     145.375      390.100       45.281       96.051
     145.485      399.800       45.281       96.051
     145.595      399.700       45.281       96.051
     145.704      403.800       45.281       96.051
     145.814      400.900       45.281       96.051
     145.923      392.800       45.281       96.051
     146.033      402.300       45.281       96.051
     146.143      399.200       45.281       96.051
     146.253      392.900       45.281       96.051
     146.363      398.500       45.281       96.051
     146.473      400.300       45.281       96.051
     146.582      393.200       45.281       96.051
     146.692      392.900       45.281       96.051
     146.802      408.500       45.281       96.051
     146.912      389.900       45.281       96.051
     147.023      406.600       45.281       96.051
     147.133      390.000       45.281       96.051
     147.243      400.100       45.281       96.051
     147.353      399.100       45.281       96.051
     147.463      400.000       45.281       96.051
     147.573      400.100       45.281       96.051
     147.683      393.100       45.281       96.051
     147.792      402.600       45.281       96.051
     147.902      400.500       45.281       96.051
     148.011      393.300       45.281       96.051
     148.121      402.200       45.281       96.051
     148.230      401.900       45.281       96.051
     148.340      391.100       45.281       96.051
     148.450      399.700       45.281       96.051
     148.560      400.900       45.281       96.051
     148.669      392.100       45.281       96.051
     148.779      401.700       45.281       96.051
     148.888      401.900       45.281       96.051
     148.999      396.500       45.281       96.051
     149.110      390.300       45.281       96.051
     149.220      399.500       45.281       96.051
     149.329      402.300       45.281       96.051
     149.440      395.900       45.281       96.051
     149.551      398.700       45.281       96.051
     149.659      395.200       45.281       96.051
     149.769      402.300       45.281       96.051
     149.880      395.700       45.281       96.051
     149.990      392.100       45.281       96.051
     150.098      396.000       45.281       96.051
     150.208      393.500       45.281       96.051
     150.318      399.400       45.281       96.051
     150.427      402.500       45.281       96.051
     150.537      399.500       45.281       96.051
     150.650      398.500       45.281       96.051
     150.760      392.600       45.281       96.051
     150.869      400.500       45.281       96.051
     150.980      399.300       45.281       96.051
     151.089      392.300       45.281       96.051
     151.199      400.000       45.281       96.051
     151.309      399.400       45.281       96.051
     151.419      401.700       45.281       96.051
     151.528      393.600       45.281       96.051
     151.637      405.600       45.281       96.051
     151.746      394.900       45.281       96.051
     151.855      392.900       45.281       96.051
     151.966      396.600       45.281       96.051
     152.075      401.800       45.281       96.051
     152.185      393.900       45.281       96.051
     152.295      398.500       45.281       96.051
     152.405      400.200       45.281       96.051
     152.514      393.300       45.281       96.051
     152.624      393.400       45.281       96.051
     152.733      402.300       45.281       96.051
     152.842      393.100       45.281       96.051
     152.952      402.000       45.281       96.051
     153.061      393.400       45.281       96.051
     153.170      402.900       45.281       96.051
     153.280      401.900       45.281       96.051
     153.390      399.900       45.281       96.051
     153.499      392.200       45.281       96.051
     153.609      401.500       45.281       96.051
     153.718      393.400       45.281       96.051
     153.828      393.900       45.281       96.051
     153.938      399.600       45.281       96.051
     154.048      400.600       45.281       96.051
     154.157      401.600       45.281       96.051
     154.267      392.800       45.281       96.051
     154.376      401.500       45.281       96.051
     154.486      392.900       45.281       96.051
     154.595      401.900       45.281       96.051
     154.705      392.700       45.281       96.051
     154.814      402.600       45.281       96.051
     154.924      409.400       45.281       96.051
     155.034      391.100       45.281       96.051
     155.144      400.100       45.281       96.051
     155.253      392.700       45.281       96.051
     155.363      393.100       45.281       96.051
     155.472      393.700       45.281       96.051
     155.585      397.700       45.281       96.051
     155.694      392.500       45.281       96.051
     155.804      401.800       45.281       96.051
     155.913      401.800       45.281       96.051
     156.023      394.300       45.281       96.051
     156.132      393.100       45.281       96.051
     156.241      402.300       45.281       96.051
     156.351      392.300       45.281       96.051
     156.460      402.200       45.281       96.051
     156.570      393.000       45.281       96.051
     156.679      402.400       45.281       96.051
     156.789      392.700       45.281       96.051
     156.898      402.200       45.281       96.051
     157.007      402.100       45.281       96.051
     157.116      403.300       45.281       96.051
     157.228      395.300       45.281       96.051
     157.337      393.200       45.281       96.051
     157.447      401.900       45.281       96.051
     157.556      401.900       45.281       96.051
     157.665      393.300       45.281       96.051
     157.775      402.100       45.281       96.051
     157.884      392.500       45.281       96.051
     157.994      400.700       45.281       96.051
     158.104      399.800       45.281       96.051
     158.214      400.900       45.281       96.051
     158.324      399.700       45.281       96.051
     158.434      392.800       45.281       96.051
     158.544      397.700       45.281       96.051
     158.654      399.800       45.281       96.051
     158.763      396.100       45.281       96.051
     158.872      403.000       45.281       96.051
     158.982      391.000       45.281       96.051
     159.092      399.700       45.281       96.051
     159.202      401.200       45.281       96.051
     159.312      390.600       45.281       96.051
     159.421      401.400       45.281       96.051
     159.531      402.300       45.281       96.051
     159.640      393.500       45.281       96.051
     159.750      402.100       45.281       96.051
     159.859      392.900       45.281       96.051
     159.969      392.600       45.281       96.051
     160.078      402.300       45.281       96.051
     160.187      392.700       45.281       96.051
     160.299      403.800       45.281       96.051
     160.409      391.800       45.281       96.051
     160.518      402.100       45.281       96.051
     160.627      394.000       45.281       96.051
     160.736      403.900       45.281       96.051
     160.845      387.000       45.281       96.051
     160.955      399.700       45.281       96.051
     161.064      400.900       45.281       96.051
     161.174      392.600       45.281       96.051
     161.283      392.500       45.281       96.051
     161.393      401.600       45.281       96.051
     161.503      401.800       45.281       96.051
     161.612      401.800       45.281       96.051
     161.722      401.800       45.281       96.051
     161.831      393.100       45.281       96.051
     161.942      405.800       45.281       96.051
     162.051      393.700       45.281       96.051
     162.161      398.400       45.281       96.051
     162.270      395.700       45.281       96.051
     162.379      394.600       45.281       96.051
     162.488      402.500       45.281       96.051
     162.599      399.500       45.281       96.051
     162.708      393.200       45.281       96.051
     162.817      402.200       45.281       96.051
     162.927      399.900       45.281       96.051
     163.038      390.400       45.281       96.051
     163.147      400.400       45.281       96.051
     163.257      401.300       45.281       96.051
     163.367      401.300       45.281       96.051
     163.476      393.400       45.281       96.051
     163.587      398.100       45.281       96.051
     163.696      394.400       45.281       96.051
     163.805      392.700       45.281       96.051
     163.915      399.400       45.281       96.051
     164.025      393.200       45.281       96.051
     164.134      401.900       45.281       96.051
     164.243      395.000       45.281       96.051
     164.353      392.300       45.281       96.051
     164.462      402.900       45.281       96.051
     164.571      403.000       45.281       96.051
     164.680      393.800       45.281       96.051
     164.790      401.800       45.281       96.051
     164.899      391.800       45.281       96.051
     165.009      402.700       45.281       96.051
     165.118      393.300       45.281       96.051
     165.227      394.500       45.281       96.051
     165.336      402.100       45.281       96.051
     165.445      404.300       45.281       96.051
     165.555      401.800       45.281       96.051
     165.664      393.300       45.281       96.051
     165.773      393.200       45.281       96.051
     165.883      401.400       45.281       96.051
     165.992      393.100       45.281       96.051
     166.102      402.200       45.281       96.051
     166.211      393.400       45.281       96.051
     166.321      400.600       45.281       96.051
     166.431      392.400       45.281       96.051
     166.540      402.300       45.281       96.051
     166.650      399.700       45.281       96.051
     166.759      392.900       45.281       96.051
     166.869      392.300       45.281       96.051
     166.980      395.500       45.281       96.051
     167.090      402.200       45.281       96.051
     167.199      393.900       45.281       96.051
     167.308      402.200       45.281       96.051
     167.418      399.700       45.281       96.051
     167.528      392.800       45.281       96.051
     167.637      401.400       45.281       96.051
     167.747      392.700       45.281       96.051
     167.857      400.300       45.281       96.051
     167.967      400.000       45.281       96.051
     168.077      391.900       45.281       96.051
     168.186      402.500       45.281       96.051
     168.295      392.900       45.281       96.051
     168.405      400.200       45.281       96.051
     168.514      393.500       45.281       96.051
     168.626      403.600       45.281       96.051
     168.736      391.200       45.281       96.051
     168.845      402.600       45.281       96.051
     168.955      392.700       45.281       96.051
     169.064      401.600       45.281       96.051
     169.174      393.100       45.281       96.051
     169.283      402.100       45.281       96.051
     169.392      403.600       45.281       96.051
     169.502      392.600       45.281       96.051
     169.611      402.100       45.281       96.051
     169.720      393.300       45.281       96.051
     169.830      401.400       45.281       96.051
     169.939      395.600       45.281       96.051
     170.048      393.100       45.281       96.051
     170.157      393.100       45.281       96.051
