# Elapsed time   CPU (%)     Real (MB)   Virtual (MB)
       0.000        0.000       71.637       98.711
       0.111       90.100       71.637       98.711
       0.224      106.300       71.637       98.711
       0.335       98.600       71.637       98.711
       0.448       97.800       71.637       98.711
       0.560       98.400       71.637       98.711
       0.671       98.700       71.637       98.711
       0.783       98.100       71.637       98.711
       0.895       98.100       71.637       98.711
       1.007       98.700       71.637       98.711
       1.118       98.700       71.637       98.711
       1.231       97.400       71.637       98.711
       1.344      106.200       71.637       98.711
       1.458       96.600       71.637       98.711
       1.569       98.700       71.637       98.711
       1.681       99.000       71.637       98.711
       1.792       98.400       71.637       98.711
       1.904       98.600       71.637       98.711
       2.016       98.300       71.637       98.711
       2.128       98.300       71.637       98.711
       2.239      107.500       71.637       98.711
       2.351       98.700       71.637       98.711
       2.462       98.300       71.637       98.711
       2.574       98.700       71.637       98.711
       2.686       98.300       71.637       98.711
       2.798       98.300       71.637       98.711
       2.911       96.900       71.637       98.711
       3.023       98.400       71.637       98.711
       3.137       96.900       71.637       98.711
       3.248      107.400       71.637       98.711
       3.360       98.800       71.637       98.711
       3.472       97.800       71.637       98.711
       3.584       98.200       71.637       98.711
       3.695       99.200       71.637       98.711
       3.807       97.900       71.637       98.711
       3.919       98.500       71.637       98.711
       4.031       98.300       71.637       98.711
       4.143       98.200       71.637       98.711
       4.254       98.700       71.637       98.711
       4.366       98.400       71.637       98.711
       4.478      107.500       71.637       98.711
       4.589       99.100       71.637       98.711
       4.702       97.500       71.637       98.711
       4.815       97.000       71.637       98.711
       4.927       98.700       71.637       98.711
       5.039       98.000       71.637       98.711
       5.152       97.100       71.637       98.711
       5.265      106.700       71.637       98.711
       5.376       98.500       71.637       98.711
       5.488       98.300       71.637       98.711
       5.600       98.600       71.637       98.711
       5.711       98.800       71.637       98.711
       5.822       98.800       71.637       98.711
       5.934       98.800       71.637       98.711
       6.047       97.000       71.637       98.711
       6.159       98.700       71.637       98.711
       6.270       98.600       71.637       98.711
       6.383      106.100       71.637       98.711
       6.500       94.400       71.637       98.711
       6.611       98.700       71.637       98.711
       6.723       98.300       71.637       98.711
       6.834       98.800       71.637       98.711
       6.946       98.700       71.637       98.711
       7.057       98.600       71.637       98.711
       7.170      106.800       71.637       98.711
       7.281       98.700       71.637       98.711
       7.395       96.300       71.637       98.711
       7.507       98.100       71.637       98.711
       7.618       99.100       71.637       98.711
