# Elapsed time   CPU (%)     Real (MB)   Virtual (MB)
       0.000        0.000       11.602      701.016
       0.011        0.000        5.508      446.160
       0.022        0.000        3.750      223.664
       0.033        0.000        3.750      223.664
       0.043        0.000        8.004      670.246
       0.055        0.000        5.910      447.336
       0.066        0.000        5.266      445.203
       0.077        0.000       10.191      894.656
       0.089        0.000        5.969      447.328
       0.100        0.000        5.902      447.328
       0.111       88.100        8.117      670.992
       0.123        0.000        3.762      223.664
       0.134        0.000        8.117      670.992
       0.145        0.000        3.762      223.664
       0.157        0.000        8.051      670.992
       0.169        0.000        4.090      225.992
       0.180        0.000        3.766      223.664
       0.192        0.000        5.977      447.328
       0.204       84.700        3.773      223.664
       0.215        0.000        6.012      447.586
       0.227        0.000        7.391      449.312
       0.239        0.000        3.836      223.793
       0.251        0.000        3.844      223.793
       0.262        0.000        3.844      223.793
       0.275        0.000        6.094      447.586
       0.287       81.900        3.844      223.793
       0.299        0.000        3.844      223.793
       0.311        0.000        3.852      223.793
       0.322        0.000        7.414      449.316
       0.334        0.000        6.883      449.316
       0.346        0.000        3.863      223.793
       0.358        0.000        6.152      447.586
       0.370        0.000        3.891      223.793
       0.383       79.300        3.891      223.793
       0.395        0.000        3.895      223.793
       0.407        0.000        3.895      223.793
       0.420        0.000        3.906      223.793
       0.432       81.600        3.922      223.922
       0.444       82.200        3.922      223.922
       0.457        0.000        3.938      223.922
       0.469        0.000        3.945      223.922
       0.481        0.000        3.945      223.922
       0.493        0.000        6.297      447.844
       0.506       81.500        6.371      447.844
       0.518        0.000        6.371      447.844
       0.530       82.400        9.754       72.023
       0.543       80.500       10.242       72.512
       0.555      241.700       10.922       73.195
       0.568      157.500       11.316       73.398
       0.580       81.100       16.707      114.426
       0.592      162.100       16.961      114.418
       0.605       80.200       16.969      114.406
       0.617       81.200       16.953      114.387
       0.629       80.900       16.930      114.352
       0.643      152.800       16.895      114.305
       0.655       77.600       16.844      114.230
       0.668      160.200       16.781      114.141
       0.680       80.600       16.703      114.027
       0.693      163.900       16.621      114.043
       0.705       81.300       16.535      113.918
       0.717      163.000       16.438      113.773
       0.729       82.200       16.336      113.762
       0.742      231.800       16.234      113.613
       0.755       79.200       16.125      113.457
       0.767      159.300       16.016      113.430
       0.779      166.700       15.918      113.289
       0.792       80.600       15.809      113.137
       0.804      160.400       15.703      113.113
       0.817       82.100       15.594      112.957
       0.829      244.600       15.664      113.078
       0.841      158.700       15.734      113.078
       0.854      155.600       15.809      113.207
       0.867       79.300       15.883      113.207
       0.879      158.100       15.953      113.336
       0.892       82.300       16.023      113.465
       0.904      162.800       16.105      113.465
       0.916      160.900       16.145      113.594
       0.929      162.400       16.148      113.594
       0.941      162.200       16.152      113.594
       0.954       79.800       16.156      113.594
       0.966      153.500       16.156      113.594
       0.979      158.200       16.164      113.594
       0.992      162.800       16.168      113.594
       1.004       81.100       16.180      113.594
       1.016      160.900       16.188      113.594
       1.029      160.500       16.188      113.594
       1.041       80.500       16.188      113.594
       1.054      159.800       16.188      113.594
       1.066      163.800       16.188      113.594
       1.078       80.600       16.188      113.594
       1.091      154.800       16.188      113.594
       1.104      161.500       16.188      113.594
       1.116      163.500       16.188      113.594
       1.128       82.500       16.188      113.594
       1.140      164.200       16.188      113.594
       1.153      158.800       16.188      113.594
       1.165      161.800       16.188      113.594
       1.177       81.200       16.188      113.594
       1.190      164.400       16.188      113.594
       1.202      163.900       16.188      113.594
       1.214      162.900       16.188      113.594
       1.226      164.000       16.188      113.594
       1.238       81.100       16.188      113.594
       1.251      161.000       16.188      113.594
       1.263      164.200       16.188      113.594
       1.275       81.100       16.188      113.594
       1.288      241.400       16.188      113.594
       1.300       81.400       16.188      113.594
       1.312      167.300       16.188      113.594
       1.324       81.400       16.188      113.594
       1.337      162.200       16.188      113.594
       1.349       80.200       16.188      113.594
       1.362      163.200       16.188      113.594
       1.374      162.500       16.188      113.594
       1.386      160.900       16.188      113.594
       1.399      161.200       16.188      113.594
       1.411       81.200       16.188      113.594
       1.423      164.800       16.188      113.594
       1.435      160.300       16.188      113.594
       1.448       80.600       16.188      113.594
       1.461      155.700       16.188      113.594
       1.473      163.000       16.188      113.594
       1.486      161.000       16.188      113.594
       1.498       81.800       16.188      113.594
       1.510      163.400       16.188      113.594
       1.522      162.100       16.188      113.594
       1.535      160.000       16.188      113.594
       1.548       75.500       16.188      113.594
       1.560      163.200       16.188      113.594
       1.573      239.200       16.188      113.594
       1.585       82.300       16.188      113.594
       1.597      162.500       16.188      113.594
       1.610       81.500       16.188      113.594
       1.622      163.500       16.188      113.594
       1.634      165.500       16.188      113.594
       1.647       78.700       16.188      113.594
       1.659      158.300       16.188      113.594
       1.671      164.700       16.188      113.594
       1.684       81.900       16.188      113.594
       1.696      163.200       16.188      113.594
       1.709      236.400       16.188      113.594
       1.721       81.100       16.188      113.594
       1.733      161.100       16.188      113.594
       1.747      145.600       16.188      113.594
       1.759      162.700       16.188      113.594
       1.772       81.100       16.188      113.594
       1.784      163.800       16.188      113.594
       1.796       80.800       16.188      113.594
       1.809      232.900       16.188      113.594
       1.821      164.900       16.188      113.594
       1.833       81.600       16.188      113.594
       1.847      149.600       16.188      113.594
       1.859       79.200       16.188      113.594
       1.872      160.600       16.188      113.594
       1.884      163.800       16.188      113.594
       1.896       81.500       16.188      113.594
       1.909      236.200       16.188      113.594
       1.922       79.200       16.188      113.594
       1.934      159.700       16.188      113.594
       1.947      159.300       16.188      113.594
       1.959       83.400       16.188      113.594
       1.972      157.800       16.188      113.594
       1.984      163.200       16.188      113.594
       1.996       79.900       16.188      113.594
       2.009      159.400       16.188      113.594
       2.021      162.700       16.188      113.594
       2.033       82.200       16.188      113.594
       2.046      162.000       16.188      113.594
       2.058      159.200       16.188      113.594
       2.071       79.400       16.188      113.594
       2.083      159.700       16.188      113.594
       2.096       81.600       16.188      113.594
       2.108      160.800       16.188      113.594
       2.120      247.400       16.188      113.594
       2.133      158.700       16.188      113.594
       2.145       83.100       16.188      113.594
       2.157      160.700       16.188      113.594
       2.170      157.800       16.188      113.594
       2.182       82.000       16.188      113.594
       2.194      163.000       16.188      113.594
       2.207       79.000       16.188      113.594
       2.219      161.500       16.188      113.594
       2.232      162.400       16.188      113.594
       2.244      160.200       16.188      113.594
       2.256       82.300       16.188      113.594
       2.269      157.500       17.660      115.109
       2.282       80.400       17.660      115.109
       2.294       81.400       17.660      115.109
       2.307       78.400       17.660      115.109
