# Elapsed time   CPU (%)     Real (MB)   Virtual (MB)
       0.000        0.000      263.562      290.730
       0.109      101.000      263.562      290.730
       0.219       99.900      263.562      290.730
       0.329      164.300      392.805      454.070
       0.439      180.400      259.320      354.789
       0.550      117.400      260.688      356.156
       0.660      127.300      262.250      357.719
       0.770      118.100      263.090      358.883
       0.881      117.600      262.664      358.156
       0.991      108.900      264.043      359.535
       1.100      128.500      264.496      359.988
       1.210      109.100      267.828      363.320
       1.320      127.500      272.609      368.102
       1.430      117.700      273.566      369.059
       1.541      126.300      271.773      367.141
       1.651      136.500      271.773      367.141
       1.761      127.300      271.168      366.660
       1.871      136.100      271.648      367.141
       1.981      136.300      271.648      367.141
       2.092      135.700      270.812      366.180
       2.205      123.700      270.812      366.180
       2.314      137.100      270.211      365.703
       2.424      136.300      269.375      364.742
       2.533      128.400      270.211      365.703
       2.643      136.300      270.211      365.703
       2.753      136.400      268.773      364.266
       2.863      136.300      269.250      364.742
       2.974      127.100      269.250      364.742
       3.084      136.500      267.141      362.969
       3.193      137.400      267.266      362.758
       3.302      118.400      271.574      367.066
       3.412      118.300      272.051      367.543
       3.522      127.300      271.219      366.586
       3.632      109.000      271.094      366.586
       3.743      126.900      271.574      367.066
       3.853      118.300      271.574      367.066
       3.961      129.100      270.742      366.109
       4.071      127.300      270.742      366.109
       4.181      136.500      270.137      365.629
       4.291      127.200      276.355      371.848
       4.401      144.900      269.785      365.152
       4.511      127.300      273.484      368.977
       4.621      127.900      271.219      366.586
       4.731      136.400      271.219      366.586
       4.842      134.400      271.574      367.066
       4.953      127.000      270.742      366.109
       5.063      136.000      272.051      367.543
       5.173      127.100      272.051      367.543
       5.283      145.600      271.219      366.586
       5.393      127.100      271.219      366.586
       5.504      135.400      270.262      365.629
       5.614      135.600      270.262      365.629
       5.724      118.200      270.262      365.629
       5.834      127.200      270.262      365.629
       5.944      118.300      270.262      365.629
       6.054      118.300      270.262      365.629
       6.164      136.400      270.617      366.109
       6.274      136.300      270.617      366.109
       6.384      127.200      269.785      365.152
       6.494      127.400      271.094      366.586
       6.604      136.500      270.262      365.629
       6.714      136.400      270.617      366.109
       6.824      136.300      271.094      366.586
       6.933      119.400      270.262      365.629
       7.043      136.600      270.262      365.629
       7.155      125.200      271.574      367.066
       7.265      136.200      270.742      366.109
       7.375      135.600      269.785      365.152
       7.486      135.900      269.785      365.152
       7.597      135.200      269.785      365.152
       7.706      137.200      271.574      367.066
       7.816      144.800      274.445      369.938
       7.927      118.100      275.398      370.891
       8.037      118.000      275.398      370.891
       8.147      117.800      275.398      370.891
       8.257      126.900      275.398      370.891
       8.368      135.800      276.836      372.328
       8.478      127.000      277.312      372.805
       8.588      127.000      276.480      371.848
       8.699      126.200      280.664      376.156
       8.812      142.100      282.098      377.590
       8.922      127.200      282.098      377.590
       9.032      126.600      279.352      374.719
       9.142      128.100      278.395      373.762
       9.252      136.200      278.395      373.762
       9.362      127.200      277.438      372.805
       9.472      136.000      277.438      372.805
       9.583      126.800      276.480      371.848
       9.693      136.100      275.523      370.891
       9.805      125.200      275.523      370.891
       9.915      135.400      275.523      370.891
      10.025      145.700      276.355      371.848
      10.135      127.300      276.355      371.848
      10.245      118.400      276.836      372.328
      10.356      117.200      276.836      372.328
      10.467      126.500      276.836      372.328
      10.577      127.300      278.750      374.242
      10.687      136.300      278.270      373.762
      10.797      135.800      277.438      372.805
      10.908      126.100      280.184      375.676
      11.018      137.000      280.184      375.676
      11.130      125.100      282.574      378.066
      11.241      126.000      281.266      376.633
      11.351      135.400      281.266      376.633
      11.461      127.400      280.309      375.676
      11.571      127.200      277.438      372.805
      11.681      136.800      277.793      373.285
      11.792      135.400      276.961      372.328
      11.903      125.400      276.004      371.371
      12.015      126.000      276.004      371.371
      12.125      136.300      278.270      373.762
      12.234      146.300      278.270      373.762
      12.344      118.500      277.438      372.805
      12.453      118.400      277.438      372.805
      12.563      127.500      279.227      374.719
      12.674      135.800      277.438      372.805
      12.784      127.300      277.438      372.805
      12.894      136.200      278.750      374.242
      13.006      134.100      278.750      374.242
      13.115      136.600      281.141      376.633
      13.226      127.000      281.621      377.113
      13.336      136.600      280.789      376.156
      13.446      126.800      280.789      376.156
      13.555      137.500      279.707      375.199
      13.666      126.100      278.875      374.242
      13.776      136.200      279.227      374.719
      13.887      126.500      278.395      373.762
      13.997      136.000      278.395      373.762
      14.107      127.200      278.395      373.762
      14.217      145.500      279.707      375.199
      14.328      135.900      281.621      377.113
      14.438      117.400      281.621      377.113
      14.548      127.300      281.621      377.113
      14.659      135.800      281.621      377.113
      14.770      134.900      281.621      377.113
      14.881      126.400      281.621      377.113
      14.991      136.200      281.621      377.113
      15.101      127.300      281.621      377.113
      15.211      144.900      281.621      377.113
      15.322      116.900      281.621      377.113
      15.432      136.400      281.621      377.113
      15.543      135.800      281.621      377.113
      15.654      135.100      281.621      377.113
      15.764      127.400      281.621      377.113
      15.874      127.400      281.621      377.113
      15.984      136.400      281.621      377.113
      16.093      136.900      281.621      377.113
      16.203      145.600      281.621      377.113
      16.314      126.500      281.621      377.113
      16.424      126.600      280.789      376.156
      16.534      128.100      279.832      375.199
      16.643      137.100      279.832      375.199
      16.753      127.300      279.832      375.199
      16.862      128.400      279.832      375.199
      16.976      123.000      280.664      376.156
      17.089      123.800      280.664      376.156
      17.199      136.500      279.832      375.199
      17.311      134.400      279.832      375.199
      17.420      127.700      279.832      375.199
      17.530      127.500      279.832      375.199
      17.640      136.200      279.832      375.199
      17.751      135.600      279.832      375.199
      17.861      136.300      279.832      375.199
      17.971      127.100      279.832      375.199
      18.081      145.600      278.871      374.238
      18.190      137.300      277.918      373.285
      18.300      136.500      277.918      373.285
      18.410      127.300      277.918      373.285
      18.521      135.400      278.270      373.762
      18.632      126.100      280.184      375.676
      18.742      136.200      280.184      375.676
      18.852      127.500      278.871      374.238
      18.961      137.200      277.914      373.281
      19.071      127.000      277.914      373.281
      19.181      127.400      279.227      374.719
      19.292      135.400      279.227      374.719
      19.402      136.600      279.703      375.195
      19.512      136.100      277.918      373.285
      19.622      127.500      277.918      373.285
      19.730      137.800      277.918      373.285
      19.841      136.200      276.961      372.328
      19.951      154.200      275.047      370.414
      20.062      135.400      275.047      370.414
      20.172      154.600      274.090      369.457
      20.282      144.400      275.398      370.891
      20.393      136.100      275.398      370.891
      20.504      152.700      275.398      370.891
      20.614      145.200      274.090      369.457
      20.724      145.000      274.090      369.457
      20.834      146.100      274.445      369.938
      20.945      144.500      274.445      369.938
      21.054      146.800      273.613      368.980
      21.163      146.600      273.613      368.980
      21.273      145.400      273.613      368.980
      21.383      135.700      274.922      370.414
      21.496      150.800      274.922      370.414
      21.607      144.000      274.094      369.461
      21.718      136.000      274.094      369.461
      21.828      145.300      273.488      368.980
      21.941      132.400      273.488      368.980
      22.051      146.000      273.012      368.504
      22.160      137.100      273.488      368.984
      22.270      145.300      273.969      369.461
      22.380      136.900      273.969      369.461
      22.490      144.800      273.965      369.457
      22.601      144.000      274.445      369.938
      22.712      144.800      274.445      369.938
      22.822      154.300      273.613      368.980
      22.931      137.200      273.965      369.457
      23.043      143.800      273.492      368.984
      23.153      144.800      273.492      368.984
      23.263      136.500      273.492      368.984
      23.373      145.200      273.492      368.984
      23.483      145.100      273.492      368.984
      23.595      143.000      273.492      368.984
      23.705      137.000      273.488      368.980
      23.815      145.700      273.488      368.980
      23.926      143.500      273.488      368.980
      24.036      136.900      272.660      368.027
      24.148      142.600      272.535      368.027
      24.259      144.000      272.535      368.027
      24.370      144.600      272.535      368.027
      24.479      136.900      272.535      368.027
      24.590      144.500      272.535      368.027
      24.701      143.500      272.055      367.547
      24.812      144.900      272.531      368.023
      24.923      135.000      273.012      368.504
      25.033      154.600      273.012      368.504
      25.142      137.400      272.531      368.023
      25.257      122.100      272.531      368.023
      25.367      136.600      272.535      368.027
      25.477      145.600      272.535      368.027
      25.587      144.400      272.535      368.027
      25.697      137.000      272.531      368.023
      25.808      143.500      272.531      368.023
      25.920      134.100      273.008      368.500
      26.030      145.200      273.008      368.500
      26.142      134.500      273.016      368.508
      26.253      143.400      273.016      368.508
      26.363      136.400      273.016      368.508
      26.474      153.800      272.535      368.027
      26.585      144.700      272.059      367.551
      26.696      134.700      273.016      368.508
      26.807      134.900      273.016      368.508
      26.920      141.900      273.016      368.508
      27.032      142.300      273.492      368.984
      27.143      135.700      273.492      368.984
      27.253      144.800      273.012      368.504
      27.365      143.900      273.492      368.984
      27.475      145.400      273.492      368.984
      27.587      142.600      273.492      368.984
      27.697      135.900      273.492      368.984
      27.808      144.600      273.492      368.984
      27.918      145.200      274.445      369.938
      28.028      145.800      274.445      369.938
      28.138      154.600      274.445      369.938
      28.248      145.200      273.141      368.508
      28.358      145.500      272.184      367.551
      28.469      134.800      273.492      368.984
      28.580      153.700      272.664      368.031
      28.690      135.700      272.664      368.031
      28.801      144.900      272.664      368.031
      28.911      145.200      273.016      368.508
      29.021      154.600      273.016      368.508
      29.131      144.900      272.535      368.027
      29.242      145.100      273.012      368.504
      29.352      145.500      273.012      368.504
      29.462      145.300      273.488      368.980
      29.572      145.000      272.664      368.031
      29.682      144.800      273.016      368.508
      29.793      136.300      273.016      368.508
      29.904      153.200      272.535      368.027
      30.014      144.500      273.492      368.984
      30.124      136.100      273.492      368.984
      30.235      144.900      273.492      368.984
      30.346      135.500      273.492      368.984
      30.455      154.800      273.020      368.512
      30.566      144.700      273.020      368.512
      30.676      154.500      273.020      368.512
      30.786      145.200      273.020      368.512
      30.896      145.400      273.492      368.984
      31.007      135.500      273.492      368.984
      31.124      128.000      272.543      368.035
      31.235      144.100      272.543      368.035
      31.346      135.600      273.496      368.988
      31.456      136.500      273.496      368.988
      31.566      144.800      273.496      368.988
      31.676      145.600      273.492      368.984
      31.787      126.000      273.492      368.984
      31.899      151.900      273.492      368.984
      32.011      134.300      273.012      368.504
      32.124      123.000      273.012      368.504
      32.234      145.700      272.539      368.031
      32.346      125.300      272.539      368.031
      32.456      136.800      273.496      368.988
      32.566      135.700      273.496      368.988
      32.676      154.300      273.496      368.988
      32.786      136.500      272.188      367.555
      32.898      143.800      272.539      368.031
      33.007      145.800      272.539      368.031
      33.118      144.600      272.539      368.031
      33.228      136.300      272.539      368.031
      33.339      126.500      272.539      368.031
      33.452      141.500      272.539      368.031
      33.563      135.300      273.008      368.500
      33.675      134.000      273.008      368.500
      33.785      144.400      273.484      368.977
      33.901      130.100      273.004      368.496
      34.011      136.100      273.484      368.977
      34.122      144.500      273.484      368.977
      34.232      135.500      273.484      368.977
      34.343      135.700      273.484      368.977
      34.453      144.800      273.484      368.977
      34.564      135.900      273.957      369.453
      34.675      144.200      273.957      369.453
      34.787      142.800      273.957      369.453
      34.904      119.600      273.008      368.500
      35.015      144.200      273.008      368.500
      35.127      124.400      273.008      368.500
      35.238      144.700      273.008      368.500
      35.350      134.100      273.957      369.449
      35.461      143.400      273.957      369.449
      35.572      144.500      273.957      369.449
      35.682      135.700      273.477      368.969
      35.793      144.700      273.953      369.445
      35.908      130.900      273.953      369.445
      36.019      134.500      274.434      369.926
      36.131      142.700      274.434      369.926
      36.242      144.600      274.434      369.926
      36.353      135.400      274.434      369.926
      36.464      144.400      273.594      368.961
      36.575      135.100      275.383      370.875
      36.685      135.500      275.383      370.875
      36.795      136.000      275.383      370.875
      36.910      140.200      275.383      370.875
      37.021      126.300      274.551      369.918
      37.134      132.400      274.418      369.910
      37.245      144.300      274.418      369.910
      37.356      134.800      274.418      369.910
      37.466      135.900      274.418      369.910
      37.577      145.000      274.895      370.387
      37.688      134.800      275.852      371.344
      37.798      144.400      275.020      370.387
      37.911      134.000      275.020      370.387
      38.021      136.000      275.020      370.387
      38.132      135.500      275.020      370.387
      38.242      145.300      275.371      370.863
      38.352      127.500      275.371      370.863
      38.462      144.900      275.852      371.344
      38.571      146.200      275.852      371.344
      38.681      146.200      275.852      371.344
      38.791      145.600      275.371      370.863
      38.905      139.400      275.371      370.863
      39.015      146.200      275.848      371.340
      39.124      137.000      275.848      371.340
      39.235      153.500      276.328      371.820
      39.345      136.600      276.328      371.820
      39.454      136.900      275.848      371.340
      39.564      146.300      275.848      371.340
      39.674      136.600      277.762      373.254
      39.784      145.300      277.762      373.254
      39.895      125.500      277.762      373.254
      40.005      127.300      277.762      373.254
      40.115      145.700      277.762      373.254
      40.225      136.900      277.762      373.254
      40.334      136.800      277.762      373.254
      40.444      136.400      276.926      372.293
      40.554      136.800      276.926      372.293
      40.664      136.800      275.965      371.332
      40.774      127.100      275.840      371.332
      40.884      127.500      275.840      371.332
      40.993      137.100      276.316      371.809
      41.103      136.700      276.316      371.809
      41.213      145.500      276.316      371.809
      41.322      137.300      275.484      370.852
      41.432      127.200      275.484      370.852
      41.542      136.300      275.484      370.852
      41.657      130.300      275.484      370.852
      41.767      137.200      274.527      369.895
      41.876      137.500      274.879      370.371
      41.985      137.500      275.652      371.328
      42.095      136.200      275.836      371.328
      42.205      127.600      276.316      371.809
      42.315      136.200      276.316      371.809
      42.425      144.800      275.480      370.848
      42.535      136.000      275.480      370.848
      42.645      136.600      274.879      370.371
      42.755      136.400      275.836      371.328
      42.866      145.100      275.836      371.328
      42.975      136.800      275.000      370.367
      43.085      136.200      275.000      370.367
      43.196      145.000      274.043      369.410
      43.307      143.700      274.043      369.410
      43.416      146.200      274.043      369.410
      43.527      136.000      274.391      369.883
      43.636      146.400      274.391      369.883
      43.746      146.100      274.391      369.883
      43.856      144.600      274.871      370.363
      43.966      145.700      274.871      370.363
      44.077      144.000      275.348      370.840
      44.186      146.600      275.348      370.840
      44.296      145.200      274.516      369.883
