# Elapsed time   CPU (%)     Real (MB)   Virtual (MB)
       0.000        0.000      263.559      290.730
       0.109      101.100      263.559      290.730
       0.219      100.000      263.566      290.730
       0.330       98.600      263.566      290.730
       0.440       99.800      263.566      290.730
       0.552       98.600      263.566      290.730
       0.662       99.700      263.566      290.730
       0.773       99.300      263.566      290.730
       0.884       99.200      263.566      290.730
       0.995       99.600      263.566      290.730
       1.107      106.700      263.566      290.730
       1.218       99.200      263.566      290.730
       1.334       94.400      263.566      290.730
       1.445       99.800      263.566      290.730
       1.556       98.900      263.566      290.730
       1.667       98.700      263.566      290.730
       1.778       99.800      263.566      290.730
       1.888       99.500      263.566      290.730
       1.999       99.400      263.566      290.730
       2.109       99.500      263.566      290.730
       2.220       99.700      263.566      290.730
       2.332       98.100      263.566      290.730
       2.443       99.200      263.566      290.730
       2.553       99.600      263.566      290.730
       2.663       99.700      263.566      290.730
       2.775       98.900      263.566      290.730
       2.886       98.900      263.566      290.730
       2.996      108.500      263.566      290.730
       3.107       90.600      263.566      290.730
       3.217       99.900      263.566      290.730
       3.327       99.800      263.566      290.730
       3.440      106.600      263.566      290.730
       3.550       90.500      263.566      290.730
       3.660      108.900      263.566      290.730
       3.771       90.600      263.566      290.730
       3.882      108.100      263.566      290.730
       3.993       99.200      263.566      290.730
       4.104       99.100      263.566      290.730
       4.214       99.600      263.566      290.730
       4.325       98.900      263.566      290.730
