# Elapsed time   CPU (%)     Real (MB)   Virtual (MB)
       0.000        0.000        9.707       71.898
       0.100      129.600       15.746      113.109
       0.201      139.500       15.637      112.938
       0.301      139.600       15.664      112.938
       0.401      139.600       15.664      112.938
       0.502      139.500       15.664      112.938
       0.602      139.500       15.664      112.938
       0.702      139.500       15.664      112.938
       0.803      139.500       15.664      112.938
       0.903      129.600       16.145      113.512
       1.003      149.500       16.145      113.512
       1.104      139.200       16.145      113.512
       1.204      139.500       16.145      113.512
       1.305      139.500       16.145      113.512
       1.405      139.500       16.145      113.512
       1.505      139.500       16.145      113.512
       1.606      139.500       16.145      113.512
       1.706      149.500       16.145      113.512
       1.806      129.500       16.145      113.512
       1.907      149.500       16.145      113.512
       2.007      139.600       16.145      113.512
       2.107      139.500       16.145      113.512
       2.208      139.200       16.145      113.512
       2.308      149.400       16.145      113.512
       2.409      139.600       16.145      113.512
       2.509      139.500       16.145      113.512
       2.609      139.500       16.145      113.512
       2.710      139.400       16.145      113.512
       2.810      139.500       16.145      113.512
       2.910      139.600       16.145      113.512
       3.011      149.500       16.145      113.512
       3.111      139.500       16.145      113.512
       3.211      139.600       16.145      113.512
       3.312      149.500       16.145      113.512
       3.412      129.600       16.145      113.512
       3.512      149.500       16.145      113.512
       3.613      109.600       16.145      113.512
       3.713      139.400       16.145      113.512
       3.814      139.100       16.145      113.512
       3.914      139.200       16.145      113.512
       4.015      139.400       16.145      113.512
       4.115      149.400       16.145      113.512
       4.216      129.500       16.145      113.512
       4.316      139.400       16.145      113.512
       4.416      139.400       16.145      113.512
       4.517      139.400       16.145      113.512
       4.617      139.500       16.145      113.512
       4.718      149.500       16.145      113.512
       4.818      139.600       16.145      113.512
       4.918      139.600       16.145      113.512
       5.018      139.500       16.145      113.512
       5.119      139.400       16.145      113.512
       5.219      139.500       16.145      113.512
       5.320      149.400       16.145      113.512
       5.420      129.500       16.145      113.512
       5.521      139.500       16.145      113.512
       5.621      139.500       16.145      113.512
       5.721      139.500       16.145      113.512
       5.822      139.500       16.145      113.512
       5.922      149.500       16.145      113.512
       6.022      129.200       16.145      113.512
       6.123      129.200       16.145      113.512
       6.224      139.500       16.145      113.512
       6.324      149.500       16.145      113.512
       6.424      149.400       16.145      113.512
       6.525      129.400       16.145      113.512
       6.625      139.400       16.145      113.512
       6.725      139.600       16.145      113.512
       6.826      139.400       16.145      113.512
       6.926      139.500       16.145      113.512
       7.027      139.500       16.145      113.512
       7.127      139.400       16.145      113.512
       7.227      139.100       16.145      113.512
       7.328      139.300       16.145      113.512
       7.429      139.300       16.145      113.512
       7.529      149.400       16.145      113.512
       7.629      129.500       16.145      113.512
       7.730      139.500       16.145      113.512
       7.830      139.300       16.145      113.512
       7.931      149.500       16.145      113.512
       8.031      139.300       16.145      113.512
       8.132      139.400       16.145      113.512
       8.232      139.400       16.145      113.512
       8.332      139.500       16.145      113.512
       8.433      139.300       16.145      113.512
       8.533      139.400       16.145      113.512
       8.634      139.500       16.145      113.512
       8.734      139.300       16.145      113.512
       8.835      138.800       16.145      113.512
       8.936      139.100       16.145      113.512
       9.036      139.400       16.145      113.512
       9.136      149.400       16.145      113.512
       9.237      139.500       16.145      113.512
       9.337      129.500       16.145      113.512
       9.438      139.500       16.145      113.512
       9.538      139.300       16.145      113.512
       9.639      139.500       16.145      113.512
       9.739      139.400       16.145      113.512
       9.839      129.500       16.145      113.512
       9.940      149.300       16.145      113.512
      10.040      139.500       16.145      113.512
      10.140      139.400       16.145      113.512
      10.241      139.400       16.145      113.512
      10.341      139.000       16.145      113.512
      10.442      139.300       16.145      113.512
      10.543      139.500       16.145      113.512
      10.643      139.500       16.145      113.512
      10.743      139.500       16.145      113.512
      10.844      139.500       16.145      113.512
      10.944      139.400       16.145      113.512
      11.044      139.500       16.145      113.512
      11.145      139.500       16.145      113.512
      11.245      139.500       16.145      113.512
      11.345      129.200       16.145      113.512
      11.446      139.300       16.145      113.512
      11.546      139.600       16.145      113.512
      11.647      139.500       16.145      113.512
      11.747      129.500       16.145      113.512
      11.848      139.500       16.145      113.512
      11.948      149.500       16.145      113.512
      12.048      129.600       16.145      113.512
      12.149      139.500       16.145      113.512
      12.249      149.500       16.145      113.512
      12.349      139.500       16.145      113.512
      12.450      129.600       16.145      113.512
      12.550      149.600       16.145      113.512
      12.650      139.500       16.145      113.512
      12.750      139.500       16.145      113.512
      12.851      149.500       16.145      113.512
      12.951      139.600       16.145      113.512
      13.051      129.600       16.145      113.512
      13.152      149.500       16.145      113.512
      13.252      139.600       16.145      113.512
      13.352      139.600       16.145      113.512
      13.453      129.600       16.145      113.512
      13.553      149.500       16.145      113.512
      13.653      129.500       16.145      113.512
      13.755      147.700       16.145      113.512
      13.855      139.400       16.145      113.512
      13.956      149.500       16.145      113.512
      14.056      129.600       16.145      113.512
      14.156      139.600       16.145      113.512
      14.257      139.500       16.145      113.512
      14.357      139.600       16.145      113.512
      14.457      139.500       16.145      113.512
      14.558      139.500       16.145      113.512
      14.658      139.600       16.145      113.512
      14.758      139.500       16.145      113.512
      14.859      139.500       16.145      113.512
      14.959      139.600       16.145      113.512
      15.059      129.600       16.145      113.512
      15.160      139.500       16.145      113.512
      15.260      139.500       16.145      113.512
      15.360      139.500       16.145      113.512
      15.461      139.500       16.145      113.512
      15.561      139.500       16.145      113.512
      15.661      139.400       16.145      113.512
      15.762      139.500       16.145      113.512
      15.862      149.500       16.145      113.512
      15.962      139.500       16.145      113.512
      16.063      129.600       16.145      113.512
      16.163      139.400       16.145      113.512
      16.264      139.500       16.145      113.512
      16.364      139.400       16.145      113.512
      16.464      129.500       16.145      113.512
      16.565      149.500       16.145      113.512
      16.665      139.500       16.145      113.512
      16.765      139.500       16.145      113.512
      16.866      139.500       16.145      113.512
      16.966      139.300       16.145      113.512
      17.067      139.400       16.145      113.512
      17.167      149.100       16.145      113.512
      17.268      129.400       16.145      113.512
      17.368      148.800       16.145      113.512
      17.469      139.300       16.145      113.512
      17.569      129.500       16.145      113.512
      17.670      149.500       16.145      113.512
      17.770      129.500       16.145      113.512
      17.871      139.400       16.145      113.512
      17.971      149.400       16.145      113.512
      18.071      139.500       16.145      113.512
      18.172      129.500       16.145      113.512
      18.272      149.500       16.145      113.512
      18.372      129.600       16.145      113.512
      18.473      139.500       16.145      113.512
      18.573      149.500       16.145      113.512
      18.673      139.500       16.145      113.512
      18.774      139.500       16.145      113.512
      18.874      139.000       16.145      113.512
      18.975      139.100       16.145      113.512
      19.076      149.500       16.145      113.512
      19.176      129.500       16.145      113.512
      19.276      139.300       16.145      113.512
      19.377      139.500       16.145      113.512
      19.477       99.400       16.145      113.512
      19.578      139.500       16.145      113.512
      19.678      139.600       16.145      113.512
      19.778      139.600       16.145      113.512
      19.879      139.400       16.145      113.512
      19.979      139.600       16.145      113.512
      20.079      149.500       16.145      113.512
      20.180      129.500       16.145      113.512
      20.280      139.500       16.145      113.512
      20.380      139.500       16.145      113.512
      20.481      149.500       16.145      113.512
      20.581      129.500       16.145      113.512
      20.682      139.500       16.145      113.512
      20.782      139.300       16.145      113.512
      20.882      139.400       16.145      113.512
      20.983      139.500       16.145      113.512
      21.083      149.500       16.145      113.512
      21.183      129.600       16.145      113.512
      21.284      139.500       16.145      113.512
      21.384      139.500       16.145      113.512
      21.484      149.500       16.145      113.512
      21.585      139.600       16.145      113.512
      21.685      129.600       16.145      113.512
      21.785      139.500       16.145      113.512
      21.886      149.500       16.145      113.512
      21.986      139.500       16.145      113.512
      22.087      139.500       16.145      113.512
      22.187      139.300       16.145      113.512
      22.287      139.400       16.145      113.512
      22.388      139.400       16.145      113.512
      22.488      139.300       16.145      113.512
      22.589      129.400       16.145      113.512
      22.689      149.300       16.145      113.512
      22.790      139.500       16.145      113.512
      22.890      129.300       16.145      113.512
      22.991      149.300       16.145      113.512
      23.091      139.500       16.145      113.512
      23.191      139.500       16.145      113.512
      23.292      129.400       16.145      113.512
      23.392      149.300       16.145      113.512
      23.493      139.300       16.145      113.512
      23.593      129.400       16.145      113.512
      23.694      149.300       16.145      113.512
      23.794      119.500       16.145      113.512
      23.895      149.400       16.145      113.512
      23.995      129.500       16.145      113.512
      24.095      139.500       16.145      113.512
      24.196      139.400       16.145      113.512
      24.296      139.500       16.145      113.512
      24.396      139.300       16.145      113.512
      24.497      139.400       16.145      113.512
      24.597      139.500       16.145      113.512
      24.698      139.500       16.145      113.512
      24.798      139.400       16.145      113.512
      24.898      139.600       16.145      113.512
      24.999      139.500       16.145      113.512
      25.099      139.500       16.145      113.512
      25.199      139.400       16.145      113.512
      25.300      139.500       16.145      113.512
      25.400      139.600       16.145      113.512
      25.501      139.600       16.145      113.512
      25.601      139.400       16.145      113.512
      25.701      139.500       16.145      113.512
      25.802      139.400       16.145      113.512
      25.902      139.300       16.145      113.512
      26.003      139.400       16.145      113.512
      26.103      139.600       16.145      113.512
      26.203      139.600       16.145      113.512
      26.304      139.400       16.145      113.512
      26.404      139.500       16.145      113.512
      26.504      139.400       16.145      113.512
      26.605      139.400       16.145      113.512
      26.705      139.600       16.145      113.512
      26.806      119.500       16.145      113.512
      26.906      139.500       16.145      113.512
      27.006      129.600       16.145      113.512
      27.107      139.500       16.145      113.512
      27.207      139.400       16.145      113.512
      27.308      139.500       16.145      113.512
      27.408      139.400       16.145      113.512
      27.508      139.600       16.145      113.512
      27.609      139.600       16.145      113.512
      27.709      139.500       16.145      113.512
      27.809      149.500       16.145      113.512
      27.910      139.600       16.145      113.512
      28.010      139.500       16.145      113.512
      28.110      139.500       16.145      113.512
      28.211      139.400       16.145      113.512
      28.311      139.500       16.145      113.512
      28.411      139.600       16.145      113.512
      28.512      139.600       16.145      113.512
      28.612      139.600       16.145      113.512
      28.712      139.500       16.145      113.512
      28.813      139.500       16.145      113.512
      28.913      139.400       16.145      113.512
      29.014      139.300       16.145      113.512
      29.114      139.500       16.145      113.512
      29.214      139.600       16.145      113.512
      29.315      139.600       16.145      113.512
      29.415      129.500       16.145      113.512
      29.516      139.400       16.145      113.512
      29.616      149.400       16.145      113.512
      29.716      139.400       16.145      113.512
      29.817      139.300       16.145      113.512
      29.917      139.000       16.145      113.512
      30.018      139.500       16.145      113.512
      30.118      149.200       16.145      113.512
      30.219      139.500       16.145      113.512
      30.319      129.500       16.145      113.512
      30.420      149.500       16.145      113.512
      30.520      139.500       16.145      113.512
      30.620      149.400       16.145      113.512
      30.721      139.400       16.145      113.512
      30.821      139.500       16.145      113.512
      30.921      129.500       16.145      113.512
      31.022      139.500       16.145      113.512
      31.122      139.400       16.145      113.512
      31.223      139.500       16.145      113.512
      31.323      139.500       16.145      113.512
      31.423      139.500       16.145      113.512
      31.524      139.400       16.145      113.512
      31.624      149.400       16.145      113.512
      31.724      139.500       16.145      113.512
      31.825      129.600       16.145      113.512
      31.925      149.500       16.145      113.512
      32.025      139.400       16.145      113.512
      32.126      139.500       16.145      113.512
      32.226      139.500       16.145      113.512
      32.327      139.500       16.145      113.512
      32.427      149.600       16.145      113.512
      32.527      139.600       16.145      113.512
      32.627      139.500       16.145      113.512
      32.728      139.600       16.145      113.512
      32.828      149.500       16.145      113.512
      32.928      129.700       16.145      113.512
      33.029      149.500       16.145      113.512
      33.129      139.100       16.145      113.512
      33.230      139.000       16.145      113.512
      33.330      149.500       16.145      113.512
      33.431      129.500       16.145      113.512
      33.531      139.500       16.145      113.512
      33.632      149.500       16.145      113.512
      33.732      129.600       16.145      113.512
      33.832      139.500       16.145      113.512
      33.933      139.500       16.145      113.512
      34.033      139.500       16.145      113.512
      34.133      139.500       16.145      113.512
      34.234      139.500       16.145      113.512
      34.334      149.500       16.145      113.512
      34.434      139.600       16.145      113.512
      34.535      139.500       16.145      113.512
      34.635      139.600       16.145      113.512
      34.735      139.600       16.145      113.512
      34.835      139.500       16.145      113.512
      34.936      149.500       16.145      113.512
      35.036      129.200       16.145      113.512
      35.137      149.200       16.145      113.512
      35.237      129.600       16.145      113.512
      35.338      149.500       16.145      113.512
      35.438      139.500       16.145      113.512
      35.538      139.500       16.145      113.512
      35.639      149.500       16.145      113.512
      35.739      129.600       16.145      113.512
      35.839      149.500       16.145      113.512
      35.940      139.500       16.145      113.512
      36.040      139.600       16.145      113.512
      36.140      149.500       16.145      113.512
      36.241      129.600       16.145      113.512
      36.341      149.500       16.145      113.512
      36.441      139.600       16.145      113.512
      36.542      139.600       16.145      113.512
      36.642      139.500       16.145      113.512
      36.742      139.500       16.145      113.512
      36.843      139.600       16.145      113.512
      36.943      149.500       16.145      113.512
      37.043      129.500       16.145      113.512
      37.144      129.500       16.145      113.512
      37.244      149.400       16.145      113.512
      37.344      139.500       16.145      113.512
      37.445      139.500       16.145      113.512
      37.545      139.600       16.145      113.512
      37.645      139.600       16.145      113.512
      37.746      139.500       16.145      113.512
      37.846      139.500       16.145      113.512
      37.946      139.600       16.145      113.512
      38.047      149.500       16.145      113.512
      38.147      129.500       16.145      113.512
      38.247      139.500       16.145      113.512
      38.348      139.500       16.145      113.512
      38.448      139.500       16.145      113.512
      38.548      139.600       16.145      113.512
      38.649      139.500       16.145      113.512
      38.749      139.600       16.145      113.512
      38.849      149.500       16.145      113.512
      38.950      139.500       16.145      113.512
      39.050      139.600       16.145      113.512
      39.150      149.500       16.145      113.512
      39.251      139.400       16.145      113.512
      39.351      139.500       16.145      113.512
      39.451      139.300       16.145      113.512
      39.552      139.500       16.145      113.512
      39.652      149.500       16.145      113.512
      39.753      119.600       16.145      113.512
      39.853      149.500       16.145      113.512
      39.953      129.600       16.145      113.512
      40.054      139.600       16.145      113.512
      40.154      149.500       16.145      113.512
      40.254      139.600       16.145      113.512
      40.354      139.600       16.145      113.512
      40.455      139.500       16.145      113.512
      40.555      149.500       16.145      113.512
      40.655      139.600       16.145      113.512
      40.756      149.500       16.145      113.512
      40.856      139.600       16.145      113.512
      40.956      139.500       16.145      113.512
      41.057      139.400       16.145      113.512
      41.157      139.500       16.145      113.512
      41.258      139.500       16.145      113.512
      41.358      149.600       16.145      113.512
      41.458      139.500       16.145      113.512
      41.558      129.600       16.145      113.512
      41.659      149.500       16.145      113.512
      41.759      129.400       16.145      113.512
      41.860      149.400       16.145      113.512
      41.960      129.600       16.145      113.512
      42.060      139.500       16.145      113.512
      42.161      139.500       16.145      113.512
      42.261      139.500       16.145      113.512
      42.361      139.500       16.145      113.512
      42.462      139.500       16.145      113.512
      42.562      139.600       16.145      113.512
      42.662      139.600       16.145      113.512
      42.763      139.600       16.148      113.512
      42.863      139.500       16.148      113.512
      42.963      129.600       16.148      113.512
      43.064      149.500       16.148      113.512
      43.164      139.500       16.148      113.512
      43.264      149.500       16.148      113.512
      43.365      139.600       16.148      113.512
      43.465      139.500       16.148      113.512
      43.565      139.500       16.148      113.512
      43.666      139.500       16.148      113.512
      43.766      139.500       16.148      113.512
      43.866      149.400       16.148      113.512
      43.967      139.500       16.148      113.512
      44.067      139.500       16.148      113.512
      44.167      139.600       16.148      113.512
      44.268      139.400       16.148      113.512
      44.368      139.300       16.148      113.512
      44.469      139.500       16.148      113.512
      44.569      129.500       16.148      113.512
      44.669      139.400       16.148      113.512
      44.770      129.500       16.148      113.512
      44.870      149.300       16.148      113.512
      44.971      139.400       16.148      113.512
      45.071      129.600       16.148      113.512
      45.171      149.200       16.148      113.512
      45.272      139.300       16.148      113.512
      45.372      139.400       16.148      113.512
      45.473      139.500       16.148      113.512
      45.573      139.500       16.148      113.512
      45.674      139.500       16.148      113.512
      45.774      139.500       16.148      113.512
      45.874      139.500       16.148      113.512
      45.975      149.500       16.148      113.512
      46.075      139.500       16.148      113.512
      46.175      139.500       16.148      113.512
      46.276      139.500       16.148      113.512
      46.376      139.500       16.148      113.512
      46.476      129.500       16.148      113.512
      46.577      139.400       16.148      113.512
      46.677      149.200       16.148      113.512
      46.778      139.200       16.148      113.512
      46.878      139.500       16.148      113.512
      46.979      149.300       16.148      113.512
      47.079      139.400       16.148      113.512
      47.179      139.500       16.148      113.512
      47.280      139.600       16.148      113.512
      47.380      139.500       16.148      113.512
      47.480      139.500       16.148      113.512
      47.581      139.600       16.148      113.512
      47.681      139.600       16.148      113.512
      47.781      129.600       16.148      113.512
      47.882      149.500       16.148      113.512
      47.982      139.500       16.148      113.512
      48.082      139.500       16.148      113.512
      48.183      139.500       16.148      113.512
      48.283      139.400       16.148      113.512
      48.384      139.400       16.148      113.512
      48.484      139.400       16.148      113.512
      48.584      139.500       16.148      113.512
      48.685      139.600       16.148      113.512
      48.785      129.600       16.148      113.512
      48.885      149.200       16.148      113.512
      48.986      129.500       16.148      113.512
      49.086      149.400       16.148      113.512
      49.187      139.500       16.148      113.512
      49.287      129.500       16.148      113.512
      49.388      139.500       16.148      113.512
      49.488      149.500       16.148      113.512
      49.588      139.500       16.148      113.512
      49.689      139.400       16.148      113.512
      49.789      149.400       16.148      113.512
      49.889      129.500       16.148      113.512
      49.990      139.500       16.148      113.512
      50.090      139.500       16.148      113.512
      50.191      149.500       16.148      113.512
      50.291      139.500       16.148      113.512
      50.391      139.300       16.148      113.512
      50.492      139.500       16.148      113.512
      50.592      139.600       16.148      113.512
      50.692      129.600       16.148      113.512
      50.793      149.500       16.148      113.512
      50.893      139.500       16.148      113.512
      50.993      139.500       16.148      113.512
      51.094      139.600       16.148      113.512
      51.194      139.600       16.148      113.512
      51.294      129.500       16.148      113.512
      51.395      129.400       16.148      113.512
      51.495      139.500       16.148      113.512
      51.595      149.200       16.148      113.512
      51.696      129.300       16.148      113.512
      51.797      139.300       16.148      113.512
      51.897      149.300       16.148      113.512
      51.997      129.400       16.148      113.512
      52.098      139.300       16.148      113.512
      52.199      138.400       16.148      113.512
      52.300      139.100       16.148      113.512
      52.400      149.300       16.148      113.512
      52.501      139.300       16.148      113.512
      52.601      139.500       16.148      113.512
      52.701      139.500       16.148      113.512
      52.802      139.500       16.148      113.512
      52.902      139.400       16.148      113.512
      53.003      139.500       16.148      113.512
      53.103      139.500       16.148      113.512
      53.203      139.500       16.148      113.512
      53.304      149.400       16.148      113.512
      53.404      139.600       16.148      113.512
      53.504      129.600       16.148      113.512
      53.605      149.400       16.148      113.512
      53.705      139.100       16.148      113.512
      53.806      139.000       16.148      113.512
      53.907      139.500       16.148      113.512
      54.007      139.500       16.148      113.512
      54.107      129.500       16.148      113.512
      54.208      149.500       16.148      113.512
      54.308      139.500       16.148      113.512
      54.408      139.400       16.148      113.512
      54.509      139.500       16.148      113.512
      54.609      139.500       16.148      113.512
      54.709      139.500       16.148      113.512
      54.810      139.500       16.148      113.512
      54.910      139.500       16.148      113.512
      55.010      139.500       16.148      113.512
      55.111      139.600       16.148      113.512
      55.211      139.500       16.148      113.512
      55.312      139.300       16.148      113.512
      55.412      139.500       16.148      113.512
      55.512      139.300       16.148      113.512
      55.613      129.400       16.148      113.512
      55.713      149.300       16.148      113.512
      55.814      129.500       16.148      113.512
      55.914      149.500       16.148      113.512
      56.014      129.600       16.148      113.512
      56.115      149.500       16.148      113.512
      56.215      139.600       16.148      113.512
      56.315      119.400       16.148      113.512
      56.416      149.300       16.148      113.512
      56.516      129.600       16.148      113.512
      56.617      139.500       16.148      113.512
      56.717      139.400       16.148      113.512
      56.818      139.400       16.148      113.512
      56.918      149.400       16.148      113.512
      57.018      139.400       16.148      113.512
      57.119      129.300       16.148      113.512
      57.219      149.300       16.148      113.512
      57.320      139.500       16.148      113.512
      57.420      129.500       16.148      113.512
      57.521      119.500       16.148      113.512
      57.621      139.300       16.148      113.512
      57.721      129.300       16.148      113.512
      57.822      149.300       16.148      113.512
      57.922      129.500       16.148      113.512
      58.023      149.100       16.148      113.512
      58.123      139.500       16.148      113.512
      58.224      149.400       16.148      113.512
      58.324      129.400       16.148      113.512
      58.425      149.300       16.148      113.512
      58.525      139.500       16.148      113.512
      58.626      129.300       16.148      113.512
      58.726      139.400       16.148      113.512
      58.827      149.400       16.148      113.512
      58.927      139.400       16.148      113.512
      59.027      139.400       16.148      113.512
      59.128      139.500       16.148      113.512
      59.228      139.500       16.148      113.512
      59.329      139.500       16.148      113.512
      59.429      138.800       16.148      113.512
      59.530      129.200       16.148      113.512
      59.631      139.400       16.148      113.512
      59.731      129.500       16.148      113.512
      59.831      139.500       16.148      113.512
      59.932      139.400       16.148      113.512
      60.032      139.400       16.148      113.512
      60.132      149.300       16.148      113.512
      60.233      129.500       16.148      113.512
      60.334      128.500       16.148      113.512
      60.435      139.400       16.148      113.512
      60.535      139.500       16.148      113.512
      60.635      139.600       16.148      113.512
      60.736      139.600       16.148      113.512
      60.836      129.500       16.148      113.512
      60.936      149.500       16.148      113.512
      61.037      129.600       16.148      113.512
      61.137      139.600       16.148      113.512
      61.237      149.600       16.148      113.512
      61.337      139.600       16.148      113.512
      61.438      139.400       16.148      113.512
      61.538      129.500       16.148      113.512
      61.638      139.500       16.148      113.512
      61.739      149.500       16.148      113.512
      61.839      139.600       16.148      113.512
      61.940      139.500       16.148      113.512
      62.040      139.300       16.148      113.512
      62.140      139.600       16.148      113.512
      62.241      139.400       16.148      113.512
      62.341      139.500       16.148      113.512
      62.442      149.400       16.148      113.512
      62.542      129.500       16.148      113.512
      62.642      139.500       16.148      113.512
      62.743      149.300       16.156      113.512
      62.843      139.500       16.156      113.512
      62.943      139.500       16.156      113.512
      63.044      139.400       16.156      113.512
      63.144      139.500       16.156      113.512
      63.245      139.500       16.156      113.512
      63.345      139.500       16.156      113.512
      63.445      139.600       16.156      113.512
      63.546      139.500       16.156      113.512
      63.646      149.200       16.156      113.512
      63.747      129.600       16.156      113.512
      63.847      139.500       16.156      113.512
      63.947      149.500       16.156      113.512
      64.048      129.500       16.156      113.512
      64.148      139.400       16.156      113.512
      64.249      139.400       16.156      113.512
      64.349      139.500       16.156      113.512
      64.449      139.300       16.156      113.512
      64.550      139.400       16.156      113.512
      64.650      139.300       16.156      113.512
      64.751      139.400       16.156      113.512
      64.851      139.500       16.156      113.512
      64.951      149.500       16.156      113.512
      65.052      129.400       16.156      113.512
      65.152      139.500       16.156      113.512
      65.253      149.100       16.156      113.512
      65.353      139.300       16.156      113.512
      65.454      129.500       16.156      113.512
      65.554      139.400       16.156      113.512
      65.655      139.400       16.156      113.512
      65.755      139.500       16.156      113.512
      65.855      139.600       16.156      113.512
      65.956      139.500       16.156      113.512
      66.056      149.500       16.156      113.512
      66.156      129.500       16.156      113.512
      66.257      139.500       16.156      113.512
      66.357      139.600       16.156      113.512
      66.457      139.600       16.156      113.512
      66.558      139.400       16.156      113.512
      66.658      139.500       16.156      113.512
      66.758      139.600       16.156      113.512
      66.859      139.500       16.156      113.512
      66.959      139.500       16.156      113.512
      67.059      139.500       16.156      113.512
      67.160      139.400       16.156      113.512
      67.260      129.600       16.156      113.512
      67.360      149.500       16.156      113.512
      67.461      129.600       16.156      113.512
      67.561      149.500       16.156      113.512
      67.661      139.600       16.156      113.512
      67.762      139.500       16.156      113.512
      67.862      139.500       16.156      113.512
      67.962      139.200       16.156      113.512
      68.063      139.500       16.156      113.512
      68.163      139.500       16.156      113.512
      68.264      139.400       16.156      113.512
      68.364      139.500       16.156      113.512
      68.464      139.500       16.156      113.512
      68.565      149.500       16.156      113.512
      68.665      129.500       16.156      113.512
      68.766      149.500       16.156      113.512
      68.866      129.500       16.156      113.512
      68.966      139.500       16.156      113.512
      69.067      149.400       16.156      113.512
      69.167      139.500       16.156      113.512
      69.267      129.600       16.156      113.512
      69.368      149.400       16.156      113.512
      69.468      139.300       16.156      113.512
      69.569      139.500       16.156      113.512
      69.669      139.400       16.156      113.512
      69.769      139.500       16.156      113.512
      69.870      149.400       16.156      113.512
      69.970      139.500       16.156      113.512
      70.070      139.600       16.156      113.512
      70.171      129.600       16.156      113.512
      70.271      149.500       16.156      113.512
      70.371      149.500       16.156      113.512
      70.472      129.600       16.156      113.512
      70.572      139.600       16.156      113.512
      70.672      139.600       16.156      113.512
      70.773      149.500       16.156      113.512
      70.873      139.500       16.156      113.512
      70.973      139.500       16.156      113.512
      71.074      139.500       16.156      113.512
      71.174      139.500       16.156      113.512
      71.274      139.600       16.156      113.512
      71.375      149.300       16.156      113.512
      71.475      129.500       16.156      113.512
      71.576      149.500       16.156      113.512
      71.676      129.600       16.156      113.512
      71.776      139.500       16.156      113.512
      71.877      149.500       16.156      113.512
      71.977      139.600       16.156      113.512
      72.077      139.600       16.156      113.512
      72.177      149.500       16.156      113.512
      72.278      129.500       16.156      113.512
      72.378      139.300       16.156      113.512
      72.479      149.300       16.156      113.512
      72.579      139.500       16.156      113.512
      72.679      139.500       16.156      113.512
      72.780      139.500       16.156      113.512
      72.880      139.200       16.156      113.512
      72.981      139.400       16.156      113.512
      73.081      149.500       16.156      113.512
      73.181      139.500       16.156      113.512
      73.282      139.600       16.156      113.512
      73.382      149.500       16.156      113.512
      73.482      129.600       16.160      113.512
      73.583      149.500       16.160      113.512
      73.683      129.600       16.160      113.512
      73.783      149.500       16.160      113.512
      73.884      139.600       16.160      113.512
      73.984      139.600       16.160      113.512
      74.084      149.500       16.160      113.512
      74.185      139.600       16.160      113.512
      74.285      129.600       16.160      113.512
      74.385      149.500       16.160      113.512
      74.486      139.500       16.160      113.512
      74.586      139.500       16.160      113.512
      74.686      139.600       16.160      113.512
      74.787      139.600       16.160      113.512
      74.887      139.500       16.160      113.512
      74.987      139.400       16.160      113.512
      75.088      139.500       16.160      113.512
      75.188      139.600       16.160      113.512
      75.288      139.600       16.160      113.512
      75.389      139.400       16.160      113.512
      75.489      139.500       16.160      113.512
      75.589      139.500       16.160      113.512
      75.690      149.300       16.160      113.512
      75.790      129.300       16.160      113.512
      75.891      139.500       16.160      113.512
      75.991      139.500       16.160      113.512
      76.091      149.400       16.160      113.512
      76.192      129.500       16.160      113.512
      76.292      149.500       16.160      113.512
      76.393      149.500       16.160      113.512
      76.493      129.600       16.160      113.512
      76.593      139.500       16.160      113.512
      76.694      149.300       16.160      113.512
      76.794      139.500       16.160      113.512
      76.894      129.600       16.160      113.512
      76.995      139.600       16.160      113.512
      77.095      149.300       16.160      113.512
      77.196      139.400       16.160      113.512
      77.296      139.400       16.160      113.512
      77.396      139.600       16.160      113.512
      77.497      139.600       16.160      113.512
      77.597      149.500       16.160      113.512
      77.697      139.500       16.160      113.512
      77.798      139.600       16.160      113.512
      77.898      139.600       16.160      113.512
      77.998      129.600       16.160      113.512
      78.099      149.500       16.160      113.512
      78.199      139.500       16.160      113.512
      78.299      139.500       16.160      113.512
      78.400      139.600       16.160      113.512
      78.500      149.500       16.160      113.512
      78.600      139.600       16.160      113.512
      78.701      129.600       16.160      113.512
      78.801      139.500       16.160      113.512
      78.901      149.500       16.160      113.512
      79.002      149.400       16.160      113.512
      79.102      129.500       16.160      113.512
      79.202      139.300       16.160      113.512
      79.303      139.400       16.160      113.512
      79.403      139.500       16.160      113.512
      79.504      139.500       16.160      113.512
      79.604      139.400       16.160      113.512
      79.704      149.400       16.160      113.512
      79.805      129.500       16.160      113.512
      79.905      139.500       16.160      113.512
      80.006      139.500       16.160      113.512
      80.106      139.600       16.160      113.512
      80.206      139.500       16.160      113.512
      80.306      139.600       16.160      113.512
      80.407      139.500       16.160      113.512
      80.507      139.600       16.160      113.512
      80.607      139.600       16.160      113.512
      80.708      149.200       16.160      113.512
      80.808      139.500       16.160      113.512
      80.909      139.500       16.160      113.512
      81.009      139.500       16.160      113.512
      81.109      149.500       16.160      113.512
      81.210      129.600       16.160      113.512
      81.310      139.500       16.160      113.512
      81.410      149.500       16.160      113.512
      81.511      129.600       16.160      113.512
      81.611      139.500       16.160      113.512
      81.711      139.500       16.160      113.512
      81.812      139.600       16.160      113.512
      81.912      139.500       16.160      113.512
      82.012      139.500       16.160      113.512
      82.113      149.500       16.160      113.512
      82.213      139.600       16.160      113.512
      82.313      139.600       16.160      113.512
      82.414      139.500       16.160      113.512
      82.514      139.400       16.160      113.512
      82.614      149.500       16.160      113.512
      82.715      139.500       16.160      113.512
      82.815      139.400       16.160      113.512
      82.915      139.500       16.160      113.512
      83.016      139.400       16.160      113.512
      83.116      149.400       16.160      113.512
      83.217      139.500       16.160      113.512
      83.317      129.600       16.160      113.512
      83.417      139.200       16.160      113.512
      83.518      149.000       16.160      113.512
      83.619      129.500       16.160      113.512
      83.719      149.500       16.160      113.512
      83.819      139.500       16.160      113.512
      83.920      139.500       16.160      113.512
      84.020      139.600       16.160      113.512
      84.120      139.600       16.160      113.512
      84.221      139.500       16.160      113.512
      84.321      149.500       16.160      113.512
      84.421      139.600       16.160      113.512
      84.522      139.500       16.160      113.512
      84.622      139.500       16.160      113.512
      84.722      139.500       16.160      113.512
      84.823      139.500       16.160      113.512
      84.923      139.500       16.160      113.512
      85.023      139.500       16.160      113.512
      85.124      139.500       16.160      113.512
      85.224      139.600       16.160      113.512
      85.324      139.600       16.160      113.512
      85.425      149.500       16.160      113.512
      85.525      129.600       16.160      113.512
      85.625      139.600       16.160      113.512
      85.726      139.500       16.160      113.512
      85.826      149.500       16.160      113.512
      85.926      139.500       16.160      113.512
      86.027      139.600       16.160      113.512
      86.127      149.500       16.160      113.512
      86.227      139.500       16.160      113.512
      86.328      139.400       16.160      113.512
      86.428      139.400       16.160      113.512
      86.528      139.500       16.164      113.512
      86.629      139.100       16.164      113.512
      86.730      139.500       16.164      113.512
      86.830      139.600       16.164      113.512
      86.930      139.500       16.164      113.512
      87.030      139.500       16.164      113.512
      87.131      139.600       16.164      113.512
      87.231      139.600       16.164      113.512
      87.331      139.600       16.164      113.512
      87.432      139.600       16.164      113.512
      87.532      139.500       16.164      113.512
      87.632      139.500       16.164      113.512
      87.733      139.400       16.164      113.512
      87.833      139.400       16.164      113.512
      87.934      139.500       16.164      113.512
      88.034      139.400       16.164      113.512
      88.134      149.500       16.164      113.512
      88.235      129.600       16.164      113.512
      88.335      149.500       16.164      113.512
      88.435      139.500       16.164      113.512
      88.536      129.100       16.164      113.512
      88.637      149.400       16.164      113.512
      88.737      139.400       16.164      113.512
      88.837      139.500       16.164      113.512
      88.938      139.500       16.164      113.512
      89.038      139.600       16.164      113.512
      89.138      139.600       16.164      113.512
      89.239      149.500       16.164      113.512
      89.339      129.600       16.164      113.512
      89.439      149.500       16.164      113.512
      89.540      129.400       16.164      113.512
      89.640      149.400       16.164      113.512
      89.741      139.500       16.164      113.512
      89.841      139.600       16.164      113.512
      89.941      139.600       16.164      113.512
      90.042      149.500       16.164      113.512
      90.142      129.600       16.164      113.512
      90.242      149.100       16.164      113.512
      90.343      139.300       16.164      113.512
      90.443      139.600       16.164      113.512
      90.544      139.500       16.164      113.512
      90.644      139.600       16.164      113.512
      90.744      149.600       16.164      113.512
      90.845      139.600       16.164      113.512
      90.945      139.500       16.164      113.512
      91.045      139.500       16.164      113.512
      91.146      139.600       16.164      113.512
      91.246      139.500       16.164      113.512
      91.346      149.300       16.164      113.512
      91.447      139.400       16.164      113.512
      91.547      139.500       16.164      113.512
      91.647      129.500       16.164      113.512
      91.748      159.400       16.164      113.512
      91.848      129.500       16.164      113.512
      91.949      139.500       16.164      113.512
      92.049      139.500       16.164      113.512
      92.149      139.500       16.164      113.512
      92.250      149.500       16.164      113.512
      92.350      129.600       16.164      113.512
      92.450      139.500       16.164      113.512
      92.551      139.500       16.164      113.512
      92.651      139.500       16.164      113.512
      92.751      139.500       16.164      113.512
      92.852      149.400       16.164      113.512
      92.952      129.500       16.164      113.512
      93.053      149.400       16.164      113.512
      93.153      139.400       16.164      113.512
      93.253      139.500       16.164      113.512
      93.354      139.500       16.164      113.512
      93.454      139.600       16.164      113.512
      93.554      139.500       16.164      113.512
      93.655      139.400       16.164      113.512
      93.755      129.500       16.164      113.512
      93.856      149.500       16.164      113.512
      93.956      149.500       16.164      113.512
      94.056      139.500       16.164      113.512
      94.157      149.500       16.164      113.512
      94.257      129.500       16.164      113.512
      94.357      139.500       16.164      113.512
      94.458      129.600       16.164      113.512
      94.558      149.500       16.164      113.512
      94.658      139.500       16.164      113.512
      94.759      119.300       16.164      113.512
      94.859      149.300       16.164      113.512
      94.960      139.500       16.164      113.512
      95.060      139.500       16.164      113.512
      95.160      139.500       16.164      113.512
      95.261      139.500       16.164      113.512
      95.361      149.400       16.164      113.512
      95.462      139.500       16.164      113.512
      95.562      139.600       16.164      113.512
      95.662      139.600       16.164      113.512
      95.762      139.500       16.164      113.512
      95.863      139.500       16.164      113.512
      95.963      139.400       16.164      113.512
      96.063      139.600       16.164      113.512
      96.164      139.500       16.164      113.512
      96.264      139.500       16.164      113.512
      96.364      139.600       16.164      113.512
      96.465      139.400       16.164      113.512
      96.565      139.500       16.164      113.512
      96.666      139.500       16.164      113.512
      96.766      139.400       16.164      113.512
      96.866      139.400       16.164      113.512
      96.967      139.500       16.164      113.512
      97.067      139.500       16.164      113.512
      97.168      139.500       16.164      113.512
      97.268      139.500       16.164      113.512
      97.368      139.500       16.164      113.512
      97.469      139.400       16.164      113.512
      97.569      139.200       16.164      113.512
      97.670      139.300       16.164      113.512
      97.770      149.500       16.164      113.512
      97.870      138.900       16.164      113.512
      97.971      139.200       16.164      113.512
      98.072      139.500       16.164      113.512
      98.172      139.600       16.164      113.512
      98.272      149.500       16.164      113.512
      98.373      129.500       16.164      113.512
      98.473      139.500       16.164      113.512
      98.573      149.500       16.164      113.512
      98.674      139.400       16.164      113.512
      98.774      139.400       16.164      113.512
      98.875      129.500       16.164      113.512
      98.975      149.500       16.164      113.512
      99.075      139.600       16.164      113.512
      99.176      139.500       16.164      113.512
      99.276      149.300       16.164      113.512
      99.377      139.400       16.164      113.512
      99.477      129.400       16.164      113.512
      99.577      149.500       16.164      113.512
      99.678      139.400       16.164      113.512
      99.778      129.500       16.164      113.512
      99.878      149.500       16.164      113.512
      99.979      139.500       16.164      113.512
     100.079      139.500       16.164      113.512
     100.179      139.500       16.164      113.512
     100.280      139.500       16.164      113.512
     100.380      149.500       16.164      113.512
     100.481      129.600       16.164      113.512
     100.581      139.500       16.164      113.512
     100.681      139.600       16.164      113.512
     100.782      149.500       16.164      113.512
     100.882      129.500       16.164      113.512
     100.982      139.500       16.164      113.512
     101.083      139.600       16.164      113.512
     101.183      139.500       16.164      113.512
     101.283      139.400       16.164      113.512
     101.384      149.400       16.164      113.512
     101.484      139.500       16.164      113.512
     101.584      139.600       16.164      113.512
     101.685      139.600       16.164      113.512
     101.785      149.500       16.164      113.512
     101.885      139.500       16.164      113.512
     101.986      139.500       16.164      113.512
     102.086      139.600       16.164      113.512
     102.186      139.600       16.164      113.512
     102.287      139.600       16.164      113.512
     102.387      139.600       16.164      113.512
     102.487      139.600       16.164      113.512
     102.588      139.600       16.164      113.512
     102.688      139.500       16.164      113.512
     102.788      139.600       16.164      113.512
     102.889      149.500       16.164      113.512
     102.989      129.600       16.164      113.512
     103.089      149.500       16.164      113.512
     103.190      139.600       16.164      113.512
     103.290      139.600       16.164      113.512
     103.390      129.600       16.164      113.512
     103.490      139.600       16.164      113.512
     103.591      139.500       16.164      113.512
     103.691      149.500       16.164      113.512
     103.792      139.500       16.164      113.512
     103.892      139.500       16.164      113.512
     103.992      139.500       16.164      113.512
     104.093      139.600       16.164      113.512
     104.193      139.400       16.164      113.512
     104.293      149.400       16.164      113.512
     104.394      149.500       16.164      113.512
     104.494      129.600       16.164      113.512
     104.594      139.400       16.164      113.512
     104.695      139.400       16.164      113.512
     104.795      139.500       16.164      113.512
     104.896      149.400       16.164      113.512
     104.996      129.500       16.164      113.512
     105.096      139.500       16.164      113.512
     105.197      139.600       16.164      113.512
     105.297      139.500       16.164      113.512
     105.398      139.400       16.164      113.512
     105.498      149.400       16.164      113.512
     105.598      129.400       16.164      113.512
     105.699      149.400       16.164      113.512
     105.799      139.500       16.164      113.512
     105.899      139.500       16.164      113.512
     106.000      139.400       16.164      113.512
     106.100      139.400       16.164      113.512
     106.201      139.300       16.164      113.512
     106.301      139.500       16.164      113.512
     106.402      139.500       16.164      113.512
     106.502      139.500       16.164      113.512
     106.602      149.500       16.164      113.512
     106.703      129.600       16.164      113.512
     106.803      149.500       16.164      113.512
     106.903      139.500       16.164      113.512
     107.004      139.400       16.164      113.512
     107.104      139.500       16.164      113.512
     107.204      149.000       16.164      113.512
     107.305      139.300       16.164      113.512
     107.405      139.500       16.164      113.512
     107.506      139.600       16.164      113.512
     107.606      139.600       16.164      113.512
     107.706      139.600       16.164      113.512
     107.807      139.600       16.164      113.512
     107.907      139.600       16.164      113.512
     108.007      139.600       16.164      113.512
     108.108      139.600       16.164      113.512
     108.208      149.500       16.164      113.512
     108.308      139.600       16.164      113.512
     108.409      139.600       16.164      113.512
     108.509      139.500       16.164      113.512
     108.609      139.500       16.164      113.512
     108.710      139.600       16.164      113.512
     108.810      139.500       16.164      113.512
     108.910      139.500       16.164      113.512
     109.011      139.600       16.164      113.512
     109.111      139.500       16.164      113.512
     109.211      139.500       16.164      113.512
     109.312      139.600       16.164      113.512
     109.412      149.400       16.164      113.512
     109.512      129.500       16.164      113.512
     109.613      139.300       16.164      113.512
     109.713      149.100       16.164      113.512
     109.814      139.200       16.164      113.512
     109.914      129.500       16.164      113.512
     110.015      149.300       16.164      113.512
     110.115      129.500       16.164      113.512
     110.216      149.200       16.164      113.512
     110.316      129.400       16.164      113.512
     110.417      149.400       16.164      113.512
     110.517      129.500       16.164      113.512
