# Elapsed time   CPU (%)     Real (MB)   Virtual (MB)
       0.000        0.000       15.953      113.328
       0.108      138.300       15.512      112.809
       0.219      136.100       15.629      112.938
       0.328      146.100       15.629      112.938
       0.440      142.800       15.629      112.938
       0.550      136.700       15.629      112.938
       0.659      127.800       15.629      112.938
       0.771      134.900       15.629      112.938
       0.882      144.200       16.109      113.512
       0.993      125.900       16.109      113.512
       1.104      144.500       16.109      113.512
       1.214      145.100       16.109      113.512
       1.323      137.800       16.129      113.512
       1.432      146.100       16.129      113.512
       1.542      136.400       16.137      113.512
       1.651      146.700       16.137      113.512
       1.761      137.300       16.141      113.512
       1.870      146.100       16.141      113.512
       1.980      136.600       16.141      113.512
       2.091      135.600       16.141      113.512
       2.201      145.000       16.141      113.512
       2.310      146.100       16.141      113.512
       2.421      136.000       16.141      113.512
       2.533      133.400       16.141      113.512
       2.643      155.000       16.141      113.512
       2.753      136.700       16.141      113.512
       2.863      145.400       16.141      113.512
       2.972      146.400       16.141      113.512
       3.082      145.400       16.141      113.512
       3.192      136.200       16.141      113.512
       3.303      144.700       16.141      113.512
       3.413      145.100       16.141      113.512
       3.522      146.700       16.141      113.512
       3.632      136.200       16.152      113.512
       3.742      135.900       16.152      113.512
       3.852      145.800       16.152      113.512
       3.961      147.100       16.152      113.512
       4.071      136.700       16.152      113.512
       4.180      146.100       16.152      113.512
       4.291      135.500       16.152      113.512
       4.402      144.300       16.152      113.512
       4.512      145.100       16.152      113.512
       4.623      144.500       16.152      113.512
       4.733      136.500       16.152      113.512
       4.842      136.700       16.152      113.512
       4.953      154.000       16.152      113.512
       5.062      136.800       16.152      113.512
       5.171      147.100       16.152      113.512
       5.281      136.800       16.152      113.512
       5.390      146.800       16.152      113.512
       5.499      146.800       16.152      113.512
       5.608      137.600       16.152      113.512
       5.717      146.000       16.152      113.512
       5.826      137.900       16.152      113.512
       5.936      145.600       16.152      113.512
       6.045      137.300       16.152      113.512
       6.154      155.800       16.152      113.512
       6.264      145.600       16.152      113.512
       6.373      128.300       16.152      113.512
       6.483      155.300       16.152      113.512
       6.592      137.200       16.152      113.512
       6.702      145.700       16.152      113.512
       6.811      138.000       16.152      113.512
       6.920      146.600       16.152      113.512
       7.030      136.700       16.152      113.512
       7.140      145.500       16.152      113.512
       7.249      145.700       16.152      113.512
       7.360      145.000       16.152      113.512
       7.469      137.500       16.152      113.512
       7.580      153.200       16.152      113.512
       7.689      127.800       16.152      113.512
       7.799      146.400       16.152      113.512
       7.908      146.100       16.152      113.512
       8.018      146.100       16.184      113.512
       8.127      137.400       16.184      113.512
       8.238      144.100       16.184      113.512
       8.348      145.800       16.184      113.512
       8.457      137.300       16.184      113.512
       8.566      145.900       16.184      113.512
       8.677      135.100       16.184      113.512
       8.787      146.300       16.184      113.512
       8.896      146.100       16.184      113.512
       9.005      137.800       16.184      113.512
       9.115      146.100       16.184      113.512
       9.225      145.500       16.184      113.512
       9.335      145.500       16.184      113.512
       9.444      146.300       16.184      113.512
       9.554      145.900       16.184      113.512
       9.663      136.900       16.184      113.512
       9.773      145.900       16.184      113.512
       9.883      136.700       16.184      113.512
       9.992      146.300       16.184      113.512
      10.101      137.900       16.184      113.512
      10.210      146.800       16.184      113.512
      10.320      145.500       16.184      113.512
      10.429      137.700       16.184      113.512
      10.539      145.100       16.191      113.512
      10.648      146.600       16.191      113.512
      10.757      128.000       16.191      113.512
      10.866      147.500       16.191      113.512
      10.976      145.500       16.191      113.512
      11.085      137.100       16.191      113.512
      11.194      146.900       16.191      113.512
      11.303      146.500       16.191      113.512
      11.413      137.000       16.191      113.512
      11.522      146.100       16.191      113.512
      11.631      138.000       16.191      113.512
      11.740      146.900       16.191      113.512
      11.850      127.400       16.191      113.512
      11.960      145.500       16.191      113.512
      12.070      145.500       16.191      113.512
      12.180      145.200       16.191      113.512
      12.290      154.200       16.191      113.512
      12.400      136.800       16.191      113.512
      12.510      136.700       16.191      113.512
      12.619      146.500       16.191      113.512
      12.728      137.000       16.191      113.512
      12.838      155.600       16.191      113.512
      12.947      127.900       16.191      113.512
      13.057      154.200       16.191      113.512
      13.168      135.400       16.191      113.512
      13.276      147.900       16.191      113.512
      13.385      148.000       16.191      113.512
      13.494      136.600       16.191      113.512
      13.603      138.000       16.191      113.512
      13.713      145.800       16.191      113.512
      13.822      137.200       16.191      113.512
      13.931      156.000       16.191      113.512
      14.040      137.400       16.191      113.512
      14.150      136.600       16.191      113.512
      14.260      146.000       16.191      113.512
      14.369      145.700       16.191      113.512
      14.479      137.100       16.191      113.512
      14.589      136.200       16.191      113.512
      14.698      146.500       16.191      113.512
      14.808      145.500       16.191      113.512
      14.918      145.600       16.191      113.512
      15.028      136.900       16.191      113.512
      15.138      144.200       16.191      113.512
      15.249      144.800       16.191      113.512
      15.358      137.600       16.191      113.512
      15.467      146.800       16.191      113.512
      15.576      137.500       16.191      113.512
      15.685      146.800       16.191      113.512
      15.795      136.800       16.191      113.512
      15.904      146.200       16.191      113.512
      16.014      136.800       16.191      113.512
      16.123      137.000       16.191      113.512
      16.233      155.100       16.191      113.512
      16.343      145.100       16.191      113.512
      16.452      137.400       16.191      113.512
      16.562      137.500       16.191      113.512
      16.671      146.100       16.191      113.512
      16.780      137.700       16.191      113.512
      16.889      137.600       16.191      113.512
      16.998      146.800       16.191      113.512
      17.107      147.100       16.191      113.512
      17.217      135.700       16.191      113.512
      17.327      145.200       16.191      113.512
      17.437      146.100       16.191      113.512
      17.546      137.100       16.191      113.512
      17.656      145.300       16.191      113.512
      17.766      146.500       16.191      113.512
      17.875      136.800       16.191      113.512
      17.984      137.700       16.191      113.512
      18.094      146.400       16.191      113.512
      18.203      145.600       16.191      113.512
      18.315      143.900       16.191      113.512
      18.424      128.200       16.191      113.512
      18.533      146.200       16.191      113.512
      18.642      147.100       16.191      113.512
      18.752      136.000       16.191      113.512
      18.861      146.900       16.191      113.512
      18.970      137.600       16.191      113.512
      19.079      138.000       16.191      113.512
      19.188      137.600       16.191      113.512
      19.297      147.300       16.191      113.512
      19.407      145.400       16.191      113.512
      19.515      138.000       16.191      113.512
      19.626      145.200       16.191      113.512
      19.735      136.900       16.191      113.512
      19.845      146.300       16.191      113.512
      19.953      138.400       16.191      113.512
      20.063      145.500       16.191      113.512
      20.173      145.600       16.191      113.512
      20.282      137.700       16.191      113.512
      20.391      146.000       16.191      113.512
      20.502      144.700       16.191      113.512
      20.613      143.500       16.191      113.512
      20.722      128.500       16.191      113.512
      20.831      146.900       16.191      113.512
      20.940      137.800       16.191      113.512
      21.050      145.900       16.191      113.512
      21.159      136.800       16.191      113.512
      21.268      146.800       16.191      113.512
      21.378      146.300       16.191      113.512
      21.487      137.900       16.191      113.512
      21.595      138.100       16.191      113.512
      21.704      146.500       16.191      113.512
      21.814      136.400       16.191      113.512
      21.924      154.900       16.191      113.512
      22.033      137.500       16.191      113.512
      22.142      138.000       16.191      113.512
      22.251      146.200       16.191      113.512
      22.360      137.900       16.191      113.512
      22.470      146.100       16.191      113.512
      22.579      137.500       16.191      113.512
      22.687      147.200       16.191      113.512
      22.796      137.900       16.191      113.512
      22.905      138.200       16.191      113.512
      23.014      137.800       16.191      113.512
      23.122      147.200       16.191      113.512
      23.232      146.300       16.191      113.512
      23.340      146.900       16.191      113.512
      23.449      137.700       16.191      113.512
      23.558      137.800       16.191      113.512
      23.667      147.300       16.191      113.512
      23.777      144.900       16.191      113.512
      23.887      145.300       16.191      113.512
      23.998      136.000       16.191      113.512
      24.106      138.000       16.191      113.512
      24.216      145.600       16.191      113.512
      24.325      137.900       16.191      113.512
      24.435      154.100       16.191      113.512
      24.545      136.800       16.191      113.512
      24.655      145.700       16.191      113.512
      24.765      136.400       16.191      113.512
      24.873      147.600       16.191      113.512
      24.983      145.600       16.191      113.512
      25.093      136.500       16.191      113.512
      25.201      147.900       16.191      113.512
      25.311      145.700       16.191      113.512
      25.421      145.800       16.191      113.512
      25.530      128.200       16.191      113.512
      25.643      123.900       16.191      113.512
      25.752      145.900       16.191      113.512
      25.863      135.800       16.191      113.512
      25.972      146.200       16.191      113.512
      26.083      144.800       16.191      113.512
      26.192      146.500       16.191      113.512
      26.302      136.800       16.191      113.512
      26.411      146.100       16.191      113.512
      26.520      137.700       16.191      113.512
      26.630      146.000       16.191      113.512
      26.739      137.500       16.191      113.512
      26.848      138.000       16.191      113.512
      26.957      146.100       16.191      113.512
      27.067      146.100       16.191      113.512
      27.176      137.100       16.191      113.512
      27.285      146.800       16.191      113.512
      27.394      146.600       16.191      113.512
      27.503      146.600       16.191      113.512
      27.612      138.200       16.191      113.512
      27.722      145.800       16.191      113.512
      27.831      136.700       16.191      113.512
      27.941      145.800       16.191      113.512
      28.050      146.700       16.191      113.512
      28.159      137.600       16.191      113.512
      28.268      147.200       16.191      113.512
      28.378      127.600       16.191      113.512
      28.487      155.100       16.191      113.512
      28.597      136.700       16.191      113.512
      28.705      147.500       16.191      113.512
      28.815      145.600       16.191      113.512
      28.925      137.100       16.191      113.512
      29.035      145.600       16.191      113.512
      29.144      145.900       16.191      113.512
      29.254      136.600       16.191      113.512
      29.364      145.500       16.191      113.512
      29.474      145.900       16.191      113.512
      29.583      136.500       16.191      113.512
      29.692      147.000       16.191      113.512
      29.802      145.900       16.191      113.512
      29.912      136.900       16.191      113.512
      30.020      137.600       16.191      113.512
      30.130      145.600       16.191      113.512
      30.240      146.600       16.191      113.512
      30.349      136.900       16.191      113.512
      30.460      153.700       16.191      113.512
      30.569      136.700       16.191      113.512
      30.679      146.500       16.191      113.512
      30.790      144.100       16.191      113.512
      30.898      138.300       16.191      113.512
      31.007      137.800       16.191      113.512
      31.117      146.000       16.191      113.512
      31.226      146.600       16.191      113.512
      31.337      134.800       16.191      113.512
      31.447      145.600       16.191      113.512
      31.557      145.600       16.191      113.512
      31.666      137.700       16.191      113.512
      31.775      138.000       16.191      113.512
      31.884      137.100       16.191      113.512
      31.993      146.400       16.191      113.512
      32.103      146.300       16.191      113.512
      32.212      137.500       16.191      113.512
      32.321      146.000       16.191      113.512
      32.430      138.500       16.191      113.512
      32.539      146.500       16.191      113.512
      32.648      137.700       16.191      113.512
      32.757      146.400       16.191      113.512
      32.866      147.300       16.191      113.512
      32.975      137.200       16.191      113.512
      33.084      137.500       16.191      113.512
      33.193      137.400       16.191      113.512
      33.306      151.300       16.191      113.512
      33.414      138.300       16.191      113.512
      33.525      135.500       16.191      113.512
      33.634      155.400       16.191      113.512
      33.744      145.500       16.191      113.512
      33.853      137.400       16.191      113.512
      33.965      142.800       16.191      113.512
      34.076      144.900       16.191      113.512
      34.186      144.900       16.191      113.512
      34.297      144.800       16.191      113.512
      34.406      136.800       16.191      113.512
      34.516      145.600       16.191      113.512
      34.628      143.100       16.191      113.512
      34.737      137.600       16.191      113.512
      34.846      146.200       16.191      113.512
      34.956      145.900       16.191      113.512
      35.066      136.900       16.191      113.512
      35.175      155.900       16.191      113.512
      35.284      136.900       16.191      113.512
      35.394      145.700       16.191      113.512
      35.503      137.300       16.191      113.512
      35.613      146.400       16.191      113.512
      35.722      146.400       16.191      113.512
      35.832      136.500       16.191      113.512
      35.941      146.100       16.191      113.512
      36.050      147.000       16.191      113.512
      36.159      137.400       16.191      113.512
      36.268      147.000       16.191      113.512
      36.377      137.600       16.191      113.512
      36.487      137.100       16.191      113.512
      36.596      146.400       16.191      113.512
      36.705      137.300       16.191      113.512
      36.814      146.500       16.191      113.512
      36.924      137.100       16.191      113.512
      37.033      146.700       16.191      113.512
      37.142      146.800       16.191      113.512
      37.253      135.700       16.191      113.512
      37.362      145.900       16.191      113.512
      37.471      138.400       16.191      113.512
      37.580      145.800       16.191      113.512
      37.690      136.900       16.191      113.512
      37.801      143.500       16.191      113.512
      37.911      145.700       16.191      113.512
      38.021      136.600       16.191      113.512
      38.130      137.800       16.191      113.512
      38.240      145.900       16.191      113.512
      38.349      145.800       16.191      113.512
      38.459      137.200       16.191      113.512
      38.568      146.100       16.191      113.512
      38.678      146.100       16.191      113.512
      38.786      137.900       16.191      113.512
      38.896      146.400       16.191      113.512
      39.005      137.300       16.191      113.512
      39.114      146.300       16.191      113.512
      39.224      136.600       16.191      113.512
      39.334      145.800       16.191      113.512
      39.442      137.900       16.191      113.512
      39.552      146.400       16.191      113.512
      39.661      137.400       16.191      113.512
      39.771      145.700       16.191      113.512
      39.880      146.500       16.191      113.512
      39.989      137.200       16.191      113.512
      40.099      146.000       16.191      113.512
      40.208      146.300       16.191      113.512
      40.318      136.100       16.191      113.512
      40.428      137.100       16.191      113.512
      40.538      145.900       16.191      113.512
      40.647      146.200       16.191      113.512
      40.756      146.200       16.191      113.512
      40.866      137.300       16.191      113.512
      40.975      147.000       16.191      113.512
      41.084      145.900       16.191      113.512
      41.193      147.300       16.191      113.512
      41.303      136.700       16.191      113.512
      41.413      144.800       16.191      113.512
      41.522      137.300       16.191      113.512
      41.632      145.700       16.191      113.512
      41.742      146.100       16.191      113.512
      41.851      137.200       16.191      113.512
      41.960      146.200       16.191      113.512
      42.070      146.200       16.191      113.512
      42.179      136.900       16.191      113.512
      42.289      155.000       16.191      113.512
      42.399      136.800       16.191      113.512
      42.508      146.700       16.191      113.512
      42.616      137.900       16.191      113.512
      42.727      144.300       16.191      113.512
      42.838      144.600       16.191      113.512
      42.947      138.200       16.191      113.512
      43.059      142.500       16.191      113.512
      43.169      145.700       16.191      113.512
      43.279      145.400       16.191      113.512
      43.387      138.200       16.191      113.512
      43.496      147.000       16.191      113.512
      43.605      146.400       16.191      113.512
      43.715      137.400       16.191      113.512
      43.825      136.100       16.191      113.512
      43.935      145.800       16.191      113.512
      44.044      146.700       16.191      113.512
      44.153      136.700       16.191      113.512
      44.263      145.600       16.191      113.512
      44.372      146.500       16.191      113.512
      44.482      136.600       16.191      113.512
      44.591      146.600       16.191      113.512
      44.702      145.100       16.191      113.512
      44.811      137.400       16.191      113.512
      44.920      146.500       16.191      113.512
      45.029      146.800       16.191      113.512
      45.138      137.500       16.191      113.512
      45.246      147.600       16.191      113.512
      45.356      137.000       16.191      113.512
      45.466      145.900       16.191      113.512
      45.574      138.100       16.191      113.512
      45.684      145.200       16.191      113.512
      45.794      137.300       16.191      113.512
      45.902      147.100       16.191      113.512
      46.011      138.400       16.191      113.512
      46.119      147.200       16.191      113.512
      46.228      138.000       16.191      113.512
      46.342      140.600       16.191      113.512
      46.451      146.300       16.191      113.512
      46.561      136.300       16.191      113.512
      46.670      137.700       16.191      113.512
      46.779      156.800       16.191      113.512
      46.889      136.500       16.191      113.512
      46.998      136.700       16.191      113.512
      47.107      146.800       16.191      113.512
      47.217      146.200       16.191      113.512
      47.328      144.400       16.191      113.512
      47.437      136.800       16.191      113.512
      47.547      145.900       16.191      113.512
      47.657      146.000       16.191      113.512
      47.765      147.500       16.191      113.512
      47.873      138.500       16.191      113.512
      47.986      141.700       16.191      113.512
      48.096      137.300       16.191      113.512
      48.205      146.000       16.191      113.512
      48.316      144.800       16.191      113.512
      48.427      134.700       16.191      113.512
      48.537      146.100       16.191      113.512
      48.646      136.600       16.191      113.512
      48.756      145.900       16.191      113.512
      48.866      136.800       16.191      113.512
      48.975      155.500       16.191      113.512
      49.085      136.700       16.191      113.512
      49.195      136.200       16.191      113.512
      49.305      145.400       16.191      113.512
      49.414      137.600       16.191      113.512
      49.523      146.400       16.191      113.512
      49.633      136.100       16.191      113.512
      49.744      145.100       16.191      113.512
      49.853      146.600       16.191      113.512
      49.962      136.600       16.191      113.512
      50.073      144.700       16.191      113.512
      50.182      137.000       16.191      113.512
      50.292      146.500       16.191      113.512
      50.400      137.900       16.191      113.512
      50.510      146.400       16.191      113.512
      50.619      137.100       16.191      113.512
      50.729      145.800       16.191      113.512
      50.837      147.300       16.191      113.512
      50.947      137.300       16.191      113.512
      51.058      144.200       16.203      113.512
      51.166      138.500       16.203      113.512
      51.276      145.400       16.203      113.512
      51.386      146.000       16.203      113.512
      51.494      138.300       16.203      113.512
      51.603      137.300       16.203      113.512
      51.712      147.100       16.203      113.512
      51.822      137.100       16.203      113.512
      51.930      146.900       16.203      113.512
      52.039      146.800       16.203      113.512
      52.149      136.500       16.203      113.512
      52.259      136.800       16.203      113.512
      52.369      145.800       16.203      113.512
      52.478      146.700       16.203      113.512
      52.587      136.900       16.203      113.512
      52.698      144.500       16.203      113.512
      52.808      145.600       16.203      113.512
      52.917      137.300       16.203      113.512
      53.027      136.400       16.203      113.512
      53.137      155.000       16.203      113.512
      53.247      146.000       16.203      113.512
      53.355      128.600       16.203      113.512
      53.465      146.000       16.203      113.512
      53.575      136.700       16.203      113.512
      53.684      146.200       16.203      113.512
      53.794      145.700       16.203      113.512
      53.904      136.300       16.203      113.512
      54.013      146.900       16.203      113.512
      54.122      137.500       16.203      113.512
      54.232      145.600       16.203      113.512
      54.342      145.100       16.203      113.512
      54.452      128.000       16.203      113.512
      54.562      144.500       16.203      113.512
      54.672      146.000       16.203      113.512
      54.782      145.600       16.203      113.512
      54.892      145.700       16.203      113.512
      55.001      146.300       16.203      113.512
      55.111      145.700       16.203      113.512
      55.221      136.800       16.203      113.512
      55.331      145.100       16.203      113.512
      55.440      146.300       16.203      113.512
      55.549      146.300       16.203      113.512
      55.659      137.200       16.203      113.512
      55.770      144.600       16.203      113.512
      55.880      145.200       16.203      113.512
      55.989      146.600       16.203      113.512
      56.098      137.000       16.203      113.512
      56.208      146.400       16.203      113.512
      56.318      136.000       16.203      113.512
      56.428      145.800       16.203      113.512
      56.536      138.000       16.203      113.512
      56.646      145.900       16.203      113.512
      56.755      137.000       16.203      113.512
      56.864      147.900       16.203      113.512
      56.973      137.800       16.203      113.512
      57.081      147.000       16.203      113.512
      57.190      137.500       16.203      113.512
      57.300      146.300       16.203      113.512
      57.408      138.600       16.203      113.512
      57.517      137.000       16.203      113.512
      57.627      145.800       16.203      113.512
      57.736      146.400       16.203      113.512
      57.846      137.200       16.203      113.512
      57.955      147.100       16.203      113.512
      58.064      146.200       16.203      113.512
      58.173      128.600       16.203      113.512
      58.282      146.000       16.203      113.512
      58.392      137.300       16.203      113.512
      58.501      155.000       16.203      113.512
      58.611      137.300       16.203      113.512
      58.720      146.600       16.203      113.512
      58.829      137.800       16.203      113.512
      58.939      145.000       16.203      113.512
      59.049      145.800       16.203      113.512
      59.159      136.100       16.203      113.512
      59.269      145.600       16.203      113.512
      59.378      137.800       16.203      113.512
      59.488      153.700       16.203      113.512
      59.598      137.000       16.203      113.512
      59.707      136.600       16.203      113.512
      59.818      145.200       16.203      113.512
      59.927      146.900       16.203      113.512
      60.036      137.500       16.203      113.512
      60.145      146.500       16.203      113.512
      60.253      138.400       16.203      113.512
      60.363      146.500       16.203      113.512
      60.472      137.400       16.203      113.512
      60.581      145.900       16.203      113.512
      60.690      137.800       16.203      113.512
      60.799      146.700       16.203      113.512
