# Elapsed time   CPU (%)     Real (MB)   Virtual (MB)
       0.000        0.000       16.023      113.406
       0.109      137.400       15.426      112.680
       0.219      146.000       15.660      112.938
       0.328      145.900       15.660      112.938
       0.438      146.000       15.660      112.938
       0.547      146.500       15.660      112.938
       0.656      128.400       15.660      112.938
       0.767      145.100       15.660      112.938
       0.876      137.400       16.141      113.512
       0.984      147.300       16.141      113.512
       1.093      138.300       16.141      113.512
       1.201      147.500       16.160      113.512
       1.311      137.300       16.160      113.512
       1.420      156.000       16.168      113.512
       1.529      136.800       16.168      113.512
       1.638      138.300       16.172      113.512
       1.748      136.100       16.172      113.512
       1.858      145.100       16.172      113.512
       1.966      147.900       16.172      113.512
       2.076      136.900       16.172      113.512
       2.184      147.400       16.172      113.512
       2.293      137.600       16.172      113.512
       2.403      145.900       16.172      113.512
       2.512      146.500       16.172      113.512
       2.622      137.200       16.172      113.512
       2.731      146.300       16.172      113.512
       2.839      147.700       16.172      113.512
       2.948      137.900       16.172      113.512
       3.057      146.700       16.172      113.512
       3.167      136.900       16.172      113.512
       3.276      136.800       16.172      113.512
       3.387      153.300       16.172      113.512
       3.498      144.900       16.184      113.512
       3.607      145.700       16.184      113.512
       3.716      137.600       16.184      113.512
       3.826      146.200       16.184      113.512
       3.934      138.200       16.184      113.512
       4.043      146.800       16.184      113.512
       4.152      138.100       16.184      113.512
       4.260      138.500       16.184      113.512
       4.370      146.200       16.184      113.512
       4.478      137.900       16.184      113.512
       4.588      154.500       16.184      113.512
       4.699      136.300       16.184      113.512
       4.807      147.300       16.184      113.512
       4.916      137.300       16.184      113.512
       5.028      143.800       16.184      113.512
       5.137      137.000       16.184      113.512
       5.246      147.600       16.184      113.512
       5.354      138.100       16.184      113.512
       5.463      146.400       16.184      113.512
       5.573      146.100       16.184      113.512
       5.684      126.700       16.184      113.512
       5.793      146.700       16.184      113.512
       5.902      146.500       16.184      113.512
       6.012      136.500       16.184      113.512
       6.121      146.400       16.184      113.512
       6.230      146.300       16.184      113.512
       6.340      137.400       16.184      113.512
       6.449      136.900       16.184      113.512
       6.559      145.800       16.184      113.512
       6.669      145.600       16.184      113.512
       6.777      138.400       16.184      113.512
       6.887      146.200       16.184      113.512
       6.996      146.300       16.184      113.512
       7.105      137.600       16.184      113.512
       7.215      145.800       16.184      113.512
       7.324      146.200       16.184      113.512
       7.433      137.800       16.184      113.512
       7.543      144.900       16.184      113.512
       7.652      146.800       16.184      113.512
       7.762      137.000       16.184      113.512
       7.872      145.500       16.184      113.512
       7.980      138.200       16.215      113.512
       8.091      144.500       16.215      113.512
       8.201      136.400       16.215      113.512
       8.313      143.400       16.215      113.512
       8.422      136.800       16.215      113.512
       8.531      147.300       16.215      113.512
       8.641      145.300       16.215      113.512
       8.751      146.000       16.215      113.512
       8.860      146.300       16.215      113.512
       8.970      146.300       16.215      113.512
       9.079      146.100       16.215      113.512
       9.189      136.600       16.215      113.512
       9.299      145.400       16.215      113.512
       9.408      137.100       16.215      113.512
       9.516      138.800       16.215      113.512
       9.625      155.800       16.215      113.512
       9.735      137.300       16.215      113.512
       9.845      136.400       16.215      113.512
       9.954      145.800       16.215      113.512
      10.064      145.500       16.215      113.512
      10.174      136.600       16.215      113.512
      10.284      145.300       16.215      113.512
      10.395      145.100       16.215      113.512
      10.504      137.100       16.223      113.512
      10.613      147.100       16.223      113.512
      10.722      136.900       16.223      113.512
      10.832      136.700       16.223      113.512
      10.941      146.500       16.223      113.512
      11.050      137.900       16.223      113.512
      11.160      144.900       16.223      113.512
      11.271      153.400       16.223      113.512
      11.381      136.800       16.223      113.512
      11.489      138.100       16.223      113.512
      11.601      134.000       16.223      113.512
      11.712      144.300       16.223      113.512
      11.822      145.500       16.223      113.512
      11.931      146.700       16.223      113.512
      12.041      136.800       16.223      113.512
      12.151      145.800       16.223      113.512
      12.260      146.100       16.223      113.512
      12.370      146.500       16.223      113.512
      12.479      146.500       16.223      113.512
      12.588      146.100       16.223      113.512
      12.698      136.700       16.223      113.512
      12.807      147.400       16.223      113.512
      12.915      138.300       16.223      113.512
      13.024      146.800       16.223      113.512
      13.134      136.900       16.223      113.512
      13.242      137.900       16.223      113.512
      13.352      146.100       16.223      113.512
      13.461      147.000       16.223      113.512
      13.570      146.200       16.223      113.512
      13.680      145.600       16.223      113.512
      13.789      137.500       16.223      113.512
      13.899      146.300       16.223      113.512
      14.008      136.500       16.223      113.512
      14.119      136.100       16.223      113.512
      14.228      145.700       16.223      113.512
      14.338      146.300       16.223      113.512
      14.448      136.300       16.223      113.512
      14.556      147.500       16.223      113.512
      14.666      146.500       16.223      113.512
      14.775      137.100       16.223      113.512
      14.884      147.400       16.223      113.512
      14.993      146.700       16.223      113.512
      15.101      138.300       16.223      113.512
      15.209      147.700       16.223      113.512
      15.319      137.400       16.223      113.512
      15.428      146.600       16.223      113.512
      15.537      136.800       16.223      113.512
      15.647      136.700       16.223      113.512
      15.757      146.100       16.223      113.512
      15.866      146.200       16.223      113.512
      15.976      145.900       16.223      113.512
      16.085      146.100       16.223      113.512
      16.194      146.600       16.223      113.512
      16.304      136.800       16.223      113.512
      16.413      146.700       16.223      113.512
      16.523      145.500       16.223      113.512
      16.632      137.100       16.223      113.512
      16.741      138.300       16.223      113.512
      16.850      147.100       16.223      113.512
      16.959      136.800       16.223      113.512
      17.068      137.700       16.223      113.512
      17.178      146.200       16.223      113.512
      17.288      145.700       16.223      113.512
      17.397      137.200       16.223      113.512
      17.506      147.000       16.223      113.512
      17.615      137.200       16.223      113.512
      17.725      136.900       16.223      113.512
      17.835      154.600       16.223      113.512
      17.944      137.300       16.223      113.512
      18.053      137.000       16.223      113.512
      18.163      145.500       16.223      113.512
      18.273      137.400       16.223      113.512
      18.382      146.400       16.223      113.512
      18.491      146.200       16.223      113.512
      18.601      136.900       16.223      113.512
      18.712      143.400       16.223      113.512
      18.822      137.000       16.223      113.512
      18.931      146.700       16.223      113.512
      19.042      135.500       16.223      113.512
      19.150      147.000       16.223      113.512
      19.260      146.500       16.223      113.512
      19.370      136.400       16.223      113.512
      19.479      137.500       16.223      113.512
      19.589      145.400       16.223      113.512
      19.699      144.700       16.223      113.512
      19.809      136.900       16.223      113.512
      19.919      136.000       16.223      113.512
      20.029      154.600       16.223      113.512
      20.139      146.100       16.223      113.512
      20.248      136.900       16.223      113.512
      20.358      136.300       16.223      113.512
      20.468      146.300       16.223      113.512
      20.577      137.900       16.223      113.512
      20.687      145.100       16.223      113.512
      20.797      136.600       16.223      113.512
      20.906      146.700       16.223      113.512
      21.015      146.700       16.223      113.512
      21.125      135.900       16.223      113.512
      21.236      153.600       16.223      113.512
      21.346      136.100       16.223      113.512
      21.456      136.700       16.223      113.512
      21.565      146.700       16.223      113.512
      21.676      144.500       16.223      113.512
      21.786      145.400       16.223      113.512
      21.895      146.500       16.223      113.512
      22.005      136.100       16.223      113.512
      22.115      146.100       16.223      113.512
      22.227      133.900       16.223      113.512
      22.336      146.400       16.223      113.512
      22.445      146.600       16.223      113.512
      22.556      135.800       16.223      113.512
      22.664      148.000       16.223      113.512
      22.773      128.000       16.223      113.512
      22.883      145.800       16.223      113.512
      22.992      147.100       16.223      113.512
      23.102      145.400       16.223      113.512
      23.211      137.500       16.223      113.512
      23.319      148.100       16.223      113.512
      23.428      137.700       16.223      113.512
      23.537      146.300       16.223      113.512
      23.646      138.100       16.223      113.512
      23.754      147.800       16.223      113.512
      23.863      137.700       16.223      113.512
      23.971      138.500       16.223      113.512
      24.080      146.700       16.223      113.512
      24.189      137.500       16.223      113.512
      24.299      146.300       16.223      113.512
      24.408      146.800       16.223      113.512
      24.516      147.400       16.223      113.512
      24.626      127.900       16.223      113.512
      24.735      146.100       16.223      113.512
      24.845      136.200       16.223      113.512
      24.956      143.900       16.223      113.512
      25.066      145.900       16.223      113.512
      25.175      137.200       16.223      113.512
      25.285      145.800       16.223      113.512
      25.394      155.700       16.223      113.512
      25.504      128.100       16.223      113.512
      25.613      146.400       16.223      113.512
      25.722      146.400       16.223      113.512
      25.833      144.900       16.223      113.512
      25.942      137.600       16.223      113.512
      26.050      138.600       16.223      113.512
      26.158      147.500       16.223      113.512
      26.267      147.700       16.223      113.512
      26.378      135.200       16.223      113.512
      26.487      136.700       16.223      113.512
      26.597      145.700       16.223      113.512
      26.707      146.000       16.223      113.512
      26.816      137.000       16.223      113.512
      26.926      145.300       16.223      113.512
      27.036      146.400       16.223      113.512
      27.144      138.600       16.223      113.512
      27.253      146.100       16.223      113.512
      27.363      145.700       16.223      113.512
      27.472      137.200       16.223      113.512
      27.582      146.600       16.223      113.512
      27.691      146.700       16.223      113.512
      27.799      138.500       16.223      113.512
      27.907      147.600       16.223      113.512
      28.016      137.500       16.223      113.512
      28.127      144.500       16.223      113.512
      28.236      138.000       16.223      113.512
      28.345      146.800       16.223      113.512
      28.455      145.500       16.223      113.512
      28.564      136.900       16.223      113.512
      28.673      137.400       16.223      113.512
      28.782      147.000       16.223      113.512
      28.891      137.900       16.223      113.512
      29.000      155.900       16.223      113.512
      29.110      136.900       16.223      113.512
      29.219      146.000       16.223      113.512
      29.329      136.500       16.223      113.512
      29.438      146.700       16.223      113.512
      29.547      137.300       16.223      113.512
      29.656      147.000       16.223      113.512
      29.766      146.300       16.223      113.512
      29.875      137.100       16.223      113.512
      29.984      137.800       16.223      113.512
      30.093      146.100       16.223      113.512
      30.203      137.200       16.223      113.512
      30.312      136.400       16.223      113.512
      30.423      154.500       16.223      113.512
      30.532      137.400       16.223      113.512
      30.641      136.800       16.223      113.512
      30.751      155.600       16.223      113.512
      30.860      137.600       16.223      113.512
      30.970      145.400       16.223      113.512
      31.078      147.200       16.223      113.512
      31.189      135.300       16.223      113.512
      31.299      136.500       16.223      113.512
      31.409      145.400       16.223      113.512
      31.518      147.200       16.223      113.512
      31.627      146.000       16.223      113.512
      31.737      146.400       16.223      113.512
      31.846      136.600       16.223      113.512
      31.956      137.500       16.223      113.512
      32.065      155.500       16.223      113.512
      32.175      136.600       16.223      113.512
      32.284      146.200       16.223      113.512
      32.394      136.100       16.223      113.512
      32.504      155.400       16.223      113.512
      32.613      136.700       16.223      113.512
      32.722      147.500       16.223      113.512
      32.831      137.400       16.223      113.512
      32.941      136.200       16.223      113.512
      33.051      146.200       16.223      113.512
      33.160      146.600       16.223      113.512
      33.269      136.900       16.223      113.512
      33.379      145.500       16.223      113.512
      33.488      146.600       16.223      113.512
      33.598      146.300       16.223      113.512
      33.707      146.100       16.223      113.512
      33.816      137.700       16.223      113.512
      33.925      146.700       16.223      113.512
      34.035      137.200       16.223      113.512
      34.144      137.200       16.223      113.512
      34.254      145.300       16.223      113.512
      34.363      146.500       16.223      113.512
      34.473      146.200       16.223      113.512
      34.583      144.900       16.223      113.512
      34.692      129.000       16.223      113.512
      34.802      145.100       16.223      113.512
      34.913      153.200       16.223      113.512
      35.023      136.400       16.223      113.512
      35.132      146.400       16.223      113.512
      35.242      145.400       16.223      113.512
      35.352      145.700       16.223      113.512
      35.462      136.500       16.223      113.512
      35.571      146.400       16.223      113.512
      35.681      145.600       16.223      113.512
      35.791      146.400       16.223      113.512
      35.902      144.200       16.223      113.512
      36.011      137.400       16.223      113.512
      36.121      136.100       16.223      113.512
      36.231      145.400       16.223      113.512
      36.341      136.200       16.223      113.512
      36.451      146.200       16.223      113.512
      36.559      147.000       16.223      113.512
      36.668      147.400       16.223      113.512
      36.777      137.800       16.223      113.512
      36.886      136.800       16.223      113.512
      36.996      146.000       16.223      113.512
      37.105      146.500       16.223      113.512
      37.215      136.100       16.223      113.512
      37.325      154.600       16.223      113.512
      37.434      138.000       16.223      113.512
      37.543      147.200       16.223      113.512
      37.654      144.600       16.223      113.512
      37.764      136.300       16.223      113.512
      37.873      146.100       16.223      113.512
      37.982      137.700       16.223      113.512
      38.092      146.000       16.223      113.512
      38.201      145.600       16.223      113.512
      38.311      146.500       16.223      113.512
      38.420      136.700       16.223      113.512
      38.530      146.400       16.223      113.512
      38.639      137.200       16.223      113.512
      38.748      146.600       16.223      113.512
      38.858      136.500       16.223      113.512
      38.967      138.000       16.223      113.512
      39.077      154.400       16.223      113.512
      39.186      137.200       16.223      113.512
      39.297      135.900       16.223      113.512
      39.406      146.000       16.223      113.512
      39.516      146.500       16.223      113.512
      39.625      137.000       16.223      113.512
      39.735      145.700       16.223      113.512
      39.844      146.100       16.223      113.512
      39.954      145.800       16.223      113.512
      40.064      136.900       16.223      113.512
      40.174      145.200       16.223      113.512
      40.284      145.900       16.223      113.512
      40.393      137.300       16.223      113.512
      40.503      145.500       16.223      113.512
      40.612      145.900       16.223      113.512
      40.722      136.700       16.223      113.512
      40.831      146.500       16.223      113.512
      40.939      147.900       16.223      113.512
      41.051      135.000       16.223      113.512
      41.160      145.800       16.223      113.512
      41.270      145.400       16.223      113.512
      41.380      136.700       16.223      113.512
      41.489      146.600       16.223      113.512
      41.599      136.800       16.223      113.512
      41.708      155.500       16.223      113.512
      41.818      136.800       16.223      113.512
      41.927      137.700       16.223      113.512
      42.035      147.800       16.223      113.512
      42.144      137.300       16.223      113.512
      42.254      145.400       16.223      113.512
      42.362      138.800       16.223      113.512
      42.472      154.600       16.223      113.512
      42.582      137.200       16.223      113.512
      42.692      136.500       16.223      113.512
      42.801      145.900       16.223      113.512
      42.911      146.000       16.223      113.512
      43.021      136.200       16.223      113.512
      43.130      155.700       16.223      113.512
      43.239      137.200       16.223      113.512
      43.349      146.000       16.223      113.512
      43.459      136.400       16.223      113.512
      43.569      145.800       16.223      113.512
      43.680      135.300       16.223      113.512
      43.789      145.800       16.223      113.512
      43.899      145.800       16.223      113.512
      44.008      146.200       16.223      113.512
      44.118      137.600       16.223      113.512
      44.226      147.400       16.223      113.512
      44.336      144.900       16.223      113.512
      44.447      136.200       16.223      113.512
      44.556      146.300       16.223      113.512
      44.665      146.600       16.223      113.512
      44.776      136.000       16.223      113.512
      44.886      145.300       16.223      113.512
      44.995      146.100       16.223      113.512
      45.105      136.600       16.223      113.512
      45.215      135.800       16.223      113.512
      45.325      146.200       16.223      113.512
      45.435      145.000       16.223      113.512
      45.546      144.900       16.223      113.512
      45.656      145.300       16.223      113.512
      45.765      137.200       16.223      113.512
      45.874      137.300       16.223      113.512
      45.985      145.100       16.223      113.512
      46.094      146.100       16.223      113.512
      46.204      136.700       16.223      113.512
      46.314      145.900       16.223      113.512
      46.423      137.400       16.223      113.512
      46.531      156.400       16.223      113.512
      46.640      138.200       16.223      113.512
      46.749      137.800       16.223      113.512
      46.857      147.700       16.223      113.512
      46.966      137.600       16.223      113.512
      47.076      146.000       16.223      113.512
      47.185      146.300       16.223      113.512
      47.293      147.800       16.223      113.512
      47.403      137.100       16.223      113.512
      47.512      146.600       16.223      113.512
      47.623      134.700       16.223      113.512
      47.732      146.700       16.223      113.512
      47.842      146.200       16.223      113.512
      47.951      137.200       16.223      113.512
      48.061      155.300       16.223      113.512
      48.170      137.200       16.223      113.512
      48.279      137.000       16.223      113.512
      48.389      146.200       16.223      113.512
      48.500      144.400       16.223      113.512
      48.610      135.700       16.223      113.512
      48.719      147.000       16.223      113.512
      48.829      146.100       16.223      113.512
      48.938      137.100       16.223      113.512
      49.048      136.400       16.223      113.512
      49.157      146.500       16.223      113.512
      49.268      143.900       16.223      113.512
      49.379      144.700       16.223      113.512
      49.488      137.500       16.223      113.512
      49.598      145.000       16.223      113.512
      49.708      137.100       16.223      113.512
      49.818      154.200       16.223      113.512
      49.927      137.400       16.223      113.512
      50.038      144.000       16.223      113.512
      50.148      145.700       16.223      113.512
      50.258      145.400       16.223      113.512
      50.367      137.500       16.223      113.512
      50.476      147.600       16.223      113.512
      50.585      137.000       16.223      113.512
      50.694      146.400       16.223      113.512
      50.804      146.400       16.223      113.512
      50.916      143.000       16.234      113.512
      51.025      137.300       16.234      113.512
      51.134      137.100       16.234      113.512
      51.245      154.200       16.234      113.512
      51.353      146.900       16.234      113.512
      51.464      136.300       16.234      113.512
      51.573      146.500       16.234      113.512
      51.681      138.300       16.234      113.512
      51.791      145.600       16.234      113.512
      51.901      136.500       16.234      113.512
      52.011      145.400       16.234      113.512
      52.121      146.100       16.234      113.512
      52.230      146.600       16.234      113.512
      52.339      136.800       16.234      113.512
      52.449      145.400       16.234      113.512
      52.560      136.100       16.234      113.512
      52.668      147.100       16.234      113.512
      52.778      146.400       16.234      113.512
      52.887      146.200       16.234      113.512
      52.997      145.300       16.234      113.512
      53.106      137.400       16.234      113.512
      53.217      154.300       16.234      113.512
      53.326      137.000       16.234      113.512
      53.435      137.400       16.234      113.512
      53.545      155.000       16.234      113.512
      53.653      138.600       16.234      113.512
      53.762      147.400       16.234      113.512
      53.870      138.100       16.234      113.512
      53.980      146.000       16.234      113.512
      54.089      136.800       16.234      113.512
      54.199      136.600       16.234      113.512
      54.309      146.500       16.234      113.512
      54.418      146.500       16.234      113.512
      54.527      137.800       16.234      113.512
      54.636      136.800       16.234      113.512
      54.745      147.200       16.234      113.512
      54.855      145.600       16.234      113.512
      54.965      145.600       16.234      113.512
      55.074      137.000       16.234      113.512
      55.184      137.100       16.234      113.512
      55.292      147.400       16.234      113.512
      55.400      147.800       16.234      113.512
      55.509      138.300       16.234      113.512
      55.617      147.200       16.234      113.512
      55.726      137.200       16.234      113.512
      55.837      145.200       16.234      113.512
      55.946      138.000       16.234      113.512
      56.055      145.900       16.234      113.512
      56.165      145.800       16.234      113.512
      56.275      146.000       16.234      113.512
      56.384      136.600       16.234      113.512
      56.494      146.000       16.234      113.512
      56.603      137.700       16.234      113.512
      56.713      145.100       16.234      113.512
      56.823      137.100       16.234      113.512
      56.932      146.600       16.234      113.512
      57.042      136.200       16.234      113.512
      57.152      145.700       16.234      113.512
      57.261      145.800       16.234      113.512
      57.371      146.100       16.234      113.512
      57.481      136.500       16.234      113.512
      57.591      135.900       16.234      113.512
      57.702      153.800       16.234      113.512
      57.811      137.600       16.234      113.512
      57.919      138.100       16.234      113.512
      58.028      147.200       16.234      113.512
      58.137      137.500       16.234      113.512
      58.246      146.400       16.234      113.512
      58.355      137.800       16.234      113.512
      58.464      147.100       16.234      113.512
      58.572      147.600       16.234      113.512
      58.682      128.300       16.234      113.512
      58.790      147.200       16.234      113.512
      58.900      145.400       16.234      113.512
      59.010      136.900       16.234      113.512
      59.120      154.400       16.234      113.512
      59.230      136.400       16.234      113.512
      59.339      146.800       16.234      113.512
      59.448      147.300       16.234      113.512
      59.556      138.300       16.234      113.512
      59.666      145.900       16.234      113.512
      59.775      146.400       16.234      113.512
      59.885      136.800       16.234      113.512
      59.993      147.100       16.234      113.512
      60.103      146.000       16.234      113.512
      60.213      146.000       16.234      113.512
      60.322      136.900       16.234      113.512
      60.432      145.700       16.234      113.512
      60.543      144.800       16.234      113.512
