# Elapsed time   CPU (%)     Real (MB)   Virtual (MB)
       0.000        0.000       15.238      112.602
       0.108      138.300       15.367      112.680
       0.219      145.100       15.367      112.680
       0.330      143.500       15.367      112.680
       0.439      128.400       15.852      113.215
       0.549      154.900       15.863      113.215
       0.658      146.500       15.863      113.215
       0.768      136.300       15.863      113.215
       0.878      146.500       15.863      113.215
       0.988      136.100       15.863      113.215
       1.097      137.800       15.863      113.215
       1.206      137.800       15.863      113.215
       1.314      147.400       15.863      113.215
       1.425      144.900       15.863      113.215
       1.534      145.900       15.863      113.215
       1.643      137.400       15.863      113.215
       1.753      146.300       15.863      113.215
       1.862      137.700       15.863      113.215
       1.970      138.400       15.863      113.215
       2.079      137.700       15.863      113.215
       2.188      147.400       15.863      113.215
       2.297      146.800       15.863      113.215
       2.405      137.800       15.887      113.215
       2.514      137.700       15.887      113.215
       2.623      156.000       15.887      113.215
       2.732      138.400       15.887      113.215
       2.841      147.000       15.887      113.215
       2.950      137.400       15.887      113.215
       3.060      135.500       15.887      113.215
       3.170      145.400       15.887      113.215
       3.280      146.300       15.887      113.215
       3.390      145.100       15.887      113.215
       3.500      136.900       15.887      113.215
       3.610      145.200       15.887      113.215
       3.720      135.700       15.887      113.215
       3.830      154.700       15.887      113.215
       3.940      137.100       15.887      113.215
       4.049      136.900       15.887      113.215
       4.158      147.000       15.887      113.215
       4.267      146.300       15.887      113.215
       4.376      137.800       15.887      113.215
       4.486      146.500       15.887      113.215
       4.594      138.300       15.887      113.215
       4.704      145.700       15.887      113.215
       4.814      136.300       15.887      113.215
       4.923      146.000       15.887      113.215
       5.033      146.400       15.887      113.215
       5.142      137.900       15.887      113.215
       5.251      136.500       15.887      113.215
       5.361      145.500       15.887      113.215
       5.470      147.300       15.887      113.215
       5.580      137.000       15.887      113.215
       5.688      138.100       15.887      113.215
       5.797      146.400       15.887      113.215
       5.907      137.400       15.887      113.215
       6.017      144.600       15.887      113.215
       6.125      138.700       15.887      113.215
       6.235      146.400       15.887      113.215
       6.345      135.500       15.887      113.215
       6.455      146.000       15.887      113.215
       6.564      137.600       15.887      113.215
       6.673      147.400       15.887      113.215
       6.782      137.700       15.887      113.215
       6.892      136.100       15.887      113.215
       7.001      155.300       15.895      113.215
       7.110      137.600       15.895      113.215
       7.219      147.300       15.895      113.215
       7.328      146.700       15.895      113.215
       7.437      137.800       15.895      113.215
       7.546      146.900       15.895      113.215
       7.655      136.700       15.895      113.215
       7.765      145.900       15.895      113.215
       7.875      146.000       15.895      113.215
       7.984      137.200       15.895      113.215
       8.093      146.700       15.895      113.215
       8.202      138.200       15.895      113.215
       8.310      146.700       15.895      113.215
       8.420      137.500       15.895      113.215
       8.529      137.300       15.895      113.215
       8.637      147.400       15.895      113.215
       8.747      145.700       15.895      113.215
       8.857      137.200       15.895      113.215
       8.966      137.300       15.895      113.215
       9.075      146.900       15.895      113.215
       9.184      136.800       15.895      113.215
       9.293      146.800       15.895      113.215
       9.403      146.700       15.895      113.215
       9.513      136.100       15.895      113.215
       9.622      146.900       15.895      113.215
       9.731      137.300       15.895      113.215
       9.841      145.600       15.895      113.215
       9.951      144.600       15.895      113.215
      10.060      128.800       15.895      113.215
      10.169      146.300       15.895      113.215
      10.278      138.300       15.895      113.215
      10.388      154.800       15.895      113.215
      10.497      137.300       15.895      113.215
      10.607      137.000       15.895      113.215
      10.716      146.000       15.895      113.215
      10.826      145.900       15.895      113.215
      10.935      146.100       15.895      113.215
      11.045      136.800       15.895      113.215
      11.155      136.900       15.895      113.215
      11.264      146.500       15.895      113.215
      11.373      137.200       15.895      113.215
      11.481      147.800       15.895      113.215
      11.591      137.100       15.895      113.215
      11.699      148.100       15.895      113.215
      11.808      137.500       15.895      113.215
      11.917      137.300       15.895      113.215
      12.026      146.800       15.895      113.215
      12.136      146.100       15.895      113.215
      12.245      137.300       15.895      113.215
      12.353      147.600       15.895      113.215
      12.463      136.700       15.895      113.215
      12.573      155.100       15.895      113.215
      12.682      137.200       15.895      113.215
      12.791      146.100       15.895      113.215
      12.901      145.400       15.895      113.215
      13.011      136.900       15.895      113.215
      13.121      145.700       15.895      113.215
      13.230      146.300       15.895      113.215
      13.339      137.400       15.895      113.215
      13.448      138.400       15.895      113.215
      13.557      146.000       15.895      113.215
      13.667      146.400       15.895      113.215
      13.775      138.000       15.895      113.215
      13.887      134.800       15.902      113.215
      13.996      146.100       15.902      113.215
      14.106      136.500       15.902      113.215
      14.217      144.600       15.902      113.215
      14.325      138.500       15.902      113.215
      14.434      146.900       15.902      113.215
      14.543      137.600       15.902      113.215
      14.652      146.500       15.902      113.215
      14.761      137.200       15.902      113.215
      14.871      146.200       15.902      113.215
      14.980      137.600       15.902      113.215
      15.090      154.600       15.902      113.215
      15.199      137.700       15.902      113.215
      15.309      136.400       15.902      113.215
      15.418      146.300       15.902      113.215
      15.527      137.600       15.902      113.215
      15.638      135.200       15.902      113.215
      15.747      146.800       15.902      113.215
      15.857      145.900       15.902      113.215
      15.967      145.600       15.902      113.215
      16.076      146.700       15.902      113.215
      16.185      137.100       15.902      113.215
      16.295      145.800       15.902      113.215
      16.404      146.600       15.902      113.215
      16.514      146.000       15.902      113.215
      16.622      137.800       15.902      113.215
      16.734      133.900       15.902      113.215
      16.844      145.700       15.902      113.215
      16.954      145.900       15.902      113.215
      17.063      147.300       15.902      113.215
      17.173      136.500       15.902      113.215
      17.282      136.500       15.902      113.215
      17.392      146.100       15.902      113.215
      17.501      137.700       15.902      113.215
      17.612      152.500       15.902      113.215
      17.721      138.000       15.902      113.215
      17.832      143.600       15.902      113.215
      17.943      136.100       15.902      113.215
      18.052      145.800       15.902      113.215
      18.162      146.700       15.902      113.215
      18.271      146.500       15.902      113.215
      18.381      136.400       15.902      113.215
      18.492      152.500       15.902      113.215
      18.602      136.800       15.902      113.215
      18.712      136.600       15.902      113.215
      18.821      146.500       15.902      113.215
      18.929      138.100       15.902      113.215
      19.039      146.200       15.902      113.215
      19.148      137.600       15.902      113.215
      19.258      136.500       15.902      113.215
      19.367      146.300       15.902      113.215
      19.477      145.300       15.902      113.215
      19.587      137.200       15.902      113.215
      19.696      145.900       15.902      113.215
      19.805      146.500       15.902      113.215
      19.916      127.000       15.902      113.215
      20.024      147.300       15.902      113.215
      20.133      138.000       15.902      113.215
      20.243      145.600       15.902      113.215
      20.353      145.600       15.902      113.215
      20.462      137.400       15.902      113.215
      20.571      137.600       15.902      113.215
      20.680      146.100       15.902      113.215
      20.790      146.500       15.902      113.215
      20.900      136.200       15.902      113.215
      21.010      145.100       15.902      113.215
      21.120      145.800       15.902      113.215
      21.229      146.200       15.902      113.215
      21.339      136.100       15.902      113.215
      21.449      146.600       15.902      113.215
      21.558      137.000       15.902      113.215
      21.668      145.900       15.902      113.215
      21.777      137.400       15.902      113.215
