# Elapsed time   CPU (%)     Real (MB)   Virtual (MB)
       0.000        0.000       15.348      112.605
       0.109      147.300       15.383      112.680
       0.218      145.900       15.383      112.680
       0.327      137.500       15.383      112.680
       0.436      146.900       15.863      113.215
       0.545      146.600       15.863      113.215
       0.655      136.800       15.863      113.215
       0.765      144.900       15.863      113.215
       0.874      137.600       15.863      113.215
       0.983      137.700       15.863      113.215
       1.093      155.800       15.863      113.215
       1.202      136.800       15.887      113.215
       1.311      137.600       15.887      113.215
       1.421      137.000       15.887      113.215
       1.532      143.900       15.887      113.215
       1.642      145.300       15.887      113.215
       1.751      146.700       15.887      113.215
       1.861      145.600       15.887      113.215
       1.971      137.000       15.887      113.215
       2.081      144.300       15.887      113.215
       2.191      136.600       15.887      113.215
       2.300      147.200       15.887      113.215
       2.409      146.100       15.887      113.215
       2.519      146.400       15.887      113.215
       2.627      138.100       15.887      113.215
       2.736      147.100       15.887      113.215
       2.846      136.100       15.887      113.215
       2.956      154.500       15.887      113.215
       3.066      136.300       15.887      113.215
       3.177      144.700       15.887      113.215
       3.288      143.900       15.887      113.215
       3.397      137.900       15.887      113.215
       3.507      145.100       15.887      113.215
       3.617      146.300       15.887      113.215
       3.726      127.900       15.887      113.215
       3.836      155.000       15.887      113.215
       3.945      137.800       15.887      113.215
       4.054      146.200       15.887      113.215
       4.163      146.900       15.887      113.215
       4.272      127.800       15.891      113.215
       4.383      154.200       15.891      113.215
       4.494      134.600       15.891      113.215
       4.604      145.500       15.891      113.215
       4.715      143.900       15.891      113.215
       4.826      145.200       15.891      113.215
       4.934      138.100       15.891      113.215
       5.044      137.100       15.891      113.215
       5.153      145.900       15.891      113.215
       5.263      145.600       15.891      113.215
       5.374      144.600       15.891      113.215
       5.485      144.000       15.891      113.215
       5.595      145.900       15.891      113.215
       5.705      144.600       15.891      113.215
       5.814      137.300       15.891      113.215
       5.925      145.400       15.891      113.215
       6.035      144.900       15.891      113.215
       6.145      136.800       15.891      113.215
       6.257      142.900       15.898      113.215
       6.366      146.200       15.898      113.215
       6.475      137.000       15.898      113.215
       6.584      138.200       15.898      113.215
       6.694      136.700       15.898      113.215
       6.803      155.100       15.902      113.215
       6.913      136.700       15.902      113.215
       7.023      137.000       15.902      113.215
       7.132      145.700       15.902      113.215
       7.244      143.000       15.902      113.215
       7.354      137.000       15.902      113.215
       7.464      145.200       15.902      113.215
       7.573      137.500       15.902      113.215
       7.683      145.600       15.902      113.215
       7.793      135.900       15.902      113.215
       7.902      147.300       15.902      113.215
       8.011      146.000       15.902      113.215
       8.122      135.400       15.902      113.215
       8.232      145.600       15.902      113.215
       8.342      136.300       15.902      113.215
       8.453      144.000       15.902      113.215
       8.564      145.000       15.902      113.215
       8.674      145.000       15.902      113.215
       8.784      136.600       15.902      113.215
       8.893      146.100       15.902      113.215
       9.004      144.600       15.902      113.215
       9.115      144.700       15.902      113.215
       9.223      137.900       15.902      113.215
       9.333      136.400       15.902      113.215
       9.443      146.500       15.902      113.215
       9.552      136.600       15.902      113.215
       9.662      145.900       15.902      113.215
       9.773      135.500       15.902      113.215
       9.884      143.400       15.902      113.215
       9.993      146.700       15.902      113.215
      10.103      145.700       15.902      113.215
      10.214      144.200       15.902      113.215
      10.323      137.400       15.902      113.215
      10.433      145.300       15.902      113.215
      10.543      137.000       15.902      113.215
      10.652      146.200       15.902      113.215
      10.762      137.200       15.902      113.215
      10.871      146.300       15.902      113.215
      10.981      145.100       15.902      113.215
      11.091      145.900       15.902      113.215
      11.201      136.800       15.902      113.215
      11.311      145.000       15.902      113.215
      11.420      137.700       15.902      113.215
      11.530      145.400       15.902      113.215
      11.641      135.400       15.902      113.215
      11.751      145.100       15.902      113.215
      11.862      144.600       15.902      113.215
      11.972      145.200       15.902      113.215
      12.082      136.400       15.902      113.215
      12.193      144.500       15.902      113.215
      12.303      153.400       15.902      113.215
      12.414      136.100       15.902      113.215
      12.524      136.300       15.902      113.215
      12.633      146.300       15.902      113.215
      12.742      137.600       15.902      113.215
      12.852      146.300       15.902      113.215
      12.962      145.200       15.902      113.215
      13.072      135.600       15.902      113.215
      13.184      143.900       15.902      113.215
      13.295      143.500       15.902      113.215
      13.405      145.800       15.902      113.215
      13.515      145.200       15.902      113.215
      13.625      135.800       15.902      113.215
      13.735      146.400       15.902      113.215
      13.846      135.000       15.902      113.215
      13.956      145.700       15.902      113.215
      14.066      136.300       15.902      113.215
      14.175      145.900       15.902      113.215
      14.284      137.700       15.902      113.215
      14.395      152.900       15.902      113.215
      14.505      136.200       15.902      113.215
      14.615      136.900       15.902      113.215
      14.726      144.500       15.902      113.215
      14.836      145.400       15.902      113.215
      14.946      136.700       15.902      113.215
      15.056      144.900       15.902      113.215
      15.166      145.600       15.902      113.215
      15.276      145.600       15.902      113.215
      15.386      135.600       15.902      113.215
      15.496      146.400       15.902      113.215
      15.605      136.700       15.902      113.215
      15.715      145.500       15.902      113.215
      15.825      137.200       15.902      113.215
      15.934      136.700       15.902      113.215
      16.045      145.100       15.902      113.215
      16.155      145.000       15.902      113.215
      16.264      137.900       15.902      113.215
      16.373      146.200       15.902      113.215
      16.483      136.700       15.902      113.215
      16.593      145.000       15.902      113.215
      16.703      136.600       15.902      113.215
      16.814      143.800       15.902      113.215
      16.924      145.700       15.902      113.215
      17.034      145.000       15.902      113.215
      17.144      137.000       15.902      113.215
      17.255      135.300       15.902      113.215
      17.364      146.000       15.902      113.215
      17.475      135.700       15.902      113.215
      17.584      156.000       15.902      113.215
      17.694      127.400       15.902      113.215
      17.804      153.600       15.902      113.215
      17.914      137.000       15.902      113.215
      18.024      135.700       15.902      113.215
      18.134      145.600       15.902      113.215
      18.244      145.400       15.902      113.215
      18.354      145.400       15.902      113.215
      18.464      136.700       15.902      113.215
      18.574      146.200       15.902      113.215
      18.687      140.800       15.902      113.215
      18.796      137.500       15.902      113.215
      18.906      137.200       15.902      113.215
      19.015      155.300       15.902      113.215
      19.124      137.500       15.902      113.215
      19.235      144.900       15.902      113.215
      19.345      135.600       15.902      113.215
      19.455      146.100       15.902      113.215
      19.566      134.800       15.902      113.215
      19.678      152.300       15.902      113.215
      19.788      135.900       15.902      113.215
      19.899      144.400       15.902      113.215
      20.008      137.900       15.902      113.215
      20.118      136.100       15.902      113.215
      20.228      153.800       15.902      113.215
      20.338      137.100       15.902      113.215
      20.447      145.900       15.902      113.215
      20.557      137.100       15.902      113.215
      20.666      146.600       15.902      113.215
      20.777      135.300       15.902      113.215
      20.886      146.300       15.902      113.215
      20.996      145.800       15.902      113.215
      21.106      127.300       15.902      113.215
      21.215      146.000       15.902      113.215
      21.327      134.600       15.902      113.215
      21.437      145.500       15.902      113.215
      21.546      146.500       15.902      113.215
      21.656      136.800       15.902      113.215
      21.766      145.200       15.902      113.215
      21.876      136.300       15.902      113.215
      21.986      155.100       15.902      113.215
      22.096      135.900       15.902      113.215
      22.206      136.200       15.902      113.215
      22.316      154.900       15.902      113.215
      22.425      137.200       15.902      113.215
      22.534      137.300       15.902      113.215
      22.644      137.100       15.902      113.215
      22.753      146.100       15.902      113.215
      22.863      137.100       15.902      113.215
      22.976      141.600       15.902      113.215
      23.086      145.200       15.902      113.215
      23.196      136.700       15.902      113.215
      23.305      146.700       15.902      113.215
      23.414      137.300       15.902      113.215
      23.525      144.800       15.902      113.215
      23.634      146.000       15.902      113.215
      23.744      145.900       15.902      113.215
      23.854      145.000       15.902      113.215
      23.964      145.600       15.902      113.215
      24.075      135.200       15.902      113.215
      24.185      136.800       15.902      113.215
      24.295      145.500       15.902      113.215
      24.405      136.200       15.902      113.215
      24.514      146.800       15.902      113.215
      24.627      141.600       15.902      113.215
      24.737      145.000       15.902      113.215
      24.846      137.200       15.902      113.215
      24.957      145.100       15.902      113.215
      25.067      145.400       15.902      113.215
      25.177      136.500       15.902      113.215
      25.286      146.000       15.902      113.215
      25.395      147.600       15.902      113.215
      25.504      145.800       15.902      113.215
      25.614      136.700       15.902      113.215
      25.724      136.500       15.902      113.215
      25.835      153.000       15.902      113.215
      25.944      137.300       15.902      113.215
      26.054      145.300       15.902      113.215
      26.164      137.000       15.902      113.215
      26.275      135.400       15.902      113.215
      26.385      145.600       15.902      113.215
      26.495      144.800       15.902      113.215
      26.606      144.700       15.902      113.215
      26.716      136.300       15.902      113.215
      26.825      146.800       15.902      113.215
      26.934      146.300       15.902      113.215
      27.043      137.700       15.902      113.215
      27.153      145.100       15.902      113.215
      27.263      146.200       15.902      113.215
      27.372      127.800       15.902      113.215
      27.482      146.300       15.902      113.215
      27.591      146.900       15.902      113.215
      27.701      136.000       15.902      113.215
      27.812      152.900       15.902      113.215
      27.921      128.100       15.902      113.215
      28.033      152.700       15.902      113.215
      28.143      136.500       15.902      113.215
      28.254      144.300       15.902      113.215
      28.365      144.000       15.902      113.215
      28.475      145.700       15.902      113.215
      28.585      135.700       15.902      113.215
      28.696      144.800       15.902      113.215
      28.805      145.900       15.902      113.215
      28.916      144.000       15.902      113.215
      29.026      136.500       15.902      113.215
      29.136      145.200       15.902      113.215
      29.247      154.100       15.902      113.215
      29.356      136.800       15.902      113.215
      29.466      137.400       15.902      113.215
      29.577      144.000       15.902      113.215
      29.685      138.000       15.902      113.215
      29.795      145.700       15.902      113.215
      29.905      136.500       15.902      113.215
      30.015      145.800       15.902      113.215
      30.125      145.200       15.902      113.215
      30.235      136.800       15.902      113.215
      30.346      144.100       15.902      113.215
      30.456      145.400       15.902      113.215
      30.566      136.500       15.902      113.215
      30.675      145.600       15.902      113.215
      30.785      137.100       15.902      113.215
      30.895      145.300       15.902      113.215
      31.005      136.700       15.902      113.215
      31.115      154.200       15.902      113.215
      31.224      128.800       15.902      113.215
      31.333      145.900       15.902      113.215
      31.444      145.200       15.902      113.215
      31.553      145.700       15.902      113.215
      31.663      136.800       15.902      113.215
      31.773      145.900       15.902      113.215
      31.882      137.100       15.902      113.215
      31.991      147.300       15.902      113.215
      32.100      137.200       15.902      113.215
      32.209      146.700       15.902      113.215
      32.319      145.900       15.902      113.215
      32.428      137.200       15.902      113.215
      32.538      145.300       15.902      113.215
      32.648      136.600       15.902      113.215
      32.759      144.300       15.902      113.215
      32.870      144.600       15.902      113.215
      32.980      145.100       15.902      113.215
      33.090      136.200       15.902      113.215
      33.200      145.500       15.902      113.215
      33.309      137.100       15.902      113.215
      33.419      145.900       15.902      113.215
      33.528      137.000       15.902      113.215
      33.639      144.800       15.902      113.215
      33.748      146.800       15.902      113.215
      33.858      136.700       15.902      113.215
      33.967      146.100       15.902      113.215
      34.076      146.600       15.902      113.215
      34.186      137.100       15.902      113.215
      34.296      144.600       15.902      113.215
      34.405      137.800       15.902      113.215
      34.514      137.600       15.902      113.215
      34.623      137.200       15.902      113.215
      34.733      155.700       15.902      113.215
      34.843      135.900       15.902      113.215
      34.955      143.500       15.902      113.215
      35.064      136.800       15.902      113.215
      35.174      145.800       15.906      113.215
      35.285      153.700       15.906      113.215
      35.395      136.100       15.906      113.215
      35.506      143.900       15.906      113.215
      35.616      145.000       15.906      113.215
      35.726      136.800       15.906      113.215
      35.836      144.900       15.906      113.215
      35.945      147.300       15.906      113.215
      36.054      128.100       15.906      113.215
      36.164      145.600       15.906      113.215
      36.275      153.900       15.906      113.215
      36.384      127.400       15.906      113.215
      36.494      145.800       15.906      113.215
      36.604      145.400       15.906      113.215
      36.714      145.700       15.906      113.215
      36.823      137.500       15.906      113.215
      36.934      145.000       15.906      113.215
      37.044      144.700       15.906      113.215
      37.154      136.400       15.906      113.215
