# Elapsed time   CPU (%)     Real (MB)   Virtual (MB)
       0.000        0.000       19.688      920.602
       0.011        0.000        3.691      223.566
       0.022        0.000        3.816      223.664
       0.033        0.000        3.816      223.664
       0.044        0.000       11.473      895.594
       0.056        0.000        7.000      449.668
       0.067        0.000        6.117      447.328
       0.079        0.000        3.828      223.664
       0.090        0.000        8.402      670.992
       0.101       88.000        7.223      449.668
       0.113        0.000        3.828      223.664
       0.124        0.000        9.805      892.500
       0.136        0.000        3.828      223.664
       0.148        0.000        8.402      670.992
       0.159       86.700        6.133      447.707
       0.171        0.000        5.332      445.172
       0.183        0.000        6.121      447.328
       0.195        0.000        6.121      447.328
       0.207        0.000        3.832      223.664
       0.219        0.000        3.844      223.664
       0.230        0.000        3.859      223.793
       0.242        0.000        3.883      223.793
       0.254        0.000        3.902      223.793
       0.266        0.000        3.910      223.793
       0.278        0.000        3.910      223.793
       0.290        0.000        3.910      223.793
       0.302      168.500        6.645      448.418
       0.314        0.000        3.910      223.793
       0.326        0.000        3.918      223.793
       0.338        0.000        3.918      223.793
       0.350        0.000        3.922      223.793
       0.361        0.000        3.930      223.793
       0.373       85.200        7.559      449.316
       0.385        0.000        3.953      223.793
       0.397        0.000        7.414      449.316
       0.409        0.000        3.953      223.793
       0.421        0.000        3.957      223.793
       0.433        0.000        3.957      223.793
       0.445       83.500        3.973      223.793
       0.457        0.000        3.984      223.918
       0.469        0.000        6.379      447.836
       0.481        0.000        4.004      223.918
       0.493        0.000        4.008      223.918
       0.505        0.000        4.008      223.918
       0.517       83.400        4.008      223.918
       0.529        0.000        4.016      223.918
       0.541        0.000        4.031      223.918
       0.553        0.000        4.035      223.918
       0.565      168.600        8.773       59.973
       0.577      421.100       12.469       63.633
       0.589       82.500       12.469       63.633
       0.601      241.800       12.469       63.633
       0.613      249.500       12.469       63.633
       0.625      413.900       12.473       63.633
       0.637      330.400       12.473       63.633
       0.650      399.700       12.477       63.633
       0.662      416.200       12.480       63.633
       0.674      401.900       12.488       63.633
       0.686      423.000       12.496       63.633
       0.698      332.500       12.512       63.633
       0.710      418.100       12.531       63.633
       0.722      417.100       12.543       63.633
       0.734      405.700       12.543       63.633
       0.747      410.400       12.543       63.633
       0.759      407.800       12.543       63.633
       0.771      326.900       12.543       63.633
       0.783      495.800       12.543       63.633
       0.795      331.700       12.543       63.633
       0.807      417.100       12.559       63.633
       0.819      344.300       12.598       63.793
       0.831      419.700       12.629       63.793
       0.843      414.000       12.699       63.793
       0.855      411.000       12.957       63.793
       0.867      419.100       13.086       63.793
       0.879      335.800       13.203       63.922
       0.892      464.400       13.328       64.051
       0.904      333.500       13.477       64.312
       0.916      420.900       13.699       64.445
       0.928      417.500       13.852       64.578
       0.940      416.100       13.965       64.711
       0.952      327.300       14.008       64.840
       0.964      412.700       14.023       64.840
       0.976      416.600       14.027       64.840
       0.988      414.700       14.027       64.840
       1.000      413.700       14.027       64.840
       1.012      341.400       14.090       64.840
       1.024      414.600       14.215       64.969
       1.036      416.300       14.312       65.098
       1.048      415.400       14.629       65.492
       1.060      336.000       15.043       65.895
       1.072      407.500       15.410       66.293
       1.084      411.500       15.809       66.695
       1.096      496.500       16.398       67.273
       1.108      420.400       17.129       67.996
       1.120      333.900       17.785       68.719
       1.132      414.000       18.453       69.301
       1.144      416.000       19.133       70.043
       1.156      416.300       20.066       71.031
       1.168      334.400       20.938       71.879
       1.180      413.400       21.719       72.582
       1.193      400.900       22.559       73.430
       1.205      411.100       23.418       74.273
       1.217      410.000       24.160       75.121
       1.230      389.700       24.863       75.828
       1.242      331.700       25.895       76.727
       1.254      411.700       27.148       78.059
       1.266      416.500       28.246       79.035
       1.278      407.300       29.312       80.336
       1.291      329.400       30.551       81.422
       1.303      414.600       31.805       82.738
       1.315      414.300       32.863       83.852
       1.327      418.100       34.074       84.992
       1.339      335.100       35.129       85.969
       1.352      464.100       36.512       87.285
       1.364      336.200       37.445       88.180
       1.375      421.800       38.754       89.582
       1.387      341.800       39.684       90.512
       1.399      416.500       40.617       91.445
       1.411      419.200       41.738       92.566
       1.423      501.100       42.668       93.496
       1.435      335.200       43.602       94.430
       1.447      413.200       44.535       95.363
       1.459      408.900       45.840       96.668
       1.471      416.900       46.961       97.789
       1.483      412.200       47.891       98.719
       1.496      328.900       49.012       99.840
       1.508      415.100       50.129      100.957
       1.520      411.600       51.438      102.266
       1.532      415.600       52.184      103.012
       1.544      411.900       53.117      103.945
       1.556      328.700       54.586      105.438
       1.568      423.300       55.355      106.184
       1.580      414.000       56.102      106.930
       1.592      337.600       57.406      108.234
       1.604      405.700       58.340      109.168
       1.616      411.300       59.457      110.285
       1.628      413.700       60.762      111.590
       1.640      412.900       61.324      112.152
       1.653      410.400       61.324      112.152
       1.665      322.900       61.516      112.344
       1.677      487.500       61.711      112.539
       1.690      318.100       61.711      112.539
       1.702      406.000       61.711      112.539
       1.714      409.000       61.711      112.539
       1.727      414.700       61.711      112.539
       1.739      414.600       62.098      112.926
       1.751      408.800       62.098      112.926
       1.763      331.700       62.098      112.926
       1.775      406.200       62.098      112.926
       1.788      394.100       62.098      112.926
       1.800      412.500       62.484      113.316
       1.812      419.600       62.680      113.508
       1.824      418.600       62.680      113.508
       1.836      327.700       62.680      113.508
       1.848      494.800       62.680      113.508
       1.860      339.700       63.066      113.895
       1.872      412.900       63.066      113.895
       1.884      406.700       63.066      113.895
       1.897      386.100       63.066      113.895
       1.910      406.000       63.262      114.090
       1.922      411.200       63.457      114.285
       1.934      332.500       64.160      115.285
       1.946      248.900       64.957      115.785
       1.958       84.400       64.957      115.785
       1.970       83.200       64.957      115.785
       1.982       83.200       64.957      115.785
       1.994      166.200       64.957      115.785
       2.006       84.100       64.957      115.785
       2.018       83.900       64.957      115.785
       2.030       82.500       64.957      115.785
       2.042       84.400       64.957      115.785
       2.054      165.100       64.957      115.785
       2.066       84.100       64.957      115.785
       2.078       82.700       64.957      115.785
       2.090       83.200       64.957      115.785
       2.102       83.200       64.957      115.785
       2.114      166.100       64.957      115.785
       2.126       82.400       64.957      115.785
       2.138      161.600       24.078       75.461
