# Elapsed time   CPU (%)     Real (MB)   Virtual (MB)
       0.000        0.000       17.723       80.391
       0.109      165.400       57.504      376.527
       0.218      174.700       91.828      442.438
       0.327      127.700       92.398      442.438
       0.437      127.900       92.402      442.438
       0.546      128.200       92.402      442.438
       0.655      100.500       92.402      442.438
       0.765      100.700       92.402      442.438
       0.874      100.900       92.402      442.438
       0.983       91.700       92.402      442.438
       1.091      101.200       92.402      442.438
       1.200      101.200       92.402      442.438
       1.309      101.000       92.402      442.438
       1.418      100.700       92.402      442.438
       1.529       99.400       92.402      442.438
       1.638      100.300       92.402      442.438
       1.748      100.700       92.402      442.438
       1.857       91.500       92.402      442.438
       1.966      100.500       92.402      442.438
       2.076      100.600       92.402      442.438
       2.185      100.500       92.402      442.438
       2.293      101.600       92.402      442.438
       2.402      101.500       92.402      442.438
       2.511       91.800       92.402      442.438
       2.621      127.600       92.410      442.438
       2.730      109.700       92.410      442.438
       2.839      100.600       92.410      442.438
       2.949      100.300       92.410      442.438
       3.058      100.600       92.410      442.438
       3.167      100.900       92.410      442.438
       3.276      100.900       92.410      442.438
       3.386       90.800       92.410      442.438
       3.496      100.700       92.410      442.438
       3.605      100.800       92.410      442.438
       3.714      100.800       92.410      442.438
       3.823      119.200       92.410      442.438
       3.932      100.800       92.410      442.438
       4.042      100.100       92.410      442.438
       4.151      100.900       92.410      442.438
       4.260       91.600       92.410      442.438
       4.369      110.300       92.414      442.438
       4.477      101.800       92.414      442.438
       4.586      101.100       92.414      442.438
       4.696      100.400       92.414      442.438
       4.805      100.600       92.414      442.438
       4.915       99.900       92.414      442.438
       5.025      100.500       92.414      442.438
       5.134      100.800       92.414      442.438
       5.243      100.700       92.414      442.438
       5.352      100.900       92.414      442.438
       5.461      100.700       92.414      442.438
       5.571      100.200       92.414      442.438
       5.680       91.600       92.414      442.438
       5.789      101.000       92.414      442.438
       5.898      100.900       92.414      442.438
       6.010       97.800       92.422      442.438
       6.120      100.800       92.422      442.438
       6.228      101.100       92.422      442.438
       6.337      110.700       92.422      442.438
       6.446      100.800       92.422      442.438
       6.555      101.000       92.422      442.438
       6.665       91.300       92.422      442.438
       6.773      101.100       92.422      442.438
       6.883      100.600       92.422      442.438
       6.991      101.200       92.422      442.438
