# Elapsed time   CPU (%)     Real (MB)   Virtual (MB)
       0.000        0.000      135.555      162.711
       0.110      100.500      135.555      162.711
       0.220       99.400      135.555      162.711
       0.331       90.200      135.555      162.711
       0.444      106.300      135.555      162.711
       0.555       99.000      135.555      162.711
       0.666       98.500      135.555      162.711
       0.779       89.100      135.555      162.711
       0.891       98.300      135.555      162.711
       1.003      107.000      135.555      162.711
       1.115       97.800      135.555      162.711
       1.228       97.800      135.555      162.711
       1.341       97.400      135.555      162.711
       1.454       96.400      135.555      162.711
       1.569       96.600      135.555      162.711
       1.681      107.100      135.555      162.711
       1.793       97.700      135.555      162.711
       1.905       98.600      135.555      162.711
       2.016       89.600      135.555      162.711
       2.128       99.100      135.555      162.711
       2.239       98.800      135.555      162.711
       2.350       98.700      135.555      162.711
       2.463       97.600      135.555      162.711
       2.574       98.700      135.555      162.711
       2.686       98.300      135.555      162.711
       2.800       96.900      135.555      162.711
       2.911       98.700      135.555      162.711
       3.023       98.900      135.555      162.711
       3.138       95.600      135.555      162.711
       3.250       97.500      135.555      162.711
       3.362      107.600      135.555      162.711
       3.474       98.300      135.555      162.711
       3.587       97.100      135.555      162.711
       3.699       98.500      135.555      162.711
       3.810       98.400      135.555      162.711
       3.924       96.800      135.555      162.711
       4.036       98.300      135.555      162.711
       4.148      107.100      135.555      162.711
       4.260       97.900      135.555      162.711
       4.373       98.100      135.555      162.711
       4.485       98.100      135.555      162.711
       4.596       98.800      135.555      162.711
       4.708       97.900      135.555      162.711
       4.822       96.700      135.555      162.711
       4.934       98.300      135.555      162.711
       5.046       98.100      135.555      162.711
       5.160      105.600      135.555      162.711
       5.271       98.700      135.555      162.711
       5.383       98.300      135.555      162.711
       5.496       97.500      135.555      162.711
       5.607       98.900      135.555      162.711
       5.719       98.500      135.555      162.711
       5.832      106.700      135.555      162.711
       5.943       98.800      135.555      162.711
       6.056       97.500      135.555      162.711
       6.169       97.100      135.555      162.711
       6.280       99.000      135.555      162.711
       6.392       98.600      135.555      162.711
       6.505       97.500      135.555      162.711
       6.616       98.400      135.555      162.711
       6.728       98.500      135.555      162.711
       6.841      106.500      135.555      162.711
       6.952       98.500      135.555      162.711
       7.064       98.700      135.555      162.711
       7.176       97.900      135.555      162.711
       7.288       98.100      135.555      162.711
       7.400       98.500      135.555      162.711
       7.512       98.000      135.555      162.711
       7.624      107.400      135.555      162.711
       7.735       98.700      135.555      162.711
       7.848       97.800      135.555      162.711
       7.961       97.600      135.555      162.711
       8.073       98.300      135.555      162.711
       8.186       97.100      135.555      162.711
       8.299       97.700      135.555      162.711
       8.411       97.900      135.555      162.711
       8.522       98.800      135.555      162.711
       8.634       98.300      135.555      162.711
       8.747       97.700      135.555      162.711
       8.858       98.500      135.555      162.711
       8.970       98.800      135.555      162.711
       9.083      106.000      135.555      162.711
       9.196       97.200      135.555      162.711
       9.308       89.300      135.555      162.711
       9.420       98.000      135.555      162.711
       9.534      105.300      135.555      162.711
       9.647       98.000      135.555      162.711
       9.758       98.500      135.555      162.711
       9.873       96.000      135.555      162.711
       9.985      107.200      135.555      162.711
      10.097       98.300      135.555      162.711
      10.211       96.500      135.555      162.711
      10.322       98.300      135.555      162.711
      10.434       98.900      135.555      162.711
      10.547       97.400      135.555      162.711
      10.659       97.900      135.555      162.711
      10.771      106.900      135.555      162.711
      10.885       96.700      135.555      162.711
      10.997       98.000      135.555      162.711
      11.109       98.200      135.555      162.711
      11.222       97.400      135.555      162.711
      11.333       99.200      135.555      162.711
      11.446       97.300      135.555      162.711
      11.560      104.900      135.555      162.711
      11.673       97.600      135.555      162.711
      11.785       98.500      135.555      162.711
      11.898       97.500      135.555      162.711
      12.010       97.800      135.555      162.711
      12.127      103.100      135.555      162.711
      12.239       98.100      135.555      162.711
      12.351       97.800      135.555      162.711
      12.466       96.200      135.555      162.711
      12.577       98.300      135.555      162.711
      12.690       97.400      135.555      162.711
      12.804      105.700      135.555      162.711
      12.917       97.300      135.555      162.711
      13.029       97.900      135.555      162.711
      13.144       95.600      135.555      162.711
      13.258      105.800      135.555      162.711
      13.370       97.800      135.555      162.711
      13.482       98.200      135.555      162.711
      13.594       98.100      135.555      162.711
      13.708       97.300      135.555      162.711
      13.819       98.500      135.555      162.711
      13.932       97.900      135.555      162.711
      14.044      107.000      135.555      162.711
      14.156       98.400      135.555      162.711
      14.267       98.400      135.555      162.711
      14.380       97.800      135.555      162.711
      14.491       98.800      135.555      162.711
      14.604       97.700      135.555      162.711
      14.717       97.400      135.555      162.711
      14.828       98.600      135.555      162.711
      14.940       98.400      135.555      162.711
      15.053      106.300      135.555      162.711
      15.164       98.600      135.555      162.711
      15.277       97.900      135.555      162.711
      15.390       97.200      135.555      162.711
      15.502       98.100      135.555      162.711
      15.613       98.700      135.555      162.711
      15.726       97.600      135.555      162.711
      15.839      106.300      135.555      162.711
      15.950       98.900      135.555      162.711
      16.062       98.900      135.555      162.711
      16.173       98.600      135.555      162.711
      16.285       98.500      135.555      162.711
      16.396       98.600      135.555      162.711
      16.508       98.300      135.555      162.711
      16.620       98.700      135.555      162.711
      16.731       98.700      135.555      162.711
      16.843       98.900      135.555      162.711
      16.954       98.800      135.555      162.711
      17.066       98.100      135.555      162.711
      17.178       98.500      135.555      162.711
      17.289       98.700      135.555      162.711
      17.401       98.500      135.555      162.711
      17.513      107.100      135.555      162.711
      17.626       97.200      135.555      162.711
      17.739       97.900      135.555      162.711
      17.850       98.700      135.555      162.711
      17.961       98.800      135.555      162.711
      18.074       97.900      135.555      162.711
      18.187       97.000      135.555      162.711
      18.300      106.100      135.555      162.711
      18.412       98.000      135.555      162.711
      18.525       97.900      135.555      162.711
      18.636       98.700      135.555      162.711
      18.750       96.800      135.555      162.711
      18.861       98.700      135.555      162.711
      18.976      104.500      135.555      162.711
      19.091       95.600      135.555      162.711
      19.203       98.100      135.555      162.711
      19.318       95.900      135.555      162.711
      19.431      106.200      135.555      162.711
      19.544       97.900      135.555      162.711
      19.655       98.300      135.555      162.711
      19.767       98.300      135.555      162.711
      19.881       97.300      135.555      162.711
      19.993       97.900      135.555      162.711
      20.105       98.000      135.555      162.711
      20.216       98.800      135.555      162.711
      20.330       97.000      135.555      162.711
      20.442      106.500      135.555      162.711
      20.556       96.800      135.555      162.711
      20.668       98.400      135.555      162.711
      20.781       96.900      135.555      162.711
      20.895      105.400      135.555      162.711
      21.007       98.600      135.555      162.711
      21.119       98.300      135.555      162.711
      21.233       96.100      135.555      162.711
      21.344       99.000      135.555      162.711
      21.456       98.600      135.555      162.711
      21.569       97.100      135.555      162.711
      21.680       99.000      135.555      162.711
      21.793       97.800      135.555      162.711
      21.908      104.000      135.555      162.711
      22.021       97.500      135.555      162.711
      22.133       98.200      135.555      162.711
      22.245       98.900      135.555      162.711
      22.355       99.300      135.555      162.711
      22.468       98.000      135.555      162.711
      22.579       98.500      135.555      162.711
      22.691       98.900      135.555      162.711
      22.803       98.000      135.555      162.711
      22.912      100.800      135.555      162.711
      23.023       99.100      135.555      162.711
      23.135       97.800      135.555      162.711
      23.249       97.000      135.555      162.711
      23.360       98.600      135.555      162.711
      23.472       98.500      135.555      162.711
      23.583      107.800      135.555      162.711
      23.695       98.700      135.555      162.711
      23.806       99.000      135.555      162.711
      23.917       98.700      135.555      162.711
      24.029       98.700      135.555      162.711
      24.142       97.500      135.555      162.711
      24.253       98.900      135.555      162.711
      24.365       98.400      135.555      162.711
      24.477       98.000      135.555      162.711
      24.588       99.000      135.555      162.711
      24.700       98.600      135.555      162.711
      24.812       88.600      135.555      162.711
      24.924       98.300      135.555      162.711
      25.035       99.200      135.555      162.711
      25.149      105.800      135.555      162.711
      25.261       98.000      135.555      162.711
      25.373       98.400      135.555      162.711
