# Elapsed time   CPU (%)     Real (MB)   Virtual (MB)
       0.000        0.000      135.559      162.711
       0.109      100.500      135.559      162.711
       0.220       99.400      135.559      162.711
       0.332       97.800      135.559      162.711
       0.444       98.900      135.559      162.711
       0.556       98.200      135.559      162.711
       0.668       97.700      135.559      162.711
       0.780       98.600      135.559      162.711
       0.892       98.500      135.559      162.711
       1.005       97.000      135.559      162.711
       1.117       97.800      135.559      162.711
       1.229       98.400      135.559      162.711
       1.341      107.300      135.559      162.711
       1.454       97.700      135.559      162.711
       1.567       97.300      135.559      162.711
       1.679       98.300      135.559      162.711
       1.793       95.900      135.559      162.711
       1.905       98.200      135.559      162.711
       2.016       99.000      135.559      162.711
       2.128      107.400      135.559      162.711
       2.242       96.900      135.559      162.711
       2.353       98.700      135.559      162.711
       2.466       97.800      135.559      162.711
       2.577       98.400      135.559      162.711
       2.689       98.300      135.559      162.711
       2.800       99.000      135.559      162.711
       2.912       98.700      135.559      162.711
       3.023       98.500      135.559      162.711
       3.136      106.400      135.559      162.711
       3.247       90.000      135.559      162.711
       3.360      107.000      135.559      162.711
       3.472       98.300      135.559      162.711
       3.584       98.200      135.559      162.711
       3.695       98.200      135.559      162.711
       3.809       97.000      135.559      162.711
       3.924      104.600      135.559      162.711
       4.036       98.100      135.559      162.711
       4.148       98.500      135.559      162.711
       4.260       97.500      135.559      162.711
       4.372       98.800      135.559      162.711
       4.483       98.900      135.559      162.711
       4.595       98.500      135.559      162.711
       4.706       98.900      135.559      162.711
       4.817       98.200      135.559      162.711
       4.929       98.700      135.559      162.711
       5.040      107.900      135.559      162.711
       5.152       98.900      135.559      162.711
       5.262       99.200      135.559      162.711
       5.373       99.100      135.559      162.711
       5.487       97.100      135.559      162.711
       5.600       97.300      135.559      162.711
       5.712       98.200      135.559      162.711
       5.823       98.500      135.559      162.711
       5.935       98.700      135.559      162.711
       6.047       97.700      135.559      162.711
       6.160      106.500      135.559      162.711
       6.271       98.800      135.559      162.711
       6.383       98.300      135.559      162.711
       6.495       98.200      135.559      162.711
       6.607       98.600      135.559      162.711
       6.718       99.300      135.559      162.711
       6.831       97.400      135.559      162.711
       6.942       98.700      135.559      162.711
       7.054       98.100      135.559      162.711
       7.165       98.800      135.559      162.711
       7.279      106.000      135.559      162.711
       7.390       98.600      135.559      162.711
       7.501       99.000      135.559      162.711
       7.613       98.500      135.559      162.711
       7.725       98.500      135.559      162.711
       7.836       98.600      135.559      162.711
       7.947       98.800      135.559      162.711
       8.059       98.700      135.559      162.711
       8.172       97.500      135.559      162.711
       8.283       98.800      135.559      162.711
       8.395       98.000      135.559      162.711
       8.509      105.500      135.559      162.711
       8.620       99.000      135.559      162.711
       8.732       98.000      135.559      162.711
       8.844       98.200      135.559      162.711
       8.957       97.600      135.559      162.711
       9.070       97.700      135.559      162.711
       9.183       97.500      135.559      162.711
       9.294      108.000      135.559      162.711
       9.405       98.400      135.559      162.711
       9.518       98.100      135.559      162.711
       9.629       98.600      135.559      162.711
       9.740       98.800      135.559      162.711
       9.852       98.500      135.559      162.711
       9.964       98.300      135.559      162.711
      10.075       98.700      135.559      162.711
      10.186       99.100      135.559      162.711
      10.300       97.100      135.559      162.711
      10.412      106.800      135.559      162.711
      10.524       98.300      135.559      162.711
      10.637       97.200      135.559      162.711
      10.750       97.300      135.559      162.711
      10.861       98.900      135.559      162.711
      10.973       98.700      135.559      162.711
      11.086       97.700      135.559      162.711
      11.197       98.800      135.559      162.711
      11.308       98.900      135.559      162.711
      11.421      106.500      135.559      162.711
      11.532       98.900      135.559      162.711
      11.643       98.700      135.559      162.711
      11.754       99.000      135.559      162.711
      11.866       98.600      135.559      162.711
      11.977       98.500      135.559      162.711
      12.088       99.100      135.559      162.711
      12.200       98.800      135.559      162.711
      12.312       97.900      135.559      162.711
      12.424       98.200      135.559      162.711
      12.536       97.700      135.559      162.711
      12.648       98.500      135.559      162.711
      12.761       97.900      135.559      162.711
      12.872       99.000      135.559      162.711
      12.983      107.800      135.559      162.711
      13.096       97.500      135.559      162.711
      13.207       98.900      135.559      162.711
      13.318       98.900      135.559      162.711
      13.431       98.100      135.559      162.711
      13.542       98.900      135.559      162.711
      13.653       98.500      135.559      162.711
      13.765       98.500      135.559      162.711
      13.876       99.400      135.559      162.711
      13.993      102.000      135.559      162.711
      14.105       98.400      135.559      162.711
      14.217       98.600      135.559      162.711
      14.328       98.700      135.559      162.711
      14.440       98.600      135.559      162.711
      14.552       98.000      135.559      162.711
      14.663       98.700      135.559      162.711
      14.776       97.800      135.559      162.711
      14.890      105.200      135.559      162.711
      15.002       97.700      135.559      162.711
      15.114       98.800      135.559      162.711
      15.226       98.000      135.559      162.711
      15.339       97.700      135.559      162.711
      15.449       99.600      135.559      162.711
      15.561       97.800      135.559      162.711
      15.675       96.900      135.559      162.711
      15.786       98.900      135.559      162.711
      15.899       97.900      135.559      162.711
      16.010       98.600      135.559      162.711
      16.121       98.800      135.559      162.711
      16.233      107.100      135.559      162.711
      16.346       97.800      135.559      162.711
      16.458       98.300      135.559      162.711
      16.569       98.800      135.559      162.711
      16.682       97.100      135.559      162.711
      16.795       98.000      135.559      162.711
      16.907       98.300      135.559      162.711
      17.021      105.200      135.559      162.711
      17.133       98.300      135.559      162.711
      17.244       98.700      135.559      162.711
      17.356       98.100      135.559      162.711
      17.467       98.900      135.559      162.711
      17.579       98.500      135.559      162.711
      17.691       98.700      135.559      162.711
      17.802       98.700      135.559      162.711
      17.913       98.700      135.559      162.711
      18.025       98.200      135.559      162.711
      18.137       98.800      135.559      162.711
      18.248       98.700      135.559      162.711
      18.360      107.600      135.559      162.711
      18.470       99.300      135.559      162.711
      18.582       98.600      135.559      162.711
      18.693       99.000      135.559      162.711
      18.804       99.100      135.559      162.711
      18.916       98.300      135.559      162.711
      19.030       96.500      135.559      162.711
      19.143       97.600      135.559      162.711
      19.255       98.000      135.559      162.711
      19.366       98.700      135.559      162.711
      19.478       98.800      135.559      162.711
      19.590      107.100      135.559      162.711
      19.701       99.000      135.559      162.711
      19.812       99.300      135.559      162.711
      19.925       97.800      135.559      162.711
      20.036       98.300      135.559      162.711
      20.148       98.700      135.559      162.711
      20.260       98.100      135.559      162.711
      20.371       99.600      135.559      162.711
      20.482       98.200      135.559      162.711
      20.598      104.300      135.559      162.711
      20.710       98.200      135.559      162.711
      20.821       98.400      135.559      162.711
      20.935       97.000      135.559      162.711
      21.046       98.300      135.559      162.711
      21.159       98.000      135.559      162.711
      21.272       97.400      135.559      162.711
      21.383       98.700      135.559      162.711
      21.494      108.300      135.559      162.711
      21.607       98.000      135.559      162.711
      21.718       99.000      135.559      162.711
      21.829       98.700      135.559      162.711
      21.941       98.500      135.559      162.711
      22.052       98.800      135.559      162.711
      22.163       98.800      135.559      162.711
      22.278       96.500      135.559      162.711
      22.390       98.100      135.559      162.711
      22.502       98.200      135.559      162.711
      22.615       97.300      135.559      162.711
      22.726       98.600      135.559      162.711
      22.837       98.900      135.559      162.711
      22.950      106.500      135.559      162.711
      23.061       98.800      135.559      162.711
      23.173       99.000      135.559      162.711
      23.284       98.500      135.559      162.711
      23.398       96.400      135.559      162.711
      23.510       98.200      135.559      162.711
      23.622       98.600      135.559      162.711
      23.734       98.500      135.559      162.711
      23.847       96.600      135.559      162.711
      23.962      104.600      135.559      162.711
      24.074       98.700      135.559      162.711
      24.186       98.000      135.559      162.711
      24.299       97.500      135.559      162.711
      24.411       98.000      135.559      162.711
      24.523      107.300      135.559      162.711
      24.634       98.800      135.559      162.711
