# Elapsed time   CPU (%)     Real (MB)   Virtual (MB)
       0.000        0.000       71.570       98.711
       0.110       99.700       71.570       98.711
       0.222       98.900       71.570       98.711
       0.333       98.700       71.570       98.711
       0.444       98.800       71.570       98.711
       0.556       98.800       71.570       98.711
       0.667       98.800       71.570       98.711
       0.779       97.800       71.570       98.711
       0.891       98.600       71.570       98.711
       1.003       97.900       71.570       98.711
       1.115       98.800       71.570       98.711
       1.226       98.800       71.570       98.711
       1.338       97.900       71.570       98.711
       1.451       97.800       71.570       98.711
       1.563      106.500       71.570       98.711
       1.676       97.300       71.570       98.711
       1.788       97.900       71.570       98.711
       1.902       97.600       71.570       98.711
       2.014       97.800       71.570       98.711
       2.126       98.400       71.570       98.711
       2.238      106.900       71.570       98.711
       2.350       97.800       71.570       98.711
       2.466       95.300       71.570       98.711
       2.577       98.700       71.570       98.711
       2.691      105.800       71.570       98.711
       2.802       98.700       71.570       98.711
       2.915       97.600       71.570       98.711
       3.027       98.200       71.570       98.711
       3.138       99.000       71.570       98.711
       3.250       98.100       71.570       98.711
       3.362       98.000       71.570       98.711
       3.473       99.200       71.570       98.711
       3.586       97.900       71.570       98.711
       3.697      107.300       71.570       98.711
       3.809       98.700       71.570       98.711
       3.920       98.500       71.570       98.711
       4.032       98.600       71.570       98.711
       4.144       98.400       71.570       98.711
       4.255       98.800       71.570       98.711
       4.366       99.000       71.570       98.711
       4.478       98.800       71.570       98.711
       4.589       98.800       71.570       98.711
       4.701       98.600       71.570       98.711
       4.812       98.400       71.570       98.711
       4.924       98.400       71.570       98.711
       5.036       98.100       71.570       98.711
       5.148       98.100       71.570       98.711
       5.260       98.400       71.570       98.711
       5.373       97.800       71.570       98.711
       5.484      107.500       71.570       98.711
       5.596       98.100       71.570       98.711
       5.708       98.700       71.570       98.711
       5.821       97.300       71.570       98.711
       5.932       98.600       71.570       98.711
       6.044       98.500       71.570       98.711
       6.155       99.000       71.570       98.711
       6.268       97.400       71.570       98.711
       6.379       98.900       71.570       98.711
       6.491      107.100       71.570       98.711
       6.604       98.100       71.570       98.711
       6.715       98.800       71.570       98.711
       6.827       98.500       71.570       98.711
       6.938       99.000       71.570       98.711
       7.049       98.800       71.570       98.711
       7.161       98.600       71.570       98.711
       7.272       98.900       71.570       98.711
       7.383       98.700       71.570       98.711
       7.497       96.500       71.570       98.711
       7.609       98.600       71.570       98.711
