# Elapsed time   CPU (%)     Real (MB)   Virtual (MB)
       0.000        0.000      135.562      162.730
       0.109      119.600      138.809      189.613
       0.218      391.500      187.559      238.363
       0.329      369.800       90.703      141.508
       0.438      396.300       90.703      141.508
       0.547      404.300       90.703      141.508
       0.657      400.600       90.703      141.508
       0.766      391.900       90.703      141.508
       0.876      399.400       90.703      141.508
       0.986      173.300       90.703      141.504
       1.095      100.500       90.703      141.504
       1.206      307.600       90.699      141.504
       1.315      402.100       90.699      141.504
       1.425      301.300       90.699      141.504
       1.535      181.200       90.699      141.504
       1.645      382.100       90.699      141.504
       1.755      109.500       90.699      141.504
       1.864      393.100       90.699      141.504
       1.974      246.600       90.699      141.504
       2.083      246.900       90.699      141.504
       2.192      247.500       90.699      141.504
       2.302      255.900       90.699      141.504
       2.411      310.700       90.699      141.504
       2.520      247.200       90.699      141.504
       2.630      283.400       90.699      141.504
       2.741      277.400       90.699      141.504
       2.854      249.100       90.699      141.504
       2.963      274.500       90.699      141.504
       3.073      254.700       90.699      141.504
       3.183      273.000       90.699      141.504
       3.292      255.500       90.699      141.504
       3.402      273.800       90.699      141.500
       3.512      283.000       90.699      141.500
       3.621      283.500       90.699      141.500
       3.731      264.300       90.699      141.500
       3.840      273.200       90.699      141.500
       3.951      290.300       90.699      141.500
       4.060      292.100       90.699      141.500
       4.169      293.200       90.699      141.500
       4.278      303.000       90.699      141.500
       4.388      300.400       90.699      141.500
       4.500      385.800       90.699      141.500
       4.608      395.800       90.699      141.500
       4.718      401.200       90.699      141.500
       4.827      401.900       90.699      141.500
       4.938      398.400       90.699      141.500
       5.047      394.200       90.699      141.500
       5.157      401.200       90.699      141.500
       5.266      400.100       90.699      141.500
       5.376      374.200       90.699      141.500
       5.486      399.300       90.699      141.500
       5.596      401.900       90.699      141.500
       5.705      392.900       90.695      141.500
       5.815      402.300       90.695      141.500
       5.924      402.800       90.695      141.500
       6.034      389.800       90.695      141.500
       6.143      393.800       90.695      141.500
       6.254      406.200       90.695      141.500
       6.364      390.400       90.695      141.500
       6.474      402.300       90.695      141.500
       6.583      402.600       90.695      141.500
       6.693      399.800       90.695      141.500
       6.802      393.100       90.695      141.500
       6.912      402.400       90.695      141.500
       7.021      402.000       90.695      141.500
       7.131      392.700       90.695      141.500
       7.240      402.200       90.695      141.500
       7.349      402.100       90.695      141.500
       7.459      393.500       90.695      141.500
       7.568      403.500       90.695      141.500
       7.679      387.200       90.695      141.500
       7.789      401.100       90.695      141.500
       7.898      392.400       90.695      141.500
       8.007      402.400       90.695      141.500
       8.117      393.100       90.695      141.500
       8.226      402.100       90.695      141.500
       8.336      402.000       90.695      141.500
       8.446      400.700       90.695      141.500
       8.555      391.100       90.695      141.500
       8.665      401.800       90.695      141.500
       8.774      393.500       90.695      141.500
       8.883      402.900       90.695      141.500
       8.993      402.700       90.695      141.500
       9.102      392.900       90.695      141.500
       9.213      396.500       90.695      141.500
       9.323      399.900       90.695      141.500
       9.434      398.200       90.695      141.500
       9.543      393.100       90.695      141.500
       9.652      401.900       90.695      141.500
       9.762      392.800       90.695      141.500
       9.871      402.300       90.695      141.500
       9.981      402.100       90.695      141.500
      10.090      392.700       90.695      141.500
      10.200      402.500       90.695      141.500
      10.309      393.200       90.695      141.500
      10.418      402.600       90.695      141.500
      10.528      402.200       90.695      141.500
      10.637      393.200       90.695      141.500
      10.746      393.200       90.695      141.500
      10.856      402.600       90.695      141.500
      10.965      391.400       90.695      141.500
      11.075      392.700       90.695      141.500
      11.184      401.800       90.695      141.500
      11.293      394.400       90.695      141.500
      11.403      410.900       90.695      141.500
      11.514      396.900       90.695      141.500
      11.624      390.500       90.695      141.500
      11.737      399.100       90.695      141.500
      11.847      399.700       90.695      141.500
      11.957      389.500       90.695      141.500
      12.067      399.300       90.695      141.500
      12.176      395.500       90.695      141.500
      12.286      400.100       90.695      141.500
      12.395      402.600       90.695      141.500
      12.505      400.000       90.695      141.500
      12.615      391.700       90.695      141.500
      12.725      401.300       90.695      141.500
      12.834      401.200       90.695      141.500
      12.944      282.400       90.695      141.500
      13.054      199.600       90.695      141.500
      13.165      371.600       90.695      141.500
      13.276       99.200       90.695      141.500
      13.389      379.300       90.695      141.500
      13.499      236.200       90.695      141.500
      13.609      236.900       90.695      141.500
      13.720      270.500       90.695      141.500
      13.833      282.600       90.695      141.500
      13.942      283.200       90.695      141.500
      14.053      261.400       90.695      141.500
      14.164      243.900       90.695      141.500
      14.275      262.400       90.695      141.500
      14.384      282.600       90.695      141.500
      14.494      255.600       90.695      141.500
      14.603      264.900       90.695      141.500
      14.713      274.500       90.695      141.500
      14.822      246.500       90.695      141.500
      14.934      286.200       90.695      141.500
      15.043      274.800       90.695      141.500
      15.152      284.500       90.695      141.500
      15.261      275.500       90.695      141.500
      15.370      283.300       90.695      141.500
      15.479      285.200       90.695      141.500
      15.588      303.100       90.695      141.500
      15.697      303.500       90.695      141.500
      15.806      302.100       90.695      141.500
      15.916      309.500       90.695      141.500
      16.025      393.000       90.695      141.500
      16.135      390.800       90.695      141.500
      16.245      400.500       90.695      141.500
      16.357      391.700       90.695      141.500
      16.467      401.800       90.695      141.500
      16.577      390.300       90.695      141.500
      16.687      401.400       90.695      141.500
      16.796      401.700       90.695      141.500
      16.906      392.600       90.695      141.500
      17.015      401.800       90.695      141.500
      17.125      392.400       90.695      141.500
      17.235      400.300       90.695      141.500
      17.345      399.500       90.695      141.500
      17.455      401.500       90.695      141.500
      17.564      393.200       90.695      141.500
      17.674      390.300       90.695      141.500
      17.785      406.600       90.695      141.500
      17.895      401.300       90.695      141.500
      18.004      392.500       90.695      141.500
      18.114      401.700       90.695      141.500
      18.223      393.000       90.695      141.500
      18.332      401.900       90.695      141.500
      18.442      401.800       90.695      141.500
      18.552      392.300       90.695      141.500
      18.661      402.100       90.695      141.500
      18.771      400.600       90.695      141.500
      18.880      401.500       90.695      141.500
      18.990      390.900       90.695      141.500
      19.102      393.600       90.695      141.500
      19.213      396.000       90.695      141.500
      19.324      407.500       90.695      141.500
      19.433      393.300       90.695      141.500
      19.544      398.200       90.695      141.500
      19.653      401.100       90.695      141.500
      19.763      402.100       90.695      141.500
      19.872      393.200       90.695      141.500
      19.982      400.300       90.695      141.500
      20.091      402.200       90.695      141.500
      20.201      399.700       90.695      141.500
      20.311      391.700       90.695      141.500
      20.423      384.600       90.695      141.500
      20.536      398.800       90.695      141.500
      20.646      391.500       90.695      141.500
      20.756      371.800       90.695      141.500
      20.870      396.000       90.695      141.500
      20.979      393.400       90.695      141.500
      21.088      403.700       90.695      141.500
      21.198      400.600       90.695      141.500
      21.307      392.600       90.695      141.500
      21.417      401.800       90.695      141.500
      21.530      396.800       90.695      141.500
      21.641      397.700       90.695      141.500
      21.751      390.900       90.695      141.500
      21.860      401.400       90.695      141.500
      21.970      391.900       90.695      141.500
      22.081      398.400       90.695      141.500
      22.189      395.600       90.695      141.500
      22.297      398.100       90.695      141.500
      22.406      396.100       90.695      141.500
      22.517      397.400       90.695      141.500
      22.627      389.300       90.695      141.500
      22.737      401.700       90.695      141.500
      22.847      399.100       90.695      141.500
      22.957      380.200       90.695      141.500
      23.067      391.400       90.695      141.500
      23.177      411.200       90.695      141.500
      23.286      392.900       90.695      141.500
      23.395      402.100       90.695      141.500
      23.505      401.300       90.695      141.500
      23.615      392.600       90.695      141.500
      23.724      402.300       90.695      141.500
      23.833      402.100       90.695      141.500
      23.943      392.300       90.695      141.500
      24.052      402.400       90.695      141.500
      24.162      392.700       90.695      141.500
      24.272      400.100       90.695      141.500
      24.381      393.300       90.695      141.500
      24.490      247.400       90.695      141.500
      24.599      247.400       90.695      141.500
      24.709      265.600       90.695      141.500
      24.819      270.700       90.695      141.500
      24.929      283.400       90.695      141.500
      25.039      280.200       90.695      141.500
      25.149      281.900       90.695      141.500
      25.259      254.900       90.695      141.500
      25.369      246.400       90.695      141.500
      25.479      289.800       90.695      141.500
      25.587      258.900       90.695      141.500
      25.698      271.300       90.695      141.500
      25.808      264.400       90.695      141.500
      25.917      274.200       90.695      141.500
      26.026      283.600       90.695      141.500
      26.136      273.300       90.695      141.500
      26.246      291.700       90.695      141.500
      26.354      276.600       90.695      141.500
      26.463      303.000       90.695      141.500
      26.572      304.600       90.695      141.500
      26.680      304.100       90.695      141.500
      26.791      298.800       90.695      141.500
      26.901      342.900       90.695      141.500
      27.011      401.500       90.695      141.500
      27.120      393.000       90.695      141.500
      27.230      401.900       90.695      141.500
      27.341      387.200       90.695      141.500
      27.450      401.800       90.695      141.500
      27.561      399.400       90.695      141.500
      27.670      392.200       90.695      141.500
      27.780      401.400       90.695      141.500
      27.892      393.500       90.695      141.500
      28.001      392.400       90.695      141.500
      28.111      399.400       90.695      141.500
      28.222      408.500       90.695      141.500
      28.332      399.700       90.695      141.500
      28.441      392.600       90.695      141.500
      28.551      399.200       90.695      141.500
      28.661      401.700       90.695      141.500
      28.770      383.800       90.695      141.500
      28.880      393.300       90.695      141.500
      28.991      394.700       90.695      141.500
      29.101      401.600       90.695      141.500
      29.210      402.400       90.695      141.500
      29.319      392.900       90.695      141.500
      29.430      398.000       90.695      141.500
      29.540      399.000       90.695      141.500
      29.650      400.200       90.695      141.500
      29.761      397.400       90.695      141.500
      29.872      397.500       90.695      141.500
      29.982      399.100       90.695      141.500
      30.093      397.800       90.695      141.500
      30.202      401.400       90.695      141.500
      30.312      392.000       90.695      141.500
      30.422      399.200       90.695      141.500
      30.532      390.100       90.695      141.500
      30.643      407.500       90.695      141.500
      30.752      392.600       90.695      141.500
      30.863      398.900       90.695      141.500
      30.973      400.000       90.695      141.500
      31.082      393.400       90.695      141.500
      31.192      397.800       90.695      141.500
      31.302      400.900       90.695      141.500
      31.413      397.500       90.695      141.500
      31.523      400.600       90.695      141.500
      31.632      392.200       90.695      141.500
      31.742      401.500       90.695      141.500
      31.854      393.600       90.695      141.500
      31.964      400.100       90.695      141.500
      32.076      399.500       90.695      141.500
      32.188      393.300       90.695      141.500
      32.298      401.100       90.695      141.500
      32.407      393.200       90.695      141.500
      32.517      401.400       90.695      141.500
      32.627      401.000       90.695      141.500
      32.736      391.900       90.695      141.500
      32.846      392.100       90.695      141.500
      32.956      400.500       90.695      141.500
      33.066      400.700       90.695      141.500
      33.175      401.100       90.695      141.500
      33.285      392.300       90.695      141.500
      33.395      401.500       90.695      141.500
      33.504      392.400       90.695      141.500
      33.613      402.600       90.695      141.500
      33.723      403.200       90.695      141.500
      33.834      387.200       90.695      141.500
      33.944      398.500       90.695      141.500
      34.054      391.400       90.695      141.500
      34.164      401.400       90.695      141.500
      34.273      402.400       90.695      141.500
      34.382      393.100       90.695      141.500
      34.491      402.900       90.695      141.500
      34.601      402.300       90.695      141.500
      34.710      392.800       90.695      141.500
      34.820      402.200       90.695      141.500
      34.929      392.700       90.695      141.500
      35.039      402.300       90.695      141.500
      35.148      402.000       90.695      141.500
      35.257      402.000       90.695      141.500
      35.367      310.700       90.695      141.500
      35.476      248.500       90.695      141.500
      35.585      292.100       90.695      141.500
      35.695      264.800       90.695      141.500
      35.805      254.300       90.695      141.500
      35.915      280.400       90.695      141.500
      36.024      248.600       90.695      141.500
      36.134      281.400       90.695      141.500
      36.244      255.100       90.695      141.500
      36.354      281.100       90.695      141.500
      36.464      282.400       90.695      141.500
      36.573      274.600       90.695      141.500
      36.683      291.700       90.695      141.500
      36.792      274.700       90.695      141.500
      36.901      301.700       90.695      141.500
      37.011      300.300       90.695      141.500
      37.121      301.300       90.695      141.500
      37.230      303.400       90.695      141.500
      37.339      328.800       90.695      141.500
      37.449      399.000       90.695      141.500
      37.558      395.800       90.695      141.500
      37.668      401.300       90.695      141.500
      37.777      402.500       90.695      141.500
      37.886      393.500       90.695      141.500
      37.996      402.700       90.695      141.500
      38.105      401.900       90.695      141.500
      38.214      393.400       90.695      141.500
      38.324      409.600       90.695      141.500
      38.434      400.900       90.695      141.500
      38.544      392.200       90.695      141.500
      38.653      402.200       90.695      141.500
      38.762      392.500       90.695      141.500
      38.872      401.100       90.695      141.500
      38.982      401.600       90.695      141.500
      39.092      389.500       90.695      141.500
      39.203      398.300       90.695      141.500
      39.313      400.300       90.695      141.500
      39.423      398.900       90.695      141.500
      39.533      398.100       90.695      141.500
      39.643      391.200       90.695      141.500
      39.752      394.900       90.695      141.500
      39.862      401.200       90.695      141.500
      39.972      400.600       90.695      141.500
      40.081      401.900       90.695      141.500
      40.191      391.000       90.695      141.500
      40.301      399.800       90.695      141.500
      40.411      401.200       90.695      141.500
      40.520      401.500       90.695      141.500
      40.630      393.200       90.695      141.500
      40.739      402.200       90.695      141.500
      40.849      401.600       90.695      141.500
      40.958      392.600       90.695      141.500
      41.068      401.600       90.695      141.500
      41.178      400.200       90.695      141.500
      41.287      392.100       90.695      141.500
      41.397      401.000       90.695      141.500
      41.507      400.600       90.695      141.500
      41.617      398.200       90.695      141.500
      41.729      395.600       90.695      141.500
      41.840      387.600       90.695      141.500
      41.950      399.000       90.695      141.500
      42.061      396.600       90.695      141.500
      42.172      397.100       90.695      141.500
      42.281      400.700       90.695      141.500
      42.391      401.000       90.695      141.500
      42.501      393.000       90.695      141.500
      42.610      402.200       90.695      141.500
      42.721      397.600       90.695      141.500
      42.830      393.200       90.695      141.500
      42.940      401.500       90.695      141.500
      43.049      400.900       90.695      141.500
      43.159      392.800       90.695      141.500
      43.268      402.000       90.695      141.500
      43.378      399.500       90.695      141.500
      43.488      374.200       90.695      141.500
      43.598      391.700       90.695      141.500
      43.710      390.500       90.695      141.500
      43.819      404.300       90.695      141.500
      43.929      392.800       90.695      141.500
      44.038      401.400       90.695      141.500
      44.148      401.100       90.695      141.500
      44.258      391.900       90.695      141.500
      44.368      400.500       90.695      141.500
      44.477      393.700       90.695      141.500
      44.587      400.600       90.695      141.500
      44.696      402.800       90.695      141.500
      44.806      401.400       90.695      141.500
      44.915      392.500       90.695      141.500
      45.025      401.700       90.695      141.500
      45.134      403.500       90.695      141.500
      45.243      394.900       90.695      141.500
      45.353      397.000       90.695      141.500
      45.464      399.300       90.695      141.500
      45.574      397.200       90.695      141.500
      45.685      399.300       90.695      141.500
      45.794      319.700       90.695      141.500
      45.904      245.600       90.695      141.500
      46.014      281.900       90.695      141.500
      46.123      247.900       90.695      141.500
      46.233      281.600       90.695      141.500
      46.342      285.100       90.695      141.500
      46.451      275.200       90.695      141.500
      46.561      272.900       90.695      141.500
      46.671      281.100       90.695      141.500
      46.781      298.700       90.695      141.500
      46.892      290.400       90.695      141.500
      47.002      280.800       90.695      141.500
      47.112      310.400       90.695      141.500
      47.221      302.700       90.695      141.500
      47.330      384.200       90.695      141.500
      47.440      400.000       90.695      141.500
      47.549      402.500       90.695      141.500
      47.659      401.400       90.695      141.500
      47.768      393.000       90.695      141.500
      47.877      396.400       90.695      141.500
      47.986      404.000       90.695      141.500
      48.095      401.000       90.695      141.500
      48.205      392.800       90.695      141.500
      48.314      401.700       90.695      141.500
      48.424      400.100       90.695      141.500
      48.534      372.600       90.695      141.500
      48.644      392.000       90.695      141.500
      48.754      400.600       90.695      141.500
      48.864      398.400       90.695      141.500
      48.973      395.100       90.695      141.500
      49.083      399.200       90.695      141.500
      49.194      398.200       90.695      141.500
      49.304      389.800       90.695      141.500
      49.414      399.400       90.695      141.500
      49.524      400.600       90.695      141.500
      49.634      401.000       90.695      141.500
      49.744      392.000       90.695      141.500
      49.853      400.900       90.695      141.500
      49.963      400.900       90.695      141.500
      50.073      400.900       90.695      141.500
      50.185      394.200       90.695      141.500
      50.296      386.300       90.695      141.500
      50.405      401.400       90.695      141.500
      50.515      400.300       90.695      141.500
      50.625      392.200       90.695      141.500
      50.735      399.100       90.695      141.500
      50.845      401.800       90.695      141.500
      50.955      400.500       90.695      141.500
      51.064      393.400       90.695      141.500
      51.173      402.000       90.695      141.500
      51.283      392.700       90.695      141.500
      51.392      401.600       90.695      141.500
      51.502      401.900       90.695      141.500
      51.612      392.300       90.695      141.500
      51.721      401.700       90.695      141.500
      51.831      399.000       90.695      141.500
      51.945      386.600       90.695      141.500
      52.057      400.800       90.695      141.500
      52.167      401.900       90.695      141.500
      52.276      392.500       90.695      141.500
      52.386      402.400       90.695      141.500
      52.495      393.500       90.695      141.500
      52.605      401.600       90.695      141.500
      52.714      402.600       90.695      141.500
      52.823      393.700       90.695      141.500
      52.932      402.700       90.695      141.500
      53.042      402.400       90.695      141.500
      53.151      393.300       90.695      141.500
      53.260      402.400       90.695      141.500
      53.370      393.200       90.695      141.500
      53.481      402.600       90.695      141.500
      53.592      399.400       90.695      141.500
      53.701      393.200       90.695      141.500
      53.811      400.200       90.695      141.500
      53.920      402.500       90.695      141.500
      54.030      402.200       90.695      141.500
      54.140      390.600       90.695      141.500
      54.249      402.000       90.695      141.500
      54.359      402.500       90.695      141.500
      54.468      394.900       90.695      141.500
      54.577      402.600       90.695      141.500
      54.686      393.400       90.695      141.500
      54.795      402.500       90.695      141.500
      54.905      402.400       90.695      141.500
      55.014      393.000       90.695      141.500
      55.124      390.900       90.695      141.500
      55.234      400.200       90.695      141.500
      55.344      399.100       90.695      141.500
      55.454      401.400       90.695      141.500
      55.563      401.700       90.695      141.500
      55.673      393.000       90.695      141.500
      55.782      274.600       90.695      141.500
      55.891      275.100       90.695      141.500
      56.001      273.600       90.695      141.500
      56.110      285.100       90.695      141.500
      56.219      284.200       90.695      141.500
      56.328      291.800       90.695      141.500
      56.438      300.000       90.695      141.500
      56.548      292.600       90.695      141.500
      56.656      294.200       90.695      141.500
      56.766      348.000       90.695      141.500
      56.878      375.300       90.695      141.500
      56.988      398.700       90.695      141.500
      57.099      395.000       90.695      141.500
      57.209      392.600       90.695      141.500
      57.319      390.600       90.695      141.500
      57.430      397.400       90.695      141.500
      57.540      400.000       90.695      141.500
      57.650      400.500       90.695      141.500
      57.759      392.200       90.695      141.500
      57.870      405.200       90.695      141.500
      57.982      393.300       90.695      141.500
      58.093      396.300       90.695      141.500
      58.203      399.300       90.695      141.500
      58.313      393.000       90.695      141.500
      58.422      401.100       90.695      141.500
      58.532      392.000       90.695      141.500
      58.642      408.100       90.695      141.500
      58.752      400.000       90.695      141.500
      58.862      390.500       90.695      141.500
      58.972      399.900       90.695      141.500
      59.084      395.700       90.695      141.500
      59.193      395.000       90.695      141.500
      59.302      401.000       90.695      141.500
      59.413      398.300       90.695      141.500
      59.522      392.700       90.695      141.500
      59.632      391.700       90.695      141.500
      59.742      401.100       90.695      141.500
      59.852      391.000       90.695      141.500
      59.960      396.000       90.695      141.500
      60.070      392.000       90.695      141.500
      60.180      401.700       90.695      141.500
      60.289      391.900       90.695      141.500
      60.399      400.500       90.695      141.500
      60.509      398.600       90.695      141.500
      60.620      390.300       90.695      141.500
      60.729      400.600       90.695      141.500
      60.840      389.200       90.695      141.500
      60.950      392.000       90.695      141.500
      61.060      398.900       90.695      141.500
      61.169      404.500       90.695      141.500
      61.279      391.100       90.695      141.500
      61.389      398.000       90.695      141.500
      61.499      401.300       90.695      141.500
      61.608      393.500       90.695      141.500
      61.722      387.400       90.695      141.500
      61.832      397.800       90.695      141.500
      61.942      390.400       90.695      141.500
      62.052      401.400       90.695      141.500
      62.162      399.800       90.695      141.500
      62.272      402.000       90.695      141.500
      62.381      392.300       90.695      141.500
      62.491      400.100       90.695      141.500
      62.601      401.400       90.695      141.500
      62.710      392.900       90.695      141.500
      62.820      401.900       90.695      141.500
      62.929      392.800       90.695      141.500
      63.038      402.700       90.695      141.500
      63.148      402.700       90.695      141.500
      63.257      392.700       90.695      141.500
      63.367      391.700       90.695      141.500
      63.477      400.500       90.695      141.500
      63.586      401.800       90.695      141.500
      63.697      399.200       90.695      141.500
      63.807      399.300       90.695      141.500
      63.917      391.200       90.695      141.500
      64.026      392.400       90.695      141.500
      64.136      399.400       90.695      141.500
      64.246      401.600       90.695      141.500
      64.355      402.100       90.695      141.500
      64.464      394.600       90.695      141.500
      64.574      392.600       90.695      141.500
      64.684      401.400       90.695      141.500
      64.793      391.700       90.695      141.500
      64.903      401.000       90.695      141.500
      65.014      397.600       90.695      141.500
      65.124      399.500       90.695      141.500
      65.234      400.100       90.695      141.500
      65.344      309.500       90.695      141.500
      65.454      300.500       90.695      141.500
      65.564      289.600       90.695      141.500
      65.673      312.100       90.695      141.500
      65.781      331.900       90.695      141.500
      65.891      392.200       90.695      141.500
      66.001      401.600       90.695      141.500
      66.110      400.400       90.695      141.500
      66.220      392.300       90.695      141.500
      66.330      401.100       90.695      141.500
      66.439      393.800       90.695      141.500
      66.550      397.600       90.695      141.500
      66.660      390.500       90.695      141.500
      66.769      401.600       90.695      141.500
      66.880      398.100       90.695      141.500
      66.989      401.700       90.695      141.500
      67.099      391.700       90.695      141.500
      67.209      400.500       90.695      141.500
      67.319      401.600       90.695      141.500
      67.428      392.400       90.695      141.500
      67.538      401.400       90.695      141.500
      67.647      401.200       90.695      141.500
      67.757      392.800       90.695      141.500
      67.867      400.100       90.695      141.500
      67.977      400.800       90.695      141.500
      68.086      392.900       90.695      141.500
      68.196      391.900       90.695      141.500
      68.307      403.900       90.695      141.500
      68.417      399.400       90.695      141.500
      68.527      392.100       90.695      141.500
      68.637      399.300       90.695      141.500
      68.747      401.900       90.695      141.500
      68.857      399.500       90.695      141.500
      68.967      400.800       90.695      141.500
      69.076      392.300       90.695      141.500
      69.187      398.400       90.695      141.500
      69.297      401.200       90.695      141.500
      69.406      393.200       90.695      141.500
      69.515      402.000       90.695      141.500
      69.625      402.400       90.695      141.500
      69.734      392.600       90.695      141.500
      69.845      397.500       90.695      141.500
      69.956      387.200       90.695      141.500
      70.065      401.600       90.695      141.500
      70.175      392.100       90.695      141.500
      70.285      402.300       90.695      141.500
      70.394      391.900       90.695      141.500
      70.504      400.800       90.695      141.500
      70.614      400.000       90.695      141.500
      70.724      400.900       90.695      141.500
      70.833      393.100       90.695      141.500
      70.943      401.900       90.695      141.500
      71.052      401.800       90.695      141.500
      71.162      392.800       90.695      141.500
      71.272      400.200       90.695      141.500
      71.381      401.900       90.695      141.500
      71.490      392.700       90.695      141.500
      71.603      389.500       90.695      141.500
      71.714      397.800       90.695      141.500
      71.824      392.600       90.695      141.500
      71.933      401.400       90.695      141.500
      72.043      401.400       90.695      141.500
      72.153      398.800       90.695      141.500
      72.263      391.500       90.695      141.500
      72.373      401.100       90.695      141.500
      72.482      402.200       90.695      141.500
      72.591      402.400       90.695      141.500
      72.701      392.900       90.695      141.500
      72.810      402.500       90.695      141.500
      72.919      393.400       90.695      141.500
      73.029      403.000       90.695      141.500
      73.138      392.400       90.695      141.500
      73.249      404.700       90.695      141.500
      73.360      390.300       90.695      141.500
      73.469      400.800       90.695      141.500
      73.579      401.700       90.695      141.500
      73.688      401.600       90.695      141.500
      73.800      393.000       90.695      141.500
      73.911      398.000       90.695      141.500
      74.020      401.900       90.695      141.500
      74.130      392.600       90.695      141.500
      74.239      401.900       90.695      141.500
      74.349      401.400       90.695      141.500
      74.458      394.500       90.695      141.500
      74.567      393.400       90.695      141.500
      74.677      402.500       90.695      141.500
      74.788      395.900       90.695      141.500
      74.897      401.100       90.695      141.500
      75.008      399.300       90.695      141.500
      75.117      402.000       90.695      141.500
      75.227      393.100       90.695      141.500
      75.336      402.200       90.695      141.500
      75.445      401.500       90.695      141.500
      75.555      400.100       90.695      141.500
      75.665      392.700       90.695      141.500
      75.774      392.500       90.695      141.500
      75.884      401.700       90.695      141.500
      75.993      401.900       90.695      141.500
      76.103      391.800       90.695      141.500
      76.213      402.300       90.695      141.500
      76.322      403.300       90.695      141.500
      76.431      392.600       90.695      141.500
      76.541      401.100       90.695      141.500
      76.650      392.600       90.695      141.500
      76.760      401.700       90.695      141.500
      76.870      398.400       90.695      141.500
      76.980      401.500       90.695      141.500
      77.090      390.700       90.695      141.500
      77.200      401.500       90.695      141.500
      77.309      401.500       90.695      141.500
      77.419      392.200       90.695      141.500
      77.528      401.800       90.695      141.500
      77.638      401.300       90.695      141.500
      77.748      392.300       90.695      141.500
      77.857      401.000       90.695      141.500
      77.967      392.500       90.695      141.500
      78.076      401.800       90.695      141.500
      78.187      398.900       90.695      141.500
      78.296      392.000       90.695      141.500
      78.406      401.800       90.695      141.500
      78.515      402.200       90.695      141.500
      78.625      392.300       90.695      141.500
      78.735      401.300       90.695      141.500
      78.844      392.100       90.695      141.500
      78.954      408.500       90.695      141.500
      79.064      392.600       90.695      141.500
      79.174      398.500       90.695      141.500
      79.284      400.300       90.695      141.500
      79.394      401.300       90.695      141.500
      79.504      392.200       90.695      141.500
      79.614      399.700       90.695      141.500
      79.723      401.300       90.695      141.500
      79.833      392.400       90.695      141.500
      79.942      401.600       90.695      141.500
      80.052      401.300       90.695      141.500
      80.161      395.700       90.695      141.500
      80.271      400.800       90.695      141.500
      80.380      392.600       90.695      141.500
      80.490      401.300       90.695      141.500
      80.599      401.700       90.695      141.500
      80.709      401.500       90.695      141.500
      80.818      393.000       90.695      141.500
      80.928      401.800       90.695      141.500
      81.037      401.100       90.695      141.500
      81.147      392.200       90.695      141.500
      81.258      397.400       90.695      141.500
      81.368      399.600       90.695      141.500
      81.478      400.100       90.695      141.500
      81.587      393.000       90.695      141.500
      81.697      402.000       90.695      141.500
      81.806      401.700       90.695      141.500
      81.916      392.900       90.695      141.500
      82.025      401.500       90.695      141.500
      82.135      401.300       90.695      141.500
      82.244      402.100       90.695      141.500
      82.354      392.400       90.695      141.500
      82.464      399.300       90.695      141.500
      82.574      402.200       90.695      141.500
      82.683      392.100       90.695      141.500
      82.793      401.800       90.695      141.500
      82.902      401.900       90.695      141.500
      83.011      394.300       90.695      141.500
      83.120      395.300       90.695      141.500
      83.230      401.300       90.695      141.500
      83.339      401.900       90.695      141.500
      83.449      401.900       90.695      141.500
      83.558      392.700       90.695      141.500
      83.668      401.200       90.695      141.500
      83.777      401.800       90.695      141.500
      83.887      392.300       90.695      141.500
      83.996      401.900       90.695      141.500
      84.106      392.500       90.695      141.500
      84.216      401.300       90.695      141.500
      84.325      401.300       90.695      141.500
      84.435      402.600       90.695      141.500
      84.544      393.100       90.695      141.500
      84.653      401.900       90.695      141.500
      84.763      392.000       90.695      141.500
      84.873      400.500       90.695      141.500
      84.982      402.000       90.695      141.500
      85.092      401.900       90.695      141.500
      85.202      392.000       90.695      141.500
      85.311      400.600       90.695      141.500
      85.421      401.400       90.695      141.500
      85.531      401.600       90.695      141.500
      85.640      392.500       90.695      141.500
      85.750      401.100       90.695      141.500
      85.862      400.800       90.695      141.500
      85.973      398.500       90.695      141.500
      86.082      401.600       90.695      141.500
      86.191      402.200       90.695      141.500
      86.302      389.900       90.695      141.500
      86.412      400.500       90.695      141.500
      86.521      392.400       90.695      141.500
      86.631      402.000       90.695      141.500
      86.740      401.200       90.695      141.500
      86.850      392.900       90.695      141.500
      86.960      399.800       90.695      141.500
      87.069      401.300       90.695      141.500
      87.179      393.800       90.695      141.500
      87.288      401.400       90.695      141.500
      87.398      400.700       90.695      141.500
      87.508      400.900       90.695      141.500
      87.620      400.200       90.695      141.500
      87.731      389.100       90.695      141.500
      87.842      404.200       90.695      141.500
      87.955      398.700       90.695      141.500
      88.065      392.600       90.695      141.500
      88.175      399.400       90.695      141.500
      88.284      392.200       90.695      141.500
      88.394      401.200       90.695      141.500
      88.504      400.900       90.695      141.500
      88.613      392.700       90.695      141.500
      88.723      400.100       90.695      141.500
      88.833      401.400       90.695      141.500
      88.942      393.400       90.695      141.500
      89.052      401.500       90.695      141.500
      89.161      401.600       90.695      141.500
      89.271      392.700       90.695      141.500
      89.381      407.100       90.695      141.500
      89.491      392.100       90.695      141.500
      89.602      397.000       90.695      141.500
      89.712      400.000       90.695      141.500
      89.821      401.400       90.695      141.500
      89.931      392.300       90.695      141.500
      90.041      401.000       90.695      141.500
      90.150      392.700       90.695      141.500
      90.260      401.500       90.695      141.500
      90.370      401.400       90.695      141.500
      90.479      401.900       90.695      141.500
      90.589      400.900       90.695      141.500
      90.698      393.100       90.695      141.500
      90.808      401.900       90.695      141.500
      90.918      400.100       90.695      141.500
      91.027      392.900       90.695      141.500
      91.137      400.500       90.695      141.500
      91.246      401.900       90.695      141.500
      91.356      392.400       90.695      141.500
      91.465      401.800       90.695      141.500
      91.575      401.800       90.695      141.500
      91.685      401.500       90.695      141.500
      91.795      390.400       90.695      141.500
      91.904      401.400       90.695      141.500
      92.014      401.900       90.695      141.500
      92.123      392.600       90.695      141.500
      92.233      400.900       90.695      141.500
      92.343      401.300       90.695      141.500
      92.455      401.700       90.695      141.500
      92.564      393.400       90.695      141.500
      92.674      400.100       90.695      141.500
      92.784      400.100       90.695      141.500
      92.895      395.100       90.695      141.500
      93.005      401.600       90.695      141.500
      93.115      401.100       90.695      141.500
      93.224      392.700       90.695      141.500
      93.334      402.000       90.695      141.500
      93.444      399.200       90.695      141.500
      93.553      401.200       90.695      141.500
      93.663      391.800       90.695      141.500
      93.773      401.100       90.695      141.500
      93.882      401.800       90.695      141.500
      93.992      401.700       90.695      141.500
      94.102      392.500       90.695      141.500
      94.211      402.400       90.695      141.500
      94.320      401.500       90.695      141.500
      94.430      392.200       90.695      141.500
      94.543      400.100       90.695      141.500
      94.652      400.700       90.695      141.500
      94.762      392.400       90.695      141.500
      94.872      399.600       90.695      141.500
      94.983      397.900       90.695      141.500
      95.093      399.300       90.695      141.500
      95.203      400.300       90.695      141.500
      95.313      398.700       90.695      141.500
      95.423      401.500       90.695      141.500
      95.533      390.500       90.695      141.500
      95.643      399.700       90.695      141.500
      95.755      401.100       90.695      141.500
      95.865      401.500       90.695      141.500
      95.974      393.000       90.695      141.500
      96.084      402.000       90.695      141.500
      96.193      402.000       90.695      141.500
      96.303      391.600       90.695      141.500
      96.415      401.100       90.695      141.500
      96.525      401.900       90.695      141.500
      96.633      396.200       90.695      141.500
      96.743      401.700       90.695      141.500
      96.853      399.000       90.695      141.500
      96.963      390.900       90.695      141.500
      97.072      401.500       90.695      141.500
      97.183      399.500       90.695      141.500
      97.292      392.000       90.695      141.500
      97.402      402.700       90.695      141.500
      97.511      402.100       90.695      141.500
      97.620      394.200       90.695      141.500
      97.729      402.100       90.695      141.500
      97.839      400.100       90.695      141.500
      97.949      392.600       90.695      141.500
      98.058      402.200       90.695      141.500
      98.167      396.100       90.695      141.500
      98.277      401.100       90.695      141.500
      98.386      401.400       90.695      141.500
      98.496      401.400       90.695      141.500
      98.605      392.600       90.695      141.500
      98.716      399.500       90.695      141.500
      98.824      404.000       90.695      141.500
      98.934      392.500       90.695      141.500
      99.044      399.600       90.695      141.500
      99.154      402.200       90.695      141.500
      99.263      392.500       90.695      141.500
      99.373      400.600       90.695      141.500
      99.483      401.600       90.695      141.500
      99.592      392.300       90.695      141.500
      99.702      401.900       90.695      141.500
      99.812      397.900       90.695      141.500
      99.923      395.100       90.695      141.500
     100.033      401.700       90.695      141.500
     100.143      400.600       90.695      141.500
     100.252      402.000       90.695      141.500
     100.362      392.700       90.695      141.500
     100.471      392.800       90.695      141.500
     100.581      401.900       90.695      141.500
     100.690      402.300       90.695      141.500
     100.799      402.600       90.695      141.500
     100.909      400.300       90.695      141.500
     101.019      401.100       90.695      141.500
     101.129      400.600       90.695      141.500
     101.239      392.000       90.695      141.500
     101.348      401.000       90.695      141.500
     101.458      401.400       90.695      141.500
     101.568      390.000       90.695      141.500
     101.678      400.500       90.695      141.500
     101.788      402.000       90.695      141.500
     101.897      400.400       90.695      141.500
     102.007      392.600       90.695      141.500
     102.117      401.600       90.695      141.500
     102.226      401.700       90.695      141.500
     102.336      401.500       90.695      141.500
     102.445      392.600       90.695      141.500
     102.555      401.500       90.695      141.500
     102.664      401.000       90.695      141.500
     102.775      399.600       90.695      141.500
     102.884      392.500       90.695      141.500
     102.993      402.500       90.695      141.500
     103.103      392.800       90.695      141.500
     103.212      402.100       90.695      141.500
     103.322      399.300       90.695      141.500
     103.432      393.700       90.695      141.500
     103.540      405.100       90.695      141.500
     103.650      392.700       90.695      141.500
     103.759      401.800       90.695      141.500
     103.869      392.800       90.695      141.500
     103.979      399.000       90.695      141.500
     104.089      401.400       90.695      141.500
     104.198      401.700       90.695      141.500
     104.309      388.700       90.695      141.500
     104.419      400.100       90.695      141.500
     104.529      400.800       90.695      141.500
     104.638      401.300       90.695      141.500
     104.748      391.400       90.695      141.500
     104.857      402.200       90.695      141.500
     104.967      401.600       90.695      141.500
     105.077      401.700       90.695      141.500
     105.187      389.100       90.695      141.500
     105.297      400.700       90.695      141.500
     105.407      400.800       90.695      141.500
     105.517      400.200       90.695      141.500
     105.626      401.100       90.695      141.500
     105.736      391.600       90.695      141.500
     105.846      400.400       90.695      141.500
     105.956      399.200       90.695      141.500
     106.066      400.200       90.695      141.500
     106.175      394.500       90.695      141.500
     106.285      402.100       90.695      141.500
     106.393      395.700       90.695      141.500
     106.502      396.000       90.695      141.500
     106.611      394.600       90.695      141.500
     106.721      398.900       90.695      141.500
     106.831      402.000       90.695      141.500
     106.940      392.000       90.695      141.500
     107.051      399.000       90.695      141.500
     107.161      398.800       90.695      141.500
     107.271      400.800       90.695      141.500
     107.380      401.500       90.695      141.500
     107.490      391.800       90.695      141.500
     107.601      407.500       90.695      141.500
     107.710      392.700       90.695      141.500
     107.820      401.000       90.695      141.500
     107.930      390.700       90.695      141.500
     108.039      401.300       90.695      141.500
     108.149      401.800       90.695      141.500
     108.259      401.700       90.695      141.500
     108.368      393.100       90.695      141.500
     108.477      401.600       90.695      141.500
     108.587      391.900       90.695      141.500
     108.698      398.700       90.695      141.500
     108.807      401.900       90.695      141.500
     108.916      394.700       90.695      141.500
     109.025      402.000       90.695      141.500
     109.134      395.300       90.695      141.500
     109.245      396.000       90.695      141.500
     109.355      401.400       90.695      141.500
     109.465      401.300       90.695      141.500
     109.574      401.500       90.695      141.500
     109.684      392.800       90.695      141.500
     109.793      401.400       90.695      141.500
     109.904      398.000       90.695      141.500
     110.014      401.100       90.695      141.500
     110.123      392.300       90.695      141.500
     110.233      401.600       90.695      141.500
     110.342      401.700       90.695      141.500
     110.452      392.300       90.695      141.500
     110.561      401.800       90.695      141.500
     110.671      401.100       90.695      141.500
     110.782      394.700       90.695      141.500
     110.893      398.100       90.695      141.500
     111.003      399.500       90.695      141.500
     111.113      401.800       90.695      141.500
     111.222      392.800       90.695      141.500
     111.332      401.400       90.695      141.500
     111.441      401.500       90.695      141.500
     111.552      398.200       90.695      141.500
     111.662      400.200       90.695      141.500
     111.771      394.500       90.695      141.500
     111.880      401.000       90.695      141.500
     111.990      390.600       90.695      141.500
     112.100      401.000       90.695      141.500
     112.211      397.400       90.695      141.500
     112.321      399.200       90.695      141.500
     112.430      402.200       90.695      141.500
     112.542      404.800       90.695      141.500
     112.651      392.400       90.695      141.500
     112.762      399.300       90.695      141.500
     112.871      392.400       90.695      141.500
     112.980      402.200       90.695      141.500
     113.090      401.500       90.695      141.500
     113.200      401.300       90.695      141.500
     113.312      391.100       90.695      141.500
     113.422      400.100       90.695      141.500
     113.532      401.400       90.695      141.500
     113.642      401.000       90.695      141.500
     113.751      392.200       90.695      141.500
     113.862      398.600       90.695      141.500
     113.972      399.300       90.695      141.500
     114.083      394.900       90.695      141.500
     114.194      404.800       90.695      141.500
     114.304      392.100       90.695      141.500
     114.413      402.900       90.695      141.500
     114.523      392.500       90.695      141.500
     114.632      401.200       90.695      141.500
     114.742      402.000       90.695      141.500
     114.851      401.800       90.695      141.500
     114.961      391.900       90.695      141.500
     115.071      401.200       90.695      141.500
     115.182      402.700       90.695      141.500
     115.292      391.500       90.695      141.500
     115.402      401.500       90.695      141.500
     115.512      400.700       90.695      141.500
     115.621      401.100       90.695      141.500
     115.732      389.200       90.695      141.500
     115.843      404.100       90.695      141.500
     115.955      394.500       90.695      141.500
     116.064      401.700       90.695      141.500
     116.174      392.600       90.695      141.500
     116.284      401.100       90.695      141.500
     116.393      401.000       90.695      141.500
     116.503      401.300       90.695      141.500
     116.613      401.400       90.695      141.500
     116.723      390.400       90.695      141.500
     116.833      399.200       90.695      141.500
     116.943      399.500       90.695      141.500
     117.053      401.300       90.695      141.500
     117.163      400.800       90.695      141.500
     117.273      390.600       90.695      141.500
     117.382      400.700       90.695      141.500
     117.493      399.500       90.695      141.500
     117.603      397.700       90.695      141.500
     117.713      401.300       90.695      141.500
     117.823      399.700       90.695      141.500
     117.932      401.500       90.695      141.500
     118.042      392.000       90.695      141.500
     118.152      401.700       90.695      141.500
     118.262      400.800       90.695      141.500
     118.371      392.400       90.695      141.500
     118.481      402.100       90.695      141.500
     118.591      399.300       90.695      141.500
     118.700      401.600       90.695      141.500
     118.810      391.500       90.695      141.500
     118.921      406.800       90.695      141.500
     119.030      392.500       90.695      141.500
     119.140      400.100       90.695      141.500
     119.249      402.800       90.695      141.500
     119.359      392.500       90.695      141.500
     119.469      401.100       90.695      141.500
     119.578      402.500       90.695      141.500
     119.688      392.500       90.695      141.500
     119.797      401.500       90.695      141.500
     119.907      401.400       90.695      141.500
     120.016      401.400       90.695      141.500
     120.126      391.300       90.695      141.500
     120.236      402.000       90.695      141.500
     120.345      392.500       90.695      141.500
     120.455      408.900       90.695      141.500
     120.567      394.900       90.695      141.500
     120.677      397.700       90.695      141.500
     120.787      400.100       90.695      141.500
     120.897      391.800       90.695      141.500
     121.007      401.500       90.695      141.500
     121.116      401.500       90.695      141.500
     121.226      401.000       90.695      141.500
     121.336      392.600       90.695      141.500
     121.445      401.700       90.695      141.500
     121.555      401.200       90.695      141.500
     121.664      400.900       90.695      141.500
     121.775      389.500       90.695      141.500
     121.886      405.700       90.695      141.500
     121.995      393.500       90.695      141.500
     122.106      397.000       90.695      141.500
     122.217      406.100       90.695      141.500
     122.326      391.800       90.695      141.500
     122.436      401.700       90.695      141.500
     122.546      401.800       90.695      141.500
     122.655      393.000       90.695      141.500
     122.764      402.400       90.695      141.500
     122.874      399.100       90.695      141.500
     122.984      392.600       90.695      141.500
     123.094      400.900       90.695      141.500
     123.203      401.900       90.695      141.500
     123.313      401.700       90.695      141.500
     123.422      401.100       90.695      141.500
     123.532      392.700       90.695      141.500
     123.642      401.000       90.695      141.500
     123.750      395.300       90.695      141.500
     123.860      400.500       90.695      141.500
     123.970      392.000       90.695      141.500
     124.080      400.800       90.695      141.500
     124.190      398.300       90.695      141.500
     124.300      401.100       90.695      141.500
     124.410      399.300       90.695      141.500
     124.519      393.700       90.695      141.500
     124.629      400.300       90.695      141.500
     124.739      401.100       90.695      141.500
     124.848      401.900       90.695      141.500
     124.958      392.100       90.695      141.500
     125.068      399.500       90.695      141.500
     125.178      401.200       90.695      141.500
     125.287      402.100       90.695      141.500
     125.397      392.500       90.695      141.500
     125.506      402.800       90.695      141.500
     125.616      391.200       90.695      141.500
     125.726      401.400       90.695      141.500
     125.835      401.500       90.695      141.500
     125.945      392.000       90.695      141.500
     126.056      406.400       90.695      141.500
     126.165      391.900       90.695      141.500
     126.275      400.900       90.695      141.500
     126.385      400.900       90.695      141.500
     126.495      401.300       90.695      141.500
     126.604      393.100       90.695      141.500
     126.714      401.100       90.695      141.500
     126.823      391.500       90.695      141.500
     126.933      401.500       90.695      141.500
     127.043      399.500       90.695      141.500
     127.152      396.600       90.695      141.500
     127.262      398.700       90.695      141.500
     127.372      400.600       90.695      141.500
     127.481      401.700       90.695      141.500
     127.591      393.000       90.695      141.500
     127.700      401.400       90.695      141.500
     127.810      392.500       90.695      141.500
     127.919      402.000       90.695      141.500
     128.029      401.900       90.695      141.500
     128.138      402.100       90.695      141.500
     128.248      393.100       90.695      141.500
     128.357      401.800       90.695      141.500
     128.467      392.500       90.695      141.500
     128.576      401.500       90.695      141.500
     128.686      401.200       90.695      141.500
     128.795      396.500       90.695      141.500
     128.903      395.300       90.695      141.500
     129.013      399.600       90.695      141.500
     129.123      399.800       90.695      141.500
     129.233      392.900       90.695      141.500
     129.343      399.800       90.695      141.500
     129.453      401.000       90.695      141.500
     129.562      392.300       90.695      141.500
     129.672      402.300       90.695      141.500
     129.781      401.100       90.695      141.500
     129.891      392.200       90.695      141.500
     130.001      400.400       90.695      141.500
     130.110      393.600       90.695      141.500
     130.220      401.200       90.695      141.500
     130.330      407.100       90.695      141.500
     130.442      394.200       90.695      141.500
     130.552      410.400       90.695      141.500
     130.661      392.300       90.695      141.500
     130.771      401.800       90.695      141.500
     130.880      401.000       90.695      141.500
     130.990      399.900       90.695      141.500
     131.099      386.000       90.695      141.500
     131.209      400.900       90.695      141.500
     131.319      401.500       90.695      141.500
     131.428      402.000       90.695      141.500
     131.538      392.400       90.695      141.500
     131.647      401.500       90.695      141.500
     131.758      399.100       90.695      141.500
     131.867      393.000       90.695      141.500
     131.976      401.700       90.695      141.500
     132.086      403.200       90.695      141.500
     132.197      395.500       90.695      141.500
     132.308      394.800       90.695      141.500
     132.418      402.500       90.695      141.500
     132.527      392.500       90.695      141.500
     132.637      401.900       90.695      141.500
     132.746      401.900       90.695      141.500
     132.856      401.600       90.695      141.500
     132.965      392.800       90.695      141.500
     133.075      401.800       90.695      141.500
     133.184      393.400       90.695      141.500
     133.293      402.600       90.695      141.500
     133.403      402.600       90.695      141.500
     133.512      393.000       90.695      141.500
     133.621      401.900       90.695      141.500
     133.730      395.800       90.695      141.500
     133.840      399.400       90.695      141.500
     133.950      401.500       90.695      141.500
     134.060      400.900       90.695      141.500
     134.169      393.300       90.695      141.500
     134.278      402.200       90.695      141.500
     134.388      391.900       90.695      141.500
     134.498      401.700       90.695      141.500
     134.607      402.300       90.695      141.500
     134.717      401.200       90.695      141.500
     134.826      391.900       90.695      141.500
     134.936      401.300       90.695      141.500
     135.046      401.400       90.695      141.500
     135.155      392.900       90.695      141.500
     135.265      400.900       90.695      141.500
     135.374      393.600       90.695      141.500
     135.484      407.600       90.695      141.500
     135.596      394.700       90.695      141.500
     135.706      401.700       90.695      141.500
     135.816      400.000       90.695      141.500
     135.925      392.300       90.695      141.500
     136.035      401.500       90.695      141.500
     136.144      401.100       90.695      141.500
     136.254      392.700       90.695      141.500
     136.363      401.700       90.695      141.500
     136.473      401.200       90.695      141.500
     136.583      399.500       90.695      141.500
     136.694      398.300       90.695      141.500
     136.803      392.700       90.695      141.500
     136.913      401.200       90.695      141.500
     137.022      402.600       90.695      141.500
     137.134      393.000       90.695      141.500
     137.244      400.300       90.695      141.500
     137.354      400.500       90.695      141.500
     137.463      401.700       90.695      141.500
     137.573      392.300       90.695      141.500
     137.683      401.700       90.695      141.500
     137.792      393.000       90.695      141.500
     137.902      401.500       90.695      141.500
     138.012      398.600       90.695      141.500
     138.121      401.900       90.695      141.500
     138.231      392.400       90.695      141.500
     138.341      399.200       90.695      141.500
     138.453      403.800       90.695      141.500
     138.562      392.900       90.695      141.500
     138.672      400.400       90.695      141.500
     138.785      398.600       90.695      141.500
     138.895      392.000       90.695      141.500
     139.004      401.600       90.695      141.500
     139.114      401.600       90.695      141.500
     139.223      401.100       90.695      141.500
     139.333      392.500       90.695      141.500
     139.443      400.600       90.695      141.500
     139.552      392.900       90.695      141.500
     139.662      402.000       90.695      141.500
     139.771      402.000       90.695      141.500
     139.882      397.600       90.695      141.500
     139.991      401.500       90.695      141.500
     140.101      392.400       90.695      141.500
     140.210      403.800       90.695      141.500
     140.320      399.800       90.695      141.500
     140.429      394.800       90.695      141.500
     140.538      402.000       90.695      141.500
     140.648      392.400       90.695      141.500
     140.758      401.800       90.695      141.500
     140.867      392.700       90.695      141.500
     140.978      406.600       90.695      141.500
     141.087      392.700       90.695      141.500
     141.197      401.700       90.695      141.500
     141.306      392.400       90.695      141.500
     141.416      401.400       90.695      141.500
     141.526      400.800       90.695      141.500
     141.635      401.200       90.695      141.500
     141.745      392.100       90.695      141.500
     141.855      400.900       90.695      141.500
     141.964      402.900       90.695      141.500
     142.073      393.600       90.695      141.500
     142.183      400.700       90.695      141.500
     142.293      401.000       90.695      141.500
     142.402      392.900       90.695      141.500
     142.512      401.500       90.695      141.500
     142.621      401.700       90.695      141.500
     142.731      392.200       90.695      141.500
     142.843      401.400       90.695      141.500
     142.953      400.500       90.695      141.500
     143.065      399.700       90.695      141.500
     143.175      401.600       90.695      141.500
     143.285      399.500       90.695      141.500
     143.395      400.100       90.695      141.500
     143.504      394.200       90.695      141.500
     143.613      404.700       90.695      141.500
     143.724      397.600       90.695      141.500
     143.833      401.600       90.695      141.500
     143.943      393.100       90.695      141.500
     144.052      402.800       90.695      141.500
     144.161      393.600       90.695      141.500
     144.270      403.900       90.695      141.500
     144.380      401.800       90.695      141.500
     144.489      391.900       90.695      141.500
     144.599      402.100       90.695      141.500
     144.708      402.000       90.695      141.500
     144.818      392.500       90.695      141.500
     144.927      401.700       90.695      141.500
     145.038      398.800       90.695      141.500
     145.147      403.400       90.695      141.500
     145.256      393.200       90.695      141.500
     145.366      399.100       90.695      141.500
     145.476      402.800       90.695      141.500
     145.585      392.700       90.695      141.500
     145.695      399.900       90.695      141.500
     145.805      402.000       90.695      141.500
     145.914      392.800       90.695      141.500
     146.024      400.900       90.695      141.500
     146.133      400.900       90.695      141.500
     146.244      399.400       90.695      141.500
     146.353      393.000       90.695      141.500
     146.462      402.000       90.695      141.500
     146.572      401.400       90.695      141.500
     146.682      390.700       90.695      141.500
     146.793      407.400       90.695      141.500
     146.903      390.400       90.695      141.500
     147.013      399.800       90.695      141.500
     147.122      401.400       90.695      141.500
     147.232      393.000       90.695      141.500
     147.341      402.000       90.695      141.500
     147.451      392.700       90.695      141.500
     147.561      401.100       90.695      141.500
     147.671      399.800       90.695      141.500
     147.780      402.000       90.695      141.500
     147.889      393.300       90.695      141.500
     147.999      401.900       90.695      141.500
     148.108      401.600       90.695      141.500
     148.217      394.300       90.695      141.500
     148.326      403.800       90.695      141.500
     148.436      393.500       90.695      141.500
     148.546      398.500       90.695      141.500
     148.656      401.700       90.695      141.500
     148.765      393.600       90.695      141.500
     148.875      400.600       90.695      141.500
     148.984      392.600       90.695      141.500
     149.094      402.000       90.695      141.500
     149.203      401.800       90.695      141.500
     149.313      392.600       90.695      141.500
     149.422      401.900       90.695      141.500
     149.531      395.500       90.695      141.500
     149.640      402.200       90.695      141.500
     149.750      402.200       90.695      141.500
     149.859      392.800       90.695      141.500
     149.969      401.200       90.695      141.500
     150.078      394.600       90.695      141.500
     150.188      400.900       90.695      141.500
     150.298      399.300       90.695      141.500
     150.407      401.900       90.695      141.500
     150.517      391.900       90.695      141.500
     150.626      402.000       90.695      141.500
     150.736      403.200       90.695      141.500
     150.845      392.400       90.695      141.500
     150.955      401.700       90.695      141.500
     151.064      401.500       90.695      141.500
     151.174      392.900       90.695      141.500
     151.283      401.900       90.695      141.500
     151.393      402.300       90.695      141.500
     151.502      393.200       90.695      141.500
     151.611      402.100       90.695      141.500
     151.722      397.500       90.695      141.500
     151.836      394.800       90.695      141.500
     151.946      401.500       90.695      141.500
     152.055      392.600       90.695      141.500
     152.165      401.700       90.695      141.500
     152.274      402.000       90.695      141.500
     152.384      401.700       90.695      141.500
     152.493      401.400       90.695      141.500
     152.603      392.800       90.695      141.500
     152.712      402.500       90.695      141.500
     152.822      393.100       90.695      141.500
     152.931      329.200       90.695      141.500
     153.040      100.400       90.695      141.500
     153.150      155.900       90.695      141.500
     153.260      399.400       90.695      141.500
     153.369      392.800       90.695      141.500
     153.479      399.100       90.695      141.500
     153.589      401.400       90.695      141.500
     153.698      393.400       90.695      141.500
     153.808      402.000       90.695      141.500
     153.917      392.700       90.695      141.500
     154.027      363.800       90.695      141.500
     154.137      100.500       90.695      141.500
     154.246      118.600       90.695      141.500
     154.357      399.000       90.695      141.500
     154.466      403.600       90.695      141.500
     154.575      283.400       90.695      141.500
     154.684      210.200       90.695      141.500
     154.795      397.200       90.695      141.500
     154.905      100.500       90.695      141.500
     155.014      374.600       90.695      141.500
     155.123      403.000       90.695      141.500
     155.233      392.100       90.695      141.500
     155.342      402.300       90.695      141.500
     155.452      401.600       90.695      141.500
     155.561      401.700       90.695      141.500
     155.671      329.300       90.695      141.500
     155.781      163.800       90.695      141.500
     155.890      392.100       90.695      141.500
     156.000      155.500       90.695      141.500
     156.110      345.000       90.695      141.500
     156.220      255.100       90.695      141.500
     156.331      305.500       90.695      141.500
     156.440      310.600       90.695      141.500
     156.550      273.700       90.695      141.500
     156.661      243.900       90.695      141.500
     156.771      390.500       90.695      141.500
     156.881      399.400       90.695      141.500
     156.991      399.600       90.695      141.500
     157.101      401.700       90.695      141.500
     157.210      392.600       90.695      141.500
     157.320      319.400       90.695      141.500
     157.429      310.100       90.695      141.500
     157.539      273.700       90.695      141.500
     157.648      246.800       90.695      141.500
     157.758      247.000       90.695      141.500
     157.867      329.400       90.695      141.500
     157.976      256.300       90.695      141.500
     158.086      320.000       90.695      141.500
     158.195      255.300       90.695      141.500
     158.304      283.600       90.695      141.500
     158.415      378.500       90.695      141.500
     158.526      405.600       90.695      141.500
     158.636      391.000       90.695      141.500
     158.746      401.900       90.695      141.500
     158.856      391.600       90.695      141.500
     158.965      328.600       90.695      141.500
     159.075      329.200       90.695      141.500
     159.185      254.100       90.695      141.500
     159.294      283.000       90.695      141.500
     159.404      291.900       90.695      141.500
     159.513      292.300       90.695      141.500
     159.624      281.500       90.695      141.500
     159.733      283.100       90.695      141.500
     159.842      301.900       90.695      141.500
     159.952      292.400       90.695      141.500
     160.061      329.200       90.695      141.500
     160.172      396.500       90.695      141.500
     160.282      401.000       90.695      141.500
     160.391      401.600       90.695      141.500
     160.501      402.200       90.695      141.500
     160.610      393.200       90.695      141.500
     160.720      272.500       90.695      141.500
     160.830      301.000       90.695      141.500
     160.940      290.900       90.695      141.500
     161.049      283.600       90.695      141.500
     161.159      301.400       90.695      141.500
     161.268      319.400       90.695      141.500
     161.379      314.900       90.695      141.500
     161.490      318.100       90.695      141.500
     161.600      299.600       90.695      141.500
     161.710      345.900       90.695      141.500
     161.820      399.300       90.695      141.500
     161.929      394.400       90.695      141.500
     162.039      400.700       90.695      141.500
     162.148      401.200       90.695      141.500
     162.257      394.200       90.695      141.500
     162.367      328.600       90.695      141.500
     162.476      302.100       90.695      141.500
     162.586      328.600       90.695      141.500
     162.695      311.700       90.695      141.500
     162.804      318.900       90.695      141.500
     162.915      353.900       90.695      141.500
     163.024      357.100       90.695      141.500
     163.133      356.900       90.695      141.500
     163.243      355.300       90.695      141.500
     163.352      365.000       90.695      141.500
     163.462      392.700       90.695      141.500
     163.575      397.400       90.695      141.500
     163.685      401.000       90.695      141.500
     163.794      401.900       90.695      141.500
     163.904      391.300       90.695      141.500
     164.014      364.300       90.695      141.500
     164.124      364.800       90.695      141.500
     164.233      356.200       90.695      141.500
     164.343      357.000       90.695      141.500
     164.451      358.300       90.695      141.500
     164.561      403.300       90.695      141.500
     164.670      393.300       90.695      141.500
     164.779      393.000       90.695      141.500
     164.889      399.800       90.695      141.500
     164.998      395.000       90.695      141.500
     165.108      401.600       90.695      141.500
     165.217      402.000       90.695      141.500
     165.326      395.400       90.695      141.500
     165.435      401.600       90.695      141.500
     165.545      401.500       90.695      141.500
     165.655      392.600       90.695      141.500
     165.764      402.100       90.695      141.500
     165.873      393.800       90.695      141.500
     165.983      402.400       90.695      141.500
     166.092      402.300       90.695      141.500
     166.201      393.300       90.695      141.500
     166.311      399.600       90.695      141.500
     166.422      396.900       90.695      141.500
     166.531      402.600       90.695      141.500
     166.641      391.900       90.695      141.500
     166.751      401.200       90.695      141.500
     166.861      401.400       90.695      141.500
     166.970      401.700       90.695      141.500
     167.080      398.800       90.695      141.500
     167.191      399.100       90.695      141.500
     167.300      392.900       90.695      141.500
     167.410      400.900       90.695      141.500
     167.520      391.800       90.695      141.500
     167.629      401.800       90.695      141.500
     167.739      398.900       90.695      141.500
     167.849      399.900       90.695      141.500
     167.959      392.200       90.695      141.500
     168.069      401.700       90.695      141.500
     168.178      392.000       90.695      141.500
     168.288      399.300       90.695      141.500
     168.398      401.700       90.695      141.500
     168.508      401.900       90.695      141.500
     168.617      392.400       90.695      141.500
     168.726      402.200       90.695      141.500
     168.836      392.600       90.695      141.500
     168.945      402.100       90.695      141.500
     169.055      392.600       90.695      141.500
     169.165      398.900       90.695      141.500
     169.275      401.200       90.695      141.500
     169.385      399.900       90.695      141.500
     169.494      401.800       90.695      141.500
     169.605      399.400       90.695      141.500
     169.714      393.600       90.695      141.500
     169.824      398.400       90.695      141.500
     169.934      401.300       90.695      141.500
     170.043      402.000       90.695      141.500
     170.154      388.700       90.695      141.500
     170.264      400.100       90.695      141.500
     170.374      399.800       90.695      141.500
     170.484      392.200       90.695      141.500
     170.594      391.200       90.695      141.500
     170.703      394.500       90.695      141.500
     170.813      390.000       90.695      141.500
     170.922      402.100       90.695      141.500
     171.032      401.700       90.695      141.500
     171.141      401.600       90.695      141.500
     171.251      392.800       90.695      141.500
     171.360      395.100       90.695      141.500
     171.470      126.400       91.203      142.004
