# Elapsed time   CPU (%)     Real (MB)   Virtual (MB)
       0.000        0.000       15.293      112.551
       0.109      137.200       15.398      112.680
       0.220      135.000       15.398      112.680
       0.331      145.300       15.398      112.680
       0.440      136.500       15.879      113.215
       0.551      145.300       15.879      113.215
       0.661      145.300       15.879      113.215
       0.771      145.500       15.879      113.215
       0.882      135.200       15.879      113.215
       0.992      145.600       15.879      113.215
       1.101      137.500       15.879      113.215
       1.212      152.500       15.902      113.215
       1.322      135.900       15.902      113.215
       1.432      145.600       15.902      113.215
       1.543      144.500       15.902      113.215
       1.653      146.000       15.902      113.215
       1.764      153.300       15.902      113.215
       1.875      135.100       15.902      113.215
       1.985      145.300       15.902      113.215
       2.094      137.300       15.902      113.215
       2.204      145.400       15.902      113.215
       2.314      136.900       15.902      113.215
       2.424      145.100       15.902      113.215
       2.533      147.200       15.902      113.215
       2.642      136.600       15.902      113.215
       2.752      136.500       15.902      113.215
       2.862      145.600       15.902      113.215
       2.972      145.600       15.902      113.215
       3.082      145.900       15.902      113.215
       3.192      136.300       15.902      113.215
       3.302      145.700       15.902      113.215
       3.411      137.100       15.902      113.215
       3.521      145.800       15.902      113.215
       3.630      137.500       15.902      113.215
       3.739      146.800       15.902      113.215
       3.848      146.300       15.902      113.215
       3.957      137.600       15.902      113.215
       4.067      145.500       15.902      113.215
       4.177      146.200       15.902      113.215
       4.287      136.300       15.906      113.215
       4.397      145.000       15.906      113.215
       4.507      145.400       15.906      113.215
       4.617      145.500       15.906      113.215
       4.727      136.900       15.906      113.215
       4.836      145.900       15.906      113.215
       4.947      135.700       15.906      113.215
       5.058      143.700       15.906      113.215
       5.169      144.300       15.906      113.215
       5.279      145.000       15.906      113.215
       5.390      135.900       15.906      113.215
       5.500      154.600       15.906      113.215
       5.609      137.400       15.906      113.215
       5.720      144.700       15.906      113.215
       5.830      145.400       15.906      113.215
       5.939      136.500       15.906      113.215
       6.051      143.500       15.906      113.215
       6.160      137.800       15.906      113.215
       6.270      145.800       15.914      113.215
       6.379      146.800       15.914      113.215
       6.490      135.200       15.914      113.215
       6.598      147.200       15.914      113.215
       6.709      144.300       15.914      113.215
       6.819      137.000       15.918      113.215
       6.929      145.600       15.918      113.215
       7.039      136.400       15.918      113.215
       7.149      145.000       15.918      113.215
       7.258      137.000       15.918      113.215
       7.368      154.600       15.918      113.215
       7.476      129.500       15.918      113.215
       7.588      143.800       15.918      113.215
       7.699      151.900       15.918      113.215
       7.810      135.700       15.918      113.215
       7.920      145.400       15.918      113.215
       8.030      145.600       15.918      113.215
       8.140      136.600       15.918      113.215
       8.250      145.200       15.918      113.215
       8.361      144.000       15.918      113.215
       8.472      144.500       15.918      113.215
       8.582      127.500       15.918      113.215
       8.692      154.600       15.918      113.215
       8.802      144.300       15.918      113.215
       8.912      136.900       15.918      113.215
       9.022      135.700       15.918      113.215
       9.134      143.800       15.918      113.215
       9.245      144.400       15.918      113.215
       9.354      146.700       15.918      113.215
       9.463      146.000       15.918      113.215
       9.573      145.900       15.918      113.215
       9.682      137.600       15.918      113.215
       9.791      146.600       15.918      113.215
       9.901      136.900       15.918      113.215
      10.011      145.000       15.918      113.215
      10.121      145.400       15.918      113.215
      10.231      146.000       15.918      113.215
      10.340      137.300       15.918      113.215
      10.450      145.400       15.918      113.215
      10.560      145.800       15.918      113.215
      10.669      146.200       15.918      113.215
      10.778      137.100       15.918      113.215
      10.888      145.800       15.918      113.215
      10.997      146.700       15.918      113.215
      11.107      136.900       15.918      113.215
      11.216      147.000       15.918      113.215
      11.325      146.200       15.918      113.215
      11.435      145.900       15.918      113.215
      11.545      144.900       15.918      113.215
      11.658      133.000       15.918      113.215
      11.768      145.200       15.918      113.215
      11.877      147.000       15.918      113.215
      11.987      136.100       15.918      113.215
      12.097      145.600       15.918      113.215
      12.206      147.100       15.918      113.215
      12.316      144.800       15.918      113.215
      12.426      146.100       15.918      113.215
      12.536      144.900       15.918      113.215
      12.646      137.200       15.918      113.215
      12.755      146.700       15.918      113.215
      12.865      136.200       15.918      113.215
      12.975      145.200       15.918      113.215
      13.085      135.800       15.918      113.215
      13.196      144.700       15.918      113.215
      13.308      143.100       15.918      113.215
      13.418      144.900       15.918      113.215
      13.528      145.300       15.918      113.215
      13.638      146.100       15.918      113.215
      13.748      136.100       15.918      113.215
      13.858      146.200       15.918      113.215
      13.967      146.200       15.918      113.215
      14.077      145.100       15.918      113.215
      14.188      153.600       15.918      113.215
      14.298      136.900       15.918      113.215
      14.408      145.400       15.918      113.215
      14.518      145.300       15.918      113.215
      14.627      137.400       15.918      113.215
      14.737      136.500       15.918      113.215
      14.847      145.500       15.918      113.215
      14.956      137.700       15.918      113.215
      15.065      146.600       15.918      113.215
      15.175      145.900       15.918      113.215
      15.283      147.500       15.918      113.215
      15.393      136.600       15.918      113.215
      15.503      135.700       15.918      113.215
      15.612      155.900       15.918      113.215
      15.722      137.300       15.918      113.215
      15.832      145.400       15.918      113.215
      15.942      145.400       15.918      113.215
      16.051      137.700       15.918      113.215
      16.161      145.300       15.918      113.215
      16.271      145.300       15.918      113.215
      16.382      135.700       15.918      113.215
      16.490      147.100       15.918      113.215
      16.600      145.500       15.918      113.215
      16.710      145.900       15.918      113.215
      16.819      137.700       15.918      113.215
      16.928      137.300       15.918      113.215
      17.037      147.200       15.918      113.215
      17.149      142.600       15.918      113.215
      17.259      145.800       15.918      113.215
      17.368      137.400       15.918      113.215
      17.479      135.600       15.918      113.215
      17.588      145.800       15.918      113.215
      17.698      146.100       15.918      113.215
      17.807      146.100       15.918      113.215
      17.916      138.000       15.918      113.215
      18.025      146.200       15.918      113.215
      18.136      145.100       15.918      113.215
      18.247      135.000       15.918      113.215
      18.358      134.900       15.918      113.215
      18.468      145.300       15.918      113.215
      18.578      145.100       15.918      113.215
      18.689      144.700       15.918      113.215
      18.799      146.000       15.918      113.215
      18.909      136.300       15.918      113.215
      19.018      146.000       15.918      113.215
      19.128      145.500       15.918      113.215
      19.238      137.100       15.918      113.215
      19.347      145.600       15.918      113.215
      19.458      144.600       15.918      113.215
      19.568      145.200       15.918      113.215
      19.677      137.600       15.918      113.215
      19.786      146.600       15.918      113.215
      19.896      136.500       15.918      113.215
      20.007      144.200       15.918      113.215
      20.118      144.900       15.918      113.215
      20.228      135.500       15.918      113.215
      20.339      145.100       15.918      113.215
      20.449      144.500       15.918      113.215
      20.561      134.200       15.918      113.215
      20.671      145.800       15.918      113.215
      20.781      145.100       15.918      113.215
      20.891      137.100       15.918      113.215
      21.002      143.700       15.918      113.215
      21.111      137.100       15.918      113.215
      21.221      146.100       15.918      113.215
      21.329      138.200       15.918      113.215
      21.439      145.600       15.918      113.215
      21.549      136.600       15.918      113.215
      21.659      145.900       15.918      113.215
      21.768      146.100       15.918      113.215
      21.878      136.500       15.918      113.215
      21.988      145.700       15.918      113.215
      22.098      145.200       15.918      113.215
      22.208      145.700       15.918      113.215
      22.318      135.900       15.918      113.215
      22.428      145.400       15.918      113.215
      22.539      144.900       15.918      113.215
      22.649      145.100       15.918      113.215
      22.759      136.800       15.918      113.215
      22.868      145.800       15.918      113.215
      22.979      144.800       15.918      113.215
      23.088      137.100       15.918      113.215
      23.198      145.500       15.918      113.215
      23.308      137.200       15.918      113.215
      23.419      143.600       15.918      113.215
      23.529      154.400       15.918      113.215
      23.639      136.700       15.918      113.215
      23.748      146.600       15.918      113.215
      23.858      136.500       15.918      113.215
      23.969      143.900       15.918      113.215
      24.078      146.200       15.918      113.215
      24.188      136.400       15.918      113.215
      24.298      136.800       15.918      113.215
      24.407      146.400       15.918      113.215
      24.517      145.400       15.918      113.215
      24.626      137.600       15.918      113.215
      24.737      144.700       15.918      113.215
      24.846      137.700       15.918      113.215
      24.956      137.000       15.918      113.215
      25.066      153.500       15.918      113.215
      25.175      146.200       15.918      113.215
      25.285      137.700       15.918      113.215
      25.394      145.800       15.918      113.215
      25.504      137.200       15.918      113.215
      25.615      152.800       15.918      113.215
      25.725      145.900       15.918      113.215
      25.834      145.600       15.918      113.215
      25.944      136.500       15.918      113.215
      26.054      146.100       15.918      113.215
      26.164      145.800       15.918      113.215
      26.273      127.400       15.918      113.215
      26.384      145.000       15.918      113.215
      26.494      154.400       15.918      113.215
      26.603      136.900       15.918      113.215
      26.712      137.800       15.918      113.215
      26.823      144.400       15.918      113.215
      26.932      138.100       15.918      113.215
      27.041      145.800       15.918      113.215
      27.150      146.900       15.918      113.215
      27.261      144.500       15.918      113.215
      27.371      136.000       15.918      113.215
      27.481      145.700       15.918      113.215
      27.590      138.000       15.918      113.215
      27.699      146.200       15.918      113.215
      27.809      136.700       15.918      113.215
      27.920      153.500       15.918      113.215
      28.031      135.200       15.918      113.215
      28.141      145.300       15.918      113.215
      28.250      137.200       15.918      113.215
      28.361      144.500       15.918      113.215
      28.470      155.500       15.918      113.215
      28.581      135.700       15.918      113.215
      28.692      153.600       15.918      113.215
      28.802      136.000       15.918      113.215
      28.912      136.600       15.918      113.215
      29.021      155.400       15.918      113.215
      29.131      145.200       15.918      113.215
      29.241      136.900       15.918      113.215
      29.351      145.400       15.918      113.215
      29.461      154.000       15.918      113.215
      29.572      135.700       15.918      113.215
      29.684      142.700       15.918      113.215
      29.794      144.900       15.918      113.215
      29.904      145.600       15.918      113.215
      30.014      146.200       15.918      113.215
      30.124      135.700       15.918      113.215
      30.233      146.800       15.918      113.215
      30.343      136.700       15.918      113.215
      30.454      153.000       15.918      113.215
      30.564      136.300       15.918      113.215
      30.674      145.800       15.918      113.215
      30.786      142.700       15.918      113.215
      30.895      136.800       15.918      113.215
      31.005      145.700       15.918      113.215
      31.115      136.900       15.918      113.215
      31.226      135.200       15.918      113.215
      31.336      144.600       15.918      113.215
      31.446      146.400       15.918      113.215
      31.556      145.500       15.918      113.215
      31.666      135.800       15.918      113.215
      31.775      146.500       15.918      113.215
      31.885      145.400       15.918      113.215
      31.995      146.200       15.918      113.215
      32.104      137.800       15.918      113.215
      32.214      136.000       15.918      113.215
      32.324      145.700       15.918      113.215
      32.433      145.900       15.918      113.215
      32.543      146.500       15.918      113.215
      32.653      135.800       15.918      113.215
      32.762      146.700       15.918      113.215
      32.872      135.900       15.918      113.215
      32.982      155.000       15.918      113.215
      33.092      145.700       15.918      113.215
      33.202      136.000       15.918      113.215
      33.312      145.400       15.918      113.215
      33.424      143.800       15.918      113.215
      33.534      135.500       15.918      113.215
      33.643      146.500       15.918      113.215
      33.753      137.400       15.918      113.215
      33.864      152.400       15.918      113.215
      33.974      136.700       15.918      113.215
      34.083      137.700       15.918      113.215
      34.192      146.200       15.918      113.215
      34.303      135.300       15.918      113.215
      34.413      146.200       15.918      113.215
      34.523      136.100       15.918      113.215
      34.633      154.500       15.918      113.215
      34.742      137.000       15.918      113.215
      34.851      137.600       15.918      113.215
      34.962      153.600       15.922      113.215
      35.072      137.000       15.922      113.215
      35.181      145.800       15.922      113.215
      35.290      137.400       15.922      113.215
      35.400      145.500       15.922      113.215
      35.510      146.200       15.922      113.215
      35.621      134.900       15.922      113.215
      35.732      144.300       15.922      113.215
      35.842      136.400       15.922      113.215
      35.952      154.200       15.922      113.215
      36.062      137.100       15.922      113.215
      36.172      135.400       15.922      113.215
      36.283      144.500       15.922      113.215
      36.393      146.100       15.922      113.215
      36.503      136.200       15.922      113.215
      36.612      146.100       15.922      113.215
      36.722      146.400       15.922      113.215
      36.830      137.700       15.922      113.215
      36.939      138.100       15.922      113.215
      37.048      146.300       15.922      113.215
