# Elapsed time   CPU (%)     Real (MB)   Virtual (MB)
       0.000        0.000        3.285      223.566
       0.011        0.000        3.633      223.566
       0.021        0.000        5.801      447.328
       0.032        0.000        6.504      448.285
       0.043       90.900        9.238      675.906
       0.055        0.000        3.820      223.664
       0.066        0.000       10.262      894.656
       0.077        0.000        7.465      668.879
       0.088        0.000        3.820      223.664
       0.099        0.000        9.281      673.332
       0.111        0.000        3.820      223.664
       0.122        0.000       10.332      894.656
       0.134        0.000        3.828      223.672
       0.146        0.000        5.965      447.328
       0.157        0.000        8.121      670.992
       0.169        0.000        5.285      445.227
       0.180       86.800        6.203      447.730
       0.193        0.000        3.824      223.664
       0.205        0.000        3.832      223.664
       0.217        0.000        3.848      223.793
       0.229        0.000        3.863      223.793
       0.241        0.000        3.895      223.793
       0.253        0.000        3.902      223.793
       0.265        0.000        3.902      223.793
       0.277       84.800        3.902      223.793
       0.289        0.000        3.902      223.793
       0.300        0.000        3.902      223.793
       0.313       82.900        3.910      223.793
       0.324        0.000        3.910      223.793
       0.337        0.000        3.914      223.793
       0.349        0.000        8.508      671.379
       0.362       80.800        3.945      223.793
       0.374        0.000        3.945      223.793
       0.386        0.000        7.320      449.316
       0.398        0.000        3.949      223.793
       0.410        0.000        3.953      223.793
       0.422        0.000        3.953      223.793
       0.435        0.000        8.641      671.379
       0.447       80.500        3.980      223.922
       0.459        0.000        3.980      223.922
       0.472        0.000        3.996      223.922
       0.484        0.000        4.004      223.922
       0.496        0.000        4.004      223.922
       0.508        0.000        6.598      448.359
       0.521       82.100        4.016      223.922
       0.533       82.300        4.027      223.922
       0.545        0.000        1.117       28.785
       0.557      163.700        9.988       72.223
       0.569      169.300       10.648       72.883
       0.581       83.300       15.750      113.422
       0.593       81.700       16.000      113.402
       0.605       83.000       15.969      113.355
       0.617      165.900       15.918      113.285
       0.630       81.900       15.863      113.203
       0.642      164.700       15.773      113.078
       0.654       82.200       15.680      113.070
       0.666      248.600       15.578      112.926
       0.680       72.500       15.461      112.758
       0.692      163.000       15.348      112.727
       0.704       81.800       15.379      112.691
       0.717      162.700       15.453      112.820
       0.729      243.100       15.527      112.820
       0.742       79.500       15.598      112.949
       0.754      165.500       15.605      112.949
       0.766       80.400       15.613      112.949
       0.778      169.200       15.613      112.949
       0.790       83.700       15.621      112.949
       0.803      155.300       15.633      112.949
       0.815      166.500       15.633      112.949
       0.827       81.300       15.633      112.949
       0.839      163.500       15.633      112.949
       0.852      243.200       15.633      112.949
       0.864       81.600       15.633      112.949
       0.876      164.300       15.633      112.949
       0.888      167.800       15.633      112.949
       0.900       83.000       15.633      112.949
       0.912      163.800       15.633      112.949
       0.924      165.200       15.633      112.949
       0.936       82.600       15.633      112.949
       0.949      162.700       15.633      112.949
       0.961      162.900       15.633      112.949
       0.973       81.300       15.633      112.949
       0.985      165.500       15.633      112.949
       0.998      162.600       15.633      112.949
       1.010       83.100       15.633      112.949
       1.022      167.400       15.633      112.949
       1.034      165.000       15.633      112.949
       1.046      165.300       15.633      112.949
       1.058      167.500       15.633      112.949
       1.070       82.000       15.633      112.949
       1.082      163.600       15.633      112.949
       1.094      162.900       15.633      112.949
       1.107      163.400       15.633      112.949
       1.119       83.500       15.633      112.949
       1.131      160.900       15.633      112.949
       1.144      161.100       15.633      112.949
       1.156       82.400       15.633      112.949
       1.168      164.700       15.633      112.949
       1.180       83.000       15.633      112.949
       1.192      162.700       15.633      112.949
       1.204      167.900       15.633      112.949
       1.216      165.100       15.633      112.949
       1.229      156.000       15.633      112.949
       1.241      168.000       15.633      112.949
       1.253       85.800       15.633      112.949
       1.265      162.800       15.633      112.949
       1.277       85.700       15.633      112.949
       1.289      165.700       15.633      112.949
       1.301       82.400       15.633      112.949
       1.313      167.100       15.633      112.949
       1.325      160.400       15.633      112.949
       1.337      163.300       15.633      112.949
       1.350       82.100       15.633      112.949
       1.362      163.300       15.633      112.949
       1.374      164.000       15.633      112.949
       1.386       82.500       15.633      112.949
       1.398      163.800       15.633      112.949
       1.411       82.600       15.633      112.949
       1.422      167.600       17.113      114.523
       1.435       81.500       17.113      114.523
       1.447       83.200       17.113      114.523
