# Elapsed time   CPU (%)     Real (MB)   Virtual (MB)
       0.000        0.000       11.777      701.016
       0.011        0.000        3.699      223.566
       0.022        0.000        5.012      225.934
       0.033        0.000        3.828      223.664
       0.043        0.000        9.328      676.652
       0.054        0.000        8.492      673.320
       0.066        0.000        4.078      224.074
       0.077        0.000        6.000      447.328
       0.088       88.800        5.301      445.176
       0.099        0.000        8.230      670.992
       0.111        0.000        3.836      223.664
       0.122        0.000        8.512      673.320
       0.134        0.000        3.836      223.664
       0.145        0.000        9.668      892.531
       0.157        0.000        3.836      223.664
       0.169        0.000        8.172      670.992
       0.181        0.000        6.070      447.328
       0.193        0.000        3.840      223.664
       0.204        0.000        3.840      223.664
       0.216        0.000        3.852      223.664
       0.228        0.000        3.867      223.793
       0.239        0.000        3.906      223.793
       0.251       85.300        3.918      223.793
       0.262       87.400        3.918      223.793
       0.274        0.000        3.918      223.793
       0.286        0.000        3.918      223.793
       0.298        0.000        3.918      223.793
       0.309        0.000        6.078      447.773
       0.321        0.000        3.926      223.793
       0.333       84.900        3.930      223.793
       0.345        0.000        3.938      223.793
       0.357        0.000        3.961      223.793
       0.368        0.000        3.965      223.793
       0.381        0.000        3.965      223.793
       0.393        0.000        3.965      223.793
       0.405        0.000        3.969      223.793
       0.417        0.000        3.973      223.793
       0.429       83.700        3.992      223.922
       0.441        0.000        3.996      223.922
       0.453       84.800        3.996      223.922
       0.465        0.000        4.012      223.922
       0.477        0.000        6.305      447.844
       0.489        0.000        4.020      223.922
       0.501        0.000        4.020      223.922
       0.513        0.000        4.039      223.922
       0.525       84.000        4.043      223.922
       0.537       79.700       45.902      290.723
       0.550       81.400      153.902      290.723
       0.562       81.600      255.902      290.723
       0.574       81.600      263.559      290.723
       0.586      161.400      263.559      290.723
       0.599       82.100      263.559      290.723
       0.611       80.700      263.559      290.723
       0.623       82.000      263.559      290.723
       0.635       83.200      263.559      290.723
       0.647      168.000      263.559      290.723
       0.659       84.200      263.559      290.723
       0.671       81.500      263.559      290.723
       0.684       79.500      263.559      290.723
       0.696       82.500      263.559      290.723
       0.709      157.000      263.559      290.723
       0.721       83.100      263.559      290.723
       0.733       83.700      263.559      290.723
       0.745       83.500      263.559      290.723
       0.757      167.500      263.559      290.723
       0.769       83.800      263.559      290.723
       0.782       77.300      263.559      290.723
       0.794       81.600      263.559      290.723
       0.806       83.800      263.559      290.723
       0.818      168.900      263.559      290.723
       0.830       83.100      263.559      290.723
       0.842       83.500      263.559      290.723
       0.854       84.500      263.559      290.723
       0.865       84.000      263.559      290.723
       0.878      160.600      263.559      290.723
       0.890       82.400      263.559      290.723
       0.902       83.600      263.559      290.723
       0.914       83.600      263.559      290.723
       0.926       83.800      263.559      290.723
       0.938      162.200      263.559      290.723
       0.951       79.500      263.559      290.723
       0.963       81.400      263.559      290.723
       0.975       83.200      263.559      290.723
       0.987       83.200      263.559      290.723
       1.000      158.800      263.559      290.723
       1.012       82.600      297.910      546.727
       1.024      159.300      379.910      546.727
       1.037        0.000      441.910      546.727
       1.050      156.300      519.562      546.727
       1.061       84.600      519.562      546.727
       1.073       83.100      519.562      546.727
       1.085      164.300      519.562      546.727
       1.098       81.600      519.562      546.727
