# Elapsed time   CPU (%)     Real (MB)   Virtual (MB)
       0.000        0.000        3.270      223.566
       0.011        0.000        3.613      223.566
       0.022        0.000        5.805      447.328
       0.033       91.500        3.734      223.664
       0.043        0.000       11.812     1116.234
       0.055        0.000       10.254      894.656
       0.066        0.000        6.160      447.738
       0.078        0.000        5.270      445.590
       0.089        0.000        8.082      670.992
       0.100        0.000        6.492      449.668
       0.112        0.000        3.742      223.664
       0.123        0.000        8.543      673.332
       0.135        0.000        5.227      445.223
       0.146        0.000        5.934      447.730
       0.158        0.000        5.918      447.328
       0.170        0.000        3.746      223.664
       0.182        0.000        8.098      670.992
       0.194        0.000        3.746      223.664
       0.206        0.000        3.758      223.664
       0.217        0.000        5.973      447.586
       0.229       84.800        3.785      223.793
       0.241        0.000        3.816      223.793
       0.253        0.000        6.625      448.340
       0.265        0.000        3.824      223.793
       0.278        0.000        7.078      449.316
       0.290       83.300        3.824      223.793
       0.301        0.000        3.824      223.793
       0.313        0.000        3.832      223.793
       0.325       81.900        3.832      223.793
       0.337        0.000        3.840      223.793
       0.350        0.000        3.840      223.793
       0.362        0.000        7.520      449.316
       0.374        0.000        3.871      223.793
       0.386        0.000        3.871      223.793
       0.398       83.900        3.871      223.793
       0.410        0.000        3.875      223.793
       0.423        0.000        3.879      223.793
       0.435        0.000        3.898      223.922
       0.447        0.000        3.902      223.922
       0.460        0.000        3.914      223.922
       0.473       81.000        3.922      223.922
       0.485        0.000        3.922      223.922
       0.498        0.000        3.922      223.922
       0.510        0.000        3.922      223.922
       0.523       78.200        3.945      223.922
       0.535        0.000        3.949      223.922
       0.547       79.100        9.738       71.422
       0.560      161.200       10.191       72.375
       0.572      162.300       10.855       73.039
       0.585      162.000       11.508       73.691
       0.597       80.600       16.777      114.426
       0.609      162.400       17.031      114.422
       0.622       80.000       17.059      114.414
       0.634       81.100       17.051      114.402
       0.647       80.900       17.031      114.375
       0.659      162.300       17.000      114.332
       0.671      162.700       16.957      114.270
       0.683      161.600       16.906      114.195
       0.696       81.000       16.832      114.090
       0.709       78.900       16.754      114.105
       0.721      162.700       16.660      113.973
       0.733       82.300       16.562      113.832
       0.745      161.400       16.473      113.832
       0.758      158.100       16.379      113.699
       0.770      160.500       16.277      113.551
       0.783       80.500       16.168      113.527
       0.795      161.400       16.062      113.375
       0.808      162.900       15.961      113.230
       0.820       80.200       15.855      113.211
       0.832      166.700       15.754      113.062
       0.844      162.100       15.691      112.949
       0.857      153.900       15.766      113.078
       0.870      159.900       15.832      113.078
       0.882       81.500       15.902      113.207
       0.894      162.800       15.980      113.336
       0.907       80.600       16.059      113.336
       0.919      240.500       16.137      113.465
       0.932      161.800       16.215      113.465
       0.944       79.200       16.230      113.594
       0.957      157.800       16.234      113.594
       0.969      161.700       16.242      113.594
       0.982       80.600       16.242      113.594
       0.994       81.500       16.242      113.594
       1.006      243.400       16.250      113.594
       1.019       81.000       16.254      113.594
       1.031      161.800       16.270      113.594
       1.043      163.500       16.273      113.594
       1.056       80.300       16.273      113.594
       1.068      162.300       16.273      113.594
       1.080       82.500       16.273      113.594
       1.092      243.700       16.273      113.594
       1.105      163.500       16.273      113.594
       1.117      161.600       16.273      113.594
       1.129       81.900       16.273      113.594
       1.142      161.800       16.273      113.594
       1.154       81.000       16.273      113.594
       1.166      160.000       16.273      113.594
       1.179       82.200       16.273      113.594
       1.191      164.400       16.273      113.594
       1.203      165.000       16.273      113.594
       1.216       79.000       16.273      113.594
       1.228      243.600       16.273      113.594
       1.240       80.600       16.273      113.594
       1.253      154.300       16.273      113.594
       1.266      163.000       16.273      113.594
       1.278       82.700       16.273      113.594
       1.290      156.800       16.273      113.594
       1.302      167.200       16.273      113.594
       1.315       81.500       16.273      113.594
       1.327      162.800       16.273      113.594
       1.339      164.100       16.273      113.594
       1.351      164.100       16.273      113.594
       1.364      162.900       16.273      113.594
       1.376       80.700       16.273      113.594
       1.388      162.100       16.273      113.594
       1.401      162.400       16.273      113.594
       1.413      160.500       16.273      113.594
       1.425       80.900       16.273      113.594
       1.438      240.300       16.273      113.594
       1.451       79.000       16.273      113.594
       1.463      159.300       16.273      113.594
       1.476      160.100       16.273      113.594
       1.488       82.100       16.273      113.594
       1.500      162.600       16.273      113.594
       1.513       79.200       16.273      113.594
       1.525      164.000       16.273      113.594
       1.537      247.000       16.273      113.594
       1.549       81.400       16.273      113.594
       1.562      161.700       16.273      113.594
       1.574      161.200       16.273      113.594
       1.587       80.400       16.273      113.594
       1.599      161.500       16.273      113.594
       1.611      159.600       16.273      113.594
       1.624       81.700       16.273      113.594
       1.636      242.100       16.273      113.594
       1.648       82.200       16.273      113.594
       1.660       82.400       16.273      113.594
       1.673      161.500       16.273      113.594
       1.685      162.600       16.273      113.594
       1.698      160.300       16.273      113.594
       1.710      159.900       16.273      113.594
       1.722       82.400       16.273      113.594
       1.734      163.800       16.273      113.594
       1.747      153.900       16.273      113.594
       1.760       80.200       16.273      113.594
       1.772      159.100       16.273      113.594
       1.785      156.500       16.273      113.594
       1.797       81.700       16.273      113.594
       1.810      242.900       16.273      113.594
       1.822      162.600       16.273      113.594
       1.834       81.300       16.273      113.594
       1.847      156.300       16.273      113.594
       1.859      164.400       16.273      113.594
       1.872      163.000       16.273      113.594
       1.884       80.800       16.273      113.594
       1.896      162.200       16.273      113.594
       1.908       82.400       16.273      113.594
       1.921      159.400       16.273      113.594
       1.933      164.100       16.273      113.594
       1.946      159.800       16.273      113.594
       1.958       81.800       16.273      113.594
       1.970      163.400       16.273      113.594
       1.983      157.000       16.273      113.594
       1.995       81.900       16.273      113.594
       2.008      160.500       16.273      113.594
       2.020      164.900       16.273      113.594
       2.032       80.200       16.273      113.594
       2.045      161.400       16.273      113.594
       2.057      163.300       16.273      113.594
       2.069       82.600       16.273      113.594
       2.081      162.300       16.273      113.594
       2.094      161.900       16.273      113.594
       2.106       80.500       16.273      113.594
       2.119      155.500       16.273      113.594
       2.131      161.300       16.273      113.594
       2.144      156.200       16.273      113.594
       2.157      160.900       16.273      113.594
       2.169      164.100       16.273      113.594
       2.181       78.800       16.273      113.594
       2.194      155.500       16.273      113.594
       2.207       81.400       16.273      113.594
       2.219      161.000       16.273      113.594
       2.232       79.800       16.273      113.594
       2.244      242.800       16.273      113.594
       2.257       78.700       16.273      113.594
       2.269      153.600       16.273      113.594
       2.283       72.300       16.273      113.594
       2.297      151.300       16.273      113.594
       2.309       83.000       16.273      113.594
       2.321      161.700       17.746      115.109
       2.333      162.000       17.746      115.109
       2.346       81.400       17.746      115.109
       2.358       81.800       17.746      115.109
       2.370       81.200       17.746      115.109
       2.383      160.000       17.746      115.109
