# Elapsed time   CPU (%)     Real (MB)   Virtual (MB)
       0.000        0.000       15.465      112.809
       0.110      145.100       15.355      112.680
       0.221      136.000       15.355      112.680
       0.331      144.700       15.355      112.680
       0.441      137.100       15.836      113.215
       0.549      146.900       15.836      113.215
       0.659      146.000       15.836      113.215
       0.769      136.700       15.848      113.215
       0.878      146.300       15.848      113.215
       0.987      137.900       15.848      113.215
       1.097      145.400       15.848      113.215
       1.208      144.100       15.863      113.215
       1.318      146.000       15.863      113.215
       1.427      137.300       15.863      113.215
       1.535      147.700       15.867      113.215
       1.645      146.200       15.867      113.215
       1.755      135.700       15.867      113.215
       1.864      147.200       15.867      113.215
       1.973      146.000       15.867      113.215
       2.083      136.400       15.867      113.215
       2.192      138.200       15.867      113.215
       2.302      145.900       15.867      113.215
       2.411      145.600       15.867      113.215
       2.522      135.800       15.867      113.215
       2.631      147.300       15.867      113.215
       2.742      143.600       15.867      113.215
       2.853      144.000       15.867      113.215
       2.962      146.300       15.867      113.215
       3.072      137.500       15.867      113.215
       3.180      138.300       15.867      113.215
       3.290      145.800       15.867      113.215
       3.399      136.700       15.867      113.215
       3.510      154.000       15.867      113.215
       3.620      136.300       15.867      113.215
       3.730      145.700       15.867      113.215
       3.839      137.000       15.867      113.215
       3.948      147.300       15.867      113.215
       4.057      137.800       15.867      113.215
       4.165      138.200       15.867      113.215
       4.274      146.700       15.891      113.215
       4.386      133.900       15.891      113.215
       4.496      154.900       15.891      113.215
       4.606      136.900       15.891      113.215
       4.715      146.200       15.891      113.215
       4.824      146.300       15.891      113.215
       4.934      137.200       15.891      113.215
       5.044      145.200       15.891      113.215
       5.153      138.200       15.891      113.215
       5.262      155.400       15.891      113.215
       5.371      137.300       15.891      113.215
       5.480      146.400       15.891      113.215
       5.591      136.100       15.891      113.215
       5.700      137.100       15.891      113.215
       5.811      144.500       15.891      113.215
       5.922      153.000       15.891      113.215
       6.032      135.900       15.891      113.215
       6.141      137.800       15.891      113.215
       6.250      146.500       15.891      113.215
       6.360      146.100       15.891      113.215
       6.470      136.300       15.891      113.215
       6.579      146.100       15.891      113.215
       6.689      136.500       15.891      113.215
       6.799      145.700       15.891      113.215
       6.908      146.800       15.891      113.215
       7.018      136.200       15.891      113.215
       7.127      155.800       15.891      113.215
       7.237      128.100       15.891      113.215
       7.346      155.400       15.891      113.215
       7.456      136.800       15.891      113.215
       7.565      146.400       15.891      113.215
       7.675      136.600       15.891      113.215
       7.783      147.300       15.891      113.215
       7.894      135.400       15.891      113.215
       8.003      147.300       15.891      113.215
       8.113      135.900       15.891      113.215
       8.222      137.700       15.891      113.215
       8.332      146.200       15.891      113.215
       8.442      136.300       15.891      113.215
       8.550      147.500       15.891      113.215
       8.660      145.900       15.891      113.215
       8.769      138.000       15.891      113.215
       8.880      152.800       15.891      113.215
       8.989      137.500       15.891      113.215
       9.098      146.100       15.891      113.215
       9.209      135.400       15.891      113.215
       9.322      150.700       15.891      113.215
       9.430      138.300       15.891      113.215
       9.541      145.200       15.891      113.215
       9.651      135.800       15.891      113.215
       9.761      154.000       15.891      113.215
       9.870      138.000       15.891      113.215
       9.981      145.000       15.891      113.215
      10.090      136.600       15.891      113.215
      10.200      146.400       15.891      113.215
      10.310      135.600       15.891      113.215
      10.420      145.900       15.891      113.215
      10.530      145.300       15.891      113.215
      10.640      145.400       15.891      113.215
      10.749      146.500       15.891      113.215
      10.859      127.200       15.891      113.215
      10.971      143.500       15.891      113.215
      11.080      137.600       15.891      113.215
      11.189      146.100       15.891      113.215
      11.299      155.300       15.891      113.215
      11.408      136.800       15.891      113.215
      11.519      145.100       15.891      113.215
      11.629      136.600       15.891      113.215
      11.737      147.400       15.891      113.215
      11.847      145.800       15.891      113.215
      11.957      145.300       15.891      113.215
      12.067      136.100       15.891      113.215
      12.177      146.000       15.891      113.215
      12.287      136.500       15.891      113.215
      12.397      154.800       15.891      113.215
      12.507      135.800       15.891      113.215
      12.618      135.600       15.891      113.215
      12.727      146.000       15.891      113.215
      12.837      145.500       15.891      113.215
      12.947      136.100       15.891      113.215
      13.057      146.600       15.891      113.215
      13.166      145.600       15.891      113.215
      13.276      136.800       15.891      113.215
      13.387      153.600       15.891      113.215
      13.497      145.400       15.891      113.215
      13.606      137.100       15.891      113.215
      13.716      136.200       15.891      113.215
      13.826      146.100       15.891      113.215
      13.936      145.100       15.891      113.215
      14.046      136.000       15.891      113.215
      14.156      137.500       15.891      113.215
      14.265      145.500       15.891      113.215
      14.375      146.700       15.891      113.215
      14.485      135.900       15.891      113.215
      14.595      155.100       15.891      113.215
      14.704      136.900       15.891      113.215
      14.815      153.100       15.891      113.215
      14.925      137.000       15.891      113.215
      15.035      136.500       15.891      113.215
      15.144      146.000       15.891      113.215
      15.254      136.700       15.891      113.215
      15.363      146.300       15.891      113.215
      15.473      146.200       15.891      113.215
      15.583      136.400       15.891      113.215
      15.693      145.500       15.891      113.215
      15.801      147.300       15.891      113.215
      15.911      137.200       15.891      113.215
      16.020      137.600       15.891      113.215
      16.129      146.400       15.891      113.215
      16.240      144.700       15.891      113.215
      16.350      145.400       15.891      113.215
      16.458      138.200       15.891      113.215
      16.567      147.400       15.891      113.215
      16.676      136.700       15.891      113.215
      16.785      147.100       15.891      113.215
      16.896      135.600       15.891      113.215
      17.005      146.800       15.891      113.215
      17.115      145.400       15.891      113.215
      17.225      135.900       15.891      113.215
      17.335      146.300       15.891      113.215
      17.444      145.600       15.891      113.215
      17.556      134.700       15.891      113.215
      17.665      145.900       15.891      113.215
      17.775      136.500       15.891      113.215
      17.885      146.300       15.891      113.215
      17.994      146.000       15.891      113.215
      18.104      146.200       15.891      113.215
      18.213      137.200       15.891      113.215
      18.323      145.800       15.891      113.215
      18.434      144.000       15.891      113.215
      18.543      146.100       15.891      113.215
      18.653      136.600       15.891      113.215
      18.763      145.600       15.891      113.215
      18.873      145.500       15.891      113.215
      18.984      135.800       15.891      113.215
      19.092      147.100       15.891      113.215
      19.204      143.900       15.891      113.215
      19.313      137.100       15.891      113.215
      19.424      143.700       15.891      113.215
      19.533      146.500       15.891      113.215
      19.643      137.200       15.891      113.215
      19.752      136.800       15.891      113.215
      19.862      145.800       15.891      113.215
      19.972      146.100       15.891      113.215
      20.082      144.300       15.891      113.215
      20.192      137.000       15.891      113.215
      20.302      145.900       15.891      113.215
      20.411      146.300       15.891      113.215
      20.520      138.100       15.891      113.215
      20.629      145.800       15.891      113.215
      20.739      136.400       15.891      113.215
      20.849      136.100       15.891      113.215
      20.958      147.100       15.891      113.215
      21.068      146.000       15.891      113.215
      21.177      146.200       15.891      113.215
      21.287      136.800       15.891      113.215
      21.396      146.200       15.891      113.215
      21.506      145.900       15.891      113.215
      21.615      137.600       15.891      113.215
      21.724      137.200       15.891      113.215
      21.834      155.300       15.891      113.215
      21.943      128.000       15.891      113.215
      22.053      155.000       15.891      113.215
      22.162      137.800       15.891      113.215
      22.273      143.500       15.891      113.215
      22.383      145.200       15.891      113.215
      22.495      134.900       15.891      113.215
      22.604      145.600       15.891      113.215
      22.714      146.300       15.891      113.215
      22.823      137.700       15.891      113.215
      22.933      145.000       15.891      113.215
      23.043      145.900       15.891      113.215
      23.152      137.100       15.891      113.215
      23.262      136.600       15.891      113.215
      23.371      146.500       15.891      113.215
      23.481      145.400       15.891      113.215
      23.590      138.300       15.891      113.215
      23.699      146.300       15.891      113.215
      23.809      136.700       15.891      113.215
      23.919      145.500       15.891      113.215
      24.029      136.600       15.891      113.215
      24.139      144.900       15.891      113.215
      24.249      146.200       15.891      113.215
      24.358      145.900       15.891      113.215
      24.467      146.500       15.891      113.215
      24.577      136.600       15.891      113.215
      24.686      138.200       15.891      113.215
      24.796      145.600       15.891      113.215
      24.905      146.600       15.891      113.215
      25.014      146.000       15.891      113.215
      25.125      144.100       15.891      113.215
      25.235      136.400       15.891      113.215
      25.345      146.100       15.891      113.215
      25.455      145.700       15.891      113.215
      25.564      137.200       15.891      113.215
      25.673      147.000       15.891      113.215
      25.782      146.200       15.891      113.215
      25.892      127.800       15.891      113.215
      26.001      146.800       15.891      113.215
      26.111      145.000       15.891      113.215
      26.220      137.700       15.891      113.215
      26.329      147.300       15.891      113.215
      26.439      136.300       15.891      113.215
      26.549      136.000       15.891      113.215
      26.659      145.800       15.891      113.215
      26.768      146.300       15.891      113.215
      26.878      137.000       15.891      113.215
      26.987      137.200       15.891      113.215
      27.096      147.100       15.891      113.215
      27.205      146.400       15.891      113.215
      27.315      145.900       15.891      113.215
      27.426      125.600       15.891      113.215
      27.536      146.000       15.891      113.215
      27.645      146.200       15.891      113.215
      27.755      137.000       15.891      113.215
      27.865      153.500       15.891      113.215
      27.976      144.500       15.891      113.215
      28.087      135.600       15.891      113.215
      28.196      146.000       15.891      113.215
      28.307      135.800       15.891      113.215
      28.417      153.700       15.891      113.215
      28.527      146.200       15.891      113.215
      28.637      136.400       15.891      113.215
      28.747      144.900       15.891      113.215
      28.856      146.600       15.891      113.215
      28.966      145.900       15.891      113.215
      29.076      136.700       15.891      113.215
      29.186      144.800       15.891      113.215
      29.296      154.200       15.891      113.215
      29.406      136.600       15.891      113.215
      29.516      145.600       15.891      113.215
      29.626      136.300       15.891      113.215
      29.736      146.200       15.891      113.215
      29.845      146.800       15.891      113.215
      29.954      146.800       15.891      113.215
      30.063      136.700       15.891      113.215
      30.172      146.800       15.891      113.215
      30.282      145.600       15.891      113.215
      30.393      135.900       15.891      113.215
      30.501      138.600       15.891      113.215
      30.611      136.300       15.891      113.215
      30.722      144.500       15.891      113.215
      30.832      145.300       15.891      113.215
      30.941      146.400       15.891      113.215
      31.050      137.300       15.891      113.215
      31.160      145.900       15.891      113.215
      31.270      136.700       15.891      113.215
      31.379      137.200       15.891      113.215
      31.489      145.300       15.891      113.215
      31.598      147.200       15.891      113.215
      31.707      146.100       15.891      113.215
      31.817      136.900       15.891      113.215
      31.927      145.500       15.891      113.215
      32.037      136.700       15.891      113.215
      32.145      147.600       15.891      113.215
      32.254      146.400       15.891      113.215
      32.363      146.900       15.891      113.215
      32.473      136.900       15.891      113.215
      32.582      136.700       15.891      113.215
      32.692      145.900       15.891      113.215
      32.801      146.800       15.891      113.215
      32.913      134.500       15.891      113.215
      33.021      147.000       15.891      113.215
      33.130      138.200       15.891      113.215
      33.239      146.600       15.891      113.215
      33.348      137.400       15.891      113.215
      33.458      145.300       15.891      113.215
      33.567      137.800       15.891      113.215
      33.678      144.300       15.891      113.215
      33.789      144.600       15.891      113.215
      33.897      138.300       15.891      113.215
      34.008      136.000       15.891      113.215
      34.117      146.500       15.891      113.215
      34.227      145.500       15.891      113.215
      34.337      145.100       15.891      113.215
      34.446      137.000       15.891      113.215
      34.557      145.200       15.891      113.215
      34.668      143.500       15.891      113.215
      34.778      146.200       15.891      113.215
      34.887      146.200       15.891      113.215
      34.997      136.200       15.891      113.215
      35.108      144.700       15.891      113.215
      35.216      137.900       15.891      113.215
      35.327      154.100       15.891      113.215
      35.437      136.400       15.891      113.215
      35.546      146.700       15.891      113.215
      35.657      144.200       15.891      113.215
      35.766      137.100       15.891      113.215
      35.875      146.700       15.891      113.215
      35.985      136.500       15.891      113.215
      36.095      137.100       15.891      113.215
      36.205      145.300       15.891      113.215
      36.314      146.100       15.891      113.215
      36.425      144.800       15.891      113.215
      36.535      136.600       15.891      113.215
      36.644      146.100       15.891      113.215
      36.753      146.600       15.891      113.215
      36.864      144.100       15.891      113.215
      36.975      144.100       15.891      113.215
      37.085      137.200       15.891      113.215
      37.194      145.500       15.891      113.215
