# Elapsed time   CPU (%)     Real (MB)   Virtual (MB)
       0.000        0.000       15.469      112.812
       0.110      136.300       15.359      112.680
       0.219      137.600       15.359      112.680
       0.328      146.900       15.359      112.680
       0.437      137.400       15.844      113.215
       0.546      146.600       15.844      113.215
       0.656      146.300       15.855      113.215
       0.765      137.400       15.855      113.215
       0.874      137.300       15.855      113.215
       0.984      136.500       15.855      113.215
       1.095      152.800       15.855      113.215
       1.205      136.100       15.855      113.215
       1.315      137.100       15.855      113.215
       1.424      146.800       15.855      113.215
       1.534      144.900       15.855      113.215
       1.645      144.700       15.855      113.215
       1.754      136.800       15.855      113.215
       1.865      136.100       15.855      113.215
       1.974      146.000       15.855      113.215
       2.083      146.700       15.855      113.215
       2.192      138.200       15.855      113.215
       2.301      146.100       15.855      113.215
       2.411      146.400       15.879      113.215
       2.520      137.000       15.879      113.215
       2.630      145.700       15.879      113.215
       2.739      146.700       15.879      113.215
       2.848      147.300       15.879      113.215
       2.957      136.900       15.879      113.215
       3.069      143.100       15.879      113.215
       3.178      128.100       15.879      113.215
       3.289      144.900       15.879      113.215
       3.398      146.400       15.879      113.215
       3.508      136.600       15.879      113.215
       3.616      156.600       15.879      113.215
       3.726      136.300       15.879      113.215
       3.836      145.800       15.879      113.215
       3.946      136.300       15.879      113.215
       4.056      146.100       15.879      113.215
       4.165      145.900       15.879      113.215
       4.275      136.800       15.879      113.215
       4.384      147.000       15.879      113.215
       4.493      137.400       15.879      113.215
       4.602      146.900       15.879      113.215
       4.711      137.200       15.879      113.215
       4.820      137.800       15.879      113.215
       4.930      155.200       15.879      113.215
       5.039      127.800       15.879      113.215
       5.148      146.900       15.879      113.215
       5.258      145.700       15.879      113.215
       5.366      138.300       15.879      113.215
       5.475      138.200       15.879      113.215
       5.584      147.200       15.879      113.215
       5.693      137.200       15.879      113.215
       5.802      137.100       15.879      113.215
       5.913      153.500       15.879      113.215
       6.023      145.200       15.879      113.215
       6.132      137.700       15.879      113.215
       6.242      136.500       15.879      113.215
       6.351      156.000       15.879      113.215
       6.461      127.900       15.879      113.215
       6.570      155.200       15.879      113.215
       6.680      145.900       15.879      113.215
       6.790      136.600       15.879      113.215
       6.899      137.600       15.879      113.215
       7.009      153.700       15.887      113.215
       7.119      145.600       15.887      113.215
       7.229      145.600       15.887      113.215
       7.338      137.700       15.887      113.215
       7.448      136.800       15.887      113.215
       7.556      147.300       15.887      113.215
       7.666      145.600       15.887      113.215
       7.775      137.700       15.887      113.215
       7.884      137.400       15.887      113.215
       7.994      154.000       15.887      113.215
       8.105      135.900       15.887      113.215
       8.214      137.500       15.887      113.215
       8.324      145.900       15.887      113.215
       8.433      136.900       15.887      113.215
       8.543      145.700       15.887      113.215
       8.653      145.900       15.887      113.215
       8.762      137.100       15.887      113.215
       8.871      146.800       15.887      113.215
       8.980      137.400       15.887      113.215
       9.091      145.100       15.887      113.215
       9.200      136.900       15.887      113.215
       9.310      145.500       15.887      113.215
       9.419      146.600       15.887      113.215
       9.529      136.300       15.887      113.215
       9.639      146.300       15.887      113.215
       9.748      136.800       15.887      113.215
       9.858      137.300       15.887      113.215
       9.967      154.900       15.887      113.215
      10.077      136.900       15.887      113.215
      10.186      146.700       15.887      113.215
      10.295      137.700       15.887      113.215
      10.404      146.600       15.887      113.215
      10.513      146.800       15.887      113.215
      10.622      137.700       15.887      113.215
      10.731      137.100       15.887      113.215
      10.841      146.200       15.887      113.215
      10.950      145.900       15.887      113.215
      11.060      145.500       15.887      113.215
      11.170      136.400       15.887      113.215
      11.279      156.500       15.887      113.215
      11.389      136.100       15.887      113.215
      11.499      136.200       15.887      113.215
      11.608      147.600       15.887      113.215
      11.718      136.000       15.887      113.215
      11.827      155.300       15.887      113.215
      11.937      137.200       15.887      113.215
      12.046      145.900       15.887      113.215
      12.156      146.600       15.887      113.215
      12.265      137.000       15.887      113.215
      12.375      145.700       15.887      113.215
      12.484      146.200       15.887      113.215
      12.595      135.100       15.887      113.215
      12.706      153.000       15.887      113.215
      12.815      137.700       15.887      113.215
      12.925      137.000       15.887      113.215
      13.035      136.700       15.887      113.215
      13.145      136.000       15.887      113.215
      13.255      155.000       15.887      113.215
      13.364      137.300       15.887      113.215
      13.472      138.000       15.887      113.215
      13.581      138.200       15.887      113.215
      13.690      146.800       15.887      113.215
      13.799      137.300       15.895      113.215
      13.909      146.100       15.895      113.215
      14.018      137.500       15.895      113.215
      14.127      146.400       15.895      113.215
      14.237      146.200       15.895      113.215
      14.346      137.300       15.895      113.215
      14.456      154.500       15.895      113.215
      14.566      127.400       15.895      113.215
      14.675      146.500       15.895      113.215
      14.785      145.200       15.895      113.215
      14.894      137.500       15.895      113.215
      15.002      147.900       15.895      113.215
      15.112      136.700       15.895      113.215
      15.221      137.400       15.895      113.215
      15.330      146.900       15.895      113.215
      15.440      136.800       15.895      113.215
      15.549      146.700       15.895      113.215
      15.658      137.600       15.895      113.215
      15.767      146.600       15.895      113.215
      15.877      136.900       15.895      113.215
      15.985      147.300       15.895      113.215
      16.094      137.400       15.895      113.215
      16.203      147.900       15.895      113.215
      16.312      128.400       15.895      113.215
      16.421      146.100       15.895      113.215
      16.529      148.200       15.895      113.215
      16.637      129.300       15.895      113.215
      16.746      156.000       15.895      113.215
      16.856      136.700       15.895      113.215
      16.966      136.500       15.895      113.215
      17.076      145.700       15.895      113.215
      17.185      146.000       15.895      113.215
      17.295      146.500       15.895      113.215
      17.404      137.000       15.895      113.215
      17.513      137.300       15.895      113.215
      17.622      147.000       15.895      113.215
      17.732      137.200       15.895      113.215
      17.840      147.200       15.895      113.215
      17.950      146.200       15.895      113.215
      18.059      137.100       15.895      113.215
      18.168      147.100       15.895      113.215
      18.278      136.000       15.895      113.215
      18.388      146.300       15.895      113.215
      18.497      136.900       15.895      113.215
      18.607      145.000       15.895      113.215
      18.718      145.200       15.895      113.215
      18.827      137.100       15.895      113.215
      18.936      146.700       15.895      113.215
      19.045      137.800       15.895      113.215
      19.154      146.800       15.895      113.215
      19.263      137.600       15.895      113.215
      19.373      136.800       15.895      113.215
      19.483      145.000       15.895      113.215
      19.593      135.900       15.895      113.215
      19.703      146.100       15.895      113.215
      19.813      145.300       15.895      113.215
      19.923      145.000       15.895      113.215
      20.033      146.300       15.895      113.215
      20.143      144.800       15.895      113.215
      20.253      136.900       15.895      113.215
      20.363      145.500       15.895      113.215
      20.473      144.800       15.895      113.215
      20.583      136.900       15.895      113.215
      20.692      137.400       15.895      113.215
      20.802      146.000       15.895      113.215
      20.911      146.400       15.895      113.215
      21.020      146.100       15.895      113.215
      21.129      138.000       15.895      113.215
      21.240      135.300       15.895      113.215
      21.350      145.700       15.895      113.215
      21.459      137.300       15.895      113.215
      21.568      146.500       15.895      113.215
      21.678      145.900       15.895      113.215
