# Elapsed time   CPU (%)     Real (MB)   Virtual (MB)
       0.000        0.000       19.641      162.719
       0.010       96.900      113.641      162.719
       0.021       97.100      135.641      162.719
       0.031       97.700      135.641      162.719
       0.041       97.800      135.641      162.719
       0.051       97.900      135.641      162.719
       0.062       96.900      135.641      162.719
       0.072       97.300      135.641      162.719
       0.082       97.300      135.641      162.719
       0.092       97.100      135.641      162.719
       0.103       97.300      135.641      162.719
       0.113       97.400      135.641      162.719
       0.123       97.600      135.641      162.719
       0.134       97.100      135.641      162.719
       0.144       97.100      135.641      162.719
       0.154       97.100      135.641      162.719
       0.164       97.300      135.641      162.719
       0.175       97.300      135.641      162.719
       0.185       97.600      135.641      162.719
       0.195       98.000      135.641      162.719
       0.205       98.100      135.641      162.719
       0.216       98.100      135.641      162.719
       0.226       98.100      135.641      162.719
       0.236       98.000      135.641      162.719
       0.246       98.100      135.641      162.719
       0.256       98.000      135.641      162.719
