# Elapsed time   CPU (%)     Real (MB)   Virtual (MB)
       0.000        0.000      263.746      290.711
       0.110      100.100      263.746      290.711
       0.220      100.200      263.746      290.711
       0.329      100.200      263.746      290.711
       0.440       99.000      263.746      290.711
       0.552       98.600      263.746      290.711
       0.663       99.100      263.746      290.711
       0.774       99.000      263.746      290.711
       0.886       98.800      263.746      290.711
       0.997       98.800      263.746      290.711
       1.108       99.100      263.746      290.711
       1.219       98.900      263.746      290.711
       1.330       99.000      263.746      290.711
       1.441       99.200      263.746      290.711
       1.552       99.300      263.746      290.711
       1.663       99.100      263.746      290.711
       1.774       99.000      263.746      290.711
       1.885       99.100      263.746      290.711
       1.996       99.100      263.746      290.711
       2.107       99.000      263.746      290.711
       2.218      108.000      263.746      290.711
       2.329       99.000      263.746      290.711
       2.440       99.100      263.746      290.711
       2.552       98.900      263.746      290.711
       2.663       99.000      263.746      290.711
       2.774       99.000      263.746      290.711
       2.885       99.100      263.746      290.711
       2.996       99.100      263.746      290.711
       3.107       99.000      263.746      290.711
       3.218       99.100      263.746      290.711
       3.329       98.900      263.746      290.711
       3.440       98.900      263.746      290.711
       3.551       99.000      263.746      290.711
       3.663       99.000      263.746      290.711
       3.774       99.000      263.746      290.711
       3.885       99.200      263.746      290.711
       3.996       99.100      263.746      290.711
       4.107       99.100      263.746      290.711
       4.218      108.100      263.746      290.711
       4.329       99.000      263.746      290.711
       4.440       99.200      263.746      290.711
       4.551       99.000      263.746      290.711
       4.662       99.100      263.746      290.711
       4.772       99.400      263.746      290.711
       4.884       98.900      263.746      290.711
       4.995       98.600      263.746      290.711
       5.107       98.400      263.746      290.711
       5.218       98.900      263.746      290.711
       5.329       99.000      263.746      290.711
       5.440       99.000      263.746      290.711
       5.552       98.900      263.746      290.711
       5.663       99.000      263.746      290.711
       5.774      107.600      263.746      290.711
       5.885       98.900      263.746      290.711
       5.997       99.000      263.746      290.711
       6.108       98.900      263.746      290.711
       6.219       98.900      263.746      290.711
       6.330       98.900      263.746      290.711
       6.441       99.000      263.746      290.711
       6.552       99.100      263.746      290.711
       6.664       99.000      263.746      290.711
       6.775       98.800      263.746      290.711
       6.886       98.900      263.746      290.711
       6.997       98.900      263.746      290.711
       7.109       98.900      263.746      290.711
       7.220       98.900      263.746      290.711
       7.331       99.000      263.746      290.711
       7.442      107.900      263.746      290.711
       7.553       99.000      263.746      290.711
       7.665       98.800      263.746      290.711
       7.776       98.800      263.746      290.711
       7.887       99.000      263.746      290.711
       7.999       98.700      263.746      290.711
       8.112       97.400      263.746      290.711
       8.223       99.100      263.746      290.711
       8.334       99.000      263.746      290.711
       8.445       99.000      263.746      290.711
       8.556       98.900      263.746      290.711
       8.667      107.900      263.746      290.711
       8.778       98.900      263.746      290.711
       8.890       98.900      263.746      290.711
       9.001       98.900      263.746      290.711
       9.112       98.800      263.746      290.711
       9.223       98.900      263.746      290.711
       9.335       98.900      263.746      290.711
       9.446       99.000      263.746      290.711
       9.557       98.800      263.746      290.711
       9.668       99.000      263.746      290.711
       9.779       99.000      263.746      290.711
       9.890       99.000      263.746      290.711
      10.001       99.100      263.746      290.711
      10.113       98.800      263.746      290.711
      10.224       99.000      263.746      290.711
      10.335       99.000      263.746      290.711
      10.446      107.800      263.746      290.711
      10.558       98.700      263.746      290.711
      10.669       98.800      263.746      290.711
      10.780       98.900      263.746      290.711
      10.891       99.000      263.746      290.711
      11.002       99.100      263.746      290.711
      11.113       98.900      263.746      290.711
      11.225       98.900      263.746      290.711
      11.336       99.000      263.746      290.711
      11.447       98.700      263.746      290.711
      11.559       98.500      263.746      290.711
      11.671       98.400      263.746      290.711
      11.782      107.500      263.746      290.711
      11.894       98.600      263.746      290.711
      12.005       98.900      263.746      290.711
      12.116       98.800      263.746      290.711
      12.227       99.000      263.746      290.711
      12.338       99.100      263.746      290.711
      12.450       99.000      263.746      290.711
      12.561       98.900      263.746      290.711
      12.672       99.000      263.746      290.711
      12.783       98.900      263.746      290.711
      12.894       99.100      263.746      290.711
      13.005       99.200      263.746      290.711
      13.116       98.700      263.746      290.711
      13.228       98.900      263.746      290.711
      13.339       99.100      263.746      290.711
      13.450      108.200      263.746      290.711
      13.561       98.900      263.746      290.711
      13.672       99.000      263.746      290.711
      13.783       99.000      263.746      290.711
      13.894       99.000      263.746      290.711
      14.005       99.200      263.746      290.711
      14.116       98.600      263.746      290.711
      14.228       98.900      263.746      290.711
      14.339       98.900      263.746      290.711
      14.450       98.800      263.746      290.711
      14.562       98.700      263.746      290.711
      14.675       97.300      263.746      290.711
      14.786      107.700      263.746      290.711
      14.897       99.100      263.746      290.711
      15.009       98.600      263.746      290.711
      15.120       98.700      263.746      290.711
      15.232       98.800      263.746      290.711
      15.343       98.800      263.746      290.711
      15.454       98.900      263.746      290.711
      15.565       98.800      263.746      290.711
      15.677       98.800      263.746      290.711
      15.788       98.500      263.746      290.711
      15.900       98.600      263.746      290.711
      16.011      107.900      263.746      290.711
      16.123       98.800      263.746      290.711
      16.234       99.000      263.746      290.711
      16.344       99.600      263.746      290.711
      16.455       99.200      263.746      290.711
      16.567       98.600      263.746      290.711
      16.678       98.900      263.746      290.711
      16.789       99.000      263.746      290.711
      16.900       99.000      263.746      290.711
      17.011       99.000      263.746      290.711
      17.122       99.000      263.746      290.711
      17.233       98.900      263.746      290.711
      17.345       99.000      263.746      290.711
      17.456       99.100      263.746      290.711
      17.567       98.900      263.746      290.711
      17.678       99.100      263.746      290.711
      17.789      107.500      263.746      290.711
      17.901       98.700      263.746      290.711
      18.012       99.000      263.746      290.711
      18.123       98.700      263.746      290.711
      18.235       98.600      263.746      290.711
      18.347       98.600      263.746      290.711
      18.455      101.300      263.746      290.711
      18.566       98.800      263.746      290.711
      18.678       99.000      263.746      290.711
      18.789       99.100      263.746      290.711
      18.900       99.100      263.746      290.711
      19.011       99.000      263.746      290.711
      19.122       99.100      263.746      290.711
      19.233       99.100      263.746      290.711
      19.344       99.000      263.746      290.711
      19.455       99.000      263.746      290.711
      19.566       98.900      263.746      290.711
      19.677       99.000      263.746      290.711
      19.789       98.600      263.746      290.711
      19.901      107.400      263.746      290.711
      20.012       98.600      263.746      290.711
      20.123       99.000      263.746      290.711
      20.235       98.900      263.746      290.711
      20.346       98.900      263.746      290.711
      20.457       99.000      263.746      290.711
      20.568       99.000      263.746      290.711
      20.679       99.000      263.746      290.711
      20.790       99.000      263.746      290.711
      20.901       99.000      263.746      290.711
      21.013       99.000      263.746      290.711
      21.124       99.100      263.746      290.711
      21.235       99.100      263.746      290.711
      21.346       98.800      263.746      290.711
      21.457      108.100      263.746      290.711
      21.569       98.700      263.746      290.711
      21.680       98.900      263.746      290.711
      21.791       99.000      263.746      290.711
      21.902       99.000      263.746      290.711
      22.013       99.000      263.746      290.711
      22.124       99.000      263.746      290.711
      22.235       99.000      263.746      290.711
      22.346       99.000      263.746      290.711
      22.458       98.900      263.746      290.711
      22.569       98.900      263.746      290.711
      22.680       99.000      263.746      290.711
      22.791       98.900      263.746      290.711
      22.902      108.000      263.746      290.711
      23.014       98.900      263.746      290.711
      23.124       90.700      263.746      290.711
      23.235      108.000      263.746      290.711
      23.346       99.100      263.746      290.711
      23.457       99.000      263.746      290.711
      23.568       99.000      263.746      290.711
      23.679       99.000      263.746      290.711
      23.790       99.000      263.746      290.711
      23.901       99.000      263.746      290.711
      24.012       99.100      263.746      290.711
      24.123       99.100      263.746      290.711
      24.234       99.100      263.746      290.711
      24.345       99.100      263.746      290.711
      24.456       98.900      263.746      290.711
      24.568       98.800      263.746      290.711
      24.680       97.600      263.746      290.711
      24.792       98.800      263.746      290.711
      24.903      107.800      263.746      290.711
      25.015       98.700      263.746      290.711
      25.126       98.800      263.746      290.711
      25.237       98.700      263.746      290.711
      25.349       98.800      263.746      290.711
      25.460       98.600      263.746      290.711
      25.572       98.600      263.746      290.711
      25.683       98.800      263.746      290.711
      25.796       97.600      263.746      290.711
      25.908      106.800      263.746      290.711
      26.019       98.900      263.746      290.711
      26.131       98.900      263.746      290.711
      26.242       98.900      263.746      290.711
      26.355       97.200      263.746      290.711
      26.466       98.900      263.746      290.711
      26.578       98.600      263.746      290.711
      26.689       98.900      263.746      290.711
      26.800       98.900      263.746      290.711
      26.911      108.100      263.746      290.711
      27.022       99.000      263.746      290.711
      27.134       99.000      263.746      290.711
      27.245       99.000      263.746      290.711
      27.356       99.000      263.746      290.711
      27.467       99.100      263.746      290.711
      27.578       99.000      263.746      290.711
      27.689       99.000      263.746      290.711
      27.800       99.000      263.746      290.711
      27.912       98.400      263.746      290.711
      28.023       98.600      263.746      290.711
      28.135       98.600      263.746      290.711
      28.246       98.700      263.746      290.711
      28.357       99.100      263.746      290.711
      28.467      100.500      263.746      290.711
      28.578       99.000      263.746      290.711
      28.689       99.100      263.746      290.711
      28.800       98.900      263.746      290.711
      28.911      108.100      263.746      290.711
      29.023       98.600      263.746      290.711
      29.134       98.600      263.746      290.711
      29.246       98.800      263.746      290.711
      29.358       98.000      263.746      290.711
      29.469       98.900      263.746      290.711
      29.580       99.000      263.746      290.711
      29.692       98.800      263.746      290.711
      29.803       98.500      263.746      290.711
      29.914       99.000      263.746      290.711
      30.026       98.900      263.746      290.711
      30.137       99.000      263.746      290.711
      30.248      108.100      263.746      290.711
      30.359       99.000      263.746      290.711
      30.470       99.000      263.746      290.711
      30.581       98.800      263.746      290.711
      30.692       99.000      263.746      290.711
      30.804       98.800      263.746      290.711
      30.915       98.900      263.746      290.711
      31.026       98.900      263.746      290.711
      31.137       98.900      263.746      290.711
      31.248       99.000      263.746      290.711
      31.360       98.800      263.746      290.711
      31.471       98.900      263.746      290.711
      31.582       98.900      263.746      290.711
      31.693       99.100      263.746      290.711
      31.804       99.000      263.746      290.711
      31.915      108.100      263.746      290.711
      32.026       99.100      263.746      290.711
      32.137       99.100      263.746      290.711
      32.248       99.000      263.746      290.711
      32.360       99.000      263.746      290.711
      32.471       98.900      263.746      290.711
      32.582       99.000      263.746      290.711
      32.693       99.000      263.746      290.711
      32.804       98.900      263.746      290.711
      32.916       98.400      263.746      290.711
      33.026       99.700      263.746      290.711
      33.137       99.000      263.746      290.711
      33.249       98.800      263.746      290.711
      33.360       99.000      263.746      290.711
      33.471       99.000      263.746      290.711
      33.582       99.000      263.746      290.711
      33.693       99.100      263.746      290.711
      33.804      107.800      263.746      290.711
      33.916       99.000      263.746      290.711
      34.027       99.000      263.746      290.711
      34.138       98.900      263.746      290.711
      34.249       99.000      263.746      290.711
      34.360       99.100      263.746      290.711
      34.471       99.100      263.746      290.711
      34.583       98.700      263.746      290.711
      34.693       99.200      263.746      290.711
      34.805       98.600      263.746      290.711
      34.916       98.800      263.746      290.711
      35.027       99.000      263.746      290.711
      35.139       99.000      263.746      290.711
      35.249       99.100      263.746      290.711
      35.361       99.000      263.746      290.711
      35.472       99.100      263.746      290.711
      35.583      108.000      263.746      290.711
      35.694       98.800      263.746      290.711
      35.805       98.800      263.746      290.711
      35.917       98.500      263.746      290.711
      36.028       99.100      263.746      290.711
      36.139       98.700      263.746      290.711
      36.251       98.500      263.746      290.711
      36.362       98.700      263.746      290.711
      36.474       98.800      263.746      290.711
      36.585       98.900      263.746      290.711
      36.696       99.000      263.746      290.711
      36.807       98.900      263.746      290.711
      36.918      108.000      263.746      290.711
      37.030       98.900      263.746      290.711
      37.141       99.000      263.746      290.711
      37.252       98.900      263.746      290.711
      37.363       98.900      263.746      290.711
      37.474       98.900      263.746      290.711
      37.586       98.900      263.746      290.711
      37.697       98.800      263.746      290.711
      37.808       99.100      263.746      290.711
      37.918       99.700      263.746      290.711
      38.029       99.000      263.746      290.711
      38.141       98.900      263.746      290.711
      38.252       98.900      263.746      290.711
      38.363       99.100      263.746      290.711
      38.473       99.700      263.746      290.711
      38.584       99.000      263.746      290.711
      38.695       99.000      263.746      290.711
      38.807       98.900      263.746      290.711
      38.918       99.100      263.746      290.711
      39.029      108.100      263.746      290.711
      39.140       98.900      263.746      290.711
      39.251       99.000      263.746      290.711
      39.362       99.000      263.746      290.711
      39.473       99.000      263.746      290.711
      39.584       99.100      263.746      290.711
      39.695       99.000      263.746      290.711
      39.806       99.000      263.746      290.711
      39.918       98.600      263.746      290.711
      40.029       99.000      263.746      290.711
      40.140       98.800      263.746      290.711
      40.252       99.000      263.746      290.711
      40.363       99.000      263.746      290.711
      40.474       98.900      263.746      290.711
      40.585       99.000      263.746      290.711
      40.696       99.100      263.746      290.711
      40.807      108.100      263.746      290.711
      40.918       99.000      263.746      290.711
      41.029       99.000      263.746      290.711
      41.140       98.900      263.746      290.711
      41.253       98.000      263.746      290.711
      41.364       99.100      263.746      290.711
      41.475       98.900      263.746      290.711
      41.585       99.500      263.746      290.711
      41.697       98.900      263.746      290.711
      41.808       98.800      263.746      290.711
      41.919       99.000      263.746      290.711
      42.030       99.100      263.746      290.711
      42.141       98.800      263.746      290.711
      42.252       99.000      263.746      290.711
      42.364       99.000      263.746      290.711
      42.475      108.000      263.746      290.711
      42.586       98.800      263.746      290.711
      42.697       99.000      263.746      290.711
      42.808       98.800      263.746      290.711
      42.921       97.700      263.746      290.711
      43.032       98.700      263.746      290.711
      43.144       98.600      263.746      290.711
      43.255       98.800      263.746      290.711
      43.367       98.900      263.746      290.711
      43.478       99.000      263.746      290.711
      43.589       99.000      263.746      290.711
      43.700       98.900      263.746      290.711
      43.812      107.300      263.746      290.711
      43.923       98.700      263.746      290.711
      44.034       98.900      263.746      290.711
      44.145       99.100      263.746      290.711
      44.257       98.700      263.746      290.711
      44.368       98.800      263.746      290.711
      44.480       98.900      263.746      290.711
      44.592       98.100      263.746      290.711
      44.703       98.500      263.746      290.711
      44.815       98.600      263.746      290.711
      44.926      107.700      263.746      290.711
      45.037       98.900      263.746      290.711
      45.149       98.900      263.746      290.711
      45.260       98.900      263.746      290.711
      45.371       98.700      263.746      290.711
      45.482       99.000      263.746      290.711
      45.594       99.000      263.746      290.711
      45.705       99.000      263.746      290.711
      45.816       99.100      263.746      290.711
      45.927       99.000      263.746      290.711
      46.038       98.700      263.746      290.711
      46.150       98.300      263.746      290.711
      46.262       98.600      263.746      290.711
      46.373       99.000      263.746      290.711
      46.484      108.100      263.746      290.711
      46.596       98.300      263.746      290.711
      46.707       98.800      263.746      290.711
      46.818       98.700      263.746      290.711
      46.930       98.900      263.746      290.711
      47.041       98.900      263.746      290.711
      47.152       99.000      263.746      290.711
      47.263       99.100      263.746      290.711
      47.374       99.000      263.746      290.711
      47.485       99.000      263.746      290.711
      47.596       99.100      263.746      290.711
      47.707       99.200      263.746      290.711
      47.818       99.100      263.746      290.711
      47.929       98.900      263.746      290.711
      48.040       99.000      263.746      290.711
      48.152      108.000      263.746      290.711
      48.263       98.600      263.746      290.711
      48.375       98.000      263.746      290.711
      48.486       99.100      263.746      290.711
      48.600       97.200      263.746      290.711
      48.711       98.300      263.746      290.711
      48.824       98.100      263.746      290.711
      48.935       99.100      263.746      290.711
      49.045      108.100      263.746      290.711
      49.157       99.000      263.746      290.711
      49.268       99.000      263.746      290.711
      49.379       99.100      263.746      290.711
      49.490       98.900      263.746      290.711
      49.601       99.000      263.746      290.711
      49.712       99.300      263.746      290.711
      49.823       99.100      263.746      290.711
      49.934       98.700      263.746      290.711
      50.045       99.000      263.746      290.711
      50.156       99.000      263.746      290.711
      50.268       99.000      263.746      290.711
      50.379       99.000      263.746      290.711
      50.490       98.900      263.746      290.711
      50.601       98.800      263.746      290.711
      50.712       99.000      263.746      290.711
      50.823       98.900      263.746      290.711
      50.935      108.000      263.746      290.711
      51.046       99.100      263.746      290.711
      51.156       99.700      263.746      290.711
      51.266       99.600      263.746      290.711
      51.377       99.000      263.746      290.711
      51.488       99.000      263.746      290.711
      51.600       98.200      263.746      290.711
      51.711       99.100      263.746      290.711
      51.822       99.000      263.746      290.711
      51.934       99.000      263.746      290.711
      52.045       99.000      263.746      290.711
      52.156       99.100      263.746      290.711
      52.267       99.100      263.746      290.711
      52.378       99.100      263.746      290.711
      52.489       99.100      263.746      290.711
      52.600       99.000      263.746      290.711
      52.711       99.100      263.746      290.711
      52.822       99.100      263.746      290.711
      52.934       98.600      263.746      290.711
      53.045      107.500      263.746      290.711
      53.157       98.500      263.746      290.711
      53.268       99.000      263.746      290.711
      53.379       99.100      263.746      290.711
      53.490       99.100      263.746      290.711
      53.601       99.100      263.746      290.711
      53.712       99.100      263.746      290.711
      53.823       99.000      263.746      290.711
      53.934       98.900      263.746      290.711
      54.045       99.100      263.746      290.711
      54.156       99.100      263.746      290.711
      54.267       99.100      263.746      290.711
      54.379       99.000      263.746      290.711
      54.490       99.100      263.746      290.711
      54.601       98.800      263.746      290.711
      54.712       99.100      263.746      290.711
      54.823      108.000      263.746      290.711
      54.934       99.100      263.746      290.711
      55.045       99.100      263.746      290.711
      55.156       98.900      263.746      290.711
      55.267       99.000      263.746      290.711
      55.378       98.900      263.746      290.711
      55.489       99.000      263.746      290.711
      55.601       98.900      263.746      290.711
      55.712       99.000      263.746      290.711
      55.823       98.900      263.746      290.711
      55.934       99.000      263.746      290.711
      56.045       99.100      263.746      290.711
      56.156       99.100      263.746      290.711
      56.267       99.100      263.746      290.711
      56.378       99.000      263.746      290.711
      56.489      107.900      263.746      290.711
      56.601       99.000      263.746      290.711
      56.712       98.900      263.746      290.711
      56.823       99.000      263.746      290.711
      56.934       99.200      263.746      290.711
      57.045       99.100      263.746      290.711
      57.156       99.100      263.746      290.711
      57.267       99.000      263.746      290.711
      57.378       99.100      263.746      290.711
      57.489       98.900      263.746      290.711
      57.600       99.100      263.746      290.711
      57.711       99.100      263.746      290.711
      57.823       98.500      263.746      290.711
      57.934       99.200      263.746      290.711
      58.045       98.600      263.746      290.711
      58.156       99.100      263.746      290.711
      58.267      108.100      263.746      290.711
      58.378       99.000      263.746      290.711
      58.490       98.400      263.746      290.711
      58.602       98.500      263.746      290.711
      58.713       99.000      263.746      290.711
      58.824       99.000      263.746      290.711
      58.935       99.100      263.746      290.711
      59.046       99.000      263.746      290.711
      59.157       99.000      263.746      290.711
      59.268       99.000      263.746      290.711
      59.379       99.100      263.746      290.711
      59.490       99.600      263.746      290.711
      59.601       98.700      263.746      290.711
      59.712       99.000      263.746      290.711
      59.824       98.800      263.746      290.711
      59.935       99.000      263.746      290.711
      60.046       99.200      263.746      290.711
      60.157      108.100      263.746      290.711
      60.268       99.100      263.746      290.711
      60.379       99.100      263.746      290.711
      60.490       99.000      263.746      290.711
      60.601       99.000      263.746      290.711
      60.712       99.100      263.746      290.711
      60.823       99.100      263.746      290.711
      60.934       99.100      263.746      290.711
      61.045       99.200      263.746      290.711
      61.156       98.800      263.746      290.711
      61.267       98.900      263.746      290.711
      61.379       99.000      263.746      290.711
      61.490       98.900      263.746      290.711
      61.601       99.100      263.746      290.711
      61.712       99.000      263.746      290.711
      61.823       99.100      263.746      290.711
      61.934       99.200      263.746      290.711
      62.045       99.100      263.746      290.711
      62.156      108.000      263.746      290.711
      62.267       99.000      263.746      290.711
      62.378       99.100      263.746      290.711
      62.489       99.100      263.746      290.711
      62.600       99.100      263.746      290.711
      62.711       99.200      263.746      290.711
      62.823       98.700      263.746      290.711
      62.934       98.700      263.746      290.711
      63.045       98.700      263.746      290.711
      63.157       98.900      263.746      290.711
      63.268       99.000      263.746      290.711
      63.379       99.100      263.746      290.711
      63.490       99.000      263.746      290.711
      63.601       99.000      263.746      290.711
      63.712       99.000      263.746      290.711
      63.823       99.100      263.746      290.711
      63.935      106.900      263.746      290.711
      64.046       99.100      263.746      290.711
      64.157       99.100      263.746      290.711
      64.268       99.100      263.746      290.711
      64.379       99.100      263.746      290.711
      64.491       98.500      263.746      290.711
      64.603       98.600      263.746      290.711
      64.714       98.700      263.746      290.711
      64.825       98.700      263.746      290.711
      64.936       99.100      263.746      290.711
      65.048       99.000      263.746      290.711
      65.158       99.200      263.746      290.711
      65.269      108.100      263.746      290.711
      65.381       99.000      263.746      290.711
