# Elapsed time   CPU (%)     Real (MB)   Virtual (MB)
       0.000        0.000       11.809      701.016
       0.011        0.000        5.355      445.773
       0.022        0.000        3.832      223.664
       0.033        0.000        3.832      223.664
       0.043        0.000        3.832      223.664
       0.054        0.000        4.191      225.992
       0.065       91.600       10.566      894.656
       0.077        0.000        3.852      223.672
       0.088        0.000       10.492      894.656
       0.100        0.000        3.863      224.066
       0.111        0.000        8.273      670.992
       0.122        0.000        5.250      445.172
       0.134        0.000       10.504      894.664
       0.146        0.000        6.059      447.328
       0.157        0.000       10.500      894.656
       0.169        0.000        6.062      447.328
       0.181        0.000        3.848      223.664
       0.193        0.000        6.066      447.328
       0.205        0.000        3.859      223.664
       0.217        0.000        3.871      223.793
       0.229        0.000        3.898      223.793
       0.241       82.200        3.918      223.793
       0.252        0.000        3.926      223.793
       0.264       85.300        6.789      448.602
       0.276        0.000        3.926      223.793
       0.288        0.000        3.926      223.793
       0.300        0.000        3.930      223.793
       0.312        0.000        3.938      223.793
       0.324        0.000        3.938      223.793
       0.337        0.000        8.648      671.379
       0.350        0.000        3.973      223.793
       0.362        0.000        3.973      223.793
       0.374       81.800        3.973      223.793
       0.386        0.000        3.973      223.793
       0.398        0.000        3.980      223.793
       0.411        0.000        3.984      223.793
       0.423       83.300        4.000      223.922
       0.435        0.000        4.004      223.922
       0.447        0.000        4.008      223.922
       0.460       81.700        4.023      223.922
       0.472        0.000        4.027      223.922
       0.485        0.000        4.027      223.922
       0.497        0.000        4.031      223.922
       0.510        0.000        4.051      223.922
       0.522        0.000        0.648        4.164
       0.534      165.600       10.109       72.242
       0.546      247.900       12.566      110.930
       0.559       82.000       16.113      113.418
       0.570       84.000       16.102      113.398
       0.583       80.900       16.062      113.344
       0.595      161.700       16.000      113.254
       0.608      159.700       15.918      113.137
       0.620      163.700       15.824      113.133
       0.632       81.500       15.727      112.992
       0.644      162.800       15.617      112.836
       0.657      162.700       15.504      112.801
       0.669       82.400       15.457      112.691
       0.681      158.800       15.531      112.820
       0.694       80.400       15.605      112.820
       0.706      162.100       15.664      112.949
       0.719      239.200       15.707      112.949
       0.731       80.800       15.715      112.949
       0.743      168.600       15.715      112.949
       0.755       82.500       15.719      112.949
       0.768      159.500       15.734      112.949
       0.781      151.300       15.734      112.949
       0.793      161.400       15.734      112.949
       0.806       81.600       15.734      112.949
       0.818      163.900       15.734      112.949
       0.830      165.800       15.734      112.949
       0.842      159.700       15.734      112.949
       0.855       82.300       15.734      112.949
       0.867      162.900       15.734      112.949
       0.879      165.900       15.734      112.949
       0.891       80.300       15.734      112.949
       0.904      162.800       15.734      112.949
       0.916      161.800       15.734      112.949
       0.928       83.500       15.734      112.949
       0.940      247.400       15.734      112.949
       0.952       82.400       15.734      112.949
       0.965      160.700       15.734      112.949
       0.977       78.000       15.734      112.949
       0.990      159.600       15.734      112.949
       1.002      165.900       15.734      112.949
       1.015      160.600       15.734      112.949
       1.027       81.300       15.734      112.949
       1.039      161.500       15.734      112.949
       1.051      163.800       15.734      112.949
       1.063       81.900       15.734      112.949
       1.076      160.100       15.734      112.949
       1.088      167.900       15.734      112.949
       1.100      167.200       15.734      112.949
       1.112       81.900       15.734      112.949
       1.124      163.600       15.734      112.949
       1.137      164.400       15.734      112.949
       1.149      162.700       15.734      112.949
       1.161      165.300       15.734      112.949
       1.173       81.300       15.734      112.949
       1.185      167.800       15.734      112.949
       1.198      160.800       15.734      112.949
       1.210       80.200       15.734      112.949
       1.222      241.600       15.734      112.949
       1.235       79.000       15.734      112.949
       1.247      164.000       15.734      112.949
       1.260       81.900       15.734      112.949
       1.272       82.200       15.734      112.949
       1.284      163.400       15.734      112.949
       1.296      164.900       15.734      112.949
       1.309       78.500       15.734      112.949
       1.321      163.100       15.734      112.949
       1.333      241.100       15.734      112.949
       1.346       81.500       15.734      112.949
       1.358      167.500       15.734      112.949
       1.370       81.500       15.734      112.949
       1.382       82.000       15.734      112.949
       1.394      167.100       15.734      112.949
       1.407      156.900       17.215      114.523
       1.419       80.200       17.215      114.523
