# Elapsed time   CPU (%)     Real (MB)   Virtual (MB)
       0.000        0.000       71.527       98.730
       0.109      146.200       78.188      173.609
       0.219      118.800       80.273      175.715
       0.329      127.300       81.816      177.133
       0.438      127.600       81.215      176.656
       0.549      135.300       80.863      176.180
       0.659      136.900       80.738      176.180
       0.769      118.100       82.898      178.340
       0.878      137.000       82.898      178.340
       0.988      127.300       82.898      178.340
       1.098      127.400       83.852      179.293
       1.209      127.100       82.422      177.863
       1.318      127.700       80.637      175.953
       1.427      128.600       80.637      175.953
       1.538      135.400       80.988      176.430
       1.647      119.500       81.469      176.910
       1.756      127.900       80.988      176.430
       1.866      137.000       81.945      177.387
       1.975      127.700       82.422      177.863
       2.085      136.300       82.070      177.387
       2.195      136.800       82.422      177.863
       2.304      136.900       81.465      176.910
       2.415      126.500       81.945      177.387
       2.525      136.900       84.328      179.770
       2.634      118.900       83.375      178.816
       2.744      146.000       81.469      176.910
       2.853      127.900       83.375      178.816
       2.963      127.700       84.805      180.246
       3.072      127.800       84.453      179.770
       3.182      136.700       81.590      176.906
       3.292      135.900       83.500      178.816
       3.402      136.900       83.852      179.293
       3.513      126.500       84.328      179.770
       3.622      128.100       83.375      178.816
       3.733      135.700       82.422      177.863
       3.842      136.500       81.945      177.387
       3.952      145.600       81.469      176.910
       4.063      145.000       82.422      177.863
       4.173      144.600       81.945      177.387
       4.284      144.800       81.117      176.434
       4.393      136.900       81.945      177.387
       4.503      146.100       81.945      177.387
       4.612      146.200       82.418      177.859
       4.723      144.800       82.406      177.848
       4.833      136.800       82.879      178.320
       4.943      145.600       83.352      178.793
       5.053      135.900       83.828      179.270
       5.163      136.300       82.996      178.312
       5.273      145.600       83.824      179.266
       5.386      133.000       84.773      180.215
       5.495      145.900       85.250      180.691
       5.605      136.500       84.297      179.738
       5.715      146.000       84.297      179.738
       5.824      146.800       84.297      179.738
       5.933      137.800       83.348      178.789
       6.042      146.100       84.773      180.215
       6.152      145.200       84.297      179.738
       6.262      146.100       84.773      180.215
       6.371      146.500       83.820      179.262
       6.481      136.600       83.945      179.262
       6.590      136.900       83.344      178.785
       6.699      137.600       83.820      179.262
       6.809      155.800       84.297      179.738
       6.918      137.100       84.773      180.215
       7.028      144.800       84.773      180.215
       7.138      136.900       83.820      179.262
       7.248      145.300       84.297      179.738
       7.358      145.800       83.945      179.262
       7.468      136.400       83.344      178.785
       7.579      152.500       82.391      177.832
       7.690      135.500       84.301      179.742
       7.803      142.100       85.250      180.691
       7.912      146.700       82.992      178.309
       8.021      137.500       83.820      179.262
       8.130      146.300       83.824      179.266
       8.239      137.400       84.297      179.738
       8.349      145.800       83.344      178.785
       8.459      145.700       84.297      179.738
       8.568      137.500       83.340      178.781
       8.678      136.700       85.250      180.691
       8.787      136.800       85.254      180.695
       8.897      136.800       85.254      180.695
       9.007      146.000       84.898      180.215
       9.116      127.500       84.773      180.215
       9.226      136.600       84.297      179.738
       9.336      145.800       84.422      179.738
       9.446      145.400       84.773      180.215
       9.556      136.100       85.254      180.695
       9.669      142.100       84.297      179.738
