# Elapsed time   CPU (%)     Real (MB)   Virtual (MB)
       0.000        0.000      263.559      290.711
       0.109      101.100      263.559      290.711
       0.219       99.600      263.559      290.711
       0.329       99.700      263.559      290.711
       0.441       99.000      263.559      290.711
       0.552       98.700      263.559      290.711
       0.664       97.800      263.559      290.711
       0.776       99.100      263.559      290.711
       0.887       98.300      263.559      290.711
       1.001       96.600      263.559      290.711
       1.114      106.700      263.559      290.711
       1.226       98.400      263.559      290.711
       1.337       98.500      263.559      290.711
       1.448       98.900      263.559      290.711
       1.560       99.000      263.559      290.711
       1.671       99.000      263.559      290.711
       1.782       99.000      263.559      290.711
       1.893       98.800      263.559      290.711
       2.005       98.500      263.559      290.711
       2.116       98.700      263.559      290.711
       2.228       98.800      263.559      290.711
       2.339       98.900      263.559      290.711
       2.450      107.400      263.559      290.711
       2.562       99.000      263.559      290.711
       2.673       99.100      263.559      290.711
       2.784       98.900      263.559      290.711
       2.896       98.500      263.559      290.711
       3.007       98.800      263.559      290.711
       3.118       99.000      263.559      290.711
       3.229       98.900      263.559      290.711
       3.340       99.000      263.559      290.711
       3.451       99.100      263.559      290.711
       3.563       98.900      263.559      290.711
       3.674       99.000      263.559      290.711
       3.786      107.200      263.559      290.711
       3.897       98.700      263.559      290.711
       4.008       98.900      263.559      290.711
       4.120       99.000      263.559      290.711
       4.231       98.900      263.559      290.711
       4.342       99.000      263.559      290.711
       4.453       99.000      263.559      290.711
       4.564       98.900      263.559      290.711
       4.675       99.000      263.559      290.711
       4.786       98.900      263.559      290.711
       4.895      101.000      263.559      290.711
       5.006       99.000      263.559      290.711
       5.118       99.000      263.559      290.711
       5.229       99.000      263.559      290.711
       5.340       98.900      263.559      290.711
       5.451       98.900      263.559      290.711
       5.562       99.000      263.559      290.711
       5.673       99.000      263.559      290.711
       5.785      108.000      263.559      290.711
       5.896       99.000      263.559      290.711
       6.007       98.900      263.559      290.711
       6.118       99.000      263.559      290.711
       6.229       98.900      263.559      290.711
       6.340       98.900      263.559      290.711
       6.452       98.900      263.559      290.711
       6.563       99.000      263.559      290.711
       6.674       98.900      263.559      290.711
       6.785       98.900      263.559      290.711
       6.897       98.200      263.559      290.711
       7.009       98.700      263.559      290.711
       7.120       98.900      263.559      290.711
       7.231      107.700      263.559      290.711
       7.342       99.100      263.559      290.711
       7.454       98.900      263.559      290.711
       7.565       99.000      263.559      290.711
       7.676       98.800      263.559      290.711
       7.787       99.000      263.559      290.711
       7.898       98.900      263.559      290.711
       8.010       98.700      263.559      290.711
       8.121       98.800      263.559      290.711
       8.232       99.000      263.559      290.711
       8.343       99.000      263.559      290.711
       8.454       99.100      263.559      290.711
       8.566       98.700      263.559      290.711
       8.678      107.300      263.559      290.711
       8.789       98.900      263.559      290.711
       8.900       99.000      263.559      290.711
       9.011       98.800      263.559      290.711
       9.123       98.900      263.559      290.711
       9.234       98.900      263.559      290.711
       9.345       99.000      263.559      290.711
       9.456       98.900      263.559      290.711
       9.567       99.000      263.559      290.711
       9.679       98.900      263.559      290.711
       9.790       99.100      263.559      290.711
       9.901       99.000      263.559      290.711
      10.012       98.900      263.559      290.711
      10.125      106.200      263.559      290.711
      10.235       99.500      263.559      290.711
      10.347       98.900      263.559      290.711
      10.458       99.000      263.559      290.711
      10.569       98.900      263.559      290.711
      10.680       98.900      263.559      290.711
      10.791       98.900      263.559      290.711
      10.903       98.800      263.559      290.711
      11.017       96.300      263.559      290.711
      11.128       99.000      263.559      290.711
      11.240      107.400      263.559      290.711
      11.351       98.400      263.559      290.711
      11.463       98.500      263.559      290.711
      11.575       98.300      263.559      290.711
      11.687       98.400      263.559      290.711
      11.800       97.400      263.559      290.711
      11.911       99.200      263.559      290.711
      12.022       98.900      263.559      290.711
      12.133       99.000      263.559      290.711
      12.244      107.700      263.559      290.711
      12.357       97.800      263.559      290.711
      12.468       98.400      263.559      290.711
      12.579       99.100      263.559      290.711
      12.691       98.400      263.559      290.711
      12.802       99.000      263.559      290.711
      12.913       99.100      263.559      290.711
      13.024       99.100      263.559      290.711
      13.135       99.100      263.559      290.711
      13.246       99.000      263.559      290.711
      13.358       99.000      263.559      290.711
      13.469       98.900      263.559      290.711
      13.580       98.900      263.559      290.711
      13.691      107.800      263.559      290.711
      13.803       98.800      263.559      290.711
      13.914       98.900      263.559      290.711
      14.025       98.900      263.559      290.711
      14.136       99.000      263.559      290.711
      14.247       98.900      263.559      290.711
      14.359       99.000      263.559      290.711
      14.470       99.000      263.559      290.711
      14.581       99.000      263.559      290.711
      14.692       99.000      263.559      290.711
      14.803       99.000      263.559      290.711
      14.913       99.600      263.559      290.711
      15.025       99.000      263.559      290.711
      15.137      106.300      263.559      290.711
      15.248       99.500      263.559      290.711
      15.359       98.900      263.559      290.711
      15.470       98.900      263.559      290.711
      15.581       98.900      263.559      290.711
      15.693       99.000      263.559      290.711
      15.804       99.000      263.559      290.711
      15.915       99.100      263.559      290.711
      16.026       98.900      263.559      290.711
      16.137       99.000      263.559      290.711
      16.248       99.000      263.559      290.711
      16.359       98.900      263.559      290.711
      16.470       99.000      263.559      290.711
      16.581       99.100      263.559      290.711
      16.692       99.100      263.559      290.711
      16.804       98.600      263.559      290.711
      16.916      107.100      263.559      290.711
      17.027       99.000      263.559      290.711
      17.138       98.900      263.559      290.711
      17.249       99.000      263.559      290.711
      17.360       99.000      263.559      290.711
      17.472       99.000      263.559      290.711
      17.583       99.000      263.559      290.711
      17.694       99.000      263.559      290.711
      17.805       99.000      263.559      290.711
      17.916       99.100      263.559      290.711
      18.027       99.000      263.559      290.711
      18.138       99.000      263.559      290.711
      18.249       99.100      263.559      290.711
      18.360      108.100      263.559      290.711
      18.474       97.000      263.559      290.711
      18.585       99.000      263.559      290.711
      18.696       99.000      263.559      290.711
      18.807       98.800      263.559      290.711
      18.918       99.000      263.559      290.711
      19.029       99.000      263.559      290.711
      19.140       99.000      263.559      290.711
      19.252       99.000      263.559      290.711
      19.363       99.100      263.559      290.711
      19.474       99.000      263.559      290.711
      19.585       99.100      263.559      290.711
      19.696       99.000      263.559      290.711
      19.807       99.000      263.559      290.711
      19.918      108.000      263.559      290.711
      20.029       99.000      263.559      290.711
      20.140       98.900      263.559      290.711
      20.252       98.400      263.559      290.711
      20.364       98.600      263.559      290.711
      20.475       99.000      263.559      290.711
      20.586       99.100      263.559      290.711
      20.697       98.900      263.559      290.711
      20.808       99.100      263.559      290.711
      20.919       99.100      263.559      290.711
      21.030       98.900      263.559      290.711
      21.142       99.000      263.559      290.711
      21.253       99.100      263.559      290.711
      21.364       99.100      263.559      290.711
      21.475      108.100      263.559      290.711
      21.586       99.100      263.559      290.711
      21.699       97.000      263.559      290.711
      21.810       98.700      263.559      290.711
      21.922       99.000      263.559      290.711
      22.033       98.800      263.559      290.711
      22.144       99.000      263.559      290.711
      22.255       99.000      263.559      290.711
      22.366       98.800      263.559      290.711
      22.477       99.000      263.559      290.711
      22.589       98.900      263.559      290.711
      22.700       99.000      263.559      290.711
      22.811      107.900      263.559      290.711
      22.922       99.000      263.559      290.711
      23.033       99.000      263.559      290.711
      23.144       99.000      263.559      290.711
      23.255       99.000      263.559      290.711
      23.366       99.300      263.559      290.711
      23.477       99.000      263.559      290.711
      23.588       98.800      263.559      290.711
      23.700       98.800      263.559      290.711
      23.811       99.000      263.559      290.711
      23.922       99.000      263.559      290.711
      24.033       99.000      263.559      290.711
      24.144       98.900      263.559      290.711
      24.256       98.800      263.559      290.711
      24.369      106.200      263.559      290.711
      24.480       98.400      263.559      290.711
      24.592       99.000      263.559      290.711
      24.703       98.600      263.559      290.711
      24.814       99.000      263.559      290.711
      24.925       99.300      263.559      290.711
      25.037       98.500      263.559      290.711
      25.148       98.900      263.559      290.711
      25.259       98.600      263.559      290.711
      25.371       98.500      263.559      290.711
      25.483       98.600      263.559      290.711
      25.593       99.100      263.559      290.711
      25.705      108.000      263.559      290.711
      25.816       99.000      263.559      290.711
      25.927       99.100      263.559      290.711
      26.038       99.000      263.559      290.711
      26.149       99.000      263.559      290.711
      26.260       99.000      263.559      290.711
      26.371       99.000      263.559      290.711
      26.482       99.000      263.559      290.711
      26.593       99.000      263.559      290.711
      26.705       98.800      263.559      290.711
      26.816       98.900      263.559      290.711
      26.927       99.100      263.559      290.711
      27.038       98.900      263.559      290.711
      27.149       99.000      263.559      290.711
      27.260       99.000      263.559      290.711
      27.371       99.000      263.559      290.711
      27.483      107.800      263.559      290.711
      27.594       98.900      263.559      290.711
      27.705       98.900      263.559      290.711
      27.816       98.900      263.559      290.711
      27.928       98.900      263.559      290.711
      28.039       98.900      263.559      290.711
      28.150       99.000      263.559      290.711
      28.261       99.000      263.559      290.711
      28.372       99.000      263.559      290.711
      28.483       98.900      263.559      290.711
      28.596       98.100      263.559      290.711
      28.707       98.900      263.559      290.711
      28.818       99.000      263.559      290.711
      28.929       99.100      263.559      290.711
      29.040       99.000      263.559      290.711
      29.151      108.000      263.559      290.711
      29.262       98.900      263.559      290.711
      29.374       98.500      263.559      290.711
      29.485       98.700      263.559      290.711
      29.596       99.100      263.559      290.711
      29.707       99.100      263.559      290.711
      29.818       99.000      263.559      290.711
      29.930       99.000      263.559      290.711
      30.040       99.700      263.559      290.711
      30.151       98.800      263.559      290.711
      30.262       98.900      263.559      290.711
      30.374       98.800      263.559      290.711
      30.485       98.900      263.559      290.711
      30.596       98.900      263.559      290.711
      30.707      108.000      263.559      290.711
      30.818       98.900      263.559      290.711
      30.930       99.000      263.559      290.711
      31.041       99.000      263.559      290.711
      31.152       99.000      263.559      290.711
      31.263       99.000      263.559      290.711
      31.374       99.000      263.559      290.711
      31.485       98.800      263.559      290.711
      31.596       99.100      263.559      290.711
      31.707       99.800      263.559      290.711
      31.818       98.900      263.559      290.711
      31.929       98.700      263.559      290.711
      32.040       98.900      263.559      290.711
      32.152       99.100      263.559      290.711
      32.263       99.000      263.559      290.711
      32.374       99.000      263.559      290.711
      32.485       98.900      263.559      290.711
      32.596      107.900      263.559      290.711
      32.708       98.900      263.559      290.711
      32.819       98.900      263.559      290.711
      32.930       98.900      263.559      290.711
      33.041       98.900      263.559      290.711
      33.153       98.800      263.559      290.711
      33.264       98.800      263.559      290.711
      33.374       99.500      263.559      290.711
      33.486       98.900      263.559      290.711
      33.597       98.900      263.559      290.711
      33.708       98.900      263.559      290.711
      33.819       98.800      263.559      290.711
      33.931       99.000      263.559      290.711
      34.042       98.900      263.559      290.711
      34.153       98.900      263.559      290.711
      34.264       99.000      263.559      290.711
      34.376      107.500      263.559      290.711
      34.487       98.400      263.559      290.711
      34.599       98.800      263.559      290.711
      34.710       98.800      263.559      290.711
      34.821       98.900      263.559      290.711
      34.933       98.800      263.559      290.711
      35.043       99.600      263.559      290.711
      35.154       98.900      263.559      290.711
      35.265       98.900      263.559      290.711
      35.377       98.800      263.559      290.711
      35.488       98.900      263.559      290.711
      35.599       99.000      263.559      290.711
      35.710      107.900      263.559      290.711
      35.822       98.900      263.559      290.711
      35.933       99.000      263.559      290.711
      36.044       98.900      263.559      290.711
      36.155       98.900      263.559      290.711
      36.266       98.700      263.559      290.711
      36.378       99.000      263.559      290.711
      36.489       98.900      263.559      290.711
      36.599       99.600      263.559      290.711
      36.710       99.600      263.559      290.711
      36.821       99.000      263.559      290.711
      36.932       99.000      263.559      290.711
      37.043       99.000      263.559      290.711
      37.154       99.000      263.559      290.711
      37.265       98.800      263.559      290.711
      37.377       99.000      263.559      290.711
      37.488       98.800      263.559      290.711
      37.599      107.900      263.559      290.711
      37.710       98.900      263.559      290.711
      37.821       99.000      263.559      290.711
      37.933       99.000      263.559      290.711
      38.044       98.900      263.559      290.711
      38.155       98.900      263.559      290.711
      38.266       98.900      263.559      290.711
      38.378       98.600      263.559      290.711
      38.489       98.700      263.559      290.711
      38.601       98.400      263.559      290.711
      38.712       99.000      263.559      290.711
      38.823       98.900      263.559      290.711
      38.934       99.000      263.559      290.711
      39.046      108.000      263.559      290.711
      39.157       99.000      263.559      290.711
      39.268       99.100      263.559      290.711
      39.379       98.600      263.559      290.711
      39.490       98.900      263.559      290.711
      39.603       98.000      263.559      290.711
      39.714       98.900      263.559      290.711
      39.825       99.100      263.559      290.711
      39.937       98.100      263.559      290.711
      40.049       98.800      263.559      290.711
      40.160       99.000      263.559      290.711
      40.271       98.800      263.559      290.711
      40.382       99.000      263.559      290.711
      40.493      107.800      263.559      290.711
      40.605       98.900      263.559      290.711
      40.716       98.900      263.559      290.711
      40.827       99.000      263.559      290.711
      40.938       99.100      263.559      290.711
      41.049       99.000      263.559      290.711
      41.160       99.100      263.559      290.711
      41.271       99.000      263.559      290.711
      41.382       98.900      263.559      290.711
      41.494       99.000      263.559      290.711
      41.605       98.900      263.559      290.711
      41.717       98.400      263.559      290.711
      41.828       98.800      263.559      290.711
      41.939      107.900      263.559      290.711
      42.050       99.000      263.559      290.711
      42.162       98.900      263.559      290.711
      42.273       99.000      263.559      290.711
      42.384       98.600      263.559      290.711
      42.496       98.600      263.559      290.711
      42.607       98.800      263.559      290.711
      42.718       99.100      263.559      290.711
      42.829       99.000      263.559      290.711
      42.940       99.100      263.559      290.711
      43.051       99.000      263.559      290.711
      43.162       99.100      263.559      290.711
      43.274       98.600      263.559      290.711
      43.385       98.600      263.559      290.711
      43.497      107.800      263.559      290.711
      43.608       99.000      263.559      290.711
      43.719       98.800      263.559      290.711
      43.830       99.100      263.559      290.711
      43.941       99.100      263.559      290.711
      44.052       98.900      263.559      290.711
      44.163       99.100      263.559      290.711
      44.275       99.000      263.559      290.711
      44.387       98.300      263.559      290.711
      44.498       98.500      263.559      290.711
      44.610       98.500      263.559      290.711
      44.721       99.100      263.559      290.711
      44.832       99.100      263.559      290.711
      44.945      106.600      263.559      290.711
      45.056       98.800      263.559      290.711
      45.167       99.000      263.559      290.711
      45.278       99.000      263.559      290.711
      45.389       99.000      263.559      290.711
      45.500       98.900      263.559      290.711
      45.611       99.000      263.559      290.711
      45.723       98.900      263.559      290.711
      45.834       99.000      263.559      290.711
      45.945       98.900      263.559      290.711
      46.056       99.000      263.559      290.711
      46.167       98.900      263.559      290.711
      46.278      107.900      263.559      290.711
      46.390       98.900      263.559      290.711
      46.501       98.800      263.559      290.711
      46.613       98.400      263.559      290.711
      46.724       98.900      263.559      290.711
      46.835       99.000      263.559      290.711
      46.946       98.900      263.559      290.711
      47.057       99.100      263.559      290.711
      47.168       99.100      263.559      290.711
      47.279       99.100      263.559      290.711
      47.391       98.600      263.559      290.711
      47.502       98.900      263.559      290.711
      47.613       98.900      263.559      290.711
      47.725       98.900      263.559      290.711
      47.836       99.000      263.559      290.711
      47.947      107.800      263.559      290.711
      48.058       99.000      263.559      290.711
      48.169       99.400      263.559      290.711
      48.280       98.700      263.559      290.711
      48.391       99.100      263.559      290.711
      48.503       98.300      263.559      290.711
      48.614       98.900      263.559      290.711
      48.726       98.900      263.559      290.711
      48.837       98.900      263.559      290.711
      48.948       99.000      263.559      290.711
      49.059       98.900      263.559      290.711
      49.170       99.100      263.559      290.711
      49.281       99.000      263.559      290.711
      49.392       99.000      263.559      290.711
      49.504      108.000      263.559      290.711
      49.615       98.800      263.559      290.711
      49.726       99.000      263.559      290.711
      49.837       99.300      263.559      290.711
      49.948       99.200      263.559      290.711
      50.059       98.800      263.559      290.711
      50.170       98.900      263.559      290.711
      50.281       99.100      263.559      290.711
      50.392       99.000      263.559      290.711
      50.503       99.000      263.559      290.711
      50.615       98.900      263.559      290.711
      50.726       98.900      263.559      290.711
      50.837       99.000      263.559      290.711
      50.948       98.900      263.559      290.711
      51.060       98.800      263.559      290.711
      51.171       99.000      263.559      290.711
      51.282      107.500      263.559      290.711
      51.394       99.000      263.559      290.711
      51.505       98.500      263.559      290.711
      51.617       98.300      263.559      290.711
      51.729       98.400      263.559      290.711
      51.840       98.600      263.559      290.711
      51.952       99.000      263.559      290.711
      52.063       98.700      263.559      290.711
      52.174       99.100      263.559      290.711
      52.285       99.000      263.559      290.711
      52.396       99.000      263.559      290.711
      52.507       98.900      263.559      290.711
      52.619      107.900      263.559      290.711
      52.730       98.900      263.559      290.711
      52.841       99.000      263.559      290.711
      52.952       99.000      263.559      290.711
      53.063       98.800      263.559      290.711
      53.176       97.700      263.559      290.711
      53.287       99.100      263.559      290.711
      53.398       98.800      263.559      290.711
      53.509       98.900      263.559      290.711
      53.620       99.200      263.559      290.711
      53.732       98.500      263.559      290.711
      53.843       98.700      263.559      290.711
      53.955      107.600      263.559      290.711
      54.067       98.500      263.559      290.711
      54.178       98.700      263.559      290.711
      54.289       99.100      263.559      290.711
      54.400       99.100      263.559      290.711
      54.511       99.000      263.559      290.711
      54.622       99.000      263.559      290.711
      54.733       99.000      263.559      290.711
      54.845       98.500      263.559      290.711
      54.957       98.500      263.559      290.711
      55.068       99.000      263.559      290.711
      55.179       99.000      263.559      290.711
      55.290      107.700      263.559      290.711
      55.401       99.100      263.559      290.711
      55.512       99.100      263.559      290.711
      55.624       99.000      263.559      290.711
      55.735       99.000      263.559      290.711
      55.846       99.000      263.559      290.711
      55.957       99.000      263.559      290.711
      56.068       98.800      263.559      290.711
      56.179       99.000      263.559      290.711
      56.290       99.000      263.559      290.711
      56.402       99.000      263.559      290.711
      56.513       98.700      263.559      290.711
      56.624       99.100      263.559      290.711
      56.735       99.000      263.559      290.711
      56.847       98.700      263.559      290.711
      56.958      108.000      263.559      290.711
      57.069       99.000      263.559      290.711
      57.180       98.900      263.559      290.711
      57.291       98.800      263.559      290.711
      57.403       98.900      263.559      290.711
      57.514       98.900      263.559      290.711
      57.625       99.000      263.559      290.711
      57.736       99.000      263.559      290.711
      57.847       98.900      263.559      290.711
      57.959       99.000      263.559      290.711
      58.071       98.000      263.559      290.711
      58.181       99.500      263.559      290.711
      58.292       98.900      263.559      290.711
      58.404       99.000      263.559      290.711
      58.515      107.900      263.559      290.711
      58.626       98.900      263.559      290.711
      58.737       99.000      263.559      290.711
      58.848       98.900      263.559      290.711
      58.960       98.900      263.559      290.711
      59.071       98.900      263.559      290.711
      59.182       98.700      263.559      290.711
      59.294       98.800      263.559      290.711
      59.405       98.900      263.559      290.711
      59.517       98.100      263.559      290.711
      59.628       98.900      263.559      290.711
      59.739       99.400      263.559      290.711
      59.852      106.200      263.559      290.711
      59.963       99.000      263.559      290.711
      60.074       99.000      263.559      290.711
      60.185       99.000      263.559      290.711
      60.297       98.400      263.559      290.711
      60.408       99.000      263.559      290.711
      60.519       99.000      263.559      290.711
      60.631       98.900      263.559      290.711
      60.742       99.100      263.559      290.711
      60.853       99.000      263.559      290.711
      60.964       99.100      263.559      290.711
      61.075       99.000      263.559      290.711
      61.186       99.000      263.559      290.711
      61.297      108.000      263.559      290.711
      61.409       98.600      263.559      290.711
      61.520       99.100      263.559      290.711
      61.631       99.000      263.559      290.711
      61.742       98.900      263.559      290.711
      61.853       98.800      263.559      290.711
      61.964       99.000      263.559      290.711
      62.076       98.900      263.559      290.711
      62.187       98.800      263.559      290.711
      62.299       98.600      263.559      290.711
      62.410       99.100      263.559      290.711
      62.521       99.000      263.559      290.711
      62.632       99.000      263.559      290.711
      62.743       98.900      263.559      290.711
      62.854      108.000      263.559      290.711
      62.966       98.900      263.559      290.711
      63.077       99.100      263.559      290.711
      63.189       98.300      263.559      290.711
      63.300       99.000      263.559      290.711
      63.411       98.700      263.559      290.711
      63.522       99.000      263.559      290.711
      63.633       98.900      263.559      290.711
      63.745       98.900      263.559      290.711
      63.856       98.900      263.559      290.711
      63.967       98.900      263.559      290.711
      64.078       99.000      263.559      290.711
      64.189       99.000      263.559      290.711
      64.300       99.100      263.559      290.711
      64.411      108.000      263.559      290.711
      64.522       99.000      263.559      290.711
      64.634       99.000      263.559      290.711
      64.745       99.100      263.559      290.711
      64.856       98.700      263.559      290.711
      64.967       98.900      263.559      290.711
      65.079       98.900      263.559      290.711
      65.190       98.300      263.559      290.711
      65.302       98.900      263.559      290.711
      65.413       98.900      263.559      290.711
