# Elapsed time   CPU (%)     Real (MB)   Virtual (MB)
       0.000        0.000      263.652      290.711
       0.109      101.100      263.652      290.711
       0.218      100.500      263.652      290.711
       0.328      100.300      263.652      290.711
       0.438       99.400      263.652      290.711
       0.550       99.000      263.652      290.711
       0.661       98.900      263.652      290.711
       0.772       99.100      263.652      290.711
       0.883       99.100      263.652      290.711
       0.993       99.900      263.652      290.711
       1.104       99.000      263.652      290.711
       1.215       98.900      263.652      290.711
       1.327       98.700      263.652      290.711
       1.438       99.000      263.652      290.711
       1.549       99.000      263.652      290.711
       1.660       99.000      263.652      290.711
       1.771       99.300      263.652      290.711
       1.882       99.100      263.652      290.711
       1.993       99.100      263.652      290.711
       2.104       99.300      263.652      290.711
       2.215       98.700      263.652      290.711
       2.327      107.600      263.652      290.711
       2.438       99.000      263.652      290.711
       2.549       98.900      263.652      290.711
       2.659       99.500      263.652      290.711
       2.771       98.900      263.652      290.711
       2.882       98.900      263.652      290.711
       2.993       98.900      263.652      290.711
       3.104       99.000      263.652      290.711
       3.215       99.000      263.652      290.711
       3.326       99.000      263.652      290.711
       3.438       99.000      263.652      290.711
       3.548       99.100      263.652      290.711
       3.659       99.100      263.652      290.711
       3.771       99.100      263.652      290.711
       3.882       99.000      263.652      290.711
       3.993       99.100      263.652      290.711
       4.104      108.000      263.652      290.711
       4.216       98.400      263.652      290.711
       4.327       99.000      263.652      290.711
       4.438       98.900      263.652      290.711
       4.549       99.000      263.652      290.711
       4.660       99.100      263.652      290.711
       4.771       99.000      263.652      290.711
       4.882       99.000      263.652      290.711
       4.993       99.000      263.652      290.711
       5.105       99.000      263.652      290.711
       5.216       99.000      263.652      290.711
       5.327       99.000      263.652      290.711
       5.438       99.100      263.652      290.711
       5.549       99.100      263.652      290.711
       5.660       99.000      263.652      290.711
       5.771       99.100      263.652      290.711
       5.882      108.400      263.652      290.711
       5.992       90.400      263.652      290.711
       6.103      108.000      263.652      290.711
       6.215       99.000      263.652      290.711
       6.326       98.500      263.652      290.711
       6.437       99.000      263.652      290.711
       6.549       98.900      263.652      290.711
       6.660       99.000      263.652      290.711
       6.771       99.000      263.652      290.711
       6.882       99.000      263.652      290.711
       6.993       99.100      263.652      290.711
       7.104       99.000      263.652      290.711
       7.216       97.800      263.652      290.711
       7.328       99.000      263.652      290.711
       7.439      108.100      263.652      290.711
       7.550       98.700      263.652      290.711
       7.662       98.600      263.652      290.711
       7.773       99.100      263.652      290.711
       7.884       98.800      263.652      290.711
       7.995       98.900      263.652      290.711
       8.106       99.100      263.652      290.711
       8.217       99.000      263.652      290.711
       8.328       98.900      263.652      290.711
       8.439       99.100      263.652      290.711
       8.551       99.000      263.652      290.711
       8.662       99.000      263.652      290.711
       8.773       99.000      263.652      290.711
       8.884       98.900      263.652      290.711
       8.995       99.000      263.652      290.711
       9.106       99.100      263.652      290.711
       9.218      107.700      263.652      290.711
       9.329       98.400      263.652      290.711
       9.441       98.800      263.652      290.711
       9.552       98.800      263.652      290.711
       9.663       99.100      263.652      290.711
       9.774       99.000      263.652      290.711
       9.885       99.000      263.652      290.711
       9.996       99.000      263.652      290.711
      10.107       98.900      263.652      290.711
      10.219       99.000      263.652      290.711
      10.330       98.900      263.652      290.711
      10.441       99.000      263.652      290.711
      10.552       98.900      263.652      290.711
      10.663       99.000      263.652      290.711
      10.774      108.100      263.652      290.711
      10.886       98.500      263.652      290.711
      10.998       98.500      263.652      290.711
      11.109       99.000      263.652      290.711
      11.221       97.700      263.652      290.711
      11.333       98.800      263.652      290.711
      11.444       99.000      263.652      290.711
      11.555       99.100      263.652      290.711
      11.667       98.400      263.652      290.711
      11.778       98.800      263.652      290.711
      11.889       98.900      263.652      290.711
      12.000      107.900      263.652      290.711
      12.112       99.000      263.652      290.711
      12.223       99.000      263.652      290.711
      12.334       99.000      263.652      290.711
      12.445       99.100      263.652      290.711
      12.556       99.100      263.652      290.711
      12.667       99.000      263.652      290.711
      12.778       99.100      263.652      290.711
      12.889       99.100      263.652      290.711
      13.000       99.000      263.652      290.711
      13.111       98.700      263.652      290.711
      13.223       99.000      263.652      290.711
      13.334       99.000      263.652      290.711
      13.445       99.000      263.652      290.711
      13.556       98.900      263.652      290.711
      13.667       99.000      263.652      290.711
      13.778      107.700      263.652      290.711
      13.890       99.000      263.652      290.711
      14.001       98.900      263.652      290.711
      14.112       99.100      263.652      290.711
      14.225       96.800      263.652      290.711
      14.336       99.000      263.652      290.711
      14.448       99.000      263.652      290.711
      14.559       98.700      263.652      290.711
      14.670       99.000      263.652      290.711
      14.781       98.900      263.652      290.711
      14.892      107.900      263.652      290.711
      15.004       99.000      263.652      290.711
      15.115       98.900      263.652      290.711
      15.226       99.000      263.652      290.711
      15.337       99.000      263.652      290.711
      15.448       99.100      263.652      290.711
      15.559       98.800      263.652      290.711
      15.671       98.900      263.652      290.711
      15.782       99.100      263.652      290.711
      15.894       98.100      263.652      290.711
      16.006       98.500      263.652      290.711
      16.117       98.500      263.652      290.711
      16.229      107.500      263.652      290.711
      16.340       98.700      263.652      290.711
      16.452       98.800      263.652      290.711
      16.563       98.800      263.652      290.711
      16.674       99.100      263.652      290.711
      16.786       98.200      263.652      290.711
      16.897       98.900      263.652      290.711
      17.008       99.000      263.652      290.711
      17.120       99.000      263.652      290.711
      17.231       98.900      263.652      290.711
      17.342       99.000      263.652      290.711
      17.453       99.100      263.652      290.711
      17.564       98.700      263.652      290.711
      17.675       99.100      263.652      290.711
      17.786      107.900      263.652      290.711
      17.898       99.000      263.652      290.711
      18.009       99.100      263.652      290.711
      18.120       98.900      263.652      290.711
      18.231       99.000      263.652      290.711
      18.342       98.600      263.652      290.711
      18.454       98.900      263.652      290.711
      18.565       98.900      263.652      290.711
      18.676       99.100      263.652      290.711
      18.787       99.000      263.652      290.711
      18.898       99.000      263.652      290.711
      19.010       98.600      263.652      290.711
      19.122       97.700      263.652      290.711
      19.234      106.900      263.652      290.711
      19.345       99.100      263.652      290.711
      19.457       98.500      263.652      290.711
      19.569       98.700      263.652      290.711
      19.680       99.000      263.652      290.711
      19.791       99.000      263.652      290.711
      19.902       99.000      263.652      290.711
      20.013       99.000      263.652      290.711
      20.125       98.500      263.652      290.711
      20.236       99.000      263.652      290.711
      20.347       99.000      263.652      290.711
      20.458      108.000      263.652      290.711
      20.569       98.900      263.652      290.711
      20.680       99.000      263.652      290.711
      20.791       99.300      263.652      290.711
      20.902       99.200      263.652      290.711
      21.013       98.800      263.652      290.711
      21.125       98.900      263.652      290.711
      21.236       98.800      263.652      290.711
      21.347       98.800      263.652      290.711
      21.458       99.100      263.652      290.711
      21.569       99.100      263.652      290.711
      21.680       99.000      263.652      290.711
      21.792       99.000      263.652      290.711
      21.903       99.100      263.652      290.711
      22.014       99.100      263.652      290.711
      22.125       99.100      263.652      290.711
      22.236      108.100      263.652      290.711
      22.347       99.000      263.652      290.711
      22.459       98.200      263.652      290.711
      22.570       99.000      263.652      290.711
      22.682       98.600      263.652      290.711
      22.793       99.000      263.652      290.711
      22.904       99.000      263.652      290.711
      23.015       98.900      263.652      290.711
      23.126       99.100      263.652      290.711
      23.237       98.600      263.652      290.711
      23.349       99.000      263.652      290.711
      23.460       99.000      263.652      290.711
      23.571       99.100      263.652      290.711
      23.682      108.100      263.652      290.711
      23.793       99.000      263.652      290.711
      23.904       98.900      263.652      290.711
      24.015       99.000      263.652      290.711
      24.126       99.100      263.652      290.711
      24.238       98.100      263.652      290.711
      24.350       98.700      263.652      290.711
      24.461       98.700      263.652      290.711
      24.572       99.000      263.652      290.711
      24.683       99.000      263.652      290.711
      24.794       98.900      263.652      290.711
      24.906       98.800      263.652      290.711
      25.017       99.000      263.652      290.711
      25.128       99.000      263.652      290.711
      25.239      108.000      263.652      290.711
      25.350       99.100      263.652      290.711
      25.461       99.000      263.652      290.711
      25.572       99.100      263.652      290.711
      25.683       99.100      263.652      290.711
      25.793       99.900      263.652      290.711
      25.904       99.100      263.652      290.711
      26.015       99.100      263.652      290.711
      26.127       98.500      263.652      290.711
      26.239       98.500      263.652      290.711
      26.350       98.600      263.652      290.711
      26.462       98.700      263.652      290.711
      26.573       98.600      263.652      290.711
      26.685       98.700      263.652      290.711
      26.796      107.900      263.652      290.711
      26.907       99.000      263.652      290.711
      27.018       98.900      263.652      290.711
      27.129       98.700      263.652      290.711
      27.240       99.200      263.652      290.711
      27.352       98.900      263.652      290.711
      27.465       97.000      263.652      290.711
      27.576       98.900      263.652      290.711
      27.690       96.700      263.652      290.711
      27.802      107.300      263.652      290.711
      27.914       98.200      263.652      290.711
      28.025       99.000      263.652      290.711
      28.137       98.600      263.652      290.711
      28.248       98.900      263.652      290.711
      28.359       99.000      263.652      290.711
      28.470       99.200      263.652      290.711
      28.581       99.000      263.652      290.711
      28.692       99.000      263.652      290.711
      28.803       99.000      263.652      290.711
      28.914       98.900      263.652      290.711
      29.026       99.000      263.652      290.711
      29.136       99.800      263.652      290.711
      29.247       99.000      263.652      290.711
      29.359      107.400      263.652      290.711
      29.470       98.900      263.652      290.711
      29.581       98.900      263.652      290.711
      29.692       99.100      263.652      290.711
      29.803       98.900      263.652      290.711
      29.914       98.900      263.652      290.711
      30.026       99.000      263.652      290.711
      30.137       99.000      263.652      290.711
      30.248       99.000      263.652      290.711
      30.359       99.000      263.652      290.711
      30.470       99.000      263.652      290.711
      30.581       99.000      263.652      290.711
      30.692       99.400      263.652      290.711
      30.802       99.400      263.652      290.711
      30.914       98.900      263.652      290.711
      31.025       98.900      263.652      290.711
      31.136      108.100      263.652      290.711
      31.247       99.100      263.652      290.711
      31.358       99.000      263.652      290.711
      31.469       98.900      263.652      290.711
      31.581       98.800      263.652      290.711
      31.692       99.000      263.652      290.711
      31.803       98.900      263.652      290.711
      31.915       98.500      263.652      290.711
      32.026       98.500      263.652      290.711
      32.138       98.900      263.652      290.711
      32.249       99.100      263.652      290.711
      32.359       99.300      263.652      290.711
      32.470       99.100      263.652      290.711
      32.582      107.600      263.652      290.711
      32.693       99.100      263.652      290.711
      32.804       98.900      263.652      290.711
      32.915       99.000      263.652      290.711
      33.027       98.800      263.652      290.711
      33.138       99.000      263.652      290.711
      33.249       99.000      263.652      290.711
      33.360       99.000      263.652      290.711
      33.471       99.000      263.652      290.711
      33.585       96.400      263.652      290.711
      33.699      105.700      263.652      290.711
      33.810       98.700      263.652      290.711
      33.922       98.700      263.652      290.711
      34.035       96.800      263.652      290.711
      34.146       99.300      263.652      290.711
      34.257       98.800      263.652      290.711
      34.368       99.000      263.652      290.711
      34.479       99.100      263.652      290.711
      34.590       99.000      263.652      290.711
      34.702      107.900      263.652      290.711
      34.813       99.000      263.652      290.711
      34.924       99.000      263.652      290.711
      35.035       98.900      263.652      290.711
      35.146       99.000      263.652      290.711
      35.257       99.000      263.652      290.711
      35.369       99.000      263.652      290.711
      35.480       99.000      263.652      290.711
      35.591       98.900      263.652      290.711
      35.701       99.800      263.652      290.711
      35.812       99.100      263.652      290.711
      35.923       99.100      263.652      290.711
      36.034       99.000      263.652      290.711
      36.145       99.000      263.652      290.711
      36.256       99.000      263.652      290.711
      36.367       99.000      263.652      290.711
      36.479       99.000      263.652      290.711
      36.590      107.900      263.652      290.711
      36.701       98.900      263.652      290.711
      36.812       98.900      263.652      290.711
      36.923       99.000      263.652      290.711
      37.035       98.200      263.652      290.711
      37.146       99.000      263.652      290.711
      37.259       97.600      263.652      290.711
      37.371       98.300      263.652      290.711
      37.482       99.400      263.652      290.711
      37.593       98.800      263.652      290.711
      37.705       98.800      263.652      290.711
      37.816      108.000      263.652      290.711
      37.927       99.100      263.652      290.711
      38.038       98.900      263.652      290.711
      38.149       99.000      263.652      290.711
      38.260       99.000      263.652      290.711
      38.371       99.100      263.652      290.711
      38.482       99.000      263.652      290.711
      38.593       99.100      263.652      290.711
      38.704       99.000      263.652      290.711
      38.815       98.900      263.652      290.711
      38.927       99.100      263.652      290.711
      39.038       98.600      263.652      290.711
      39.150       98.300      263.652      290.711
      39.261       98.900      263.652      290.711
      39.372       99.100      263.652      290.711
      39.483       99.100      263.652      290.711
      39.594      108.100      263.652      290.711
      39.705       99.100      263.652      290.711
      39.816       99.000      263.652      290.711
      39.928       98.800      263.652      290.711
      40.039       99.100      263.652      290.711
      40.150       99.000      263.652      290.711
      40.261       99.000      263.652      290.711
      40.372       99.000      263.652      290.711
      40.483       99.100      263.652      290.711
      40.594       99.000      263.652      290.711
      40.705       99.400      263.652      290.711
      40.816       99.000      263.652      290.711
      40.927       98.900      263.652      290.711
      41.038       98.900      263.652      290.711
      41.149       98.900      263.652      290.711
      41.261      108.000      263.652      290.711
      41.372       99.100      263.652      290.711
      41.483       99.200      263.652      290.711
      41.594       99.000      263.652      290.711
      41.706       98.200      263.652      290.711
      41.818       98.200      263.652      290.711
      41.929       98.400      263.652      290.711
      42.041       98.600      263.652      290.711
      42.153       98.600      263.652      290.711
      42.265       98.200      263.652      290.711
      42.375       99.300      263.652      290.711
      42.487      107.800      263.652      290.711
      42.598       98.900      263.652      290.711
      42.709       98.900      263.652      290.711
      42.820       99.100      263.652      290.711
      42.931       98.900      263.652      290.711
      43.042       99.100      263.652      290.711
      43.153       98.900      263.652      290.711
      43.265       98.900      263.652      290.711
      43.376       98.800      263.652      290.711
      43.487       99.000      263.652      290.711
      43.598       98.900      263.652      290.711
      43.709       98.900      263.652      290.711
      43.821       98.900      263.652      290.711
      43.931       99.800      263.652      290.711
      44.042       98.900      263.652      290.711
      44.154       98.200      263.652      290.711
      44.265      107.700      263.652      290.711
      44.377       98.900      263.652      290.711
      44.488       98.900      263.652      290.711
      44.599       99.000      263.652      290.711
      44.710       99.000      263.652      290.711
      44.821       98.900      263.652      290.711
      44.932       99.000      263.652      290.711
      45.044       99.000      263.652      290.711
      45.155       98.600      263.652      290.711
      45.266       98.800      263.652      290.711
      45.378       98.900      263.652      290.711
      45.489       98.900      263.652      290.711
      45.602      106.000      263.652      290.711
      45.712       99.900      263.652      290.711
      45.823       98.900      263.652      290.711
      45.935       98.900      263.652      290.711
      46.046       98.800      263.652      290.711
      46.157       98.800      263.652      290.711
      46.268       99.200      263.652      290.711
      46.379       99.000      263.652      290.711
      46.491       98.900      263.652      290.711
      46.602       99.000      263.652      290.711
      46.713       98.900      263.652      290.711
      46.824       99.000      263.652      290.711
      46.935       99.000      263.652      290.711
      47.046       99.000      263.652      290.711
      47.158      107.400      263.652      290.711
      47.270       98.500      263.652      290.711
      47.381       98.700      263.652      290.711
      47.492       98.900      263.652      290.711
      47.603       98.900      263.652      290.711
      47.715       98.800      263.652      290.711
      47.826       98.700      263.652      290.711
      47.938       98.700      263.652      290.711
      48.049       99.000      263.652      290.711
      48.160       98.900      263.652      290.711
      48.271       99.000      263.652      290.711
      48.383      107.800      263.652      290.711
      48.494       99.100      263.652      290.711
      48.605       99.000      263.652      290.711
      48.716       98.800      263.652      290.711
      48.827       99.000      263.652      290.711
      48.940       97.200      263.652      290.711
      49.053       97.700      263.652      290.711
      49.164       98.700      263.652      290.711
      49.276       98.800      263.652      290.711
      49.387       98.600      263.652      290.711
      49.498      107.900      263.652      290.711
      49.610       99.000      263.652      290.711
      49.721       99.000      263.652      290.711
      49.832       99.100      263.652      290.711
      49.943       99.100      263.652      290.711
      50.054       99.000      263.652      290.711
      50.165       98.600      263.652      290.711
      50.276       99.000      263.652      290.711
      50.388       99.000      263.652      290.711
      50.499       99.000      263.652      290.711
      50.609       99.800      263.652      290.711
      50.720       99.100      263.652      290.711
      50.831       98.900      263.652      290.711
      50.942       98.800      263.652      290.711
      51.053       99.000      263.652      290.711
      51.165       99.000      263.652      290.711
      51.276      108.100      263.652      290.711
      51.387       99.100      263.652      290.711
      51.498       99.000      263.652      290.711
      51.609       99.100      263.652      290.711
      51.720       99.100      263.652      290.711
      51.831       99.000      263.652      290.711
      51.942       98.800      263.652      290.711
      52.053       99.000      263.652      290.711
      52.164       99.000      263.652      290.711
      52.276       98.600      263.652      290.711
      52.387       98.600      263.652      290.711
      52.499       99.000      263.652      290.711
      52.609       99.100      263.652      290.711
      52.721       98.900      263.652      290.711
      52.832       99.000      263.652      290.711
      52.943       99.000      263.652      290.711
      53.054      108.000      263.652      290.711
      53.165       99.000      263.652      290.711
      53.276       99.100      263.652      290.711
      53.387       98.900      263.652      290.711
      53.498       99.000      263.652      290.711
      53.610       99.000      263.652      290.711
      53.721       99.100      263.652      290.711
      53.832       99.000      263.652      290.711
      53.943       98.600      263.652      290.711
      54.055       98.600      263.652      290.711
      54.166       98.700      263.652      290.711
      54.277       98.900      263.652      290.711
      54.389       99.100      263.652      290.711
      54.499      108.200      263.652      290.711
      54.611       99.100      263.652      290.711
      54.722       99.100      263.652      290.711
      54.833       99.000      263.652      290.711
      54.944       99.000      263.652      290.711
      55.055       99.000      263.652      290.711
      55.166       99.100      263.652      290.711
      55.277       99.100      263.652      290.711
      55.388       99.100      263.652      290.711
      55.499       99.000      263.652      290.711
      55.610       98.500      263.652      290.711
      55.721       99.100      263.652      290.711
      55.833       98.800      263.652      290.711
      55.944       98.900      263.652      290.711
      56.055       99.000      263.652      290.711
      56.166       99.000      263.652      290.711
      56.277      107.900      263.652      290.711
      56.389       99.000      263.652      290.711
      56.500       98.900      263.652      290.711
      56.611       98.900      263.652      290.711
      56.722       99.000      263.652      290.711
      56.833       99.000      263.652      290.711
      56.945       98.800      263.652      290.711
      57.056       99.100      263.652      290.711
      57.167       99.100      263.652      290.711
      57.279       97.900      263.652      290.711
      57.391       98.500      263.652      290.711
      57.502       99.000      263.652      290.711
      57.613       99.000      263.652      290.711
      57.724       99.100      263.652      290.711
      57.835      108.000      263.652      290.711
      57.946       99.100      263.652      290.711
      58.057       99.100      263.652      290.711
      58.168       99.000      263.652      290.711
      58.279       99.000      263.652      290.711
      58.390       98.900      263.652      290.711
      58.502       98.500      263.652      290.711
      58.613       98.900      263.652      290.711
      58.724       99.100      263.652      290.711
      58.836       98.700      263.652      290.711
      58.947       98.600      263.652      290.711
      59.060       98.000      263.652      290.711
      59.171       98.500      263.652      290.711
      59.283      107.700      263.652      290.711
      59.394       99.100      263.652      290.711
      59.505       99.100      263.652      290.711
      59.616       99.000      263.652      290.711
      59.727       99.000      263.652      290.711
      59.839       98.400      263.652      290.711
      59.950       99.100      263.652      290.711
      60.061       99.000      263.652      290.711
      60.172       99.000      263.652      290.711
      60.283       99.000      263.652      290.711
      60.394       99.000      263.652      290.711
      60.506       98.600      263.652      290.711
      60.617       99.100      263.652      290.711
      60.728      108.100      263.652      290.711
      60.839       99.000      263.652      290.711
      60.950       98.900      263.652      290.711
      61.061       98.900      263.652      290.711
      61.172       99.000      263.652      290.711
      61.284       98.700      263.652      290.711
      61.395       99.000      263.652      290.711
      61.506       99.000      263.652      290.711
      61.618       98.400      263.652      290.711
      61.729       99.000      263.652      290.711
      61.841       98.600      263.652      290.711
      61.952       99.000      263.652      290.711
      62.063       98.900      263.652      290.711
      62.174       98.900      263.652      290.711
      62.285      107.800      263.652      290.711
      62.396       98.900      263.652      290.711
      62.508       98.900      263.652      290.711
      62.619       99.000      263.652      290.711
      62.730       99.000      263.652      290.711
      62.841       99.000      263.652      290.711
      62.952       99.000      263.652      290.711
      63.063       99.000      263.652      290.711
      63.174       98.900      263.652      290.711
      63.286       98.800      263.652      290.711
      63.397       98.800      263.652      290.711
      63.508       98.800      263.652      290.711
      63.620       98.900      263.652      290.711
      63.731      108.100      263.652      290.711
      63.842       99.100      263.652      290.711
      63.953       98.800      263.652      290.711
      64.064       99.000      263.652      290.711
      64.175       98.800      263.652      290.711
      64.287       99.000      263.652      290.711
      64.398       98.900      263.652      290.711
      64.509       99.100      263.652      290.711
      64.620       99.000      263.652      290.711
      64.731       99.000      263.652      290.711
      64.843       98.300      263.652      290.711
      64.954       99.000      263.652      290.711
      65.066       97.900      263.652      290.711
      65.178      107.000      263.652      290.711
      65.291       98.100      263.652      290.711
      65.402       99.100      263.652      290.711
