# Elapsed time   CPU (%)     Real (MB)   Virtual (MB)
       0.000        0.000       23.621      162.719
       0.010       96.400      117.621      162.719
       0.021       97.200      135.621      162.719
       0.031       97.900      135.621      162.719
       0.041       97.400      135.621      162.719
       0.051       97.100      135.621      162.719
       0.062       97.000      135.621      162.719
       0.072       96.800      135.621      162.719
       0.082       97.000      135.621      162.719
       0.093       97.100      135.621      162.719
       0.103       97.200      135.621      162.719
       0.113       97.200      135.621      162.719
       0.124       97.600      135.621      162.719
       0.134       97.400      135.621      162.719
       0.144       96.600      135.621      162.719
       0.154       97.100      135.621      162.719
       0.165       97.300      135.621      162.719
       0.175       97.400      135.621      162.719
       0.185       97.600      135.621      162.719
