# Elapsed time   CPU (%)     Real (MB)   Virtual (MB)
       0.000        0.000      135.562      162.730
       0.109      110.200      148.973      210.742
       0.218      165.100      138.770      234.387
       0.330      124.500      139.992      235.461
       0.440      109.100      140.719      236.211
       0.553      115.200      141.129      236.621
       0.663      109.500      145.426      240.918
       0.773      136.200      146.379      241.871
       0.885      125.500      145.547      240.914
       0.995      126.800      145.902      241.395
       1.105      135.600      145.066      240.434
       1.216      126.600      144.945      240.438
       1.327      135.300      146.855      242.348
       1.437      127.800      145.066      240.434
       1.546      145.700      142.852      238.820
       1.656      118.300      146.965      242.457
       1.766      118.200      146.965      242.457
       1.877      126.200      146.965      242.457
       1.988      117.300      145.176      240.543
       2.099      135.400      145.176      240.543
       2.210      126.400      144.574      240.066
       2.320      126.700      145.531      241.023
       2.436      129.800      143.621      239.113
       2.545      118.900      143.266      238.633
       2.654      137.500      146.008      241.500
       2.765      126.700      146.008      241.500
       2.877      133.800      145.531      241.023
       2.988      134.600      145.531      241.023
       3.099      108.100      144.699      240.066
       3.209      118.000      145.527      241.020
       3.320      144.400      144.699      240.066
       3.431      126.400      145.531      241.023
       3.541      127.100      144.699      240.066
       3.650      128.200      144.699      240.066
       3.763      133.200      145.051      240.543
       3.874      126.300      145.051      240.543
       3.985      135.100      145.051      240.543
       4.095      136.100      147.918      243.410
       4.205      117.900      147.918      243.410
       4.318      106.500      147.918      243.410
       4.429      135.500      148.871      244.363
       4.539      135.900      148.395      243.887
       4.649      126.900      147.566      242.934
       4.759      127.300      147.918      243.410
       4.871      134.700      148.395      243.887
       4.981      126.200      148.043      243.410
       5.091      136.400      148.043      243.410
       5.203      134.500      148.395      243.887
       5.313      118.200      148.395      243.887
       5.425      134.200      148.395      243.887
       5.536      134.200      148.395      243.887
       5.646      127.900      148.395      243.887
       5.757      126.100      148.395      243.887
       5.868      125.900      148.395      243.887
       5.978      127.800      148.395      243.887
       6.088      135.900      148.395      243.887
       6.198      127.400      148.395      243.887
       6.308      136.000      147.566      242.934
       6.418      127.300      146.609      241.977
       6.529      126.600      147.918      243.410
       6.641      134.100      149.352      244.844
       6.750      127.300      149.000      244.367
       6.861      136.000      148.043      243.410
       6.971      126.600      147.918      243.410
       7.082      126.600      146.609      241.977
       7.192      136.000      146.609      241.977
       7.304      134.600      145.656      241.023
       7.413      136.900      146.484      241.977
       7.524      117.400      146.965      242.457
       7.635      125.700      147.918      243.410
       7.744      137.500      149.828      245.320
       7.854      127.200      148.520      243.887
       7.965      127.100      148.395      243.887
       8.074      137.500      149.352      244.844
       8.184      136.500      146.609      241.977
       8.294      136.400      146.965      242.457
       8.403      127.700      148.395      243.887
       8.514      136.000      149.352      244.844
       8.624      136.300      150.305      245.797
       8.734      127.000      148.395      243.887
       8.844      136.000      150.309      245.801
       8.955      126.800      150.305      245.797
       9.065      126.900      149.352      244.844
       9.175      145.200      148.520      243.887
       9.286      143.700      147.566      242.934
       9.397      136.100      146.609      241.977
       9.507      145.300      145.180      240.547
       9.617      136.300      144.574      240.066
       9.726      155.700      146.008      241.500
       9.837      135.200      145.180      240.547
       9.947      144.700      146.008      241.500
      10.057      146.000      146.484      241.977
      10.168      135.100      146.008      241.500
      10.278      136.200      145.180      240.547
      10.392      141.100      145.531      241.023
      10.501      145.900      145.531      241.023
      10.610      137.300      145.531      241.023
      10.721      153.600      145.531      241.023
      10.831      145.200      144.223      239.590
      10.941      145.600      145.531      241.023
      11.051      136.200      145.531      241.023
      11.161      136.400      145.531      241.023
      11.271      146.000      144.227      239.594
      11.380      146.200      144.578      240.070
      11.490      146.100      146.008      241.500
      11.600      145.800      146.488      241.980
      11.709      137.600      146.008      241.500
      11.818      145.700      146.008      241.500
      11.928      137.300      145.531      241.023
      12.039      144.300      146.008      241.500
      12.149      135.800      146.008      241.500
      12.262      142.100      146.488      241.980
      12.373      144.100      146.008      241.500
      12.483      144.800      146.008      241.500
      12.594      135.700      146.484      241.977
      12.704      154.100      146.484      241.977
      12.814      135.800      146.008      241.500
      12.926      152.900      146.484      241.977
      13.035      137.200      146.484      241.977
      13.145      154.100      146.961      242.453
      13.255      145.200      146.961      242.453
      13.366      135.900      146.961      242.453
      13.477      144.600      146.949      242.441
      13.588      135.100      147.430      242.922
      13.698      144.800      147.906      243.398
      13.808      145.600      147.426      242.918
      13.917      137.400      147.902      243.395
      14.027      145.200      147.902      243.395
      14.137      146.100      147.895      243.387
      14.247      135.900      148.371      243.863
      14.358      144.100      148.371      243.863
      14.468      145.400      148.371      243.863
      14.578      145.600      148.840      244.332
      14.689      135.200      149.793      245.285
      14.799      145.500      149.312      244.805
      14.908      146.200      149.312      244.805
      15.019      144.900      149.312      244.805
      15.129      145.700      149.777      245.270
      15.239      136.300      149.777      245.270
      15.349      145.400      149.777      245.270
      15.459      145.500      149.773      245.266
      15.569      136.600      149.293      244.785
      15.680      143.700      149.293      244.785
      15.791      143.700      149.770      245.262
      15.902      144.200      150.246      245.738
      16.013      152.900      150.246      245.738
      16.124      135.600      150.246      245.738
      16.233      146.200      149.414      244.781
      16.343      145.400      149.766      245.258
      16.454      136.000      149.289      244.781
      16.563      145.900      149.766      245.258
      16.673      145.900      149.770      245.262
      16.783      145.300      148.941      244.309
      16.894      136.000      149.293      244.785
      17.003      145.600      150.723      246.215
      17.114      135.200      150.723      246.215
      17.225      135.000      148.941      244.309
      17.338      151.500      149.773      245.266
      17.448      126.400      148.816      244.309
      17.558      154.800      150.246      245.738
      17.669      135.700      150.246      245.738
      17.780      144.000      150.242      245.734
      17.889      137.300      149.418      244.785
      17.999      136.600      149.418      244.785
      18.109      145.300      148.812      244.305
      18.218      137.200      149.766      245.258
      18.328      145.300      149.289      244.781
      18.440      143.100      149.293      244.785
      18.552      143.600      150.250      245.742
      18.662      136.000      148.812      244.305
      18.772      145.300      149.293      244.785
      18.882      145.400      150.246      245.738
      18.992      126.800      150.723      246.215
      19.103      145.300      151.199      246.691
      19.213      136.100      149.418      244.785
      19.323      145.800      150.723      246.215
      19.433      126.800      151.199      246.691
      19.544      143.700      151.676      247.168
      19.655      135.400      152.156      247.648
      19.766      135.700      152.156      247.648
      19.876      144.900      150.371      245.738
      19.986      126.900      150.371      245.738
      20.096      136.400      151.203      246.695
      20.206      137.000      151.203      246.695
      20.316      136.000      150.371      245.738
      20.426      145.900      149.418      244.785
      20.535      146.500      148.465      243.832
      20.644      137.200      148.465      243.832
      20.755      153.000      147.031      242.398
      20.867      143.800      147.859      243.352
      20.977      144.900      148.816      244.309
