# Elapsed time   CPU (%)     Real (MB)   Virtual (MB)
       0.000        0.000      263.527      290.730
       0.111       99.300      263.527      290.730
       0.220      100.300      273.609      335.434
       0.330      181.900      431.031      492.355
       0.440      155.200      259.605      355.133
       0.550      117.800      261.152      356.680
       0.660      136.600      262.820      358.676
       0.770      109.200      262.777      358.328
       0.880      118.100      263.082      358.633
       0.991      116.900      263.984      359.535
       1.102      117.800      264.902      360.453
       1.212      117.500      267.770      363.320
       1.324      124.600      272.551      368.102
       1.434      118.900      273.508      369.059
       1.544      127.200      271.715      367.141
       1.654      136.100      271.715      367.141
       1.764      136.500      270.758      366.184
       1.874      126.800      271.590      367.141
       1.985      135.600      271.590      367.141
       2.095      126.800      271.590      367.141
       2.205      127.600      270.754      366.180
       2.316      135.100      269.797      365.223
       2.428      133.800      270.152      365.703
       2.539      125.900      269.316      364.742
       2.649      127.600      270.152      365.703
       2.761      133.800      270.152      365.703
       2.871      136.300      268.715      364.266
       2.983      134.100      269.191      364.742
       3.093      127.300      269.191      364.742
       3.204      126.800      266.824      362.375
       3.314      136.300      267.207      362.758
       3.424      117.300      271.516      367.066
       3.534      118.200      271.992      367.543
       3.647      124.800      271.160      366.586
       3.757      118.100      270.203      365.629
       3.868      116.900      271.516      367.066
       3.979      126.000      271.516      367.066
       4.090      135.900      270.684      366.109
       4.201      134.500      270.684      366.109
       4.312      126.500      270.078      365.629
       4.423      126.100      276.297      371.848
       4.533      135.800      269.727      365.152
       4.644      135.100      273.426      368.977
       4.755      126.900      271.160      366.586
       4.866      125.700      271.160      366.586
       4.977      135.600      271.516      367.066
       5.087      135.900      270.684      366.109
       5.200      124.000      271.516      367.066
       5.312      124.600      271.992      367.543
       5.423      135.000      271.992      367.543
       5.534      126.700      271.160      366.586
       5.644      127.600      270.203      365.629
       5.754      145.100      270.203      365.629
       5.865      134.600      270.203      365.629
       5.976      108.500      270.203      365.629
       6.087      126.600      270.203      365.629
       6.197      117.500      270.203      365.629
       6.307      118.600      270.203      365.629
       6.417      136.300      270.559      366.109
       6.528      125.900      270.559      366.109
       6.638      127.600      269.727      365.152
       6.749      125.700      271.035      366.586
       6.863      141.100      271.035      366.586
       6.973      117.800      270.203      365.629
       7.084      135.300      271.035      366.586
       7.194      136.600      271.035      366.586
       7.304      127.000      270.203      365.629
       7.413      128.400      270.559      366.109
       7.522      137.500      271.516      367.066
       7.633      125.700      270.684      366.109
       7.743      136.200      269.727      365.152
       7.855      125.700      269.727      365.152
       7.965      136.300      269.727      365.152
       8.075      136.000      272.949      368.500
       8.186      144.700      275.340      370.891
       8.296      109.200      275.340      370.891
       8.407      117.200      275.340      370.891
       8.519      124.900      275.340      370.891
       8.629      117.400      275.340      370.891
       8.741      134.700      275.820      371.371
       8.851      136.100      277.254      372.805
       8.962      126.100      277.254      372.805
       9.073      135.800      280.605      376.156
       9.183      136.200      282.039      377.590
       9.293      126.500      282.039      377.590
       9.406      124.600      280.730      376.156
       9.516      135.900      279.293      374.719
       9.626      136.400      278.336      373.762
       9.736      127.600      277.379      372.805
       9.846      126.600      277.379      372.805
       9.958      133.900      276.422      371.848
      10.069      127.000      276.422      371.848
      10.183      140.000      275.465      370.891
      10.294      125.700      275.465      370.891
      10.405      135.300      276.297      371.848
      10.515      136.800      276.297      371.848
      10.626      117.200      276.777      372.328
      10.736      126.700      276.777      372.328
      10.846      118.500      275.945      371.371
      10.957      135.100      278.691      374.242
      11.067      127.400      278.211      373.762
      11.177      126.600      278.211      373.762
      11.288      135.900      279.648      375.199
      11.398      127.500      280.125      375.676
      11.508      136.500      282.516      378.066
      11.617      127.500      281.207      376.633
      11.729      124.700      281.207      376.633
      11.840      126.300      280.250      375.676
      11.951      127.200      280.250      375.676
      12.062      135.000      277.734      373.285
      12.172      135.500      277.734      373.285
      12.282      127.500      276.902      372.328
      12.394      134.200      275.945      371.371
      12.504      136.200      278.211      373.762
      12.614      136.300      278.211      373.762
      12.725      135.700      277.379      372.805
      12.835      117.500      277.379      372.805
      12.945      127.100      279.168      374.719
      13.055      127.200      277.379      372.805
      13.165      136.300      277.379      372.805
      13.277      125.700      278.211      373.762
      13.387      126.800      278.691      374.242
      13.497      128.100      278.691      374.242
      13.606      128.300      281.562      377.113
      13.716      145.400      281.562      377.113
      13.826      117.500      280.730      376.156
      13.936      136.200      280.730      376.156
      14.047      135.900      279.648      375.199
      14.157      136.200      279.168      374.719
      14.266      128.000      279.168      374.719
      14.377      126.500      278.336      373.762
      14.487      136.100      278.336      373.762
      14.598      135.100      278.336      373.762
      14.709      135.900      281.562      377.113
      14.819      118.100      281.562      377.113
      14.929      127.400      281.562      377.113
      15.039      127.100      281.562      377.113
      15.149      136.200      281.562      377.113
      15.259      127.500      281.562      377.113
      15.369      135.500      281.562      377.113
      15.479      136.400      281.562      377.113
      15.590      126.300      281.562      377.113
      15.701      126.300      281.562      377.113
      15.811      136.100      281.562      377.113
      15.922      126.600      281.562      377.113
      16.033      134.400      281.562      377.113
      16.143      136.200      281.562      377.113
      16.254      126.100      281.562      377.113
      16.366      134.800      281.562      377.113
      16.477      126.000      281.562      377.113
      16.587      136.200      281.562      377.113
      16.697      136.200      281.562      377.113
      16.808      126.600      281.562      377.113
      16.918      136.400      280.730      376.156
      17.027      127.600      279.773      375.199
      17.138      135.800      279.773      375.199
      17.249      135.000      279.773      375.199
      17.358      127.900      279.773      375.199
      17.468      137.300      280.605      376.156
      17.580      125.100      280.605      376.156
      17.690      127.100      279.773      375.199
      17.800      136.100      279.773      375.199
      17.909      128.100      279.773      375.199
      18.019      136.200      279.773      375.199
      18.129      127.200      279.773      375.199
      18.239      136.900      279.773      375.199
      18.350      126.000      279.773      375.199
      18.461      135.300      279.773      375.199
      18.571      136.000      279.773      375.199
      18.681      145.500      278.812      374.238
      18.792      126.700      277.859      373.285
      18.901      127.300      277.859      373.285
      19.012      135.500      277.859      373.285
      19.122      127.200      280.125      375.676
      19.232      136.000      280.125      375.676
      19.344      135.100      278.812      374.238
      19.454      127.000      278.812      374.238
      19.564      135.600      277.855      373.281
      19.676      126.000      277.855      373.281
      19.785      136.800      279.168      374.719
      19.895      127.300      279.168      374.719
      20.005      127.400      279.645      375.195
      20.116      135.900      277.859      373.285
      20.226      126.200      277.859      373.285
      20.336      136.800      276.902      372.328
      20.448      143.000      275.945      371.371
      20.558      145.100      274.988      370.414
      20.668      145.400      274.988      370.414
      20.779      135.600      274.031      369.457
      20.888      146.200      275.340      370.891
      20.999      153.000      275.340      370.891
      21.109      137.200      275.340      370.891
      21.220      143.300      274.031      369.457
      21.331      144.300      274.031      369.457
      21.441      146.400      274.387      369.938
      21.552      144.000      274.387      369.938
      21.664      142.300      273.555      368.980
      21.775      144.800      273.555      368.980
      21.884      136.700      273.555      368.980
      21.996      152.100      274.863      370.414
      22.105      137.200      274.863      370.414
      22.216      145.000      274.035      369.461
      22.327      143.900      274.035      369.461
      22.437      145.900      273.430      368.980
      22.547      135.700      273.430      368.980
      22.657      155.100      272.953      368.504
      22.767      136.100      273.430      368.984
      22.878      143.700      273.910      369.461
      22.988      145.300      273.910      369.461
      23.099      145.300      273.906      369.457
      23.210      134.400      274.387      369.938
      23.321      153.600      274.387      369.938
      23.431      135.800      273.555      368.980
      23.541      146.500      273.906      369.457
      23.650      146.300      273.434      368.984
      23.760      145.100      273.434      368.984
      23.871      152.900      273.434      368.984
      23.983      143.200      273.434      368.984
      24.094      135.700      273.434      368.984
      24.204      145.500      273.430      368.980
      24.313      145.600      273.430      368.980
      24.424      154.300      273.430      368.980
      24.534      144.900      272.602      368.027
      24.645      144.800      272.000      367.551
      24.756      143.000      272.477      368.027
      24.867      145.000      272.477      368.027
      24.978      135.300      272.477      368.027
      25.087      145.900      272.477      368.027
      25.197      146.500      271.996      367.547
      25.306      137.000      272.473      368.023
      25.417      144.600      272.953      368.504
      25.527      154.200      272.953      368.504
      25.637      145.300      272.473      368.023
      25.747      135.900      272.473      368.023
      25.857      146.300      271.996      367.547
      25.968      144.000      272.477      368.027
      26.079      144.100      272.477      368.027
      26.189      145.800      272.473      368.023
      26.299      145.700      272.473      368.023
      26.408      146.400      272.949      368.500
      26.518      135.700      272.477      368.027
      26.629      144.200      272.957      368.508
      26.740      145.000      272.957      368.508
      26.849      146.400      272.477      368.027
      26.959      144.900      272.477      368.027
      27.071      134.600      272.480      368.031
      27.181      144.700      272.957      368.508
      27.291      145.300      272.957      368.508
      27.401      146.100      273.434      368.984
      27.514      132.900      273.434      368.984
      27.624      145.000      273.434      368.984
      27.734      145.400      273.434      368.984
      27.845      145.000      273.434      368.984
      27.955      145.300      273.434      368.984
      28.064      137.100      273.434      368.984
      28.174      145.300      273.434      368.984
      28.284      145.500      273.434      368.984
      28.395      135.600      274.387      369.938
      28.505      144.800      274.387      369.938
      28.616      153.500      274.387      369.938
      28.726      145.400      273.082      368.508
      28.836      136.500      272.125      367.551
      28.946      144.900      273.434      368.984
      29.057      144.600      272.605      368.031
      29.168      144.300      272.605      368.031
      29.278      144.700      272.605      368.031
      29.390      144.000      272.957      368.508
      29.500      136.100      272.957      368.508
      29.610      145.000      272.477      368.027
      29.722      143.100      272.953      368.504
      29.833      144.700      272.953      368.504
      29.944      144.200      273.430      368.980
      30.054      144.300      273.430      368.980
      30.164      137.200      272.957      368.508
      30.273      155.400      272.957      368.508
      30.384      144.800      272.477      368.027
      30.493      137.500      272.957      368.508
      30.603      145.300      273.434      368.984
      30.713      145.300      273.434      368.984
      30.822      137.200      273.434      368.984
      30.933      144.800      272.480      368.031
      31.043      144.900      272.961      368.512
      31.154      144.900      272.961      368.512
      31.266      152.000      272.961      368.512
      31.375      137.500      272.961      368.512
      31.487      142.300      273.434      368.984
      31.598      144.500      273.434      368.984
      31.708      135.800      272.484      368.035
      31.819      153.500      272.957      368.508
      31.931      142.800      273.438      368.988
      32.041      145.100      273.438      368.988
      32.151      136.600      273.434      368.984
      32.262      143.600      273.434      368.984
      32.373      145.100      273.434      368.984
      32.484      144.200      272.953      368.504
      32.595      143.400      272.953      368.504
      32.705      145.900      272.480      368.031
      32.816      153.000      273.438      368.988
      32.927      143.900      273.438      368.988
      33.037      136.900      273.438      368.988
      33.147      145.300      272.129      367.555
      33.257      146.000      272.480      368.031
      33.368      143.300      272.480      368.031
      33.480      142.900      272.480      368.031
      33.590      145.100      272.480      368.031
      33.700      145.500      272.480      368.031
      33.810      145.900      272.480      368.031
      33.922      143.500      272.949      368.500
      34.032      145.400      273.426      368.977
      34.142      145.600      272.945      368.496
      34.253      153.000      273.426      368.977
      34.363      136.200      273.426      368.977
      34.473      154.400      273.426      368.977
      34.583      136.600      273.426      368.977
      34.693      144.400      273.898      369.453
      34.804      144.200      273.898      369.453
      34.915      135.800      273.898      369.453
      35.026      153.200      273.898      369.453
      35.137      143.700      272.949      368.500
      35.247      137.200      272.949      368.500
      35.356      146.500      272.949      368.500
      35.466      145.200      273.898      369.449
      35.576      145.800      273.898      369.449
      35.686      145.300      273.898      369.449
      35.795      137.400      273.418      368.969
      35.905      153.600      273.895      369.445
      36.018      133.800      274.375      369.926
      36.128      145.300      274.375      369.926
      36.237      145.900      274.375      369.926
      36.349      142.700      274.375      369.926
      36.460      135.800      274.375      369.926
      36.571      153.400      274.367      369.918
      36.681      144.900      275.324      370.875
      36.791      145.500      275.324      370.875
      36.902      144.700      274.492      369.918
      37.012      145.400      274.359      369.910
      37.122      136.300      274.359      369.910
      37.231      146.300      274.359      369.910
      37.341      145.700      274.359      369.910
      37.451      145.500      274.836      370.387
      37.560      137.000      275.793      371.344
      37.670      145.300      275.793      371.344
      37.781      144.800      274.961      370.387
      37.892      144.200      274.961      370.387
      38.002      154.500      274.961      370.387
      38.113      134.600      275.312      370.863
      38.225      143.700      275.312      370.863
      38.337      143.100      275.793      371.344
      38.447      144.800      275.793      371.344
      38.558      144.600      275.793      371.344
      38.667      146.200      275.312      370.863
      38.777      136.400      275.789      371.340
      38.888      154.000      275.789      371.340
      38.998      136.300      275.789      371.340
      39.109      143.900      276.270      371.820
      39.220      143.200      276.270      371.820
      39.332      126.100      275.789      371.340
      39.442      126.800      275.789      371.340
      39.552      136.300      277.703      373.254
      39.662      154.200      277.703      373.254
      39.774      125.700      277.703      373.254
      39.883      128.200      277.703      373.254
      39.993      145.600      277.703      373.254
      40.104      135.200      277.703      373.254
      40.213      128.200      277.703      373.254
      40.324      134.800      277.703      373.254
      40.436      143.600      276.867      372.293
      40.546      136.200      275.906      371.332
      40.658      124.900      275.906      371.332
      40.769      144.200      275.781      371.332
      40.879      135.700      276.258      371.809
      40.990      126.700      276.258      371.809
      41.100      135.500      276.258      371.809
      41.210      146.400      276.258      371.809
      41.321      134.300      275.426      370.852
      41.433      125.700      275.426      370.852
      41.543      145.200      275.426      370.852
      41.654      135.500      275.426      370.852
      41.764      136.300      274.820      370.371
      41.874      136.600      275.301      370.852
      41.984      144.400      275.777      371.328
      42.094      127.100      275.777      371.328
      42.204      136.400      276.258      371.809
      42.315      153.500      275.422      370.848
      42.426      136.000      275.422      370.848
      42.536      126.800      274.465      369.891
      42.646      145.300      275.777      371.328
      42.756      145.400      275.777      371.328
      42.866      135.900      274.941      370.367
      42.977      144.400      274.941      370.367
      43.089      134.000      274.941      370.367
      43.201      143.200      273.984      369.410
      43.311      145.200      273.984      369.410
      43.422      144.000      273.984      369.410
      43.533      144.600      274.332      369.883
      43.644      143.700      274.332      369.883
      43.756      143.500      274.812      370.363
      43.866      154.800      274.812      370.363
      43.976      135.300      274.812      370.363
      44.086      145.500      275.289      370.840
      44.196      154.600      275.289      370.840
      44.308      126.000      274.461      369.883
