# Elapsed time   CPU (%)     Real (MB)   Virtual (MB)
       0.000        0.000       21.641       98.711
       0.100       99.500       71.641       98.711
       0.201       99.500       71.641       98.711
       0.301       99.500       71.641       98.711
       0.402       99.600       71.641       98.711
       0.502       99.500       71.641       98.711
       0.603       99.600       71.641       98.711
       0.703       99.400       71.641       98.711
       0.804       99.500       71.641       98.711
       0.904       99.500       71.641       98.711
       1.005       89.600       71.641       98.711
       1.105       99.500       71.641       98.711
       1.206       99.500       71.641       98.711
       1.306       99.500       71.641       98.711
       1.407       99.000       71.641       98.711
       1.508       99.500       71.641       98.711
       1.608       99.500       71.641       98.711
       1.709       99.500       71.641       98.711
       1.809       89.600       71.641       98.711
       1.910       99.500       71.641       98.711
       2.010       99.500       71.641       98.711
       2.111       99.500       71.641       98.711
       2.211       99.500       71.641       98.711
       2.311       99.600       71.641       98.711
       2.412       99.400       71.641       98.711
       2.513       99.000       71.641       98.711
       2.614       99.400       71.641       98.711
       2.714       99.400       71.641       98.711
       2.815       99.500       71.641       98.711
       2.915       89.600       71.641       98.711
       3.016       99.600       71.641       98.711
       3.116       99.500       71.641       98.711
       3.217       99.600       71.641       98.711
       3.317       99.500       71.641       98.711
       3.418       99.500       71.641       98.711
       3.518       99.500       71.641       98.711
       3.619       99.600       71.641       98.711
       3.719       98.900       71.641       98.711
       3.820       99.500       71.641       98.711
       3.921       99.500       71.641       98.711
       4.021       99.500       71.641       98.711
       4.122       99.500       71.641       98.711
       4.222       99.500       71.641       98.711
       4.323       99.200       71.641       98.711
       4.423       99.600       71.641       98.711
       4.524       99.600       71.641       98.711
       4.624       99.600       71.641       98.711
       4.725       99.600       71.641       98.711
       4.825       99.600       71.641       98.711
       4.926       99.600       71.641       98.711
       5.026       98.900       71.641       98.711
       5.127       99.600       71.641       98.711
       5.227       99.500       71.641       98.711
       5.328       99.500       71.641       98.711
       5.428       89.600       71.641       98.711
       5.529       99.500       71.641       98.711
       5.629       99.500       71.641       98.711
       5.730       99.500       71.641       98.711
       5.830       89.600       71.641       98.711
       5.931       99.600       71.641       98.711
       6.031       99.600       71.641       98.711
       6.132       99.600       71.641       98.711
       6.232       99.600       71.641       98.711
       6.333       99.500       71.641       98.711
       6.433       99.200       71.641       98.711
       6.534       99.400       71.641       98.711
       6.634       99.400       71.641       98.711
       6.735       99.500       71.641       98.711
       6.836       99.500       71.641       98.711
       6.936       89.500       71.641       98.711
       7.037       99.600       71.641       98.711
       7.137       99.500       71.641       98.711
       7.237       99.600       71.641       98.711
       7.338       99.500       71.641       98.711
       7.438       99.600        0.000        0.000
