# Elapsed time   CPU (%)     Real (MB)   Virtual (MB)
       0.000        0.000       19.523      162.719
       0.010       96.600      111.523      162.719
       0.021       97.100      135.523      162.719
       0.031       97.900      135.523      162.719
       0.041       97.900      135.523      162.719
       0.051       97.600      135.523      162.719
       0.062       97.300      135.523      162.719
       0.072       97.900      135.523      162.719
       0.082       98.000      135.523      162.719
       0.092       97.800      135.523      162.719
       0.103       97.700      135.523      162.719
       0.113       98.100      135.523      162.719
       0.123       97.600      135.523      162.719
       0.133       97.400      135.523      162.719
       0.144       97.200      135.523      162.719
       0.154       97.700      135.523      162.719
       0.164       97.800      135.523      162.719
       0.174       97.900      135.523      162.719
       0.184       98.300      135.523      162.719
       0.195       98.500      135.523      162.719
       0.205       98.500      135.523      162.719
       0.215       98.100      135.523      162.719
       0.225       98.100      135.523      162.719
