# Elapsed time   CPU (%)     Real (MB)   Virtual (MB)
       0.000        0.000       16.871      114.414
       0.109      119.500       16.820      114.055
       0.219      136.100       15.906      113.137
       0.329      145.200       16.324      113.582
       0.439      127.100       16.367      113.582
       0.548      146.500       16.367      113.582
       0.658      136.400       16.367      113.582
       0.769      144.400       16.367      113.582
       0.879      136.500       16.367      113.582
       0.989      146.000       16.367      113.582
       1.099      136.300       16.367      113.582
       1.208      136.700       16.367      113.582
       1.320      143.800       16.367      113.582
       1.429      136.800       16.367      113.582
       1.538      128.800       16.367      113.582
       1.649      135.200       16.367      113.582
       1.759      145.600       16.840      114.098
       1.869      145.800       16.840      114.098
       1.977      138.000       16.840      114.098
       2.086      146.500       16.840      114.098
       2.197      135.800       16.844      114.098
       2.307      145.600       16.844      114.098
       2.416      137.900       16.844      114.098
       2.525      137.500       16.844      114.098
       2.634      146.000       16.844      114.098
       2.745      145.100       16.844      114.098
       2.855      144.300       16.844      114.098
       2.965      136.600       16.852      114.098
       3.076      144.000       16.852      114.098
       3.187      135.900       16.852      114.098
       3.297      145.600       16.852      114.098
       3.406      136.700       16.852      114.098
       3.517      145.200       16.852      114.098
       3.627      144.700       16.852      114.098
       3.737      146.300       16.852      114.098
       3.847      135.600       16.852      114.098
       3.957      145.900       16.852      114.098
       4.067      135.900       16.852      114.098
       4.177      136.000       16.852      114.098
       4.287      146.100       16.852      114.098
       4.398      143.800       16.852      114.098
       4.508      136.800       16.852      114.098
       4.617      146.500       16.852      114.098
       4.728      134.900       16.852      114.098
       4.841      141.300       16.852      114.098
       4.954      133.500       16.852      114.098
       5.064      145.000       16.852      114.098
       5.173      137.600       16.852      114.098
       5.284      145.000       16.852      114.098
       5.394      144.700       16.852      114.098
       5.504      136.700       16.852      114.098
       5.615      144.700       16.852      114.098
       5.724      146.300       16.852      114.098
       5.833      127.700       16.852      114.098
       5.944      144.200       16.852      114.098
       6.056      143.500       16.852      114.098
       6.165      136.900       16.852      114.098
       6.277      143.500       16.852      114.098
       6.387      136.100       16.852      114.098
       6.497      136.000       16.852      114.098
       6.610      142.700       16.852      114.098
       6.719      145.900       16.852      114.098
       6.829      145.300       16.852      114.098
       6.942      132.800       16.852      114.098
       7.053      145.100       16.852      114.098
       7.161      147.100       16.852      114.098
       7.271      137.100       16.852      114.098
       7.382      144.100       16.852      114.098
       7.493      143.800       16.852      114.098
       7.603      146.100       16.852      114.098
       7.714      135.200       16.852      114.098
       7.824      145.000       16.852      114.098
       7.935      135.400       16.852      114.098
       8.044      146.100       16.852      114.098
       8.154      136.100       16.852      114.098
       8.265      145.400       16.852      114.098
       8.375      145.400       16.852      114.098
       8.485      136.200       16.852      114.098
       8.595      144.800       16.852      114.098
       8.705      145.300       16.852      114.098
       8.817      134.800       16.852      114.098
       8.928      152.200       16.852      114.098
       9.039      126.000       16.852      114.098
       9.150      153.100       16.852      114.098
       9.262      134.800       16.852      114.098
       9.371      136.700       16.852      114.098
       9.482      145.200       16.852      114.098
       9.592      135.900       16.852      114.098
       9.701      146.300       16.852      114.098
       9.813      134.600       16.852      114.098
       9.923      145.500       16.852      114.098
      10.032      137.400       16.852      114.098
      10.144      143.200       16.902      114.098
      10.253      146.200       16.902      114.098
      10.363      136.900       16.902      114.098
      10.472      146.100       16.902      114.098
      10.583      135.800       16.902      114.098
      10.695      142.900       16.902      114.098
      10.804      146.100       16.902      114.098
      10.914      127.700       16.902      114.098
      11.025      144.200       16.902      114.098
      11.135      145.300       16.902      114.098
      11.245      135.700       16.902      114.098
      11.356      144.100       16.902      114.098
      11.467      135.200       16.902      114.098
      11.576      137.600       16.902      114.098
      11.687      134.900       16.902      114.098
      11.797      145.500       16.902      114.098
      11.908      135.400       16.902      114.098
      12.018      145.400       16.902      114.098
      12.130      143.800       16.902      114.098
      12.240      144.900       16.902      114.098
      12.350      144.900       16.902      114.098
      12.460      137.100       16.902      114.098
      12.571      135.100       16.902      114.098
      12.681      145.000       16.902      114.098
      12.790      137.400       16.902      114.098
      12.900      136.100       16.902      114.098
      13.011      145.300       16.938      114.098
      13.124      141.400       16.938      114.098
      13.236      143.100       16.938      114.098
      13.346      144.600       16.938      114.098
      13.456      136.400       16.938      114.098
      13.566      145.900       16.938      114.098
      13.676      145.000       16.938      114.098
      13.787      135.700       16.938      114.098
      13.897      145.500       16.938      114.098
      14.007      136.500       16.938      114.098
      14.118      143.900       16.938      114.098
      14.228      145.600       16.938      114.098
      14.337      136.900       16.938      114.098
      14.447      145.300       16.938      114.098
      14.557      136.500       16.938      114.098
      14.667      145.900       16.938      114.098
      14.778      135.400       16.938      114.098
      14.888      145.400       16.938      114.098
      14.998      136.300       16.938      114.098
      15.108      136.300       16.938      114.098
      15.217      146.100       16.938      114.098
      15.327      145.700       16.938      114.098
      15.438      144.900       16.938      114.098
      15.548      126.400       16.938      114.098
      15.659      153.800       16.938      114.098
      15.769      135.700       16.938      114.098
      15.880      135.000       16.938      114.098
      15.992      144.100       16.938      114.098
      16.102      144.500       16.938      114.098
      16.213      144.300       16.938      114.098
      16.323      136.900       16.938      114.098
      16.435      142.800       16.938      114.098
      16.546      143.500       16.938      114.098
      16.657      135.500       16.938      114.098
      16.767      145.700       16.938      114.098
      16.877      135.900       16.938      114.098
      16.987      137.100       16.938      114.098
      17.097      145.300       16.938      114.098
      17.209      142.700       16.938      114.098
      17.320      143.600       16.938      114.098
      17.431      136.300       16.938      114.098
      17.540      146.100       16.938      114.098
      17.650      136.400       16.938      114.098
      17.759      137.300       16.938      114.098
      17.870      144.900       16.938      114.098
      17.980      144.400       16.938      114.098
      18.091      135.600       16.938      114.098
      18.202      143.800       16.938      114.098
      18.311      137.900       16.938      114.098
      18.421      146.300       16.938      114.098
      18.531      135.900       16.938      114.098
      18.640      146.100       16.938      114.098
      18.751      144.800       16.938      114.098
      18.860      137.100       16.938      114.098
      18.971      134.900       16.938      114.098
      19.082      144.200       16.938      114.098
      19.193      145.300       16.938      114.098
      19.303      135.800       16.938      114.098
      19.413      145.200       16.938      114.098
      19.523      137.000       16.938      114.098
      19.632      146.400       16.938      114.098
      19.745      132.300       16.938      114.098
      19.855      155.400       16.938      114.098
      19.964      127.900       16.938      114.098
      20.075      153.700       16.938      114.098
      20.185      135.900       16.938      114.098
      20.295      145.900       16.938      114.098
      20.404      138.000       16.938      114.098
      20.513      137.300       16.938      114.098
      20.624      143.500       16.938      114.098
      20.734      136.500       16.938      114.098
      20.844      136.800       16.938      114.098
      20.955      143.600       16.938      114.098
      21.067      143.400       16.938      114.098
      21.178      143.700       16.938      114.098
      21.288      137.200       16.938      114.098
      21.399      143.200       16.938      114.098
      21.508      137.400       16.938      114.098
      21.619      144.600       16.938      114.098
      21.729      146.000       16.938      114.098
      21.838      136.900       16.938      114.098
      21.949      145.000       16.938      114.098
      22.059      145.100       16.938      114.098
      22.169      145.100       16.938      114.098
      22.280      135.900       16.938      114.098
      22.391      144.200       16.938      114.098
      22.501      144.300       16.938      114.098
      22.613      143.800       16.938      114.098
      22.723      145.000       16.938      114.098
      22.833      137.000       16.938      114.098
      22.944      143.200       16.938      114.098
      23.055      135.100       16.938      114.098
      23.165      146.400       16.938      114.098
      23.274      146.600       16.938      114.098
      23.384      135.500       16.938      114.098
      23.495      144.600       16.938      114.098
      23.605      136.400       16.938      114.098
      23.716      144.700       16.938      114.098
      23.826      145.100       16.938      114.098
      23.936      135.800       16.938      114.098
      24.048      143.700       16.938      114.098
      24.157      136.800       16.938      114.098
      24.267      145.200       16.938      114.098
      24.377      137.100       16.938      114.098
      24.486      146.300       16.938      114.098
      24.597      145.000       16.938      114.098
      24.708      135.000       16.938      114.098
      24.818      145.400       16.938      114.098
      24.928      145.100       16.938      114.098
      25.038      136.600       16.938      114.098
      25.151      141.600       16.938      114.098
      25.261      145.800       16.938      114.098
      25.370      137.100       16.938      114.098
      25.482      142.900       16.938      114.098
      25.592      145.300       16.938      114.098
      25.702      136.100       16.938      114.098
      25.813      144.400       16.938      114.098
      25.923      136.800       16.938      114.098
      26.033      145.300       16.938      114.098
      26.144      134.800       16.938      114.098
      26.255      144.400       16.938      114.098
      26.365      136.800       16.938      114.098
      26.474      137.000       16.938      114.098
      26.585      144.600       16.938      114.098
      26.696      143.600       16.938      114.098
      26.805      137.300       16.938      114.098
      26.915      137.100       16.938      114.098
      27.024      155.800       16.938      114.098
      27.134      127.100       16.938      114.098
      27.244      145.600       16.938      114.098
      27.354      145.300       16.938      114.098
      27.464      145.100       16.938      114.098
      27.574      137.300       16.938      114.098
      27.685      134.300       16.938      114.098
      27.795      145.300       16.938      114.098
      27.905      137.300       16.938      114.098
      28.016      144.300       16.938      114.098
      28.125      137.000       16.938      114.098
      28.234      146.700       16.938      114.098
      28.345      135.600       16.938      114.098
      28.454      145.700       16.938      114.098
      28.565      135.900       16.938      114.098
      28.674      146.000       16.938      114.098
      28.784      145.600       16.938      114.098
      28.894      146.000       16.938      114.098
      29.004      135.800       16.938      114.098
      29.114      145.700       16.938      114.098
      29.225      135.300       16.938      114.098
      29.336      144.100       16.938      114.098
      29.445      146.400       16.938      114.098
      29.555      136.700       16.938      114.098
      29.666      134.600       16.938      114.098
      29.777      144.600       16.938      114.098
      29.886      137.400       16.938      114.098
      29.998      143.300       16.938      114.098
      30.108      145.800       16.938      114.098
      30.219      143.700       16.984      114.227
      30.329      136.800       16.984      114.227
      30.440      144.000       16.984      114.227
      30.550      135.900       16.984      114.227
      30.660      145.700       16.984      114.227
      30.770      144.900       16.984      114.227
      30.880      137.000       16.984      114.227
      30.991      135.200       16.984      114.227
      31.101      136.600       16.984      114.227
      31.212      143.700       16.984      114.227
      31.324      142.800       16.984      114.227
      31.433      137.500       16.984      114.227
      31.542      146.600       16.984      114.227
      31.652      136.100       16.984      114.227
      31.763      154.000       16.984      114.227
      31.872      136.800       16.984      114.227
      31.981      147.000       16.984      114.227
      32.091      136.100       16.984      114.227
      32.202      144.200       16.984      114.227
      32.312      136.900       16.984      114.227
      32.422      145.700       16.984      114.227
      32.532      145.400       16.984      114.227
      32.642      135.500       16.984      114.227
      32.754      144.200       16.984      114.227
      32.864      136.400       16.984      114.227
      32.972      146.800       16.984      114.227
      33.085      142.300       16.984      114.227
      33.194      137.600       16.984      114.227
      33.303      146.200       16.984      114.227
      33.413      136.600       16.984      114.227
      33.524      144.700       16.984      114.227
      33.633      146.800       16.984      114.227
      33.742      145.800       16.984      114.227
      33.853      136.000       16.984      114.227
      33.963      135.700       16.984      114.227
      34.073      145.300       16.984      114.227
      34.183      136.700       16.984      114.227
      34.294      144.400       16.984      114.227
      34.405      144.600       16.984      114.227
      34.514      145.700       16.984      114.227
      34.626      134.900       16.984      114.227
      34.736      144.600       16.984      114.227
      34.846      146.000       16.984      114.227
      34.956      136.600       16.984      114.227
      35.067      152.600       16.984      114.227
      35.177      127.600       16.984      114.227
      35.286      155.700       16.984      114.227
      35.395      137.400       16.984      114.227
      35.505      136.200       16.984      114.227
      35.616      135.200       16.984      114.227
      35.727      144.000       16.984      114.227
      35.838      144.500       16.984      114.227
      35.949      143.900       16.984      114.227
      36.059      136.100       16.984      114.227
      36.170      136.100       16.984      114.227
      36.281      134.900       16.984      114.227
      36.392      143.600       16.984      114.227
      36.503      144.100       16.984      114.227
      36.613      145.500       16.984      114.227
      36.723      136.500       16.984      114.227
      36.834      144.700       16.984      114.227
      36.944      135.900       16.984      114.227
      37.054      145.100       16.984      114.227
      37.164      146.100       16.984      114.227
      37.273      127.900       16.984      114.227
      37.383      155.700       16.984      114.227
      37.493      136.000       16.984      114.227
      37.603      136.600       16.984      114.227
      37.713      145.600       16.984      114.227
      37.823      135.700       16.984      114.227
      37.933      145.600       16.984      114.227
      38.044      134.900       16.984      114.227
      38.153      146.400       16.984      114.227
      38.263      136.900       16.984      114.227
      38.374      144.800       16.984      114.227
      38.484      136.000       16.984      114.227
      38.594      145.200       16.984      114.227
      38.705      135.100       16.984      114.227
      38.815      145.500       16.984      114.227
      38.927      134.400       16.984      114.227
      39.037      145.100       16.984      114.227
      39.147      145.800       16.984      114.227
      39.258      134.900       16.984      114.227
      39.367      146.500       16.984      114.227
      39.477      135.800       16.984      114.227
      39.587      145.800       16.984      114.227
      39.697      145.000       16.984      114.227
      39.807      136.400       16.984      114.227
      39.918      144.100       16.984      114.227
      40.028      145.500       16.984      114.227
      40.138      136.400       16.984      114.227
      40.248      137.000       16.984      114.227
      40.358      145.500       16.984      114.227
      40.468      145.200       16.984      114.227
      40.578      135.900       16.984      114.227
      40.688      146.000       16.984      114.227
      40.798      136.200       16.984      114.227
      40.908      146.100       16.984      114.227
      41.019      135.400       16.984      114.227
      41.129      136.300       16.984      114.227
      41.238      146.000       16.984      114.227
      41.351      142.100       16.984      114.227
      41.461      136.300       16.984      114.227
      41.571      145.800       16.984      114.227
      41.681      144.300       16.984      114.227
      41.792      135.700       16.984      114.227
      41.904      143.100       16.984      114.227
      42.014      135.700       16.984      114.227
      42.124      145.700       16.984      114.227
      42.233      146.500       17.008      114.227
      42.344      135.400       17.008      114.227
      42.454      145.300       17.008      114.227
      42.564      145.300       17.008      114.227
      42.674      136.200       17.008      114.227
      42.786      142.900       17.008      114.227
      42.896      137.000       17.008      114.227
      43.008      142.500       17.008      114.227
      43.119      135.800       17.008      114.227
      43.228      145.700       17.008      114.227
      43.338      137.100       17.008      114.227
      43.447      146.000       17.008      114.227
      43.556      137.600       17.008      114.227
      43.666      136.500       17.008      114.227
      43.777      144.700       17.008      114.227
      43.886      136.900       17.008      114.227
      43.997      144.700       17.008      114.227
      44.109      143.300       17.008      114.227
      44.220      135.200       17.008      114.227
      44.329      146.200       17.008      114.227
      44.441      133.700       17.008      114.227
      44.550      146.200       17.008      114.227
      44.660      136.600       17.008      114.227
      44.769      147.000       17.008      114.227
      44.879      136.600       17.008      114.227
      44.990      143.600       17.008      114.227
      45.100      146.100       17.008      114.227
      45.210      145.000       17.008      114.227
      45.320      136.600       17.008      114.227
      45.430      145.200       17.008      114.227
      45.541      136.100       17.008      114.227
      45.650      146.400       17.008      114.227
      45.760      145.300       17.008      114.227
      45.871      126.200       17.008      114.227
      45.981      154.000       17.008      114.227
      46.091      127.600       17.008      114.227
      46.202      143.700       17.008      114.227
      46.314      143.600       17.008      114.227
      46.425      144.100       17.008      114.227
      46.535      135.900       17.008      114.227
      46.646      144.700       17.008      114.227
      46.755      146.100       17.008      114.227
      46.865      145.900       17.008      114.227
      46.975      144.900       17.008      114.227
      47.085      136.800       17.008      114.227
      47.194      137.500       17.008      114.227
      47.304      146.100       17.008      114.227
      47.413      137.700       17.008      114.227
      47.524      135.300       17.008      114.227
      47.635      143.500       17.008      114.227
      47.746      135.600       17.008      114.227
      47.856      145.500       17.008      114.227
      47.967      134.600       17.008      114.227
      48.076      146.500       17.008      114.227
      48.187      135.200       17.008      114.227
      48.297      145.000       17.008      114.227
      48.407      137.200       17.008      114.227
      48.516      145.900       17.008      114.227
      48.626      146.400       17.008      114.227
      48.737      143.500       17.008      114.227
      48.847      136.500       17.008      114.227
      48.956      146.300       17.008      114.227
      49.068      135.100       17.008      114.227
      49.177      145.500       17.008      114.227
      49.288      135.700       17.008      114.227
      49.397      137.400       17.008      114.227
      49.507      154.300       17.008      114.227
      49.617      127.200       17.008      114.227
      49.729      152.700       17.008      114.227
      49.839      135.600       17.008      114.227
      49.949      145.600       17.008      114.227
      50.060      135.800       17.008      114.227
      50.170      145.400       17.008      114.227
      50.280      145.400       17.008      114.227
      50.391      135.100       17.008      114.227
      50.501      136.800       17.008      114.227
      50.610      155.100       17.008      114.227
      50.721      135.900       17.008      114.227
      50.830      146.200       17.008      114.227
      50.940      136.800       17.008      114.227
      51.049      145.900       17.008      114.227
      51.159      127.700       17.008      114.227
      51.271      151.700       17.008      114.227
      51.381      136.100       17.008      114.227
      51.491      136.300       17.008      114.227
      51.601      145.900       17.008      114.227
      51.711      144.700       17.008      114.227
      51.822      145.200       17.008      114.227
      51.931      137.700       17.008      114.227
      52.041      135.900       17.008      114.227
      52.151      145.500       17.008      114.227
      52.261      145.000       17.008      114.227
      52.372      135.200       17.008      114.227
      52.482      136.100       17.008      114.227
      52.592      136.600       17.008      114.227
      52.702      146.000       17.008      114.227
      52.813      144.000       17.008      114.227
      52.924      144.000       17.008      114.227
      53.034      136.500       17.008      114.227
      53.144      136.800       17.008      114.227
      53.253      145.800       17.008      114.227
      53.362      146.600       17.008      114.227
      53.474      134.900       17.008      114.227
      53.583      146.600       17.008      114.227
      53.693      135.700       17.008      114.227
      53.804      145.000       17.008      114.227
      53.913      146.200       17.008      114.227
      54.022      137.800       17.008      114.227
      54.132      145.700       17.008      114.227
      54.242      136.400       17.008      114.227
      54.354      143.100       17.008      114.227
      54.463      137.400       17.008      114.227
      54.573      136.500       17.008      114.227
      54.685      150.600       17.008      114.227
      54.794      138.000       17.008      114.227
      54.904      136.900       17.008      114.227
      55.014      144.700       17.008      114.227
      55.124      136.500       17.008      114.227
      55.235      144.900       17.008      114.227
      55.346      135.000       17.008      114.227
      55.456      145.000       17.008      114.227
      55.565      146.000       17.008      114.227
      55.677      134.900       17.008      114.227
      55.787      136.500       17.008      114.227
      55.897      145.400       17.008      114.227
      56.008      143.800       17.008      114.227
      56.120      134.500       17.008      114.227
      56.230      145.400       17.008      114.227
      56.341      143.800       17.008      114.227
      56.450      136.900       17.008      114.227
      56.560      137.200       17.008      114.227
      56.670      145.300       17.008      114.227
      56.780      146.000       17.008      114.227
      56.889      137.400       17.008      114.227
      57.000      144.400       17.008      114.227
      57.109      145.600       17.008      114.227
      57.221      134.200       17.008      114.227
      57.330      146.600       17.008      114.227
      57.439      137.600       17.008      114.227
      57.550      135.500       17.008      114.227
      57.663      142.200       17.008      114.227
      57.772      146.500       17.008      114.227
      57.883      135.300       17.008      114.227
      57.993      144.600       17.008      114.227
      58.103      136.100       17.008      114.227
      58.214      145.300       17.008      114.227
      58.324      145.300       17.008      114.227
      58.433      136.600       17.008      114.227
      58.543      146.500       17.008      114.227
      58.652      137.000       17.008      114.227
      58.763      144.100       17.008      114.227
      58.875      143.100       17.008      114.227
      58.984      137.700       17.008      114.227
      59.094      145.900       17.008      114.227
      59.203      137.000       17.008      114.227
      59.312      146.200       17.008      114.227
      59.422      146.400       17.008      114.227
      59.532      136.600       17.008      114.227
      59.641      136.600       17.008      114.227
      59.752      153.500       17.008      114.227
      59.862      127.700       17.008      114.227
      59.971      146.700       17.008      114.227
      60.081      145.600       17.008      114.227
      60.190      136.900       17.008      114.227
      60.299      146.300       17.008      114.227
      60.412      141.800       17.008      114.227
      60.523      135.900       17.008      114.227
      60.632      146.000       17.008      114.227
      60.742      136.800       17.008      114.227
      60.851      145.900       17.008      114.227
      60.963      143.000       17.008      114.227
      61.074      135.600       17.008      114.227
      61.185      144.900       17.008      114.227
      61.294      146.400       17.008      114.227
      61.404      135.900       17.008      114.227
      61.514      146.100       17.008      114.227
      61.624      135.800       17.008      114.227
      61.736      134.200       17.008      114.227
      61.845      145.800       17.008      114.227
      61.956      135.500       17.008      114.227
      62.067      153.100       17.008      114.227
      62.176      137.700       17.008      114.227
      62.286      136.100       17.008      114.227
      62.397      144.200       17.008      114.227
      62.508      135.500       17.008      114.227
      62.617      146.600       17.008      114.227
      62.728      144.800       17.008      114.227
      62.837      137.800       17.008      114.227
      62.947      136.200       17.008      114.227
      63.057      136.100       17.008      114.227
      63.167      145.800       17.008      114.227
      63.277      136.500       17.008      114.227
      63.386      145.700       17.008      114.227
      63.496      145.600       17.008      114.227
      63.607      144.600       17.008      114.227
      63.716      137.400       17.008      114.227
      63.826      136.200       17.008      114.227
      63.936      145.900       17.008      114.227
      64.046      145.100       17.008      114.227
      64.156      136.400       17.008      114.227
      64.266      154.200       17.008      114.227
      64.376      136.800       17.008      114.227
      64.487      144.900       17.008      114.227
      64.597      135.600       17.008      114.227
      64.707      145.300       17.008      114.227
      64.818      145.100       17.008      114.227
      64.927      136.500       17.008      114.227
      65.038      145.200       17.008      114.227
      65.149      143.600       17.008      114.227
      65.258      137.200       17.008      114.227
      65.370      144.000       17.008      114.227
      65.481      143.400       17.008      114.227
      65.592      135.400       17.008      114.227
      65.703      143.900       17.008      114.227
      65.815      133.900       17.008      114.227
      65.924      146.300       17.008      114.227
      66.036      143.900       17.008      114.227
      66.145      146.500       17.008      114.227
      66.256      126.500       17.008      114.227
      66.365      145.100       17.008      114.227
      66.477      144.400       17.008      114.227
      66.586      136.600       17.008      114.227
      66.696      146.500       17.008      114.227
      66.805      137.100       17.008      114.227
      66.915      136.800       17.008      114.227
      67.023      156.300       17.008      114.227
      67.132      138.000       17.008      114.227
      67.242      136.800       17.008      114.227
      67.352      135.400       17.008      114.227
      67.462      146.000       17.008      114.227
      67.573      144.300       17.008      114.227
      67.684      135.000       17.008      114.227
      67.795      144.400       17.008      114.227
      67.905      145.900       17.008      114.227
      68.015      135.600       17.008      114.227
      68.125      145.500       17.008      114.227
      68.237      134.500       17.008      114.227
      68.347      144.800       17.008      114.227
      68.459      143.700       17.008      114.227
      68.568      136.800       17.008      114.227
      68.678      136.900       17.008      114.227
      68.788      145.600       17.008      114.227
      68.898      145.100       17.008      114.227
      69.008      136.700       17.008      114.227
      69.119      144.400       17.008      114.227
      69.229      145.100       17.008      114.227
      69.339      136.600       17.008      114.227
      69.448      136.700       17.008      114.227
      69.557      146.700       17.008      114.227
      69.668      136.200       17.008      114.227
      69.779      143.900       17.008      114.227
      69.890      144.000       17.008      114.227
      69.999      137.900       17.008      114.227
      70.108      146.200       17.008      114.227
      70.218      145.400       17.008      114.227
      70.328      136.600       17.008      114.227
      70.437      146.600       17.008      114.227
      70.548      135.600       17.008      114.227
      70.658      144.500       17.008      114.227
      70.769      145.000       17.008      114.227
      70.879      136.600       17.008      114.227
      70.989      144.500       17.008      114.227
      71.101      143.100       17.008      114.227
      71.211      137.000       17.008      114.227
      71.324      141.700       17.008      114.227
      71.435      135.000       17.008      114.227
      71.545      136.200       17.008      114.227
      71.656      152.800       17.008      114.227
      71.766      127.500       17.008      114.227
      71.877      144.400       17.008      114.227
      71.987      153.900       17.008      114.227
      72.097      127.100       17.008      114.227
      72.206      146.600       17.008      114.227
      72.316      146.100       17.008      114.227
      72.425      137.200       17.008      114.227
      72.536      134.900       17.008      114.227
      72.647      144.600       17.008      114.227
      72.757      145.200       17.008      114.227
      72.867      145.400       17.008      114.227
      72.977      136.700       17.008      114.227
      73.088      144.300       17.008      114.227
      73.197      137.000       17.008      114.227
      73.307      146.200       17.008      114.227
      73.418      134.900       17.008      114.227
      73.530      142.700       17.008      114.227
      73.641      144.200       17.008      114.227
      73.752      135.500       17.008      114.227
      73.862      144.900       17.008      114.227
      73.972      145.600       17.008      114.227
      74.084      134.800       17.008      114.227
      74.196      142.800       17.008      114.227
      74.304      137.700       17.008      114.227
      74.415      144.700       17.008      114.227
      74.527      134.100       17.008      114.227
      74.636      146.900       17.008      114.227
      74.745      146.200       17.008      114.227
      74.857      134.400       17.008      114.227
      74.967      145.600       17.008      114.227
      75.076      137.300       17.008      114.227
      75.185      146.300       17.008      114.227
      75.296      136.200       17.008      114.227
      75.406      145.400       17.008      114.227
      75.516      136.200       17.008      114.227
      75.625      146.000       17.008      114.227
      75.735      136.400       17.008      114.227
      75.845      145.800       17.008      114.227
      75.955      136.100       17.008      114.227
      76.065      146.100       17.008      114.227
      76.175      144.800       17.008      114.227
      76.285      136.800       17.008      114.227
      76.396      153.500       17.008      114.227
      76.506      136.000       17.008      114.227
      76.616      145.400       17.008      114.227
      76.727      135.100       17.008      114.227
      76.836      146.300       17.008      114.227
      76.947      135.200       17.008      114.227
      77.057      145.300       17.008      114.227
      77.167      146.600       17.008      114.227
      77.278      135.000       17.008      114.227
      77.389      143.700       17.008      114.227
      77.500      143.900       17.008      114.227
      77.611      135.900       17.008      114.227
      77.720      146.200       17.008      114.227
      77.830      145.800       17.008      114.227
      77.938      138.100       17.008      114.227
      78.049      144.700       17.008      114.227
      78.160      144.300       17.008      114.227
      78.271      135.200       17.008      114.227
      78.381      145.700       17.008      114.227
      78.491      144.500       17.008      114.227
      78.601      136.900       17.008      114.227
      78.712      144.600       17.008      114.227
      78.822      135.800       17.008      114.227
      78.933      144.800       17.008      114.227
      79.044      152.700       17.008      114.227
      79.155      134.600       17.008      114.227
      79.265      145.300       17.008      114.227
      79.377      134.300       17.008      114.227
      79.488      144.900       17.008      114.227
      79.598      144.800       17.008      114.227
      79.708      136.700       17.008      114.227
      79.819      144.100       17.008      114.227
      79.929      145.800       17.008      114.227
      80.038      137.100       17.008      114.227
      80.149      135.300       17.008      114.227
      80.259      145.600       17.008      114.227
      80.369      145.400       17.008      114.227
      80.478      137.200       17.008      114.227
      80.589      143.700       17.008      114.227
      80.700      135.900       17.008      114.227
      80.810      144.800       17.008      114.227
      80.920      146.600       17.008      114.227
      81.030      144.400       17.008      114.227
      81.140      136.800       17.008      114.227
      81.250      145.400       17.008      114.227
      81.359      137.700       17.008      114.227
      81.469      145.200       17.008      114.227
      81.579      136.700       17.008      114.227
      81.689      145.500       17.008      114.227
      81.799      145.700       17.008      114.227
      81.908      136.600       17.008      114.227
      82.019      135.300       17.008      114.227
      82.130      145.200       17.008      114.227
      82.240      144.700       17.008      114.227
      82.351      135.900       17.008      114.227
      82.462      143.100       17.008      114.227
      82.572      137.300       17.008      114.227
      82.683      143.300       17.008      114.227
      82.795      142.800       17.008      114.227
      82.906      144.700       17.008      114.227
      83.015      137.000       17.008      114.227
      83.126      144.700       17.008      114.227
      83.235      136.900       17.008      114.227
      83.347      143.600       17.008      114.227
      83.457      145.700       17.008      114.227
      83.568      143.500       17.008      114.227
      83.677      137.500       17.008      114.227
      83.787      136.200       17.008      114.227
      83.898      145.200       17.008      114.227
      84.007      127.700       17.008      114.227
      84.116      155.900       17.008      114.227
      84.225      137.700       17.008      114.227
      84.335      136.900       17.008      114.227
      84.445      145.000       17.008      114.227
      84.555      145.000       17.008      114.227
      84.667      143.500       17.008      114.227
      84.778      144.600       17.008      114.227
      84.887      137.400       17.008      114.227
      84.997      136.300       17.008      114.227
      85.107      144.800       17.008      114.227
      85.218      144.500       17.008      114.227
      85.328      136.500       17.008      114.227
      85.439      144.000       17.008      114.227
      85.549      145.400       17.008      114.227
      85.660      144.000       17.008      114.227
      85.771      135.100       17.008      114.227
      85.881      145.400       17.008      114.227
      85.992      135.800       17.008      114.227
      86.103      152.800       17.008      114.227
      86.213      136.800       17.008      114.227
      86.324      153.000       17.008      114.227
      86.435      134.400       17.008      114.227
      86.546      144.900       17.008      114.227
      86.657      144.300       17.008      114.227
      86.767      135.500       17.008      114.227
      86.877      146.000       17.008      114.227
      86.987      136.700       17.008      114.227
      87.098      143.400       17.008      114.227
      87.208      127.000       17.008      114.227
      87.319      144.800       17.008      114.227
      87.429      145.700       17.008      114.227
      87.538      137.200       17.008      114.227
      87.649      144.300       17.008      114.227
      87.759      145.800       17.008      114.227
      87.869      136.300       17.008      114.227
      87.980      143.900       17.008      114.227
      88.090      136.100       17.008      114.227
      88.201      144.800       17.008      114.227
      88.311      144.900       17.008      114.227
      88.422      143.800       17.008      114.227
      88.533      135.400       17.008      114.227
      88.644      144.400       17.008      114.227
      88.756      133.800       17.008      114.227
      88.867      153.000       17.008      114.227
      88.977      136.200       17.008      114.227
      89.089      143.200       17.008      114.227
      89.199      136.000       17.008      114.227
      89.309      145.200       17.008      114.227
      89.420      136.200       17.008      114.227
      89.530      144.800       17.008      114.227
      89.640      136.500       17.008      114.227
      89.750      145.500       17.008      114.227
      89.862      143.000       17.008      114.227
      89.972      135.700       17.008      114.227
      90.083      144.000       17.008      114.227
      90.194      145.300       17.008      114.227
      90.304      136.100       17.008      114.227
      90.413      137.100       17.008      114.227
      90.524      144.400       17.008      114.227
      90.634      145.800       17.008      114.227
      90.744      136.100       17.008      114.227
      90.853      146.400       17.008      114.227
      90.963      145.200       17.008      114.227
      91.073      137.000       17.008      114.227
      91.183      146.000       17.008      114.227
      91.292      136.700       17.008      114.227
      91.405      141.700       17.008      114.227
      91.517      134.400       17.008      114.227
      91.627      154.900       17.008      114.227
      91.736      127.300       17.008      114.227
      91.847      154.100       17.008      114.227
      91.956      136.800       17.008      114.227
      92.067      135.300       17.008      114.227
      92.177      136.600       17.008      114.227
      92.287      154.500       17.008      114.227
      92.397      136.700       17.008      114.227
      92.506      146.300       17.008      114.227
      92.616      136.400       17.008      114.227
      92.725      146.400       17.008      114.227
      92.836      135.500       17.008      114.227
      92.947      144.300       17.008      114.227
      93.057      146.100       17.008      114.227
      93.168      134.700       17.008      114.227
      93.277      146.300       17.008      114.227
      93.386      138.000       17.008      114.227
      93.494      147.400       17.008      114.227
      93.604      137.200       17.008      114.227
      93.714      144.600       17.008      114.227
      93.826      134.900       17.008      114.227
      93.936      135.400       17.008      114.227
      94.047      144.700       17.008      114.227
      94.158      144.300       17.008      114.227
      94.268      136.400       17.008      114.227
      94.378      153.500       17.008      114.227
      94.489      135.400       17.008      114.227
      94.600      144.500       17.008      114.227
      94.710      136.400       17.008      114.227
      94.821      135.200       17.008      114.227
      94.932      144.500       17.008      114.227
      95.040      147.000       17.008      114.227
      95.150      145.400       17.008      114.227
      95.261      135.400       17.008      114.227
      95.371      136.500       17.008      114.227
      95.482      135.800       17.008      114.227
      95.592      145.500       17.008      114.227
      95.704      133.100       17.008      114.227
      95.814      145.200       17.008      114.227
      95.926      143.600       17.008      114.227
      96.037      135.100       17.008      114.227
      96.147      145.800       17.008      114.227
      96.257      136.400       17.008      114.227
      96.367      144.700       17.008      114.227
      96.476      137.500       17.008      114.227
      96.586      146.100       17.008      114.227
      96.695      137.500       17.008      114.227
      96.804      146.100       17.008      114.227
      96.914      136.200       17.008      114.227
      97.024      136.700       17.008      114.227
      97.137      151.000       17.008      114.227
      97.246      145.800       17.008      114.227
      97.358      134.600       17.008      114.227
      97.467      146.900       17.008      114.227
      97.578      144.500       17.008      114.227
      97.688      135.500       17.008      114.227
      97.798      136.500       17.008      114.227
      97.907      146.700       17.008      114.227
      98.017      145.200       17.008      114.227
      98.128      144.900       17.008      114.227
      98.239      134.400       17.008      114.227
      98.350      144.700       17.008      114.227
      98.461      144.000       17.008      114.227
      98.571      136.900       17.008      114.227
      98.680      137.000       17.008      114.227
      98.793      141.300       17.008      114.227
      98.904      144.400       17.008      114.227
      99.013      146.500       17.008      114.227
      99.123      136.600       17.008      114.227
      99.233      145.800       17.008      114.227
      99.343      136.600       17.008      114.227
      99.453      144.700       17.008      114.227
      99.563      146.500       17.008      114.227
      99.673      136.400       17.008      114.227
      99.783      144.800       17.008      114.227
      99.894      135.800       17.008      114.227
     100.004      145.100       17.008      114.227
     100.114      145.300       17.008      114.227
     100.223      137.000       17.008      114.227
     100.334      144.600       17.008      114.227
     100.446      134.500       17.008      114.227
     100.556      145.200       17.008      114.227
     100.666      136.500       17.008      114.227
     100.776      144.400       17.008      114.227
     100.887      136.000       17.008      114.227
     100.998      143.700       17.008      114.227
     101.107      137.400       17.008      114.227
     101.217      145.500       17.008      114.227
     101.329      143.300       17.008      114.227
     101.439      145.100       17.008      114.227
     101.549      136.600       17.008      114.227
     101.659      145.100       17.008      114.227
     101.769      146.000       17.008      114.227
     101.879      144.900       17.008      114.227
     101.992      132.700       17.008      114.227
     102.102      136.700       17.008      114.227
     102.212      145.400       17.008      114.227
     102.322      136.300       17.008      114.227
     102.432      145.200       17.008      114.227
     102.541      137.500       17.008      114.227
     102.652      144.300       17.008      114.227
     102.762      137.200       17.008      114.227
     102.871      146.300       17.008      114.227
     102.982      144.700       17.008      114.227
     103.092      144.400       17.008      114.227
     103.202      136.900       17.008      114.227
     103.312      145.000       17.008      114.227
     103.424      143.400       17.008      114.227
     103.535      135.400       17.008      114.227
     103.645      144.700       17.008      114.227
     103.756      144.600       17.008      114.227
     103.866      144.700       17.008      114.227
     103.976      128.200       17.008      114.227
     104.086      144.600       17.008      114.227
     104.197      144.800       17.008      114.227
     104.306      137.500       17.008      114.227
     104.416      145.200       17.008      114.227
     104.527      144.500       17.008      114.227
     104.637      145.200       17.008      114.227
     104.747      136.900       17.008      114.227
     104.855      147.000       17.008      114.227
     104.966      145.400       17.008      114.227
     105.076      135.500       17.008      114.227
     105.186      136.400       17.008      114.227
     105.296      145.300       17.008      114.227
     105.406      136.300       17.008      114.227
     105.516      145.300       17.008      114.227
     105.626      137.000       17.008      114.227
     105.735      146.200       17.008      114.227
     105.845      137.100       17.008      114.227
     105.956      143.500       17.008      114.227
     106.067      134.900       17.008      114.227
     106.178      145.000       17.008      114.227
     106.288      145.300       17.008      114.227
     106.398      126.700       17.008      114.227
     106.509      154.400       17.008      114.227
     106.619      136.000       17.008      114.227
     106.730      143.400       17.008      114.227
     106.840      136.400       17.008      114.227
     106.950      145.500       17.008      114.227
     107.061      135.500       17.008      114.227
     107.171      145.900       17.008      114.227
     107.280      136.600       17.008      114.227
     107.390      136.600       17.008      114.227
     107.500      145.500       17.008      114.227
     107.610      136.700       17.008      114.227
     107.720      136.500       17.008      114.227
     107.829      146.700       17.008      114.227
     107.939      136.500       17.008      114.227
     108.050      153.200       17.008      114.227
     108.161      135.100       17.008      114.227
     108.270      137.300       17.008      114.227
     108.381      144.300       17.008      114.227
     108.491      145.300       17.008      114.227
     108.602      135.100       17.008      114.227
     108.713      144.500       17.008      114.227
     108.824      144.300       17.008      114.227
     108.935      143.900       17.008      114.227
     109.044      137.100       17.008      114.227
     109.155      144.900       17.008      114.227
     109.265      144.800       17.008      114.227
     109.376      144.500       17.008      114.227
     109.487      135.200       17.008      114.227
     109.597      144.900       17.008      114.227
     109.707      136.900       17.008      114.227
     109.817      145.600       17.008      114.227
     109.928      135.200       17.008      114.227
     110.037      137.000       17.008      114.227
     110.146      146.400       17.008      114.227
     110.257      136.000       17.008      114.227
     110.367      145.300       17.008      114.227
     110.477      145.700       17.008      114.227
     110.587      135.800       17.008      114.227
     110.696      147.000       17.008      114.227
     110.806      136.800       17.008      114.227
     110.915      146.200       17.008      114.227
     111.025      135.900       17.008      114.227
     111.135      146.100       17.008      114.227
     111.246      134.700       17.008      114.227
     111.357      145.000       17.008      114.227
     111.467      135.500       17.008      114.227
     111.577      146.400       17.008      114.227
     111.689      142.400       17.008      114.227
     111.801      143.200       17.008      114.227
     111.913      133.300       17.008      114.227
     112.024      145.000       17.008      114.227
     112.134      145.400       17.008      114.227
     112.243      127.900       17.008      114.227
     112.354      153.900       17.008      114.227
     112.464      136.000       17.008      114.227
     112.574      145.800       17.008      114.227
     112.683      136.600       17.008      114.227
     112.794      135.500       17.008      114.227
     112.905      144.700       17.008      114.227
     113.015      145.700       17.008      114.227
     113.123      137.800       17.008      114.227
     113.233      137.000       17.008      114.227
     113.343      145.300       17.008      114.227
     113.453      136.400       17.008      114.227
     113.564      135.100       17.008      114.227
     113.675      153.800       17.008      114.227
     113.785      135.400       17.008      114.227
     113.895      136.800       17.008      114.227
     114.005      145.700       17.008      114.227
     114.114      146.100       17.008      114.227
     114.225      135.300       17.008      114.227
     114.336      144.000       17.008      114.227
     114.447      144.000       17.008      114.227
     114.558      135.100       17.008      114.227
     114.669      136.200       17.008      114.227
     114.778      146.100       17.008      114.227
     114.890      142.700       17.008      114.227
     115.000      145.300       17.008      114.227
     115.113      142.500       17.008      114.227
     115.223      145.000       17.008      114.227
     115.335      133.900       17.008      114.227
     115.446      144.700       17.008      114.227
     115.557      144.100       17.008      114.227
     115.667      144.600       17.008      114.227
     115.777      137.100       17.008      114.227
     115.887      144.400       17.008      114.227
     115.999      143.800       17.008      114.227
     116.107      138.000       17.008      114.227
     116.218      145.000       17.008      114.227
     116.329      143.700       17.008      114.227
     116.439      145.000       17.008      114.227
     116.550      136.000       17.008      114.227
     116.659      137.400       17.008      114.227
     116.770      143.400       17.008      114.227
     116.882      134.700       17.008      114.227
     116.991      137.500       17.008      114.227
     117.101      145.000       17.008      114.227
     117.211      145.000       17.008      114.227
     117.321      146.200       17.008      114.227
     117.430      137.500       17.008      114.227
     117.539      137.200       17.008      114.227
     117.649      145.500       17.008      114.227
     117.759      136.200       17.008      114.227
     117.870      136.200       17.008      114.227
     117.980      145.400       17.008      114.227
     118.091      144.300       17.008      114.227
     118.201      136.100       17.008      114.227
     118.310      145.900       17.008      114.227
     118.421      136.300       17.008      114.227
     118.535      140.000       17.008      114.227
     118.645      145.700       17.008      114.227
     118.757      143.000       17.008      114.227
     118.867      136.300       17.008      114.227
     118.976      146.100       17.008      114.227
     119.087      144.400       17.008      114.227
     119.199      143.000       17.008      114.227
     119.309      136.600       17.008      114.227
     119.420      135.100       17.008      114.227
     119.529      145.700       17.008      114.227
     119.639      145.600       17.008      114.227
     119.750      135.700       17.008      114.227
     119.861      144.500       17.008      114.227
     119.970      136.900       17.008      114.227
     120.080      145.000       17.008      114.227
     120.191      136.300       17.008      114.227
     120.301      145.400       17.008      114.227
     120.410      146.400       17.008      114.227
     120.522      133.100       17.008      114.227
     120.632      146.400       17.008      114.227
     120.742      136.400       17.008      114.227
     120.852      144.500       17.008      114.227
     120.962      137.000       17.008      114.227
     121.072      145.600       17.008      114.227
     121.182      136.000       17.008      114.227
     121.293      144.500       17.008      114.227
     121.402      137.200       17.008      114.227
     121.513      144.700       17.008      114.227
     121.623      136.200       17.008      114.227
     121.734      153.300       17.008      114.227
     121.844      136.200       17.008      114.227
     121.954      135.700       17.008      114.227
     122.065      144.900       17.008      114.227
     122.175      144.900       17.008      114.227
     122.285      137.200       17.008      114.227
     122.396      135.300       17.008      114.227
     122.506      153.800       17.008      114.227
     122.616      136.200       17.008      114.227
     122.725      137.600       17.008      114.227
     122.836      153.000       17.008      114.227
     122.947      135.100       17.008      114.227
     123.056      137.400       17.008      114.227
     123.166      145.900       17.008      114.227
     123.276      136.800       17.008      114.227
     123.387      143.900       17.008      114.227
     123.496      137.900       17.008      114.227
     123.605      146.600       17.008      114.227
     123.715      136.500       17.008      114.227
     123.825      145.700       17.008      114.227
     123.935      145.300       17.008      114.227
     124.043      147.200       17.008      114.227
     124.154      134.900       17.008      114.227
     124.265      145.100       17.008      114.227
     124.375      136.300       17.008      114.227
     124.485      136.500       17.008      114.227
     124.595      144.700       17.008      114.227
     124.705      145.400       17.008      114.227
     124.815      146.200       17.008      114.227
     124.924      136.900       17.008      114.227
     125.038      141.400       17.008      114.227
     125.148      145.200       17.008      114.227
     125.257      136.700       17.008      114.227
     125.369      143.800       17.008      114.227
     125.480      144.000       17.008      114.227
     125.590      135.800       17.008      114.227
     125.700      155.100       17.008      114.227
     125.809      136.900       17.008      114.227
     125.919      136.400       17.008      114.227
     126.029      146.200       17.008      114.227
     126.139      136.400       17.008      114.227
     126.251      142.700       17.008      114.227
     126.360      137.000       17.008      114.227
     126.470      145.300       17.008      114.227
     126.580      146.500       17.008      114.227
     126.690      127.300       17.008      114.227
     126.799      155.200       17.008      114.227
     126.909      137.000       17.008      114.227
     127.019      145.300       17.008      114.227
     127.129      136.200       17.008      114.227
     127.239      144.600       17.008      114.227
     127.349      136.800       17.008      114.227
     127.458      137.300       17.008      114.227
     127.569      154.100       17.008      114.227
     127.679      127.500       17.008      114.227
     127.789      144.800       17.008      114.227
     127.899      145.800       17.008      114.227
     128.008      147.100       17.008      114.227
     128.119      143.800       17.008      114.227
     128.229      136.400       17.008      114.227
     128.337      138.100       17.008      114.227
     128.448      144.400       17.008      114.227
     128.559      135.900       17.008      114.227
     128.669      145.300       17.008      114.227
     128.779      136.500       17.008      114.227
     128.889      145.500       17.008      114.227
     128.998      145.800       17.008      114.227
     129.109      135.700       17.008      114.227
     129.219      144.900       17.008      114.227
     129.331      143.100       17.008      114.227
     129.441      145.400       17.008      114.227
     129.551      136.700       17.008      114.227
     129.662      135.500       17.008      114.227
     129.772      145.800       17.008      114.227
     129.882      145.000       17.008      114.227
     129.994      133.300       17.008      114.227
     130.104      145.400       17.008      114.227
     130.214      145.600       17.008      114.227
     130.324      137.100       17.008      114.227
     130.433      145.900       17.008      114.227
     130.542      137.700       17.008      114.227
     130.652      145.600       17.008      114.227
     130.762      136.900       17.008      114.227
     130.871      137.200       17.008      114.227
     130.981      145.700       17.008      114.227
     131.091      145.200       17.008      114.227
     131.201      136.500       17.008      114.227
     131.310      137.700       17.008      114.227
     131.419      146.100       17.008      114.227
     131.531      143.800       17.008      114.227
     131.645      139.500       17.008      114.227
     131.755      136.300       17.008      114.227
     131.866      135.300       17.008      114.227
     131.976      145.200       17.008      114.227
     132.087      144.800       17.008      114.227
     132.198      135.200       17.008      114.227
     132.309      144.600       17.008      114.227
     132.418      146.400       17.008      114.227
     132.529      143.900       17.008      114.227
     132.639      136.300       17.008      114.227
     132.750      144.700       17.008      114.227
     132.860      144.700       17.008      114.227
     132.971      135.500       17.008      114.227
     133.082      144.500       17.008      114.227
     133.190      138.000       17.008      114.227
     133.299      146.800       17.008      114.227
     133.409      136.200       17.008      114.227
     133.519      145.900       17.008      114.227
     133.630      135.400       17.008      114.227
     133.740      144.900       17.008      114.227
     133.850      145.300       17.008      114.227
     133.963      133.300       17.008      114.227
     134.072      146.200       17.008      114.227
     134.183      144.800       17.008      114.227
     134.292      136.800       17.008      114.227
     134.403      144.200       17.008      114.227
     134.512      137.600       17.008      114.227
     134.622      145.700       17.008      114.227
     134.734      134.500       17.008      114.227
     134.845      144.200       17.008      114.227
     134.957      142.500       17.008      114.227
     135.067      145.100       17.008      114.227
     135.177      136.900       17.008      114.227
     135.286      137.500       17.008      114.227
     135.396      144.700       17.008      114.227
     135.506      136.500       17.008      114.227
     135.616      146.200       17.008      114.227
     135.726      136.700       17.008      114.227
     135.835      154.800       17.008      114.227
     135.946      135.500       17.008      114.227
     136.057      144.000       17.008      114.227
     136.167      136.900       17.008      114.227
     136.276      146.600       17.008      114.227
     136.386      136.600       17.008      114.227
     136.496      136.400       17.008      114.227
     136.606      145.300       17.008      114.227
     136.715      146.500       17.008      114.227
     136.825      127.000       17.008      114.227
     136.937      143.900       17.008      114.227
     137.046      146.000       17.008      114.227
     137.156      136.100       17.008      114.227
     137.267      145.100       17.008      114.227
     137.378      135.100       17.008      114.227
     137.487      147.000       17.008      114.227
     137.597      144.500       17.008      114.227
     137.707      137.300       17.008      114.227
     137.816      137.400       17.008      114.227
     137.924      147.300       17.008      114.227
     138.035      135.600       17.008      114.227
     138.145      145.000       17.008      114.227
     138.256      144.700       17.008      114.227
     138.365      128.400       17.008      114.227
     138.475      145.800       17.008      114.227
     138.584      145.900       17.008      114.227
     138.695      144.400       17.008      114.227
     138.805      136.400       17.008      114.227
     138.915      136.800       17.008      114.227
     139.024      146.800       17.008      114.227
     139.135      143.400       17.008      114.227
     139.244      137.800       17.008      114.227
     139.353      146.500       17.008      114.227
     139.465      134.600       17.008      114.227
     139.576      144.100       17.008      114.227
     139.685      146.200       17.008      114.227
     139.796      135.200       17.008      114.227
     139.907      145.000       17.008      114.227
     140.016      136.700       17.008      114.227
     140.127      135.600       17.008      114.227
     140.237      154.300       17.008      114.227
     140.348      135.300       17.008      114.227
     140.458      136.700       17.008      114.227
     140.567      146.500       17.008      114.227
     140.676      137.700       17.008      114.227
     140.786      136.300       17.008      114.227
     140.896      154.700       17.008      114.227
     141.005      137.000       17.008      114.227
     141.114      138.100       17.008      114.227
     141.225      144.600       17.008      114.227
     141.336      134.800       17.008      114.227
     141.446      145.600       17.008      114.227
     141.557      134.500       17.008      114.227
     141.669      143.100       17.008      114.227
     141.779      136.400       17.008      114.227
     141.891      142.700       17.008      114.227
     142.001      145.200       17.008      114.227
     142.111      145.300       17.008      114.227
     142.221      128.000       17.008      114.227
     142.331      145.100       17.008      114.227
     142.440      146.600       17.008      114.227
     142.550      136.400       17.008      114.227
     142.661      144.400       17.008      114.227
     142.771      145.700       17.008      114.227
     142.881      144.700       17.008      114.227
     142.991      136.500       17.008      114.227
     143.100      138.100       17.008      114.227
     143.209      146.100       17.008      114.227
     143.319      146.100       17.008      114.227
     143.429      136.100       17.008      114.227
     143.539      145.200       17.008      114.227
     143.650      135.400       17.008      114.227
     143.760      145.900       17.008      114.227
     143.870      144.500       17.008      114.227
     143.980      137.200       17.008      114.227
     144.092      142.100       17.008      114.227
     144.203      145.200       17.008      114.227
     144.313      136.300       17.008      114.227
     144.424      152.800       17.008      114.227
     144.534      136.000       17.008      114.227
     144.644      136.600       17.008      114.227
     144.753      146.200       17.008      114.227
     144.865      134.600       17.008      114.227
     144.975      145.700       17.008      114.227
     145.084      136.900       17.008      114.227
     145.194      146.400       17.008      114.227
     145.304      135.600       17.008      114.227
     145.415      144.200       17.008      114.227
     145.525      137.200       17.008      114.227
     145.634      146.500       17.008      114.227
     145.744      136.000       17.008      114.227
     145.854      135.800       17.008      114.227
     145.966      143.900       17.008      114.227
     146.074      138.100       17.008      114.227
     146.184      145.600       17.008      114.227
     146.294      136.000       17.008      114.227
     146.404      145.500       17.008      114.227
     146.514      145.800       17.008      114.227
     146.627      141.900       17.008      114.227
     146.737      136.000       17.008      114.227
     146.847      145.600       17.008      114.227
     146.957      136.200       17.008      114.227
     147.068      144.600       17.008      114.227
     147.178      144.900       17.008      114.227
     147.288      136.400       17.008      114.227
     147.399      144.100       17.008      114.227
     147.509      136.900       17.008      114.227
     147.618      146.100       17.008      114.227
     147.728      136.800       17.008      114.227
     147.838      145.200       17.008      114.227
     147.948      146.100       17.008      114.227
     148.057      136.700       17.008      114.227
     148.167      136.600       17.008      114.227
     148.278      144.000       17.008      114.227
     148.388      146.400       17.008      114.227
     148.499      135.300       17.008      114.227
     148.608      146.500       17.008      114.227
     148.719      144.000       17.008      114.227
     148.828      136.600       17.008      114.227
     148.939      145.200       17.008      114.227
     149.050      134.400       17.008      114.227
     149.161      154.200       17.008      114.227
     149.271      136.500       17.008      114.227
     149.380      145.700       17.008      114.227
     149.491      135.800       17.008      114.227
     149.601      144.900       17.008      114.227
     149.712      135.500       17.008      114.227
     149.823      144.200       17.008      114.227
     149.935      143.100       17.008      114.227
     150.045      145.300       17.008      114.227
     150.154      137.100       17.008      114.227
     150.266      143.100       17.008      114.227
     150.376      136.500       17.008      114.227
     150.485      146.200       17.008      114.227
     150.596      135.900       17.008      114.227
     150.705      146.100       17.008      114.227
     150.814      137.500       17.008      114.227
     150.924      136.300       17.008      114.227
     151.033      146.800       17.008      114.227
     151.143      146.500       17.008      114.227
     151.253      135.700       17.008      114.227
     151.364      144.700       17.008      114.227
     151.474      135.600       17.008      114.227
     151.585      144.300       17.008      114.227
     151.695      145.900       17.008      114.227
     151.805      135.900       17.008      114.227
     151.915      145.700       17.008      114.227
     152.026      135.000       17.008      114.227
     152.138      143.400       17.008      114.227
     152.247      145.800       17.008      114.227
     152.357      136.500       17.008      114.227
     152.468      144.700       17.008      114.227
     152.579      144.000       17.008      114.227
     152.690      144.600       17.008      114.227
     152.800      136.000       17.008      114.227
     152.909      146.500       17.008      114.227
     153.019      136.500       17.008      114.227
     153.128      137.800       17.008      114.227
     153.238      136.000       17.008      114.227
     153.348      145.300       17.008      114.227
     153.458      145.700       17.008      114.227
     153.567      146.700       17.008      114.227
     153.677      136.600       17.008      114.227
     153.787      136.300       17.008      114.227
     153.898      144.000       17.008      114.227
     154.008      145.800       17.008      114.227
     154.118      127.400       17.008      114.227
     154.228      144.800       17.008      114.227
     154.340      143.200       17.008      114.227
     154.450      144.800       17.008      114.227
     154.561      135.100       17.008      114.227
     154.672      144.500       17.008      114.227
     154.781      137.100       17.008      114.227
     154.892      144.700       17.008      114.227
     155.002      145.100       17.008      114.227
     155.113      135.900       17.008      114.227
     155.225      142.800       17.008      114.227
     155.334      146.100       17.008      114.227
     155.444      136.600       17.008      114.227
     155.554      136.400       17.008      114.227
     155.664      136.100       17.008      114.227
     155.774      145.200       17.008      114.227
     155.884      145.900       17.008      114.227
     155.993      137.200       17.008      114.227
     156.104      136.000       17.008      114.227
     156.214      144.900       17.008      114.227
     156.324      136.500       17.008      114.227
     156.433      146.700       17.008      114.227
     156.544      144.600       17.008      114.227
     156.654      135.700       17.008      114.227
     156.764      145.800       17.008      114.227
     156.875      135.100       17.008      114.227
     156.985      154.200       17.008      114.227
     157.095      136.300       17.008      114.227
     157.205      145.500       17.008      114.227
     157.315      137.200       17.008      114.227
     157.426      143.800       17.008      114.227
     157.537      144.200       17.008      114.227
     157.646      137.900       17.008      114.227
     157.755      136.700       17.008      114.227
     157.866      144.400       17.008      114.227
     157.977      144.600       17.008      114.227
     158.087      126.800       17.008      114.227
     158.196      147.000       17.008      114.227
     158.306      136.800       17.008      114.227
     158.415      136.800       17.008      114.227
     158.525      145.600       17.008      114.227
     158.635      136.800       17.008      114.227
     158.745      145.300       17.008      114.227
     158.855      145.200       17.008      114.227
     158.965      145.500       17.008      114.227
     159.075      136.600       17.008      114.227
     159.185      145.500       17.008      114.227
     159.296      135.200       17.008      114.227
     159.406      145.500       17.008      114.227
     159.516      135.300       17.008      114.227
     159.627      135.900       17.008      114.227
     159.737      145.500       17.008      114.227
     159.849      142.400       17.008      114.227
     159.960      143.900       17.008      114.227
     160.071      144.400       17.008      114.227
     160.181      145.200       17.008      114.227
     160.292      126.600       17.008      114.227
     160.404      152.000       17.008      114.227
     160.514      135.900       17.008      114.227
     160.624      146.200       17.008      114.227
     160.734      136.000       17.008      114.227
     160.844      136.300       17.008      114.227
     160.953      146.600       17.008      114.227
     161.063      153.900       17.008      114.227
     161.173      128.300       17.008      114.227
     161.282      146.700       17.008      114.227
     161.393      134.400       17.008      114.227
     161.502      137.600       17.008      114.227
     161.613      144.800       17.008      114.227
     161.723      144.500       17.008      114.227
     161.833      146.100       17.008      114.227
     161.942      137.000       17.008      114.227
     162.053      145.000       17.008      114.227
     162.163      136.500       17.008      114.227
     162.274      143.900       17.008      114.227
     162.385      135.200       17.008      114.227
     162.496      134.400       17.008      114.227
     162.608      143.100       17.008      114.227
     162.720      143.500       17.008      114.227
     162.831      144.000       17.008      114.227
     162.941      135.900       17.008      114.227
     163.052      144.000       17.008      114.227
     163.163      135.900       17.008      114.227
     163.274      143.900       17.008      114.227
     163.383      146.700       17.008      114.227
     163.493      136.000       17.008      114.227
     163.605      143.500       17.008      114.227
     163.715      144.700       17.008      114.227
     163.825      145.900       17.008      114.227
     163.935      136.100       17.008      114.227
     164.045      136.000       17.008      114.227
     164.157      152.700       17.008      114.227
     164.268      135.100       17.008      114.227
     164.378      135.900       17.008      114.227
     164.489      143.700       17.008      114.227
     164.602      141.600       17.008      114.227
     164.713      144.600       17.008      114.227
     164.822      146.500       17.008      114.227
     164.934      134.700       17.008      114.227
     165.044      144.700       17.008      114.227
     165.155      135.700       17.008      114.227
     165.266      143.900       17.008      114.227
     165.376      145.500       17.008      114.227
     165.486      136.700       17.008      114.227
     165.595      146.600       17.008      114.227
     165.703      138.100       17.008      114.227
     165.813      146.000       17.008      114.227
     165.923      145.800       17.008      114.227
     166.033      135.900       17.008      114.227
     166.144      145.000       17.008      114.227
     166.254      135.300       17.008      114.227
     166.365      144.800       17.008      114.227
     166.475      136.600       17.008      114.227
     166.584      136.700       17.008      114.227
     166.696      143.900       17.008      114.227
     166.805      136.700       17.008      114.227
     166.916      144.700       17.008      114.227
     167.026      145.400       17.008      114.227
     167.137      143.300       17.008      114.227
     167.248      136.000       17.008      114.227
     167.358      144.800       17.008      114.227
     167.469      135.500       17.008      114.227
     167.579      145.100       17.008      114.227
     167.689      146.000       17.008      114.227
     167.799      136.500       17.008      114.227
     167.910      143.700       17.008      114.227
     168.020      136.800       17.008      114.227
     168.130      145.300       17.008      114.227
     168.240      135.800       17.008      114.227
     168.351      135.100       17.008      114.227
     168.462      144.800       17.008      114.227
     168.572      153.600       17.008      114.227
     168.683      136.100       17.008      114.227
     168.794      144.300       17.008      114.227
     168.902      137.800       17.008      114.227
     169.012      146.400       17.008      114.227
     169.123      135.200       17.008      114.227
     169.233      144.800       17.008      114.227
     169.342      137.800       17.008      114.227
     169.453      144.400       17.008      114.227
     169.563      136.100       17.008      114.227
     169.673      136.700       17.008      114.227
     169.782      146.100       17.008      114.227
     169.892      137.000       17.008      114.227
     170.003      144.500       17.008      114.227
     170.112      136.600       17.008      114.227
     170.222      146.100       17.008      114.227
     170.332      145.300       17.008      114.227
     170.442      136.400       17.008      114.227
     170.554      143.200       17.008      114.227
     170.664      136.700       17.008      114.227
     170.774      145.500       17.008      114.227
     170.884      126.600       17.008      114.227
     170.994      137.100       17.008      114.227
     171.103      146.500       17.008      114.227
     171.214      134.900       17.008      114.227
     171.325      144.100       17.008      114.227
     171.435      136.400       17.008      114.227
     171.544      137.500       17.008      114.227
     171.654      145.200       17.008      114.227
     171.764      136.500       17.008      114.227
     171.874      145.000       17.008      114.227
     171.985      136.200       17.008      114.227
     172.094      145.700       17.008      114.227
     172.205      135.100       17.008      114.227
     172.316      145.200       17.008      114.227
     172.425      146.000       17.008      114.227
     172.535      136.700       17.008      114.227
     172.645      136.000       17.008      114.227
     172.756      144.500       17.008      114.227
     172.869      140.900       17.008      114.227
     172.980      144.900       17.008      114.227
     173.089      146.500       17.008      114.227
     173.200      135.600       17.008      114.227
     173.311      143.600       17.008      114.227
     173.421      145.100       17.008      114.227
     173.531      136.800       17.008      114.227
     173.642      135.500       17.008      114.227
     173.753      144.100       17.008      114.227
     173.863      145.300       17.008      114.227
     173.974      144.200       17.008      114.227
     174.083      137.000       17.008      114.227
     174.193      137.300       17.008      114.227
     174.303      145.200       17.008      114.227
     174.414      134.300       17.008      114.227
     174.527      142.300       17.008      114.227
     174.638      144.300       17.008      114.227
     174.749      143.800       17.008      114.227
     174.859      127.300       17.008      114.227
     174.969      154.300       17.008      114.227
     175.081      134.800       17.008      114.227
     175.191      144.900       17.008      114.227
     175.302      126.200       17.008      114.227
     175.413      143.600       17.008      114.227
     175.523      127.100       17.008      114.227
     175.634      144.700       17.008      114.227
     175.743      128.500       17.008      114.227
     175.853      145.200       17.008      114.227
     175.964      135.000       17.008      114.227
     176.076      142.600       17.008      114.227
     176.187      136.000       17.008      114.227
     176.298      144.100       17.008      114.227
     176.409      144.200       17.008      114.227
     176.519      136.200       17.008      114.227
     176.630      143.800       17.008      114.227
     176.740      145.900       17.008      114.227
     176.849      137.300       17.008      114.227
     176.958      137.300       17.008      114.227
     177.068      145.500       17.008      114.227
     177.181      151.200       17.008      114.227
     177.290      136.700       17.008      114.227
     177.400      136.200       17.008      114.227
     177.510      145.500       17.008      114.227
     177.621      136.100       17.008      114.227
     177.731      144.700       17.008      114.227
     177.844      133.400       17.008      114.227
     177.954      144.900       17.008      114.227
     178.064      136.300       17.008      114.227
     178.174      145.400       17.008      114.227
     178.285      145.000       17.008      114.227
     178.395      135.400       17.008      114.227
     178.505      146.300       17.008      114.227
     178.615      135.700       17.008      114.227
     178.726      135.400       17.008      114.227
     178.836      145.500       17.008      114.227
     178.945      137.500       17.008      114.227
     179.054      146.300       17.008      114.227
     179.164      136.500       17.008      114.227
     179.276      143.700       17.008      114.227
     179.386      145.600       17.008      114.227
     179.497      144.100       17.008      114.227
     179.607      127.000       17.008      114.227
     179.717      145.000       17.008      114.227
     179.827      136.700       17.008      114.227
     179.937      145.400       17.008      114.227
     180.047      145.700       17.008      114.227
     180.157      136.400       17.008      114.227
     180.266      146.500       17.008      114.227
     180.378      134.300       17.008      114.227
     180.487      146.600       17.008      114.227
     180.596      109.800       17.426      114.684
