# Elapsed time   CPU (%)     Real (MB)   Virtual (MB)
       0.000        0.000       15.332      112.805
       0.109      138.100       15.227      112.680
       0.218      146.600       15.227      112.680
       0.327      137.500       15.227      112.680
       0.437      136.800       15.707      113.215
       0.546      136.700       15.707      113.215
       0.657      153.800       15.707      113.215
       0.766      136.900       15.723      113.215
       0.876      136.900       15.723      113.215
       0.985      146.600       15.723      113.215
       1.096      135.500       15.723      113.215
       1.205      146.300       15.723      113.215
       1.314      146.800       15.723      113.215
       1.424      136.000       15.723      113.215
       1.533      137.700       15.730      113.215
       1.643      136.300       15.730      113.215
       1.753      146.000       15.730      113.215
       1.862      147.000       15.730      113.215
       1.972      136.400       15.730      113.215
       2.081      145.900       15.730      113.215
       2.192      136.200       15.730      113.215
       2.302      144.900       15.730      113.215
       2.413      143.700       15.730      113.215
       2.523      145.900       15.730      113.215
       2.632      137.100       15.730      113.215
       2.743      135.600       15.730      113.215
       2.854      144.000       15.730      113.215
       2.965      143.800       15.730      113.215
       3.076      144.800       15.730      113.215
       3.186      145.700       15.730      113.215
       3.297      134.800       15.730      113.215
       3.406      146.100       15.730      113.215
       3.515      147.400       15.730      113.215
       3.625      136.100       15.730      113.215
       3.734      137.500       15.730      113.215
       3.845      144.600       15.730      113.215
       3.955      145.400       15.730      113.215
       4.065      145.900       15.730      113.215
       4.175      144.800       15.730      113.215
       4.284      137.700       15.730      113.215
       4.394      145.600       15.750      113.215
       4.504      136.800       15.750      113.215
       4.614      135.600       15.750      113.215
       4.726      152.200       15.750      113.215
       4.835      137.000       15.750      113.215
       4.947      152.600       15.750      113.215
       5.059      133.700       15.750      113.215
       5.168      146.200       15.750      113.215
       5.279      136.000       15.750      113.215
       5.389      144.800       15.750      113.215
       5.498      137.400       15.750      113.215
       5.608      145.500       15.750      113.215
       5.718      145.500       15.750      113.215
       5.828      136.300       15.750      113.215
       5.939      145.100       15.750      113.215
       6.048      146.300       15.750      113.215
       6.157      137.700       15.750      113.215
       6.267      145.000       15.750      113.215
       6.377      137.000       15.750      113.215
       6.488      144.500       15.750      113.215
       6.597      136.500       15.750      113.215
       6.706      147.000       15.750      113.215
       6.815      137.300       15.750      113.215
       6.925      145.900       15.750      113.215
       7.035      137.000       15.750      113.215
       7.145      145.500       15.750      113.215
       7.254      146.600       15.750      113.215
       7.364      135.600       15.750      113.215
       7.474      136.500       15.750      113.215
       7.583      146.700       15.750      113.215
       7.692      138.000       15.750      113.215
       7.802      145.000       15.750      113.215
       7.915      133.400       15.750      113.215
       8.025      145.400       15.750      113.215
       8.134      137.000       15.750      113.215
       8.243      137.600       15.750      113.215
       8.354      135.500       15.750      113.215
       8.464      145.200       15.750      113.215
       8.573      146.800       15.750      113.215
       8.684      145.000       15.750      113.215
       8.794      136.500       15.750      113.215
       8.903      145.900       15.750      113.215
       9.014      144.800       15.750      113.215
       9.123      137.400       15.750      113.215
       9.233      145.100       15.750      113.215
       9.342      137.400       15.750      113.215
       9.452      145.400       15.750      113.215
       9.561      137.500       15.750      113.215
       9.672      145.000       15.750      113.215
       9.782      145.400       15.750      113.215
       9.892      145.000       15.750      113.215
      10.002      136.700       15.750      113.215
      10.112      145.400       15.750      113.215
      10.222      145.600       15.750      113.215
      10.331      146.000       15.750      113.215
      10.442      144.300       15.750      113.215
      10.551      128.200       15.750      113.215
      10.661      146.000       15.750      113.215
      10.770      146.600       15.750      113.215
      10.880      137.200       15.750      113.215
      10.990      145.100       15.750      113.215
      11.099      146.800       15.750      113.215
      11.208      137.300       15.750      113.215
      11.321      141.600       15.750      113.215
      11.431      136.400       15.750      113.215
      11.541      146.100       15.750      113.215
      11.650      136.400       15.750      113.215
      11.760      146.000       15.750      113.215
      11.869      137.500       15.750      113.215
      11.981      143.300       15.750      113.215
      12.090      137.900       15.750      113.215
      12.200      154.400       15.750      113.215
      12.311      134.900       15.750      113.215
      12.420      146.300       15.750      113.215
      12.530      136.500       15.750      113.215
      12.641      145.000       15.750      113.215
      12.750      136.900       15.750      113.215
      12.860      145.100       15.754      113.215
      12.972      134.300       15.754      113.215
      13.083      145.000       15.754      113.215
      13.193      144.300       15.754      113.215
      13.304      145.000       15.754      113.215
      13.413      137.000       15.754      113.215
      13.524      144.900       15.754      113.215
      13.634      136.500       15.754      113.215
      13.743      146.800       15.754      113.215
      13.853      135.800       15.754      113.215
      13.963      136.000       15.754      113.215
      14.073      145.300       15.754      113.215
      14.183      136.700       15.754      113.215
      14.293      145.800       15.754      113.215
      14.404      144.000       15.754      113.215
      14.513      136.900       15.754      113.215
      14.625      134.200       15.754      113.215
      14.736      144.800       15.754      113.215
      14.844      147.300       15.754      113.215
      14.955      135.200       15.754      113.215
      15.066      144.800       15.754      113.215
      15.176      154.900       15.754      113.215
      15.286      136.300       15.754      113.215
      15.395      137.000       15.754      113.215
      15.504      137.700       15.754      113.215
      15.616      151.400       15.754      113.215
      15.727      136.300       15.754      113.215
      15.836      146.500       15.754      113.215
      15.945      145.800       15.754      113.215
      16.055      137.000       15.754      113.215
      16.165      136.200       15.754      113.215
      16.275      145.800       15.754      113.215
      16.384      146.800       15.754      113.215
      16.493      137.000       15.754      113.215
      16.604      144.000       15.754      113.215
      16.714      136.600       15.754      113.215
      16.824      154.400       15.754      113.215
      16.935      135.700       15.754      113.215
      17.045      145.500       15.754      113.215
      17.155      136.200       15.754      113.215
      17.264      146.500       15.754      113.215
      17.374      136.800       15.754      113.215
      17.484      145.100       15.754      113.215
      17.593      137.200       15.754      113.215
      17.703      146.600       15.754      113.215
      17.813      126.900       15.754      113.215
      17.924      153.500       15.754      113.215
      18.033      136.700       15.754      113.215
      18.143      145.600       15.754      113.215
      18.254      144.700       15.754      113.215
      18.363      137.600       15.754      113.215
      18.473      145.000       15.754      113.215
      18.583      136.800       15.754      113.215
      18.694      143.600       15.754      113.215
      18.804      146.500       15.754      113.215
      18.914      145.000       15.754      113.215
      19.022      138.100       15.754      113.215
      19.131      137.800       15.754      113.215
      19.241      155.100       15.754      113.215
      19.352      143.600       15.754      113.215
      19.462      136.900       15.754      113.215
      19.573      134.700       15.754      113.215
      19.683      154.400       15.754      113.215
      19.794      135.200       15.754      113.215
      19.903      146.900       15.754      113.215
      20.013      127.800       15.754      113.215
      20.122      146.000       15.754      113.215
      20.232      145.800       15.754      113.215
      20.342      136.900       15.754      113.215
      20.451      146.100       15.754      113.215
      20.561      136.900       15.754      113.215
      20.670      145.800       15.754      113.215
      20.780      137.000       15.754      113.215
      20.889      146.000       15.754      113.215
      21.000      136.200       15.754      113.215
      21.110      145.100       15.754      113.215
      21.221      143.400       15.754      113.215
      21.331      146.400       15.754      113.215
      21.441      136.100       15.754      113.215
      21.550      146.700       15.754      113.215
      21.660      136.100       15.754      113.215
      21.770      145.400       15.754      113.215
      21.880      145.500       15.754      113.215
      21.991      135.700       15.754      113.215
      22.100      146.200       15.754      113.215
      22.210      145.800       15.754      113.215
      22.320      146.000       15.754      113.215
      22.428      138.100       15.754      113.215
      22.538      145.700       15.754      113.215
      22.647      137.200       15.754      113.215
      22.756      137.800       15.754      113.215
      22.868      143.000       15.754      113.215
      22.978      137.100       15.754      113.215
      23.088      145.100       15.754      113.215
      23.197      136.800       15.754      113.215
      23.307      146.000       15.754      113.215
      23.417      145.000       15.754      113.215
      23.526      138.200       15.754      113.215
      23.636      145.400       15.754      113.215
      23.746      146.100       15.754      113.215
      23.855      137.200       15.754      113.215
      23.964      136.800       15.754      113.215
      24.075      144.200       15.754      113.215
      24.184      147.300       15.754      113.215
      24.294      136.100       15.754      113.215
      24.403      146.900       15.754      113.215
      24.514      126.600       15.754      113.215
      24.623      155.100       15.754      113.215
      24.734      136.100       15.754      113.215
      24.844      145.600       15.754      113.215
      24.953      146.200       15.754      113.215
      25.063      137.000       15.754      113.215
      25.171      137.700       15.754      113.215
      25.281      137.200       15.754      113.215
      25.392      144.300       15.754      113.215
      25.501      145.800       15.754      113.215
      25.610      137.500       15.754      113.215
      25.721      145.200       15.754      113.215
      25.831      145.200       15.754      113.215
      25.940      137.500       15.754      113.215
      26.049      137.500       15.754      113.215
      26.158      146.500       15.754      113.215
      26.268      145.400       15.754      113.215
      26.377      137.500       15.754      113.215
      26.487      145.700       15.754      113.215
      26.597      137.000       15.754      113.215
      26.705      147.100       15.754      113.215
      26.814      146.800       15.754      113.215
      26.924      136.700       15.754      113.215
      27.034      145.000       15.754      113.215
      27.144      146.200       15.754      113.215
      27.253      146.000       15.754      113.215
      27.364      136.200       15.754      113.215
      27.474      136.100       15.754      113.215
      27.584      145.400       15.754      113.215
      27.694      136.700       15.754      113.215
      27.803      146.300       15.754      113.215
      27.913      145.700       15.754      113.215
      28.022      146.900       15.754      113.215
      28.130      138.100       15.754      113.215
      28.240      145.200       15.754      113.215
      28.350      137.100       15.754      113.215
      28.460      136.800       15.754      113.215
      28.569      146.500       15.754      113.215
      28.677      147.300       15.754      113.215
      28.788      135.000       15.754      113.215
      28.898      146.200       15.754      113.215
      29.008      136.400       15.754      113.215
      29.117      146.200       15.754      113.215
      29.226      138.200       15.754      113.215
      29.335      146.000       15.754      113.215
      29.446      136.100       15.754      113.215
      29.555      137.100       15.754      113.215
      29.666      144.700       15.754      113.215
      29.775      145.800       15.754      113.215
      29.886      144.900       15.754      113.215
      29.996      145.400       15.754      113.215
      30.106      136.800       15.754      113.215
      30.216      144.500       15.754      113.215
      30.326      136.300       15.754      113.215
      30.436      145.800       15.754      113.215
      30.545      137.700       15.754      113.215
      30.654      137.100       15.754      113.215
      30.765      153.400       15.754      113.215
      30.876      135.300       15.754      113.215
      30.986      136.900       15.754      113.215
      31.095      146.300       15.754      113.215
      31.205      135.900       15.754      113.215
      31.315      145.600       15.754      113.215
      31.426      145.000       15.754      113.215
      31.536      144.400       15.754      113.215
      31.646      136.900       15.754      113.215
      31.755      138.000       15.754      113.215
      31.864      146.800       15.754      113.215
      31.974      145.200       15.754      113.215
      32.085      135.100       15.754      113.215
      32.195      154.300       15.754      113.215
      32.305      136.100       15.754      113.215
      32.416      144.200       15.754      113.215
      32.526      136.900       15.754      113.215
      32.637      144.300       15.754      113.215
      32.746      137.600       15.754      113.215
      32.856      144.900       15.754      113.215
      32.966      136.800       15.754      113.215
      33.076      145.700       15.754      113.215
      33.185      137.500       15.754      113.215
      33.295      144.500       15.754      113.215
      33.404      137.800       15.754      113.215
      33.514      136.400       15.754      113.215
      33.623      146.900       15.754      113.215
      33.732      146.700       15.754      113.215
      33.843      144.000       15.754      113.215
      33.954      126.600       15.754      113.215
      34.065      143.900       15.754      113.215
      34.175      145.400       15.754      113.215
      34.285      137.000       15.754      113.215
      34.394      146.000       15.754      113.215
      34.504      145.900       15.754      113.215
      34.614      135.900       15.754      113.215
      34.724      136.500       15.754      113.215
      34.834      145.700       15.754      113.215
      34.943      146.500       15.754      113.215
      35.053      137.300       15.754      113.215
      35.163      136.200       15.754      113.215
      35.272      145.700       15.754      113.215
      35.383      154.300       15.754      113.215
      35.492      137.200       15.754      113.215
      35.601      146.300       15.754      113.215
      35.711      145.600       15.754      113.215
      35.821      127.500       15.754      113.215
      35.932      143.800       15.754      113.215
      36.042      136.800       15.754      113.215
      36.152      145.100       15.754      113.215
      36.263      135.400       15.754      113.215
      36.373      145.800       15.754      113.215
      36.483      145.600       15.754      113.215
      36.593      144.700       15.754      113.215
      36.703      136.900       15.754      113.215
      36.812      137.400       15.754      113.215
      36.923      144.000       15.754      113.215
      37.034      144.400       15.754      113.215
      37.144      145.800       15.754      113.215
      37.253      137.200       15.754      113.215
      37.363      136.800       15.754      113.215
      37.473      135.200       15.754      113.215
      37.583      146.100       15.754      113.215
      37.693      136.400       15.754      113.215
      37.803      145.100       15.754      113.215
      37.914      144.600       15.754      113.215
      38.024      145.500       15.754      113.215
