# Elapsed time   CPU (%)     Real (MB)   Virtual (MB)
       0.000        0.000       12.727       40.789
       0.100      139.600       30.543      349.398
       0.201      189.200       74.480      393.551
       0.301      149.400       92.203      442.422
       0.402      139.600       92.344      442.422
       0.502      119.600       92.348      442.422
       0.602      119.600       92.352      442.422
       0.702       99.700       92.352      442.422
       0.803       99.700       92.352      442.422
       0.903       99.700       92.352      442.422
       1.003       99.700       92.352      442.422
       1.104       99.700       92.352      442.422
       1.204       99.700       92.352      442.422
       1.304       99.700       92.352      442.422
       1.405       89.700       92.352      442.422
       1.505       99.700       92.352      442.422
       1.605       99.700       92.352      442.422
       1.706       99.700       92.352      442.422
       1.806       99.700       92.352      442.422
       1.906       99.700       92.352      442.422
       2.007       99.700       92.352      442.422
       2.107       99.700       92.352      442.422
       2.207       99.700       92.352      442.422
       2.308       99.600       92.352      442.422
       2.408       99.700       92.352      442.422
       2.508       99.700       92.352      442.422
       2.609      119.600       92.352      442.422
       2.709      129.500       92.355      442.422
       2.809       99.700       92.355      442.422
       2.910       99.700       92.355      442.422
       3.010       99.600       92.355      442.422
       3.110       99.700       92.355      442.422
       3.211       99.700       92.355      442.422
       3.311       99.700       92.355      442.422
       3.411       99.700       92.355      442.422
       3.512       99.700       92.355      442.422
       3.612       99.700       92.355      442.422
       3.712       99.700       92.355      442.422
       3.812      109.700       92.355      442.422
       3.913      109.600       92.355      442.422
       4.013       99.700       92.355      442.422
       4.113       99.700       92.355      442.422
       4.214       99.600       92.355      442.422
       4.314       99.700       92.355      442.422
       4.414       99.700       92.355      442.422
       4.515      109.700       92.355      442.422
       4.615       99.600       92.355      442.422
       4.715       99.700       92.355      442.422
       4.816       99.700       92.355      442.422
       4.916       99.700       92.355      442.422
       5.016       99.700       92.359      442.422
       5.117       99.700       92.359      442.422
       5.217       99.700       92.359      442.422
       5.317      109.700       92.359      442.422
       5.418       99.700       92.359      442.422
       5.518       99.700       92.359      442.422
       5.618       99.700       92.359      442.422
       5.719       99.700       92.359      442.422
       5.819       99.700       92.359      442.422
       5.919       99.700       92.359      442.422
       6.019       99.700       92.359      442.422
       6.120       99.700       92.359      442.422
       6.220       99.700       92.359      442.422
       6.320       99.700       92.367      442.422
       6.421       99.700       92.367      442.422
       6.521       99.300       92.367      442.422
       6.622       99.600       92.367      442.422
       6.722       99.600       92.367      442.422
       6.823       89.700       92.367      442.422
       6.923      109.700       92.367      442.422
       7.023       89.700       92.367      442.422
       7.123      109.700       92.367      442.422
       7.224       99.700       92.367      442.422
       7.324       99.700       92.367      442.422
       7.424       99.700       92.371      442.422
