# Elapsed time   CPU (%)     Real (MB)   Virtual (MB)
       0.000        0.000        9.430       37.805
       0.100      229.200       30.750       81.809
       0.201      398.700       41.707       92.734
       0.301      398.800       41.707       92.734
       0.401      229.200       41.707       92.734
       0.502       99.700       41.707       92.734
       0.602       99.700       41.707       92.734
       0.702       99.700       41.707       92.734
       0.803       89.700       41.707       92.734
       0.903       99.700       41.707       92.734
       1.003       99.700       41.707       92.734
       1.104       99.700       41.707       92.734
       1.204      109.600       41.707       92.734
       1.304       99.600       41.707       92.734
       1.405       99.700       41.707       92.734
       1.505       99.700       41.707       92.734
       1.605       99.700       41.707       92.734
       1.706       99.700       41.707       92.734
       1.806      109.700       41.707       92.734
       1.906      319.000       41.707       92.734
       2.006       99.700       41.707       92.734
       2.107       99.700       41.707       92.734
       2.207       99.700       41.707       92.734
       2.307       99.700       41.707       92.734
       2.408       99.700       41.707       92.734
       2.508       99.700       41.707       92.734
       2.608       99.700       41.707       92.734
       2.709       99.700       41.707       92.734
       2.809       99.700       41.707       92.734
       2.909       99.600       41.707       92.734
       3.010       99.700       41.707       92.734
       3.110      209.400       41.707       92.734
       3.210      129.600       41.707       92.734
       3.311       99.700       41.707       92.734
       3.411       99.700       41.707       92.734
       3.511       99.700       41.707       92.734
       3.611       99.700       41.707       92.734
       3.712       99.700       41.707       92.734
       3.812       99.700       41.707       92.734
       3.912       99.700       41.707       92.734
       4.013      169.500       41.707       92.734
       4.113       99.700       41.707       92.734
       4.213       99.700       41.707       92.734
       4.314       99.700       41.707       92.734
       4.414       99.700       41.707       92.734
       4.514       99.700       41.707       92.734
       4.615       99.700       41.707       92.734
       4.715      139.200       41.707       92.734
       4.816       99.600       41.707       92.734
       4.916       99.700       41.707       92.734
       5.016       99.700       41.707       92.734
       5.116       99.700       41.707       92.734
       5.217       99.700       41.707       92.734
       5.317       99.700       41.707       92.734
       5.417      119.700       41.707       92.734
       5.518       99.700       41.707       92.734
       5.618       99.700       41.707       92.734
       5.718       99.700       41.707       92.734
       5.819       99.700       41.707       92.734
       5.919       99.700       41.707       92.734
       6.019      119.700       41.707       92.734
       6.120       99.700       41.707       92.734
       6.220       99.700       41.707       92.734
       6.320       99.700       41.707       92.734
       6.420       99.700       41.707       92.734
       6.521      109.700       41.707       92.734
       6.621       99.700       41.707       92.734
       6.721       99.700       41.707       92.734
       6.822       99.700       41.707       92.734
       6.922       99.700       41.707       92.734
       7.022      109.600       41.707       92.734
       7.123      109.600       41.707       92.734
       7.223       99.700       41.707       92.734
       7.323       99.700       41.707       92.734
       7.424       99.700       41.707       92.734
       7.524       99.700       41.707       92.734
       7.624      109.600       41.707       92.734
       7.725       99.700       41.707       92.734
       7.825       99.700       41.707       92.734
       7.925       99.600       41.707       92.734
       8.026      119.700       41.707       92.734
       8.126       99.700       41.707       92.734
       8.226       99.700       41.707       92.734
       8.327       99.700       41.707       92.734
       8.427      119.700       41.707       92.734
       8.527       99.700       41.707       92.734
       8.627       99.700       41.707       92.734
       8.728       89.700       41.707       92.734
       8.828      119.600       41.707       92.734
       8.928       99.700       41.707       92.734
       9.029       99.700       41.707       92.734
       9.129       99.700       41.707       92.734
       9.229      119.600       41.707       92.734
       9.330       99.700       41.707       92.734
       9.430       99.700       41.707       92.734
       9.530      109.700       41.707       92.734
       9.631       99.700       41.707       92.734
       9.731       99.700       41.707       92.734
       9.831      119.600       41.707       92.734
       9.932      159.500       41.707       92.734
      10.032       99.700       41.707       92.734
      10.132      149.500       41.707       92.734
      10.233      129.600       41.707       92.734
      10.333      109.700       41.707       92.734
      10.433      149.500       41.707       92.734
      10.534       99.700       41.707       92.734
      10.634      149.500       41.707       92.734
      10.734      109.700       41.707       92.734
      10.834      119.600       41.707       92.734
      10.935      129.600       41.707       92.734
      11.035      119.600       41.707       92.734
      11.135      129.600       41.707       92.734
      11.236      149.400       41.707       92.734
      11.336      129.600       41.707       92.734
      11.436      159.500       41.707       92.734
      11.537      219.300       41.707       92.734
      11.637      289.100       41.707       92.734
      11.737      289.100       41.707       92.734
      11.838      309.000       41.707       92.734
      11.938      309.100       41.707       92.734
      12.038      338.900       41.707       92.734
      12.139      348.900       41.707       92.734
      12.239      119.600       41.707       92.734
      12.339       99.700       41.707       92.734
