# Elapsed time   CPU (%)     Real (MB)   Virtual (MB)
       0.000        0.000        8.656       35.785
       0.100       99.700       77.109      104.309
       0.201       99.600      152.602      179.562
       0.301       99.700      152.602      179.562
       0.401       99.700      152.602      179.562
       0.502       99.700      144.598      171.559
       0.602       99.700      144.598      171.559
       0.702       99.700      144.598      171.559
       0.803       99.700      144.598      171.559
       0.903       99.700      144.598      171.559
       1.003       99.700      144.598      171.559
       1.104       99.700      144.598      171.559
       1.204       99.700      144.598      171.559
       1.304       99.700      144.598      171.559
       1.405       99.700      144.598      171.559
       1.505       99.700      144.598      171.559
       1.605       99.700      144.598      171.559
       1.705       99.700      144.598      171.559
       1.806       99.700      144.598      171.559
       1.906       99.700      144.598      171.559
       2.006       99.700      144.598      171.559
       2.107       99.700      144.598      171.559
       2.207       99.700      144.598      171.559
       2.307       89.700      144.598      171.559
       2.408      109.700      144.598      171.559
       2.508       89.700      144.598      171.559
       2.608       99.700      144.598      171.559
       2.709       99.700      144.598      171.559
       2.809       99.700      144.598      171.559
       2.909       99.700      144.598      171.559
       3.009       99.700      144.598      171.559
       3.110       99.700      144.598      171.559
       3.210       99.700      144.598      171.559
       3.310       99.700      144.598      171.559
       3.411       99.500      144.598      171.559
       3.511       99.400      144.598      171.559
       3.612       99.600      144.598      171.559
       3.712       99.700      144.598      171.559
       3.812       99.700      144.598      171.559
       3.913       99.600      144.598      171.559
       4.013       99.600      144.598      171.559
       4.114       99.700      144.598      171.559
       4.214       99.700      144.598      171.559
       4.314       99.700      144.598      171.559
       4.414       99.700      144.598      171.559
       4.515       99.700      144.598      171.559
       4.615       99.700      144.598      171.559
       4.715       99.700      144.598      171.559
       4.816       99.700      144.598      171.559
       4.916       99.600      144.598      171.559
       5.016       99.700      144.598      171.559
       5.117       99.700      144.598      171.559
       5.217       99.700      144.598      171.559
       5.317       99.700      144.598      171.559
       5.418       99.400      144.598      171.559
       5.518       99.600      144.598      171.559
       5.619       99.600      144.598      171.559
       5.719       99.700      144.598      171.559
       5.819       99.700      144.598      171.559
       5.920       99.700      144.598      171.559
       6.020       99.700      144.598      171.559
       6.120       99.700      144.598      171.559
       6.221       99.700      144.598      171.559
       6.321       99.700      144.598      171.559
       6.421       99.700      144.598      171.559
       6.522       99.700      144.598      171.559
       6.622       99.600      144.598      171.559
       6.722       99.700      144.598      171.559
       6.823       99.700      144.598      171.559
       6.923       99.700      144.598      171.559
       7.023       99.700      144.598      171.559
       7.124       99.700      144.598      171.559
       7.224       99.700      144.598      171.559
       7.324       99.700      144.598      171.559
       7.425       99.700      144.598      171.559
       7.525       99.600      144.598      171.559
       7.625       99.700      144.598      171.559
       7.726       99.700      144.598      171.559
       7.826       99.600      144.598      171.559
       7.926       99.600      144.598      171.559
       8.027       99.700      144.598      171.559
       8.127       99.700      144.598      171.559
       8.227       99.700      144.598      171.559
       8.328       99.700      144.598      171.559
       8.428       99.700      144.598      171.559
       8.528       89.700      144.598      171.559
       8.629      109.600      144.598      171.559
       8.729       89.700      144.598      171.559
       8.829       99.700      144.598      171.559
       8.929       99.700      144.598      171.559
       9.030       99.700      144.598      171.559
       9.130       99.700      144.598      171.559
       9.230       99.700      144.598      171.559
       9.331       99.700      144.598      171.559
       9.431       99.700      144.598      171.559
       9.531       99.700      144.598      171.559
       9.632       99.700      144.598      171.559
       9.732       99.700      144.598      171.559
       9.832       99.700      144.598      171.559
       9.933       99.700      144.598      171.559
      10.033       99.700      144.598      171.559
      10.133       99.700      144.598      171.559
      10.234       99.700      144.598      171.559
      10.334       99.700      144.598      171.559
      10.434       99.700      144.598      171.559
      10.535       99.700      144.598      171.559
      10.635       99.700      144.598      171.559
      10.735       99.700      144.598      171.559
      10.835       99.700      144.598      171.559
      10.936       99.700      144.598      171.559
      11.036       99.600      144.598      171.559
      11.136       99.700      144.598      171.559
      11.237       99.700      144.598      171.559
      11.337       99.700      144.598      171.559
      11.437       99.700      144.598      171.559
      11.538       99.700      144.598      171.559
      11.638       99.700      144.598      171.559
      11.738       99.700      144.598      171.559
      11.839       99.700      144.598      171.559
      11.939       99.600      144.598      171.559
      12.039       99.700      144.598      171.559
      12.140       99.700      144.598      171.559
      12.240       99.700      144.598      171.559
      12.340       99.700      144.598      171.559
      12.441       99.700      144.598      171.559
      12.541       99.700      144.598      171.559
      12.641       99.700      144.598      171.559
      12.742       99.700      144.598      171.559
      12.842       99.700      144.598      171.559
      12.942       99.700      144.598      171.559
      13.042       99.700      144.598      171.559
      13.143       99.700      144.598      171.559
      13.243       99.700      144.598      171.559
      13.343       99.700      144.598      171.559
      13.444       99.600      144.598      171.559
      13.544       99.700      144.598      171.559
      13.644       99.700      144.598      171.559
      13.745       99.700      144.598      171.559
      13.845       99.700      144.598      171.559
      13.946       99.400      144.598      171.559
      14.046       99.700      144.598      171.559
      14.146       99.700      144.598      171.559
      14.247       99.600      144.598      171.559
      14.347       99.700      144.598      171.559
      14.447       99.700      144.598      171.559
      14.548       99.700      144.598      171.559
      14.648       99.700      144.598      171.559
      14.748       99.700      144.598      171.559
      14.849       99.700      144.598      171.559
      14.949       99.700      144.598      171.559
      15.049       99.700      144.598      171.559
      15.149       99.700      144.598      171.559
      15.250       99.700      144.598      171.559
      15.350       99.700      144.598      171.559
      15.450       99.700      144.598      171.559
      15.551       99.700      144.598      171.559
      15.651       99.700      144.598      171.559
      15.751       99.700      144.598      171.559
      15.852       99.700      144.598      171.559
      15.952       99.500      144.598      171.559
      16.053       99.300      144.598      171.559
      16.154       99.000      144.598      171.559
      16.254       99.600      144.598      171.559
      16.355       99.600      144.598      171.559
      16.455       99.700      144.598      171.559
      16.555       99.700      144.598      171.559
      16.656       99.700      144.598      171.559
      16.756       99.700      144.598      171.559
      16.856       99.500      144.598      171.559
      16.957       99.600      144.598      171.559
      17.057       99.700      144.598      171.559
      17.157       99.700      144.598      171.559
      17.258       99.700      144.598      171.559
      17.358       99.700      144.598      171.559
      17.458       89.700      144.598      171.559
      17.559      109.600      144.598      171.559
      17.659       99.600      144.598      171.559
      17.760       99.600      144.598      171.559
      17.860       99.600      144.598      171.559
      17.960       89.700      144.598      171.559
      18.061      109.600      144.598      171.559
      18.161       99.700      144.598      171.559
