# Elapsed time   CPU (%)     Real (MB)   Virtual (MB)
       0.000        0.000       16.242      162.711
       0.100       99.600      135.543      162.711
       0.201       99.500      135.543      162.711
       0.301       99.600      135.543      162.711
       0.402       99.400      135.543      162.711
       0.503       99.500      135.543      162.711
       0.603       99.500      135.543      162.711
       0.703       89.600      135.543      162.711
       0.804       99.500      135.543      162.711
       0.904       99.600      135.543      162.711
       1.005       99.500      135.543      162.711
       1.105       99.500      135.543      162.711
       1.206       99.400      135.543      162.711
       1.307       99.500      135.543      162.711
       1.407       99.500      135.543      162.711
       1.508       99.500      135.543      162.711
       1.608       89.600      135.543      162.711
       1.708       99.500      135.543      162.711
       1.809       99.500      135.543      162.711
       1.910       99.400      135.543      162.711
       2.010       99.500      135.543      162.711
       2.111       99.500      135.543      162.711
       2.211       99.500      135.543      162.711
       2.312       99.500      135.543      162.711
       2.412       99.400      135.543      162.711
       2.513       99.100      135.543      162.711
       2.614       99.400      135.543      162.711
       2.714       99.500      135.543      162.711
       2.815       99.500      135.543      162.711
       2.915       99.500      135.543      162.711
       3.016       99.500      135.543      162.711
       3.116       99.400      135.543      162.711
       3.217       99.200      135.543      162.711
       3.318       99.300      135.543      162.711
       3.418       99.500      135.543      162.711
       3.519       99.500      135.543      162.711
       3.619       99.500      135.543      162.711
       3.720       99.600      135.543      162.711
       3.820       99.500      135.543      162.711
       3.921       89.600      135.543      162.711
       4.021       99.500      135.543      162.711
       4.122       99.500      135.543      162.711
       4.222       99.500      135.543      162.711
       4.323       99.500      135.543      162.711
       4.423       99.500      135.543      162.711
       4.524       99.500      135.543      162.711
       4.624       99.400      135.543      162.711
       4.725       99.500      135.543      162.711
       4.825       99.400      135.543      162.711
       4.926       99.500      135.543      162.711
       5.026       99.500      135.543      162.711
       5.127       99.500      135.543      162.711
       5.227       99.500      135.543      162.711
       5.328       99.500      135.543      162.711
       5.429       99.500      135.543      162.711
       5.529       99.500      135.543      162.711
       5.630       99.100      135.543      162.711
       5.731       98.900      135.543      162.711
       5.832       99.400      135.543      162.711
       5.932       99.500      135.543      162.711
       6.033       99.500      135.543      162.711
       6.133       99.500      135.543      162.711
       6.234       99.500      135.543      162.711
       6.334       99.500      135.543      162.711
       6.435       89.500      135.543      162.711
       6.535       99.500      135.543      162.711
       6.636       99.400      135.543      162.711
       6.736       99.300      135.543      162.711
       6.837       99.300      135.543      162.711
       6.938       99.400      135.543      162.711
       7.038       99.400      135.543      162.711
       7.139       99.400      135.543      162.711
       7.240       99.300      135.543      162.711
       7.340       99.300      135.543      162.711
       7.441       99.200      135.543      162.711
       7.542       99.300      135.543      162.711
       7.642       99.400      135.543      162.711
       7.743       99.400      135.543      162.711
       7.844       99.400      135.543      162.711
       7.944       99.400      135.543      162.711
       8.045       99.300      135.543      162.711
       8.146       89.500      135.543      162.711
       8.246       99.400      135.543      162.711
       8.347       99.400      135.543      162.711
       8.447       99.400      135.543      162.711
       8.548       99.500      135.543      162.711
       8.648       99.400      135.543      162.711
       8.749       99.500      135.543      162.711
       8.850       99.400      135.543      162.711
       8.950       99.000      135.543      162.711
       9.051       99.200      135.543      162.711
       9.152       99.400      135.543      162.711
       9.253       99.300      135.543      162.711
       9.353       99.400      135.543      162.711
       9.454       99.300      135.543      162.711
       9.555       99.300      135.543      162.711
       9.655       99.400      135.543      162.711
       9.756       99.400      135.543      162.711
       9.856       99.300      135.543      162.711
       9.957       99.400      135.543      162.711
      10.058       99.400      135.543      162.711
      10.158       99.300      135.543      162.711
      10.259       99.300      135.543      162.711
      10.360       89.500      135.543      162.711
      10.460       99.300      135.543      162.711
      10.561       99.400      135.543      162.711
      10.662       99.400      135.543      162.711
      10.762       99.400      135.543      162.711
      10.863       99.300      135.543      162.711
      10.963       99.300      135.543      162.711
      11.064       99.300      135.543      162.711
      11.165       99.500      135.543      162.711
      11.265       99.400      135.543      162.711
      11.366       99.300      135.543      162.711
      11.467       99.300      135.543      162.711
      11.567       99.200      135.543      162.711
      11.668       99.300      135.543      162.711
      11.769       99.400      135.543      162.711
      11.869       99.500      135.543      162.711
      11.970       99.300      135.543      162.711
      12.071       99.100      135.543      162.711
      12.172       99.100      135.543      162.711
      12.272       99.300      135.543      162.711
      12.373       99.300      135.543      162.711
      12.474       99.200      135.543      162.711
      12.575       89.400      135.543      162.711
      12.675       99.100      135.543      162.711
      12.776       99.300      135.543      162.711
      12.877       99.300      135.543      162.711
      12.978       99.300      135.543      162.711
      13.078       99.300      135.543      162.711
      13.179       99.400      135.543      162.711
      13.279       99.400      135.543      162.711
      13.380       99.300      135.543      162.711
      13.481       99.300      135.543      162.711
      13.582       99.100      135.543      162.711
      13.682       99.300      135.543      162.711
      13.783       99.400      135.543      162.711
      13.884       99.300      135.543      162.711
      13.984       99.300      135.543      162.711
      14.085       99.400      135.543      162.711
      14.186       99.200      135.543      162.711
      14.287       99.200      135.543      162.711
      14.387       99.300      135.543      162.711
      14.488       99.300      135.543      162.711
      14.589       99.300      135.543      162.711
      14.690       89.400      135.543      162.711
      14.790       99.200      135.543      162.711
      14.891       99.300      135.543      162.711
      14.992       99.300      135.543      162.711
      15.092       99.300      135.543      162.711
      15.196       96.300      135.543      162.711
      15.297       99.200      135.543      162.711
      15.398       99.300      135.543      162.711
      15.498       99.300      135.543      162.711
      15.599       99.400      135.543      162.711
      15.700       99.300      135.543      162.711
      15.800       99.300      135.543      162.711
      15.901       99.300      135.543      162.711
      16.002       99.300      135.543      162.711
      16.102       99.300      135.543      162.711
      16.203       99.400      135.543      162.711
      16.304       99.400      135.543      162.711
      16.404       99.400      135.543      162.711
      16.505       99.500      135.543      162.711
      16.605       99.500      135.543      162.711
      16.706       99.400      135.543      162.711
      16.807       99.400      135.543      162.711
      16.907       99.300      135.543      162.711
      17.008       99.400      135.543      162.711
      17.109       89.500      135.543      162.711
      17.209      109.400      135.543      162.711
      17.310       89.500      135.543      162.711
      17.410       99.400      135.543      162.711
      17.511       99.200      135.543      162.711
      17.612       99.300      135.543      162.711
      17.712       99.300      135.543      162.711
      17.813       99.500      135.543      162.711
      17.913       99.300      135.543      162.711
      18.014       99.300      135.543      162.711
      18.115      109.300      135.543      162.711
      18.216       89.500      135.543      162.711
      18.316       99.300      135.543      162.711
      18.417       99.300      135.543      162.711
      18.518       99.300      135.543      162.711
      18.618       99.400      135.543      162.711
      18.719       99.500      135.543      162.711
      18.819       99.500      135.543      162.711
      18.920       99.500      135.543      162.711
      19.021       99.400      135.543      162.711
      19.121       99.400      135.543      162.711
      19.222       99.300      135.543      162.711
      19.323       99.400      135.543      162.711
      19.423       99.500      135.543      162.711
      19.524       99.300      135.543      162.711
      19.624       99.400      135.543      162.711
      19.725       99.500      135.543      162.711
      19.825       99.500      135.543      162.711
      19.926       99.400      135.543      162.711
      20.027       99.400      135.543      162.711
      20.127       99.500      135.543      162.711
      20.228       89.500      135.543      162.711
      20.328       99.400      135.543      162.711
      20.429       99.200      135.543      162.711
      20.530       99.400      135.543      162.711
      20.630       99.300      135.543      162.711
      20.731       99.400      135.543      162.711
      20.832       99.400      135.543      162.711
      20.932       99.300      135.543      162.711
      21.033       99.300      135.543      162.711
      21.134       99.400      135.543      162.711
      21.234       99.200      135.543      162.711
      21.335       99.400      135.543      162.711
      21.436       99.200      135.543      162.711
      21.537       98.900      135.543      162.711
      21.638       99.400      135.543      162.711
      21.738       99.300      135.543      162.711
      21.839       99.400      135.543      162.711
      21.939       99.400      135.543      162.711
      22.040       99.400      135.543      162.711
      22.141       99.400      135.543      162.711
      22.241       99.400      135.543      162.711
      22.342       99.400      135.543      162.711
      22.442       99.300      135.543      162.711
      22.543       99.500      135.543      162.711
      22.644       99.500      135.543      162.711
      22.744       99.300      135.543      162.711
      22.845       99.200      135.543      162.711
      22.946       89.400      135.543      162.711
      23.046       99.400      135.543      162.711
      23.147       99.400      135.543      162.711
      23.247       99.500      135.543      162.711
      23.348       99.500      135.543      162.711
      23.448       99.400      135.543      162.711
      23.549       99.200      135.543      162.711
      23.650       99.300      135.543      162.711
      23.751       99.400      135.543      162.711
      23.851       99.400      135.543      162.711
      23.952       99.200      135.543      162.711
      24.053       98.800      135.543      162.711
      24.154       99.000      135.543      162.711
      24.255       99.400      135.543      162.711
      24.355       99.300      135.543      162.711
      24.456       99.400      135.543      162.711
      24.557       99.500      135.543      162.711
      24.657       99.300      135.543      162.711
      24.758       99.400      135.543      162.711
      24.858       89.500      135.543      162.711
      24.959       99.300      135.543      162.711
      25.060       99.400      135.543      162.711
      25.160       99.400      135.543      162.711
      25.261       99.400      135.543      162.711
      25.361       99.500      135.543      162.711
      25.462       99.500      135.543      162.711
      25.563       99.500      135.543      162.711
      25.663       99.500      135.543      162.711
      25.764       99.400      135.543      162.711
      25.864       99.400      135.543      162.711
      25.965       99.300      135.543      162.711
      26.066       99.400      135.543      162.711
      26.166       99.500      135.543      162.711
      26.267       99.500      135.543      162.711
      26.367       99.500      135.543      162.711
      26.468       99.300      135.543      162.711
      26.568       89.400      135.543      162.711
      26.669       99.200      135.543      162.711
      26.770       99.200      135.543      162.711
      26.871       99.500      135.543      162.711
      26.971       99.500      135.543      162.711
      27.072       99.500      135.543      162.711
      27.172       99.500      135.543      162.711
      27.273       99.400      135.543      162.711
      27.373       99.200      135.543      162.711
      27.474       99.400      135.543      162.711
      27.575       99.500      135.543      162.711
      27.675       99.500      135.543      162.711
      27.776       89.400      135.543      162.711
      27.876       99.100      135.543      162.711
      27.977       99.300      135.543      162.711
      28.078       99.500      135.543      162.711
      28.178       99.500      135.543      162.711
      28.279       99.400      135.543      162.711
      28.380       99.500      135.543      162.711
      28.480       99.500      135.543      162.711
      28.581       99.500      135.543      162.711
      28.681       99.500      135.543      162.711
      28.781       99.500      135.543      162.711
      28.882       99.500      135.543      162.711
      28.982       99.500      135.543      162.711
      29.083       89.600      135.543      162.711
      29.183       99.400      135.543      162.711
      29.284       99.500      135.543      162.711
      29.384       99.500      135.543      162.711
      29.485       99.500      135.543      162.711
      29.585       99.500      135.543      162.711
      29.686       89.500      135.543      162.711
      29.786       99.500      135.543      162.711
      29.887       99.500      135.543      162.711
      29.987       99.500      135.543      162.711
      30.088       99.400      135.543      162.711
      30.189       99.400      135.543      162.711
      30.289       99.500      135.543      162.711
      30.390       99.500      135.543      162.711
      30.490       99.500      135.543      162.711
      30.591       99.500      135.543      162.711
