# Elapsed time   CPU (%)     Real (MB)   Virtual (MB)
       0.000        0.000       73.117      123.867
       0.109      366.100       52.367      103.004
       0.220      398.800       52.367      103.004
       0.330      399.600       52.367      103.004
       0.439      328.100       52.367      103.004
       0.549      163.700       52.367      103.004
       0.659      392.700       52.367      103.004
       0.768      256.500       52.367      103.004
       0.878      245.800       52.367      103.004
       0.988      245.800       52.367      103.004
       1.097      274.700       52.367      103.004
       1.206      284.000       52.367      103.004
       1.315      266.100       52.367      103.004
       1.424      275.000       52.367      103.004
       1.533      285.900       52.367      103.004
       1.641      286.500       52.367      103.004
       1.750      302.900       52.367      103.004
       1.860      307.800       52.367      103.004
       1.969      385.000       52.367      103.004
       2.080      399.300       52.367      103.004
       2.189      403.600       52.367      103.004
       2.297      396.000       52.367      103.004
       2.406      404.800       52.367      103.004
       2.515      394.500       52.367      103.004
       2.624      402.800       52.367      103.004
       2.733      393.800       52.367      103.004
       2.842      403.300       52.367      103.004
       2.951      394.700       52.367      103.004
       3.060      404.300       52.367      103.004
       3.169      394.300       52.367      103.004
       3.278      403.800       52.367      103.004
       3.387      394.400       52.367      103.004
       3.496      394.700       52.367      103.004
       3.605      404.200       52.367      103.004
       3.714      394.200       52.367      103.004
       3.823      403.900       52.367      103.004
       3.932      394.800       52.367      103.004
       4.041      403.500       52.367      103.004
       4.150      394.200       52.367      103.004
       4.259      403.500       52.367      103.004
       4.368      394.400       52.367      103.004
       4.477      402.400       52.367      103.004
       4.587      393.500       52.367      103.004
       4.696      402.700       52.367      103.004
       4.805      393.600       52.367      103.004
       4.914      403.300       52.367      103.004
       5.024      393.600       52.367      103.004
       5.133      402.600       52.367      103.004
       5.242      402.500       52.367      103.004
       5.351      394.100       52.367      103.004
       5.461      403.200       52.367      103.004
       5.570      393.400       52.367      103.004
       5.679      403.300       52.367      103.004
       5.788      394.200       52.367      103.004
       5.897      403.100       52.367      103.004
       6.006      393.700       52.367      103.004
       6.116      247.200       52.367      103.004
       6.225      247.300       52.367      103.004
       6.334      321.500       52.367      103.004
       6.442      249.000       52.367      103.004
       6.552      264.700       52.367      103.004
       6.662      272.500       52.367      103.004
       6.771      275.400       52.367      103.004
       6.881      282.200       52.367      103.004
       6.990      273.700       52.367      103.004
       7.100      308.800       52.367      103.004
       7.210      301.400       52.367      103.004
       7.319      365.500       52.367      103.004
       7.428      403.900       52.367      103.004
       7.537      393.700       52.367      103.004
       7.646      403.200       52.367      103.004
       7.755      394.200       52.367      103.004
       7.865      402.900       52.367      103.004
       7.974      394.200       52.367      103.004
       8.083      403.600       52.367      103.004
       8.192      394.300       52.367      103.004
       8.301      403.900       52.367      103.004
       8.410      393.900       52.367      103.004
       8.519      394.400       52.367      103.004
       8.628      403.800       52.367      103.004
       8.737      393.600       52.367      103.004
       8.846      403.400       52.367      103.004
       8.955      393.900       52.367      103.004
       9.065      403.000       52.367      103.004
       9.174      402.600       52.367      103.004
       9.283      393.400       52.367      103.004
       9.392      402.500       52.367      103.004
       9.502      393.600       52.367      103.004
       9.611      403.300       52.367      103.004
       9.720      393.700       52.367      103.004
       9.829      403.500       52.367      103.004
       9.938      394.300       52.367      103.004
      10.047      403.600       52.367      103.004
      10.156      394.000       52.367      103.004
      10.266      402.900       52.367      103.004
      10.375      394.100       52.367      103.004
      10.484      404.000       52.367      103.004
      10.592      394.900       52.367      103.004
      10.702      401.900       52.367      103.004
      10.812      392.200       52.367      103.004
      10.922      398.400       52.367      103.004
      11.031      392.600       52.367      103.004
      11.141      391.400       52.367      103.004
      11.251      391.100       52.367      103.004
      11.361      401.000       52.367      103.004
      11.470      329.300       52.367      103.004
      11.580      283.300       52.367      103.004
      11.689      228.500       52.367      103.004
      11.799      272.100       52.367      103.004
      11.908      275.500       52.367      103.004
      12.019      263.400       52.367      103.004
      12.128      265.700       52.367      103.004
      12.237      284.500       52.367      103.004
      12.347      299.900       52.367      103.004
      12.455      304.400       52.367      103.004
      12.565      372.400       52.367      103.004
      12.675      399.800       52.367      103.004
      12.785      399.000       52.367      103.004
      12.895      391.300       52.367      103.004
      13.005      400.700       52.367      103.004
      13.115      401.500       52.367      103.004
      13.223      395.500       52.367      103.004
      13.334      398.700       52.367      103.004
      13.446      392.900       52.367      103.004
      13.555      383.000       52.367      103.004
      13.666      396.600       52.367      103.004
      13.778      405.000       52.367      103.004
      13.887      401.500       52.367      103.004
      13.997      393.200       52.367      103.004
      14.106      400.700       52.367      103.004
      14.216      403.000       52.367      103.004
      14.325      393.900       52.367      103.004
      14.433      395.700       52.367      103.004
      14.542      404.100       52.367      103.004
      14.652      392.400       52.367      103.004
      14.762      400.600       52.367      103.004
      14.871      392.000       52.367      103.004
      14.981      400.200       52.367      103.004
      15.091      391.500       52.367      103.004
      15.201      400.700       52.367      103.004
      15.312      398.000       52.367      103.004
      15.422      400.000       52.367      103.004
      15.531      392.400       52.367      103.004
      15.644      390.500       52.367      103.004
      15.754      398.400       52.367      103.004
      15.864      390.300       52.367      103.004
      15.974      400.100       52.367      103.004
      16.084      402.700       52.367      103.004
      16.193      401.700       52.367      103.004
      16.302      393.600       52.367      103.004
      16.412      402.800       52.367      103.004
      16.521      401.700       52.367      103.004
      16.630      393.600       52.367      103.004
      16.740      365.700       52.367      103.004
      16.849      274.100       52.367      103.004
      16.960      262.900       52.367      103.004
      17.069      273.900       52.367      103.004
      17.178      284.100       52.367      103.004
      17.287      302.300       52.367      103.004
      17.397      291.800       52.367      103.004
      17.507      337.800       52.367      103.004
      17.616      402.800       52.367      103.004
      17.726      399.600       52.367      103.004
      17.835      393.200       52.367      103.004
      17.945      400.500       52.367      103.004
      18.055      401.900       52.367      103.004
      18.164      402.200       52.367      103.004
      18.273      394.000       52.367      103.004
      18.382      402.300       52.367      103.004
      18.492      401.200       52.367      103.004
      18.601      393.400       52.367      103.004
      18.711      401.300       52.367      103.004
      18.820      393.300       52.367      103.004
      18.931      399.100       52.367      103.004
      19.042      394.100       52.367      103.004
      19.152      399.600       52.367      103.004
      19.262      400.600       52.367      103.004
      19.372      400.600       52.367      103.004
      19.482      400.000       52.367      103.004
      19.591      393.200       52.367      103.004
      19.701      402.300       52.367      103.004
      19.810      403.100       52.367      103.004
      19.919      393.600       52.367      103.004
      20.029      400.900       52.367      103.004
      20.139      400.100       52.367      103.004
      20.248      394.100       52.367      103.004
      20.358      401.000       52.367      103.004
      20.468      400.200       52.367      103.004
      20.577      393.900       52.367      103.004
      20.686      401.200       52.367      103.004
      20.796      400.500       52.367      103.004
      20.907      390.200       52.367      103.004
      21.016      402.200       52.367      103.004
      21.126      400.000       52.367      103.004
      21.235      401.800       52.367      103.004
      21.347      395.200       52.367      103.004
      21.458      396.600       52.367      103.004
      21.567      402.000       52.367      103.004
      21.677      347.100       52.367      103.004
      21.786      273.800       52.367      103.004
      21.896      290.800       52.367      103.004
      22.007      308.000       52.367      103.004
      22.117      300.400       52.367      103.004
      22.225      386.800       52.367      103.004
      22.336      398.500       52.367      103.004
      22.445      401.700       52.367      103.004
      22.555      392.900       52.367      103.004
      22.664      403.000       52.367      103.004
      22.773      402.900       52.367      103.004
      22.882      393.700       52.367      103.004
      22.992      410.600       52.367      103.004
      23.101      393.400       52.367      103.004
      23.211      402.100       52.367      103.004
      23.320      393.500       52.367      103.004
      23.429      402.300       52.367      103.004
      23.539      393.000       52.367      103.004
      23.648      403.000       52.367      103.004
      23.757      403.000       52.367      103.004
      23.866      392.800       52.367      103.004
      23.975      394.600       52.367      103.004
      24.085      402.600       52.367      103.004
      24.194      402.800       52.367      103.004
      24.303      394.200       52.367      103.004
      24.412      403.000       52.367      103.004
      24.522      393.000       52.367      103.004
      24.631      402.100       52.367      103.004
      24.740      393.100       52.367      103.004
      24.850      402.500       52.367      103.004
      24.961      404.900       52.367      103.004
      25.070      393.300       52.367      103.004
      25.179      402.900       52.367      103.004
      25.289      393.000       52.367      103.004
      25.398      402.500       52.367      103.004
      25.508      400.200       52.367      103.004
      25.618      392.900       52.367      103.004
      25.727      403.000       52.367      103.004
      25.836      394.100       52.367      103.004
      25.945      403.100       52.367      103.004
      26.054      393.700       52.367      103.004
      26.163      403.000       52.367      103.004
      26.273      393.600       52.367      103.004
      26.382      329.800       52.367      103.004
      26.491      302.000       52.367      103.004
      26.600      357.100       52.367      103.004
      26.709      403.200       52.367      103.004
      26.819      394.100       52.367      103.004
      26.928      402.100       52.367      103.004
      27.037      402.100       52.367      103.004
      27.147      402.100       52.367      103.004
      27.256      392.900       52.367      103.004
      27.365      405.500       52.367      103.004
      27.474      395.400       52.367      103.004
      27.584      398.500       52.367      103.004
      27.694      398.300       52.367      103.004
      27.805      399.600       52.367      103.004
      27.913      396.400       52.367      103.004
      28.022      402.700       52.367      103.004
      28.131      395.000       52.367      103.004
      28.241      401.800       52.367      103.004
      28.351      391.000       52.367      103.004
      28.461      399.200       52.367      103.004
      28.570      402.400       52.367      103.004
      28.680      392.900       52.367      103.004
      28.789      392.000       52.367      103.004
      28.899      399.400       52.367      103.004
      29.009      401.600       52.367      103.004
      29.118      402.800       52.367      103.004
      29.227      393.500       52.367      103.004
      29.337      402.500       52.367      103.004
      29.446      384.400       52.367      103.004
      29.556      401.700       52.367      103.004
      29.665      393.500       52.367      103.004
      29.774      402.900       52.367      103.004
      29.883      393.500       52.367      103.004
      29.993      401.900       52.367      103.004
      30.102      402.400       52.367      103.004
      30.212      393.100       52.367      103.004
      30.321      403.500       52.367      103.004
      30.430      384.200       52.367      103.004
      30.540      392.400       52.367      103.004
      30.649      403.100       52.367      103.004
      30.759      399.500       52.367      103.004
      30.868      402.400       52.367      103.004
      30.978      401.600       52.367      103.004
      31.087      393.600       52.367      103.004
      31.196      402.300       52.367      103.004
      31.306      392.400       52.367      103.004
      31.415      402.200       52.367      103.004
      31.525      393.400       52.367      103.004
      31.634      403.000       52.367      103.004
      31.743      403.100       52.367      103.004
      31.852      393.700       52.367      103.004
      31.962      401.500       52.367      103.004
      32.071      393.600       52.367      103.004
      32.181      401.300       52.367      103.004
      32.290      395.200       52.367      103.004
      32.399      403.200       52.367      103.004
      32.508      401.200       52.367      103.004
      32.618      402.000       52.367      103.004
      32.727      392.400       52.367      103.004
      32.837      402.600       52.367      103.004
      32.946      393.600       52.367      103.004
      33.055      402.000       52.367      103.004
      33.165      393.600       52.367      103.004
      33.274      403.200       52.367      103.004
      33.383      400.600       52.367      103.004
      33.493      391.800       52.367      103.004
      33.602      402.800       52.367      103.004
      33.712      392.000       52.367      103.004
      33.822      401.400       52.367      103.004
      33.931      393.800       52.367      103.004
      34.040      402.300       52.367      103.004
      34.150      393.900       52.367      103.004
      34.259      403.000       52.367      103.004
      34.368      401.100       52.367      103.004
      34.478      401.400       52.367      103.004
      34.587      393.100       52.367      103.004
      34.697      402.700       52.367      103.004
      34.806      393.900       52.367      103.004
      34.915      402.500       52.367      103.004
      35.025      393.000       52.367      103.004
      35.134      402.600       52.367      103.004
      35.243      402.700       52.367      103.004
      35.353      392.800       52.367      103.004
      35.463      399.500       52.367      103.004
      35.572      402.200       52.367      103.004
      35.682      401.100       52.367      103.004
      35.792      390.500       52.367      103.004
      35.902      399.600       52.367      103.004
      36.012      400.700       52.367      103.004
      36.121      395.100       52.367      103.004
      36.230      401.800       52.367      103.004
      36.340      392.800       52.367      103.004
      36.449      402.500       52.367      103.004
      36.558      401.900       52.367      103.004
      36.668      392.000       52.367      103.004
      36.777      402.200       52.367      103.004
      36.887      401.700       52.367      103.004
      36.996      394.700       52.367      103.004
      37.106      399.500       52.367      103.004
      37.216      392.900       52.367      103.004
      37.325      402.800       52.367      103.004
      37.434      402.700       52.367      103.004
      37.544      392.800       52.367      103.004
      37.653      402.000       52.367      103.004
      37.762      402.100       52.367      103.004
      37.872      392.600       52.367      103.004
      37.981      402.200       52.367      103.004
      38.091      393.800       52.367      103.004
      38.200      402.600       52.367      103.004
      38.309      402.500       52.367      103.004
      38.418      402.300       52.367      103.004
      38.529      398.100       52.367      103.004
      38.640      398.100       52.367      103.004
      38.749      401.100       52.367      103.004
      38.859      392.900       52.367      103.004
      38.969      400.400       52.367      103.004
      39.078      402.600       52.367      103.004
      39.187      393.400       52.367      103.004
      39.296      402.600       52.367      103.004
      39.406      393.900       52.367      103.004
      39.515      401.500       52.367      103.004
      39.625      401.600       52.367      103.004
      39.734      401.800       52.367      103.004
      39.844      392.500       52.367      103.004
      39.953      401.500       52.367      103.004
      40.063      401.900       52.367      103.004
      40.173      398.200       52.367      103.004
      40.286      391.200       52.367      103.004
      40.395      401.800       52.367      103.004
      40.505      402.100       52.367      103.004
      40.614      392.600       52.367      103.004
      40.724      402.600       52.367      103.004
      40.833      401.800       52.367      103.004
      40.942      393.600       52.367      103.004
      41.052      401.500       52.367      103.004
      41.161      393.500       52.367      103.004
      41.271      401.900       52.367      103.004
      41.379      395.700       52.367      103.004
      41.489      402.400       52.367      103.004
      41.598      401.200       52.367      103.004
      41.708      399.900       52.367      103.004
      41.818      393.100       52.367      103.004
      41.929      396.800       52.367      103.004
      42.038      402.200       52.367      103.004
      42.148      390.900       52.367      103.004
      42.258      392.400       52.367      103.004
      42.367      391.800       52.367      103.004
      42.477      400.800       52.367      103.004
      42.587      390.300       52.367      103.004
      42.697      391.700       52.367      103.004
      42.807      400.100       52.367      103.004
      42.917      392.100       52.367      103.004
      43.027      399.600       52.367      103.004
      43.136      394.200       52.367      103.004
      43.245      393.400       52.367      103.004
      43.355      402.200       52.367      103.004
      43.465      398.400       52.367      103.004
      43.575      392.800       52.367      103.004
      43.684      401.200       52.367      103.004
      43.794      392.600       52.367      103.004
      43.903      402.000       52.367      103.004
      44.013      399.300       52.367      103.004
      44.126      399.600       52.367      103.004
      44.236      389.500       52.367      103.004
      44.349      399.800       52.367      103.004
      44.458      402.400       52.367      103.004
      44.569      397.900       52.367      103.004
      44.679      391.500       52.367      103.004
      44.788      392.200       52.367      103.004
      44.898      399.600       52.367      103.004
      45.008      401.500       52.367      103.004
      45.117      393.500       52.367      103.004
      45.228      396.900       52.367      103.004
      45.338      399.600       52.367      103.004
      45.449      396.700       52.367      103.004
      45.559      401.100       52.367      103.004
      45.669      399.700       52.367      103.004
      45.779      390.500       52.367      103.004
      45.889      399.300       52.367      103.004
      45.999      400.400       52.367      103.004
      46.109      401.800       52.367      103.004
      46.218      393.100       52.367      103.004
      46.327      402.300       52.367      103.004
      46.437      402.400       52.367      103.004
      46.546      392.900       52.367      103.004
      46.656      402.400       52.367      103.004
      46.765      402.500       52.367      103.004
      46.874      393.200       52.367      103.004
      46.984      393.000       52.367      103.004
      47.093      402.400       52.367      103.004
      47.202      403.000       52.367      103.004
      47.311      393.600       52.367      103.004
      47.421      401.900       52.367      103.004
      47.531      400.300       52.367      103.004
      47.641      400.700       52.367      103.004
      47.750      393.200       52.367      103.004
      47.859      402.100       52.367      103.004
      47.969      402.500       52.367      103.004
      48.079      391.300       52.367      103.004
      48.188      403.000       52.367      103.004
      48.297      393.500       52.367      103.004
      48.407      398.700       52.367      103.004
      48.518      399.700       52.367      103.004
      48.628      398.600       52.367      103.004
      48.738      399.300       52.367      103.004
      48.848      393.000       52.367      103.004
      48.957      401.900       52.367      103.004
      49.066      402.000       52.367      103.004
      49.176      392.600       52.367      103.004
      49.285      402.200       52.367      103.004
      49.395      402.000       52.367      103.004
      49.504      393.000       52.367      103.004
      49.614      401.700       52.367      103.004
      49.723      402.000       52.367      103.004
      49.833      393.300       52.367      103.004
      49.942      402.300       52.367      103.004
      50.050      396.800       52.367      103.004
      50.159      396.100       52.367      103.004
      50.268      402.600       52.367      103.004
      50.378      400.600       52.367      103.004
      50.488      399.200       52.367      103.004
      50.598      392.900       52.367      103.004
      50.707      401.000       52.367      103.004
      50.817      401.500       52.367      103.004
      50.926      393.000       52.367      103.004
      51.036      403.000       52.367      103.004
      51.145      402.300       52.367      103.004
      51.254      393.500       52.367      103.004
      51.364      400.600       52.367      103.004
      51.474      392.600       52.367      103.004
      51.582      405.900       52.367      103.004
      51.692      398.900       52.367      103.004
      51.802      399.600       52.367      103.004
      51.912      393.100       52.367      103.004
      52.021      403.000       52.367      103.004
      52.130      393.500       52.367      103.004
      52.239      404.400       52.367      103.004
      52.348      394.500       52.367      103.004
      52.457      402.300       52.367      103.004
      52.567      402.600       52.367      103.004
      52.676      393.700       52.367      103.004
      52.785      402.300       52.367      103.004
      52.895      393.200       52.367      103.004
      53.004      402.700       52.367      103.004
      53.114      392.500       52.367      103.004
      53.224      406.100       52.367      103.004
      53.334      392.900       52.367      103.004
      53.446      408.400       52.367      103.004
      53.556      401.900       52.367      103.004
      53.665      392.700       52.367      103.004
      53.775      401.800       52.367      103.004
      53.885      399.600       52.367      103.004
      53.995      390.400       52.367      103.004
      54.106      397.000       52.367      103.004
      54.216      392.200       52.367      103.004
      54.325      402.000       52.367      103.004
      54.435      401.800       52.367      103.004
      54.544      392.700       52.367      103.004
      54.654      401.900       52.367      103.004
      54.763      402.500       52.367      103.004
      54.872      392.300       52.367      103.004
      54.982      391.600       52.367      103.004
      55.092      400.600       52.367      103.004
      55.202      400.900       52.367      103.004
      55.311      392.500       52.367      103.004
      55.421      401.000       52.367      103.004
      55.531      392.900       52.367      103.004
      55.640      402.500       52.367      103.004
      55.749      402.300       52.367      103.004
      55.858      393.900       52.367      103.004
      55.968      402.700       52.367      103.004
      56.077      402.800       52.367      103.004
      56.186      393.700       52.367      103.004
      56.296      402.500       52.367      103.004
      56.405      402.800       52.367      103.004
      56.514      393.300       52.367      103.004
      56.623      394.900       52.367      103.004
      56.732      401.900       52.367      103.004
      56.842      402.100       52.367      103.004
      56.951      393.300       52.367      103.004
      57.061      402.500       52.367      103.004
      57.170      402.800       52.367      103.004
      57.279      393.200       52.367      103.004
      57.388      402.600       52.367      103.004
      57.498      393.300       52.367      103.004
      57.607      402.500       52.367      103.004
      57.716      393.000       52.367      103.004
      57.826      402.000       52.367      103.004
      57.935      403.300       52.367      103.004
      58.044      394.000       52.367      103.004
      58.153      402.400       52.367      103.004
      58.266      398.800       52.367      103.004
      58.376      392.700       52.367      103.004
      58.485      401.800       52.367      103.004
      58.595      402.000       52.367      103.004
      58.704      393.600       52.367      103.004
      58.813      402.700       52.367      103.004
      58.923      393.900       52.367      103.004
      59.032      402.500       52.367      103.004
      59.141      402.700       52.367      103.004
      59.250      393.600       52.367      103.004
      59.359      403.200       52.367      103.004
      59.469      393.300       52.367      103.004
      59.579      399.800       52.367      103.004
      59.689      398.600       52.367      103.004
      59.798      404.600       52.367      103.004
      59.908      392.400       52.367      103.004
      60.018      399.900       52.367      103.004
      60.127      401.800       52.367      103.004
      60.236      393.300       52.367      103.004
      60.346      402.200       52.367      103.004
      60.455      392.100       52.367      103.004
      60.566      390.700       52.367      103.004
      60.676      407.600       52.367      103.004
      60.786      392.100       52.367      103.004
      60.896      391.200       52.367      103.004
      61.005      400.900       52.367      103.004
      61.115      392.400       52.367      103.004
      61.224      401.500       52.367      103.004
      61.334      391.800       52.367      103.004
      61.444      390.400       52.367      103.004
      61.554      400.500       52.367      103.004
      61.664      401.400       52.367      103.004
      61.774      400.300       52.367      103.004
      61.883      392.500       52.367      103.004
      61.993      402.900       52.367      103.004
      62.102      402.600       52.367      103.004
      62.212      390.300       52.367      103.004
      62.322      401.200       52.367      103.004
      62.431      403.100       52.367      103.004
      62.540      392.800       52.367      103.004
      62.650      401.500       52.367      103.004
      62.759      402.300       52.367      103.004
      62.868      394.300       52.367      103.004
      62.978      402.700       52.367      103.004
      63.086      395.800       52.367      103.004
      63.195      395.300       52.367      103.004
      63.304      402.300       52.367      103.004
      63.414      393.400       52.367      103.004
      63.523      402.600       52.367      103.004
      63.632      402.300       52.367      103.004
      63.742      402.400       52.367      103.004
      63.851      393.400       52.367      103.004
      63.960      393.700       52.367      103.004
      64.070      402.300       52.367      103.004
      64.179      402.400       52.367      103.004
      64.288      393.600       52.367      103.004
      64.397      402.700       52.367      103.004
      64.507      392.900       52.367      103.004
      64.616      401.800       52.367      103.004
      64.726      393.600       52.367      103.004
      64.835      403.300       52.367      103.004
      64.944      392.700       52.367      103.004
      65.053      403.000       52.367      103.004
      65.163      402.400       52.367      103.004
      65.272      393.800       52.367      103.004
      65.381      402.600       52.367      103.004
      65.490      394.000       52.367      103.004
      65.600      402.500       52.367      103.004
      65.709      402.600       52.367      103.004
      65.818      393.700       52.367      103.004
      65.927      402.900       52.367      103.004
      66.037      393.500       52.367      103.004
      66.146      402.500       52.367      103.004
      66.255      393.300       52.367      103.004
      66.364      396.700       52.367      103.004
      66.473      403.400       52.367      103.004
      66.582      402.000       52.367      103.004
      66.692      393.100       52.367      103.004
      66.801      403.100       52.367      103.004
      66.910      402.500       52.367      103.004
      67.019      394.000       52.367      103.004
      67.129      402.500       52.367      103.004
      67.238      394.200       52.367      103.004
      67.347      403.100       52.367      103.004
      67.456      394.200       52.367      103.004
      67.565      403.300       52.367      103.004
      67.674      393.800       52.367      103.004
      67.783      403.800       52.367      103.004
      67.892      394.000       52.367      103.004
      68.003      398.700       52.367      103.004
      68.115      398.600       52.367      103.004
      68.225      401.700       52.367      103.004
      68.334      402.800       52.367      103.004
      68.444      393.200       52.367      103.004
      68.553      402.300       52.367      103.004
      68.662      402.400       52.367      103.004
      68.772      393.200       52.367      103.004
      68.881      402.400       52.367      103.004
      68.990      393.200       52.367      103.004
      69.100      402.000       52.367      103.004
      69.209      402.300       52.367      103.004
      69.319      393.200       52.367      103.004
      69.428      403.200       52.367      103.004
      69.537      392.800       52.367      103.004
      69.646      402.000       52.367      103.004
      69.758      396.200       52.367      103.004
      69.867      402.000       52.367      103.004
      69.976      385.200       52.367      103.004
      70.086      109.700       52.367      103.004
      70.194      404.500       52.367      103.004
      70.303      394.300       52.367      103.004
      70.412      403.800       52.367      103.004
      70.521      385.100       52.367      103.004
      70.631      109.200       52.367      103.004
      70.742      397.300       52.367      103.004
      70.852      255.500       52.367      103.004
      70.961      247.700       52.367      103.004
      71.070      403.400       52.367      103.004
      71.179      401.900       52.367      103.004
      71.288      393.400       52.367      103.004
      71.399      254.000       52.367      103.004
      71.508      274.700       52.367      103.004
      71.617      302.100       52.367      103.004
      71.726      311.400       52.367      103.004
      71.835      275.100       52.367      103.004
      71.944      404.400       52.367      103.004
      72.054      392.800       52.367      103.004
      72.164      345.400       52.367      103.004
      72.274      317.100       52.367      103.004
      72.382      258.400       52.367      103.004
      72.491      304.400       52.367      103.004
      72.599      304.700       52.367      103.004
      72.707      332.800       52.367      103.004
      72.818      398.800       52.367      103.004
      72.926      395.600       52.367      103.004
      73.036      319.400       52.367      103.004
      73.145      292.200       52.367      103.004
      73.256      308.300       52.367      103.004
      73.365      312.000       52.367      103.004
      73.473      323.300       52.367      103.004
      73.582      386.300       52.367      103.004
      73.690      397.400       52.367      103.004
      73.800      381.500       52.367      103.004
      73.910      316.600       52.367      103.004
      74.020      311.800       52.367      103.004
      74.129      356.000       52.367      103.004
      74.238      368.000       52.367      103.004
      74.346      370.200       52.367      103.004
      74.455      395.100       52.367      103.004
      74.565      399.400       52.367      103.004
      74.674      376.300       52.367      103.004
      74.784      352.500       52.367      103.004
      74.895      361.300       52.367      103.004
      75.005      391.100       52.367      103.004
      75.116      398.000       52.367      103.004
      75.226      390.900       52.367      103.004
      75.336      398.200       52.367      103.004
      75.446      392.300       52.367      103.004
      75.555      391.600       52.367      103.004
      75.665      400.300       52.367      103.004
      75.775      401.100       52.367      103.004
      75.885      400.900       52.367      103.004
      75.995      400.000       52.367      103.004
      76.105      389.800       52.367      103.004
      76.215      399.600       52.367      103.004
      76.325      401.200       52.367      103.004
      76.434      403.000       52.367      103.004
      76.544      393.100       52.367      103.004
      76.653      402.200       52.367      103.004
      76.762      393.600       52.367      103.004
      76.876      405.500       52.367      103.004
      76.985      400.600       52.367      103.004
      77.096      390.300       52.367      103.004
      77.206      406.900       52.367      103.004
      77.316      391.600       52.367      103.004
      77.426      400.000       52.367      103.004
      77.535      386.700       52.367      103.004
      77.645      408.200       52.367      103.004
      77.755      391.200       52.367      103.004
      77.864      401.200       52.367      103.004
      77.974      400.600       52.367      103.004
      78.084      391.300       52.367      103.004
      78.194      401.600       52.367      103.004
      78.304      399.100       52.367      103.004
      78.415      397.500       52.367      103.004
      78.525      400.400       52.367      103.004
      78.634      391.100       52.367      103.004
      78.744      391.400       52.367      103.004
      78.854      401.500       52.367      103.004
      78.964      401.700       52.367      103.004
      79.073      401.400       52.367      103.004
      79.186      391.100       52.367      103.004
      79.296      390.300       52.367      103.004
      79.408      258.100       52.875      103.508
      79.520       98.700       52.875      103.508
