# Elapsed time   CPU (%)     Real (MB)   Virtual (MB)
       0.000        0.000       21.711      290.719
       0.010       97.000      111.711      290.719
       0.021        0.000      203.711      290.719
       0.031      194.600      263.711      290.719
       0.041       97.600      263.711      290.719
       0.051       97.700      263.711      290.719
       0.062       97.800      263.711      290.719
       0.072       97.900      263.711      290.719
       0.082       97.900      263.711      290.719
       0.092       97.800      263.711      290.719
       0.103       97.900      263.711      290.719
       0.113       97.900      263.711      290.719
       0.123       97.800      263.711      290.719
       0.133       97.900      263.711      290.719
       0.143       97.700      263.711      290.719
       0.154       98.000      263.711      290.719
       0.164       98.000      263.711      290.719
       0.174       98.000      263.711      290.719
       0.184       98.000      263.711      290.719
       0.194       97.900      263.711      290.719
       0.205       98.000      263.711      290.719
       0.215       98.100      263.711      290.719
       0.225       97.900      263.711      290.719
       0.235       98.000      263.711      290.719
       0.245       98.100      263.711      290.719
       0.256       98.100      263.711      290.719
       0.266       98.100      263.711      290.719
       0.276       98.000      263.711      290.719
       0.286       97.900      263.711      290.719
       0.296       98.000      263.711      290.719
       0.307       98.100      263.711      290.719
       0.317       98.100      263.711      290.719
       0.327       97.900      263.711      290.719
       0.337       98.000      263.711      290.719
       0.347       98.000      263.711      290.719
       0.358       98.100      263.711      290.719
       0.368       98.100      263.711      290.719
       0.378       98.100      263.711      290.719
       0.388       98.000      263.711      290.719
       0.398       98.100      263.711      290.719
       0.409       98.100      263.711      290.719
       0.419       98.100      263.711      290.719
       0.429       98.100      263.711      290.719
       0.439      196.000      263.711      290.719
       0.449       98.000      263.711      290.719
       0.460       98.100      263.711      290.719
       0.470       98.000      263.711      290.719
