# Elapsed time   CPU (%)     Real (MB)   Virtual (MB)
       0.000        0.000       15.352      112.773
       0.109      137.900       15.270      112.680
       0.218      136.700       15.270      112.680
       0.329      144.500       15.270      112.680
       0.438      146.600       15.750      113.215
       0.548      136.800       15.750      113.215
       0.658      136.800       15.750      113.215
       0.768      154.300       15.766      113.215
       0.879      135.100       15.766      113.215
       0.988      146.100       15.766      113.215
       1.098      145.700       15.766      113.215
       1.208      146.000       15.766      113.215
       1.318      136.300       15.766      113.215
       1.427      146.000       15.766      113.215
       1.537      137.000       15.773      113.215
       1.647      154.000       15.773      113.215
       1.759      134.700       15.773      113.215
       1.868      146.200       15.773      113.215
       1.977      147.200       15.773      113.215
       2.086      137.200       15.773      113.215
       2.196      137.000       15.773      113.215
       2.306      154.800       15.773      113.215
       2.415      137.400       15.773      113.215
       2.524      146.200       15.773      113.215
       2.634      136.700       15.773      113.215
       2.743      147.400       15.773      113.215
       2.852      137.100       15.773      113.215
       2.961      146.100       15.773      113.215
       3.070      137.800       15.773      113.215
       3.179      137.600       15.773      113.215
       3.290      153.500       15.773      113.215
       3.399      137.100       15.773      113.215
       3.509      146.200       15.773      113.215
       3.618      146.100       15.773      113.215
       3.728      146.000       15.773      113.215
       3.838      136.400       15.773      113.215
       3.948      145.200       15.773      113.215
       4.058      145.700       15.773      113.215
       4.168      136.700       15.773      113.215
       4.280      151.700       15.793      113.215
       4.390      135.900       15.793      113.215
       4.500      146.200       15.793      113.215
       4.609      136.600       15.793      113.215
       4.718      138.000       15.793      113.215
       4.828      146.400       15.793      113.215
       4.938      136.300       15.793      113.215
       5.047      146.600       15.793      113.215
       5.156      136.700       15.793      113.215
       5.266      146.500       15.793      113.215
       5.377      143.600       15.793      113.215
       5.487      146.100       15.793      113.215
       5.596      137.000       15.793      113.215
       5.706      145.600       15.793      113.215
       5.816      136.800       15.793      113.215
       5.929      132.500       15.793      113.215
       6.038      155.100       15.793      113.215
       6.147      138.100       15.793      113.215
       6.259      143.100       15.793      113.215
       6.369      144.800       15.793      113.215
       6.479      137.000       15.793      113.215
       6.589      153.700       15.793      113.215
       6.701      134.000       15.793      113.215
       6.812      144.400       15.793      113.215
       6.922      136.700       15.793      113.215
       7.031      146.000       15.793      113.215
       7.142      144.700       15.793      113.215
       7.251      146.800       15.793      113.215
       7.360      137.100       15.793      113.215
       7.470      145.600       15.793      113.215
       7.580      145.300       15.793      113.215
       7.690      136.300       15.793      113.215
       7.800      146.300       15.793      113.215
       7.910      145.500       15.793      113.215
       8.019      136.800       15.793      113.215
       8.129      146.400       15.793      113.215
       8.239      136.500       15.793      113.215
       8.349      144.900       15.793      113.215
       8.461      142.100       15.793      113.215
       8.571      136.600       15.793      113.215
       8.681      145.500       15.793      113.215
       8.791      154.700       15.793      113.215
       8.901      136.100       15.793      113.215
       9.011      145.600       15.793      113.215
       9.121      136.600       15.793      113.215
       9.230      155.900       15.793      113.215
       9.340      136.800       15.793      113.215
       9.450      145.300       15.793      113.215
       9.559      146.200       15.793      113.215
       9.669      137.300       15.793      113.215
       9.779      144.700       15.793      113.215
       9.890      135.500       15.793      113.215
      10.000      145.900       15.793      113.215
      10.109      136.900       15.793      113.215
      10.219      145.300       15.793      113.215
      10.329      136.500       15.793      113.215
      10.439      146.000       15.793      113.215
      10.549      145.600       15.793      113.215
      10.658      146.100       15.793      113.215
      10.768      136.200       15.793      113.215
      10.878      145.600       15.793      113.215
      10.987      146.600       15.793      113.215
      11.099      143.200       15.793      113.215
      11.209      136.400       15.793      113.215
      11.318      156.600       15.793      113.215
      11.428      136.400       15.793      113.215
      11.536      138.100       15.793      113.215
      11.646      145.600       15.793      113.215
      11.756      136.100       15.793      113.215
      11.866      145.900       15.793      113.215
      11.976      154.200       15.793      113.215
      12.085      128.300       15.793      113.215
      12.195      145.700       15.793      113.215
      12.304      137.500       15.793      113.215
      12.414      145.700       15.793      113.215
      12.524      145.000       15.793      113.215
      12.635      145.100       15.797      113.215
      12.745      144.600       15.797      113.215
      12.855      136.900       15.797      113.215
      12.965      145.800       15.797      113.215
      13.074      136.800       15.797      113.215
      13.184      146.200       15.797      113.215
      13.293      137.000       15.797      113.215
      13.403      146.200       15.797      113.215
      13.512      146.100       15.797      113.215
      13.623      135.800       15.797      113.215
      13.732      146.600       15.797      113.215
      13.841      137.500       15.797      113.215
      13.952      144.300       15.797      113.215
      14.062      145.500       15.797      113.215
      14.172      136.500       15.797      113.215
      14.282      145.800       15.797      113.215
      14.392      145.200       15.797      113.215
      14.501      137.700       15.797      113.215
      14.611      145.200       15.797      113.215
      14.721      145.600       15.797      113.215
      14.830      136.900       15.797      113.215
      14.941      144.600       15.797      113.215
      15.050      146.700       15.797      113.215
      15.160      137.000       15.797      113.215
      15.270      145.000       15.797      113.215
      15.379      146.600       15.797      113.215
      15.488      146.300       15.797      113.215
      15.598      136.700       15.797      113.215
      15.708      146.000       15.797      113.215
      15.819      134.100       15.797      113.215
      15.929      145.300       15.797      113.215
      16.041      143.200       15.797      113.215
      16.151      145.200       15.797      113.215
      16.261      137.300       15.797      113.215
      16.371      144.900       15.797      113.215
      16.482      135.300       15.797      113.215
      16.591      146.300       15.797      113.215
      16.702      145.100       15.797      113.215
      16.812      136.500       15.797      113.215
      16.922      144.900       15.797      113.215
      17.033      144.400       15.797      113.215
      17.143      136.400       15.797      113.215
      17.251      138.000       15.797      113.215
      17.362      145.400       15.797      113.215
      17.471      146.100       15.797      113.215
      17.582      135.600       15.797      113.215
      17.691      146.800       15.797      113.215
      17.800      136.700       15.797      113.215
      17.910      155.000       15.797      113.215
      18.021      135.300       15.797      113.215
      18.131      145.300       15.797      113.215
      18.241      136.300       15.797      113.215
      18.352      144.100       15.797      113.215
      18.463      135.600       15.797      113.215
      18.572      146.400       15.797      113.215
      18.682      136.000       15.797      113.215
      18.791      146.500       15.797      113.215
      18.902      145.100       15.797      113.215
      19.012      136.300       15.797      113.215
      19.121      147.100       15.797      113.215
      19.231      145.400       15.797      113.215
      19.340      146.800       15.797      113.215
      19.449      145.800       15.797      113.215
      19.560      135.900       15.797      113.215
      19.671      143.900       15.797      113.215
      19.782      144.600       15.797      113.215
      19.891      146.000       15.797      113.215
      20.001      145.000       15.797      113.215
      20.112      144.600       15.797      113.215
      20.222      137.100       15.797      113.215
      20.331      146.200       15.797      113.215
      20.440      137.500       15.797      113.215
      20.550      145.900       15.797      113.215
      20.661      143.300       15.797      113.215
      20.771      137.100       15.797      113.215
      20.880      146.700       15.797      113.215
      20.989      137.600       15.797      113.215
      21.099      146.000       15.797      113.215
      21.208      137.000       15.797      113.215
      21.317      147.100       15.797      113.215
      21.426      146.600       15.797      113.215
      21.535      137.400       15.797      113.215
      21.647      142.800       15.797      113.215
      21.758      144.400       15.797      113.215
      21.868      136.600       15.797      113.215
      21.977      146.200       15.797      113.215
      22.088      136.100       15.797      113.215
      22.197      155.200       15.797      113.215
      22.307      136.700       15.797      113.215
      22.417      144.800       15.797      113.215
      22.528      144.300       15.797      113.215
      22.639      135.600       15.797      113.215
      22.748      146.100       15.797      113.215
      22.857      138.200       15.797      113.215
      22.966      137.600       15.797      113.215
      23.075      146.500       15.797      113.215
      23.185      145.900       15.797      113.215
      23.295      135.400       15.797      113.215
      23.406      145.000       15.797      113.215
      23.516      145.700       15.797      113.215
      23.625      137.300       15.797      113.215
      23.734      146.100       15.797      113.215
      23.845      144.200       15.797      113.215
      23.954      146.900       15.797      113.215
      24.064      137.000       15.797      113.215
      24.173      146.300       15.797      113.215
      24.283      136.400       15.797      113.215
      24.392      147.400       15.797      113.215
      24.501      146.400       15.797      113.215
      24.610      137.700       15.797      113.215
      24.719      137.100       15.797      113.215
      24.828      147.200       15.797      113.215
      24.940      143.400       15.797      113.215
      25.049      137.400       15.797      113.215
      25.158      146.300       15.797      113.215
      25.268      136.900       15.797      113.215
      25.377      146.100       15.797      113.215
      25.487      145.500       15.797      113.215
      25.597      146.000       15.797      113.215
      25.706      137.000       15.797      113.215
      25.816      145.600       15.797      113.215
      25.926      136.600       15.797      113.215
      26.035      147.300       15.797      113.215
      26.144      146.300       15.797      113.215
      26.253      128.800       15.797      113.215
      26.361      147.300       15.797      113.215
      26.470      146.800       15.797      113.215
      26.582      134.400       15.797      113.215
      26.691      146.800       15.797      113.215
      26.799      147.300       15.797      113.215
      26.909      136.700       15.797      113.215
      27.018      146.800       15.797      113.215
      27.128      145.700       15.797      113.215
      27.238      136.900       15.797      113.215
      27.347      146.400       15.797      113.215
      27.456      136.900       15.797      113.215
      27.567      145.200       15.797      113.215
      27.676      145.900       15.797      113.215
      27.786      137.100       15.797      113.215
      27.896      145.400       15.797      113.215
      28.005      146.300       15.797      113.215
      28.115      135.900       15.797      113.215
      28.228      142.500       15.797      113.215
      28.338      145.100       15.797      113.215
      28.449      144.900       15.797      113.215
      28.558      137.200       15.797      113.215
      28.667      146.800       15.797      113.215
      28.777      145.800       15.797      113.215
      28.886      136.600       15.797      113.215
      28.996      145.500       15.797      113.215
      29.106      145.500       15.797      113.215
      29.216      137.000       15.797      113.215
      29.326      146.000       15.797      113.215
      29.435      146.100       15.797      113.215
      29.545      145.700       15.797      113.215
      29.656      144.000       15.797      113.215
      29.765      136.800       15.797      113.215
      29.879      141.400       15.797      113.215
      29.989      145.500       15.797      113.215
      30.098      146.200       15.797      113.215
      30.209      135.700       15.797      113.215
      30.318      156.000       15.797      113.215
      30.427      137.400       15.797      113.215
      30.537      145.400       15.797      113.215
      30.646      137.000       15.797      113.215
      30.757      145.000       15.797      113.215
      30.866      137.500       15.797      113.215
      30.974      138.100       15.797      113.215
      31.084      154.800       15.797      113.215
      31.194      145.600       15.797      113.215
      31.304      137.000       15.797      113.215
      31.413      137.100       15.797      113.215
      31.522      146.500       15.797      113.215
      31.632      137.200       15.797      113.215
      31.741      137.400       15.797      113.215
      31.851      145.100       15.797      113.215
      31.961      145.600       15.797      113.215
      32.071      136.100       15.797      113.215
      32.181      145.300       15.797      113.215
      32.292      144.700       15.797      113.215
      32.402      145.500       15.797      113.215
      32.511      137.900       15.797      113.215
      32.620      145.500       15.797      113.215
      32.730      146.300       15.797      113.215
      32.840      136.000       15.797      113.215
      32.949      147.400       15.797      113.215
      33.059      136.300       15.797      113.215
      33.170      143.900       15.797      113.215
      33.279      146.100       15.797      113.215
      33.388      137.600       15.797      113.215
      33.500      143.700       15.797      113.215
      33.609      137.000       15.797      113.215
      33.720      144.800       15.797      113.215
      33.829      137.100       15.797      113.215
      33.939      146.200       15.797      113.215
      34.048      137.000       15.797      113.215
      34.157      147.100       15.797      113.215
      34.267      145.200       15.797      113.215
      34.376      137.500       15.797      113.215
      34.486      145.600       15.797      113.215
      34.596      136.200       15.797      113.215
      34.706      145.500       15.797      113.215
      34.816      145.600       15.797      113.215
      34.926      145.100       15.797      113.215
      35.037      135.300       15.797      113.215
      35.146      147.000       15.797      113.215
      35.255      146.400       15.797      113.215
      35.365      146.200       15.797      113.215
      35.475      136.100       15.797      113.215
      35.584      146.700       15.797      113.215
      35.693      137.200       15.797      113.215
      35.803      145.500       15.797      113.215
      35.913      146.400       15.797      113.215
      36.023      136.400       15.797      113.215
      36.132      137.000       15.797      113.215
      36.241      155.600       15.797      113.215
      36.350      137.700       15.797      113.215
      36.460      137.100       15.797      113.215
      36.569      137.600       15.797      113.215
      36.679      145.200       15.797      113.215
      36.788      146.500       15.797      113.215
      36.898      145.700       15.797      113.215
      37.009      144.000       15.797      113.215
      37.118      137.300       15.797      113.215
      37.228      137.000       15.797      113.215
