# Elapsed time   CPU (%)     Real (MB)   Virtual (MB)
       0.000        0.000      135.621      162.711
       0.110      100.100      135.621      162.711
       0.222       98.300      135.621      162.711
       0.333       98.700      135.621      162.711
       0.445       98.200      135.621      162.711
       0.557       98.800      135.621      162.711
       0.668       98.400      135.621      162.711
       0.780      107.600      135.621      162.711
       0.892       89.300      135.621      162.711
       1.004       98.500      135.621      162.711
       1.114       99.300      135.621      162.711
       1.226       98.900      135.621      162.711
       1.337       98.700      135.621      162.711
       1.449       98.200      135.621      162.711
       1.561       98.300      135.621      162.711
       1.672       98.900      135.621      162.711
       1.784       98.700      135.621      162.711
       1.898       96.300      135.621      162.711
       2.011       97.000      135.621      162.711
       2.123       98.100      135.621      162.711
       2.235       98.400      135.621      162.711
       2.347       98.600      135.621      162.711
       2.459       98.400      135.621      162.711
       2.570       98.400      135.621      162.711
       2.682       98.700      135.621      162.711
       2.793       98.800      135.621      162.711
       2.906      106.100      135.621      162.711
       3.018       98.000      135.621      162.711
       3.130       98.600      135.621      162.711
       3.242       98.500      135.621      162.711
       3.353       99.200      135.621      162.711
       3.464       98.700      135.621      162.711
       3.578       96.300      135.621      162.711
       3.690       98.200      135.621      162.711
       3.801       98.900      135.621      162.711
       3.913       99.000      135.621      162.711
       4.024      107.300      135.621      162.711
       4.137       98.000      135.621      162.711
       4.248       98.400      135.621      162.711
       4.361       97.400      135.621      162.711
       4.474       97.500      135.621      162.711
       4.586       98.500      135.621      162.711
       4.699      105.900      135.621      162.711
       4.811       98.700      135.621      162.711
       4.925       96.100      135.621      162.711
       5.037       98.300      135.621      162.711
       5.149       98.600      135.621      162.711
       5.261       97.800      135.621      162.711
       5.373      106.800      135.621      162.711
       5.485       98.400      135.621      162.711
       5.597       98.200      135.621      162.711
       5.709       98.800      135.621      162.711
       5.820       99.100      135.621      162.711
       5.932       98.300      135.621      162.711
       6.043       98.900      135.621      162.711
       6.154       99.000      135.621      162.711
       6.267      106.000      135.621      162.711
       6.379       89.700      135.621      162.711
       6.491       98.300      135.621      162.711
       6.602       98.500      135.621      162.711
       6.715       97.900      135.621      162.711
       6.828       97.200      135.621      162.711
       6.944      103.700      135.621      162.711
       7.055       98.200      135.621      162.711
       7.168       98.200      135.621      162.711
       7.279       98.500      135.621      162.711
       7.391       98.700      135.621      162.711
       7.502       98.600      135.621      162.711
       7.614       98.400      135.621      162.711
       7.726       98.200      135.621      162.711
       7.838       98.500      135.621      162.711
       7.949       98.500      135.621      162.711
       8.060       99.200      135.621      162.711
       8.173       98.000      135.621      162.711
       8.285      106.600      135.621      162.711
       8.397       98.000      135.621      162.711
       8.509       98.400      135.621      162.711
       8.620       99.000      135.621      162.711
       8.731       89.900      135.621      162.711
       8.843       98.800      135.621      162.711
       8.955       98.400      135.621      162.711
       9.067       97.900      135.621      162.711
       9.178       98.900      135.621      162.711
       9.290       98.800      135.621      162.711
       9.401       98.700      135.621      162.711
       9.512       98.700      135.621      162.711
       9.624       98.300      135.621      162.711
       9.737       97.400      135.621      162.711
       9.849      107.100      135.621      162.711
       9.962       97.800      135.621      162.711
      10.074       98.400      135.621      162.711
      10.186       98.100      135.621      162.711
      10.297       98.500      135.621      162.711
      10.410       97.700      135.621      162.711
      10.522       98.500      135.621      162.711
      10.634      106.300      135.621      162.711
      10.747       97.700      135.621      162.711
      10.858       98.600      135.621      162.711
      10.972       97.300      135.621      162.711
      11.084       98.200      135.621      162.711
      11.195       98.400      135.621      162.711
      11.307       98.900      135.621      162.711
      11.418      107.500      135.621      162.711
      11.530       98.500      135.621      162.711
      11.642       98.200      135.621      162.711
      11.755       97.600      135.621      162.711
      11.871      103.200      135.621      162.711
      11.983       98.400      135.621      162.711
      12.094       98.600      135.621      162.711
      12.206       98.400      135.621      162.711
      12.318       97.900      135.621      162.711
      12.431       97.900      135.621      162.711
      12.543       98.100      135.621      162.711
      12.654       98.900      135.621      162.711
      12.767       97.500      135.621      162.711
      12.879      106.800      135.621      162.711
      12.991       98.700      135.621      162.711
      13.102       98.400      135.621      162.711
      13.214       99.100      135.621      162.711
      13.325       98.800      135.621      162.711
      13.436       98.600      135.621      162.711
      13.549       97.900      135.621      162.711
      13.660       98.700      135.621      162.711
      13.774       97.100      135.621      162.711
