# Elapsed time   CPU (%)     Real (MB)   Virtual (MB)
       0.000        0.000      135.723      162.730
       0.110       99.800      135.727      162.730
       0.222       98.100      135.727      162.730
       0.333       99.100      135.727      162.730
       0.444       99.700      135.727      162.730
       0.555       98.600      135.727      162.730
       0.666       99.400      135.727      162.730
       0.779      106.300      135.727      162.730
       0.889       99.400      135.727      162.730
       1.002       98.100      135.727      162.730
       1.112       99.100      135.727      162.730
       1.224       98.400      135.727      162.730
       1.336       98.900      135.727      162.730
       1.446       99.200      135.727      162.730
       1.557       99.900      135.727      162.730
       1.667       90.600      135.727      162.730
       1.778      107.900      135.727      162.730
       1.890       98.500      135.727      162.730
       2.002       98.100      135.727      162.730
